<?xml version="1.0" encoding="UTF-8"?>
<testsuites name="SuitePozicky" time="774.304" tests="3" failures="2" errors="0">
   <testsuite name="SuitePozicky" tests="3" failures="2" errors="0" time="774.304" skipped="0" timestamp="17-04-2024T14:36:56" hostname="barcik - NB-BARCIK.intra.ditec.sk" id="Test Suites/SuitePozicky">
      <properties>
         <property name="deviceName"/>
         <property name="devicePlatform" value=""/>
         <property name="logFolder" value="C:\\Users\\barcik\\Katalon Studio\\Ris2Formulare\\Reports\\20240417_143642\\SuitePozicky\\20240417_143642"/>
         <property name="logFiles" value="C:\\Users\\barcik\\Katalon Studio\\Ris2Formulare\\Reports\\20240417_143642\\SuitePozicky\\20240417_143642\\execution0.log"/>
         <property name="attachments" value="C:\\Users\\barcik\\Katalon Studio\\Ris2Formulare\\Reports\\20240417_143642\\SuitePozicky\\20240417_143642\\1713357689104.png, C:\\Users\\barcik\\Katalon Studio\\Ris2Formulare\\Reports\\20240417_143642\\SuitePozicky\\20240417_143642\\1713357760794.png"/>
         <property name="hostName" value="barcik - NB-BARCIK.intra.ditec.sk"/>
         <property name="desiredCapabilities" value="{}"/>
         <property name="os" value="Windows 11 64bit"/>
         <property name="katalonVersion" value="9.4.0.212"/>
         <property name="browser" value="Chrome 123.0.0.0"/>
         <property name="hostAddress" value="192.168.0.163"/>
         <property name="sessionId" value="424c5baf10bf4309fa18de079860fdaf"/>
         <property name="seleniumVersion" value="3.141.59"/>
         <property name="proxyInformation" value="ProxyInformation { proxyOption=NO_PROXY, proxyServerType=HTTP, username=, password=********, proxyServerAddress=, proxyServerPort=0, executionList=&quot;&quot;, isApplyToDesiredCapabilities=true }"/>
         <property name="platform" value="Windows 11"/>
      </properties>
      <testcase name="Test Cases/Pozicky B/Pozicka_399090" time="343.866" classname="Test Cases/Pozicky B/Pozicka_399090" status="FAILED">
         <failure type="FAILED" message="Test Cases/Pozicky B/Pozicka_399090 FAILED.&#xa;Reason:&#xa;com.kms.katalon.core.exception.StepFailedException: Unable to click on object 'Object Repository/Page_Formulr Podvanie iadosti o piku pre pe_fbb4f4/button_Prejs na domovsk strnku'&#xa;	at com.kms.katalon.core.webui.keyword.internal.WebUIKeywordMain.stepFailed(WebUIKeywordMain.groovy:64)&#xa;	at com.kms.katalon.core.webui.keyword.internal.WebUIKeywordMain.runKeyword(WebUIKeywordMain.groovy:26)&#xa;	at com.kms.katalon.core.webui.keyword.builtin.ClickKeyword.click(ClickKeyword.groovy:74)&#xa;	at com.kms.katalon.core.webui.keyword.builtin.ClickKeyword.execute(ClickKeyword.groovy:40)&#xa;	at com.kms.katalon.core.keyword.internal.KeywordExecutor.executeKeywordForPlatform(KeywordExecutor.groovy:74)&#xa;	at com.kms.katalon.core.webui.keyword.WebUiBuiltInKeywords.click(WebUiBuiltInKeywords.groovy:659)&#xa;	at Pozicka_399090.run(Pozicka_399090:305)&#xa;	at com.kms.katalon.core.main.ScriptEngine.run(ScriptEngine.java:194)&#xa;	at com.kms.katalon.core.main.ScriptEngine.runScriptAsRawText(ScriptEngine.java:119)&#xa;	at com.kms.katalon.core.main.TestCaseExecutor.runScript(TestCaseExecutor.java:448)&#xa;	at com.kms.katalon.core.main.TestCaseExecutor.doExecute(TestCaseExecutor.java:439)&#xa;	at com.kms.katalon.core.main.TestCaseExecutor.processExecutionPhase(TestCaseExecutor.java:418)&#xa;	at com.kms.katalon.core.main.TestCaseExecutor.accessMainPhase(TestCaseExecutor.java:410)&#xa;	at com.kms.katalon.core.main.TestCaseExecutor.execute(TestCaseExecutor.java:285)&#xa;	at com.kms.katalon.core.common.CommonExecutor.accessTestCaseMainPhase(CommonExecutor.java:65)&#xa;	at com.kms.katalon.core.main.TestSuiteExecutor.accessTestSuiteMainPhase(TestSuiteExecutor.java:150)&#xa;	at com.kms.katalon.core.main.TestSuiteExecutor.execute(TestSuiteExecutor.java:106)&#xa;	at com.kms.katalon.core.main.TestCaseMain.startTestSuite(TestCaseMain.java:180)&#xa;	at TempTestSuite1713357402021.run(TempTestSuite1713357402021.groovy:35)&#xa;	at java.base/jdk.internal.reflect.NativeMethodAccessorImpl.invoke0(Native Method)&#xa;	at java.base/jdk.internal.reflect.NativeMethodAccessorImpl.invoke(NativeMethodAccessorImpl.java:77)&#xa;	at java.base/jdk.internal.reflect.DelegatingMethodAccessorImpl.invoke(DelegatingMethodAccessorImpl.java:43)&#xa;Caused by: org.openqa.selenium.ElementNotInteractableException: element not interactable&#xa;  (Session info: chrome=123.0.6312.123)&#xa;Build info: version: '3.141.59', revision: 'e82be7d358', time: '2018-11-14T08:25:53'&#xa;System info: host: 'NB-BARCIK', ip: '192.168.0.163', os.name: 'Windows 11', os.arch: 'amd64', os.version: '10.0', java.version: '17.0.7'&#xa;Driver info: com.kms.katalon.selenium.driver.CChromeDriver&#xa;Capabilities {acceptInsecureCerts: false, browserName: chrome, browserVersion: 123.0.6312.123, chrome: {chromedriverVersion: 123.0.6312.58 (6b4b19e9dfbb..., userDataDir: C:\Users\barcik\AppData\Loc...}, fedcm:accounts: true, goog:chromeOptions: {debuggerAddress: localhost:59263}, javascriptEnabled: true, networkConnectionEnabled: false, pageLoadStrategy: normal, platform: WINDOWS, platformName: WINDOWS, proxy: Proxy(), setWindowRect: true, strictFileInteractability: false, timeouts: {implicit: 0, pageLoad: 300000, script: 30000}, unhandledPromptBehavior: dismiss and notify, webauthn:extension:credBlob: true, webauthn:extension:largeBlob: true, webauthn:extension:minPinLength: true, webauthn:extension:prf: true, webauthn:virtualAuthenticators: true}&#xa;Session ID: d4faffe3ee26b02092c92383b9cdbae1&#xa;	at java.base/jdk.internal.reflect.NativeConstructorAccessorImpl.newInstance0(Native Method)&#xa;	at java.base/jdk.internal.reflect.NativeConstructorAccessorImpl.newInstance(NativeConstructorAccessorImpl.java:77)&#xa;	at java.base/jdk.internal.reflect.DelegatingConstructorAccessorImpl.newInstance(DelegatingConstructorAccessorImpl.java:45)&#xa;	at org.openqa.selenium.remote.http.W3CHttpResponseCodec.createException(W3CHttpResponseCodec.java:187)&#xa;	at org.openqa.selenium.remote.http.W3CHttpResponseCodec.decode(W3CHttpResponseCodec.java:122)&#xa;	at org.openqa.selenium.remote.http.W3CHttpResponseCodec.decode(W3CHttpResponseCodec.java:49)&#xa;	at org.openqa.selenium.remote.HttpCommandExecutor.execute(HttpCommandExecutor.java:158)&#xa;	at org.openqa.selenium.remote.service.DriverCommandExecutor.execute(DriverCommandExecutor.java:83)&#xa;	at org.openqa.selenium.remote.RemoteWebDriver.execute(RemoteWebDriver.java:552)&#xa;	at com.kms.katalon.selenium.driver.CChromeDriver.execute(CChromeDriver.java:19)&#xa;	at org.openqa.selenium.remote.RemoteWebElement.execute(RemoteWebElement.java:285)&#xa;	at org.openqa.selenium.remote.RemoteWebElement.click(RemoteWebElement.java:84)&#xa;	at jdk.internal.reflect.GeneratedMethodAccessor16.invoke(Unknown Source)&#xa;	at java.base/jdk.internal.reflect.DelegatingMethodAccessorImpl.invoke(DelegatingMethodAccessorImpl.java:43)&#xa;	at org.openqa.selenium.support.events.EventFiringWebDriver$EventFiringWebElement.lambda$new$0(EventFiringWebDriver.java:404)&#xa;	at jdk.proxy2/jdk.proxy2.$Proxy24.click(Unknown Source)&#xa;	at org.openqa.selenium.support.events.EventFiringWebDriver$EventFiringWebElement.click(EventFiringWebDriver.java:417)&#xa;	at org.openqa.selenium.WebElement$click.call(Unknown Source)&#xa;	at com.kms.katalon.core.webui.keyword.builtin.ClickKeyword.clickUntilSuccessWithTimeout(ClickKeyword.groovy:81)&#xa;	at com.kms.katalon.core.webui.keyword.builtin.ClickKeyword.clickUntilSuccessWithTimeout(ClickKeyword.groovy)&#xa;	at jdk.internal.reflect.GeneratedMethodAccessor14.invoke(Unknown Source)&#xa;	at java.base/jdk.internal.reflect.DelegatingMethodAccessorImpl.invoke(DelegatingMethodAccessorImpl.java:43)&#xa;	at com.kms.katalon.core.webui.keyword.builtin.ClickKeyword$_click_closure1.doCall(ClickKeyword.groovy:67)&#xa;	at com.kms.katalon.core.webui.keyword.builtin.ClickKeyword$_click_closure1.call(ClickKeyword.groovy)&#xa;	at com.kms.katalon.core.webui.keyword.internal.WebUIKeywordMain.runKeyword(WebUIKeywordMain.groovy:20)&#xa;	... 20 more&#xa;"/>
         <system-out><![CDATA[17-04-2024T14:36:57 - [TEST_CASE][FAILED] - Test Cases/Pozicky B/Pozicka_399090: Test Cases/Pozicky B/Pozicka_399090 FAILED.
Reason:
com.kms.katalon.core.exception.StepFailedException: Unable to click on object 'Object Repository/Page_Formulr Podvanie iadosti o piku pre pe_fbb4f4/button_Prejs na domovsk strnku'
	at com.kms.katalon.core.webui.keyword.internal.WebUIKeywordMain.stepFailed(WebUIKeywordMain.groovy:64)
	at com.kms.katalon.core.webui.keyword.internal.WebUIKeywordMain.runKeyword(WebUIKeywordMain.groovy:26)
	at com.kms.katalon.core.webui.keyword.builtin.ClickKeyword.click(ClickKeyword.groovy:74)
	at com.kms.katalon.core.webui.keyword.builtin.ClickKeyword.execute(ClickKeyword.groovy:40)
	at com.kms.katalon.core.keyword.internal.KeywordExecutor.executeKeywordForPlatform(KeywordExecutor.groovy:74)
	at com.kms.katalon.core.webui.keyword.WebUiBuiltInKeywords.click(WebUiBuiltInKeywords.groovy:659)
	at Pozicka_399090.run(Pozicka_399090:305)
	at com.kms.katalon.core.main.ScriptEngine.run(ScriptEngine.java:194)
	at com.kms.katalon.core.main.ScriptEngine.runScriptAsRawText(ScriptEngine.java:119)
	at com.kms.katalon.core.main.TestCaseExecutor.runScript(TestCaseExecutor.java:448)
	at com.kms.katalon.core.main.TestCaseExecutor.doExecute(TestCaseExecutor.java:439)
	at com.kms.katalon.core.main.TestCaseExecutor.processExecutionPhase(TestCaseExecutor.java:418)
	at com.kms.katalon.core.main.TestCaseExecutor.accessMainPhase(TestCaseExecutor.java:410)
	at com.kms.katalon.core.main.TestCaseExecutor.execute(TestCaseExecutor.java:285)
	at com.kms.katalon.core.common.CommonExecutor.accessTestCaseMainPhase(CommonExecutor.java:65)
	at com.kms.katalon.core.main.TestSuiteExecutor.accessTestSuiteMainPhase(TestSuiteExecutor.java:150)
	at com.kms.katalon.core.main.TestSuiteExecutor.execute(TestSuiteExecutor.java:106)
	at com.kms.katalon.core.main.TestCaseMain.startTestSuite(TestCaseMain.java:180)
	at TempTestSuite1713357402021.run(TempTestSuite1713357402021.groovy:35)
	at java.base/jdk.internal.reflect.NativeMethodAccessorImpl.invoke0(Native Method)
	at java.base/jdk.internal.reflect.NativeMethodAccessorImpl.invoke(NativeMethodAccessorImpl.java:77)
	at java.base/jdk.internal.reflect.DelegatingMethodAccessorImpl.invoke(DelegatingMethodAccessorImpl.java:43)
Caused by: org.openqa.selenium.ElementNotInteractableException: element not interactable
  (Session info: chrome=123.0.6312.123)
Build info: version: '3.141.59', revision: 'e82be7d358', time: '2018-11-14T08:25:53'
System info: host: 'NB-BARCIK', ip: '192.168.0.163', os.name: 'Windows 11', os.arch: 'amd64', os.version: '10.0', java.version: '17.0.7'
Driver info: com.kms.katalon.selenium.driver.CChromeDriver
Capabilities {acceptInsecureCerts: false, browserName: chrome, browserVersion: 123.0.6312.123, chrome: {chromedriverVersion: 123.0.6312.58 (6b4b19e9dfbb..., userDataDir: C:\Users\barcik\AppData\Loc...}, fedcm:accounts: true, goog:chromeOptions: {debuggerAddress: localhost:59263}, javascriptEnabled: true, networkConnectionEnabled: false, pageLoadStrategy: normal, platform: WINDOWS, platformName: WINDOWS, proxy: Proxy(), setWindowRect: true, strictFileInteractability: false, timeouts: {implicit: 0, pageLoad: 300000, script: 30000}, unhandledPromptBehavior: dismiss and notify, webauthn:extension:credBlob: true, webauthn:extension:largeBlob: true, webauthn:extension:minPinLength: true, webauthn:extension:prf: true, webauthn:virtualAuthenticators: true}
Session ID: d4faffe3ee26b02092c92383b9cdbae1
	at java.base/jdk.internal.reflect.NativeConstructorAccessorImpl.newInstance0(Native Method)
	at java.base/jdk.internal.reflect.NativeConstructorAccessorImpl.newInstance(NativeConstructorAccessorImpl.java:77)
	at java.base/jdk.internal.reflect.DelegatingConstructorAccessorImpl.newInstance(DelegatingConstructorAccessorImpl.java:45)
	at org.openqa.selenium.remote.http.W3CHttpResponseCodec.createException(W3CHttpResponseCodec.java:187)
	at org.openqa.selenium.remote.http.W3CHttpResponseCodec.decode(W3CHttpResponseCodec.java:122)
	at org.openqa.selenium.remote.http.W3CHttpResponseCodec.decode(W3CHttpResponseCodec.java:49)
	at org.openqa.selenium.remote.HttpCommandExecutor.execute(HttpCommandExecutor.java:158)
	at org.openqa.selenium.remote.service.DriverCommandExecutor.execute(DriverCommandExecutor.java:83)
	at org.openqa.selenium.remote.RemoteWebDriver.execute(RemoteWebDriver.java:552)
	at com.kms.katalon.selenium.driver.CChromeDriver.execute(CChromeDriver.java:19)
	at org.openqa.selenium.remote.RemoteWebElement.execute(RemoteWebElement.java:285)
	at org.openqa.selenium.remote.RemoteWebElement.click(RemoteWebElement.java:84)
	at jdk.internal.reflect.GeneratedMethodAccessor16.invoke(Unknown Source)
	at java.base/jdk.internal.reflect.DelegatingMethodAccessorImpl.invoke(DelegatingMethodAccessorImpl.java:43)
	at org.openqa.selenium.support.events.EventFiringWebDriver$EventFiringWebElement.lambda$new$0(EventFiringWebDriver.java:404)
	at jdk.proxy2/jdk.proxy2.$Proxy24.click(Unknown Source)
	at org.openqa.selenium.support.events.EventFiringWebDriver$EventFiringWebElement.click(EventFiringWebDriver.java:417)
	at org.openqa.selenium.WebElement$click.call(Unknown Source)
	at com.kms.katalon.core.webui.keyword.builtin.ClickKeyword.clickUntilSuccessWithTimeout(ClickKeyword.groovy:81)
	at com.kms.katalon.core.webui.keyword.builtin.ClickKeyword.clickUntilSuccessWithTimeout(ClickKeyword.groovy)
	at jdk.internal.reflect.GeneratedMethodAccessor14.invoke(Unknown Source)
	at java.base/jdk.internal.reflect.DelegatingMethodAccessorImpl.invoke(DelegatingMethodAccessorImpl.java:43)
	at com.kms.katalon.core.webui.keyword.builtin.ClickKeyword$_click_closure1.doCall(ClickKeyword.groovy:67)
	at com.kms.katalon.core.webui.keyword.builtin.ClickKeyword$_click_closure1.call(ClickKeyword.groovy)
	at com.kms.katalon.core.webui.keyword.internal.WebUIKeywordMain.runKeyword(WebUIKeywordMain.groovy:20)
	... 20 more


17-04-2024T14:36:58 - [TEST_STEP][PASSED] - log = new com.kms.katalon.core.logging.KeywordLogger(): null

17-04-2024T14:36:58 - [TEST_STEP][PASSED] - mail = new Email(): null

17-04-2024T14:36:58 - [TEST_STEP][PASSED] - podpis = new Podpisovac(): null

17-04-2024T14:36:58 - [TEST_STEP][PASSED] - form = new Formular(): null

17-04-2024T14:36:58 - [TEST_STEP][PASSED] - openBrowser(""): Browser is opened with url: ''

17-04-2024T14:36:59 - [MESSAGE][INFO] - Starting 'Chrome' driver

17-04-2024T14:36:59 - [MESSAGE][INFO] - User set preference: ['prefs', '{protocol_handler={allowed_origin_protocol_pairs={https://es-test.minedu.sk={ditec-dlauncher=true}}}}']

17-04-2024T14:36:59 - [MESSAGE][INFO] - Action delay is set to 0 milliseconds

17-04-2024T14:37:02 - [MESSAGE][PASSED] - Browser is opened with url: ''

17-04-2024T14:37:02 - [TEST_STEP][PASSED] - navigateToUrl("https://es-test.minedu.sk/"): Navigate to 'https://es-test.minedu.sk/' successfully

17-04-2024T14:37:10 - [MESSAGE][PASSED] - Navigate to 'https://es-test.minedu.sk/' successfully

17-04-2024T14:37:10 - [TEST_STEP][PASSED] - if (form.prihlasUzivatela("930471954", "zTTfKFASM+jMVRoiJaGOIA==")): null

17-04-2024T14:37:11 - [MESSAGE][PASSED] - Object: 'Object Repository/Page_Portl elektronickch sluieb regionlneho_9bdbd3/a_Shlasm' is clicked on

17-04-2024T14:37:11 - [MESSAGE][PASSED] - Current window maximized

17-04-2024T14:37:43 - [MESSAGE][PASSED] - Object: 'Object Repository/Page_Portl elektronickch sluieb regionlneho_9bdbd3/a_Prihlsi sa' is clicked on

17-04-2024T14:37:44 - [MESSAGE][PASSED] - Object: 'Object Repository/Page_Spsoby prihlsenia sa na portl - Iam.Web/div_Identifiktor a heslo fyzickej osoby    _3153de' is clicked on

17-04-2024T14:37:45 - [MESSAGE][PASSED] - Text '930471954' is set on object 'Object Repository/Page_Identifiktor a heslo fyzickej osoby - Iam.Web/input_Zadajte svoj identifiktor_DomainName'

17-04-2024T14:37:45 - [MESSAGE][PASSED] - Text ****** has been set on object 'Object Repository/Page_Identifiktor a heslo fyzickej osoby - Iam.Web/input_Zadajte svoje prihlasovacie heslo_Password'

17-04-2024T14:37:48 - [MESSAGE][PASSED] - Object: 'Object Repository/Page_Identifiktor a heslo fyzickej osoby - Iam.Web/input_Zabudnut heslo_btn-continue' is clicked on

17-04-2024T14:37:48 - [MESSAGE][WARNING] - Timeout '0' is invalid. Using default page load timeout: '30'

17-04-2024T14:37:50 - [MESSAGE][PASSED] - Object 'Object Repository/Page_Detail podania  Elektronick sluby port_bcdefc/a_Odhlsi' is present

17-04-2024T14:37:50 - [TEST_STEP][PASSED] - log.logInfo("Prihlasenie uspesne"): Prihlasenie uspesne

17-04-2024T14:37:50 - [MESSAGE][INFO] - Prihlasenie uspesne

17-04-2024T14:37:50 - [TEST_STEP][PASSED] - click(findTestObject("Object Repository/Page_Portl elektronickch sluieb regionlneho_9bdbd3/a_Pedagogick a odborn zamestnanec")): Object: 'Object Repository/Page_Portl elektronickch sluieb regionlneho_9bdbd3/a_Pedagogick a odborn zamestnanec' is clicked on

17-04-2024T14:37:51 - [MESSAGE][PASSED] - Object: 'Object Repository/Page_Portl elektronickch sluieb regionlneho_9bdbd3/a_Pedagogick a odborn zamestnanec' is clicked on

17-04-2024T14:37:51 - [TEST_STEP][PASSED] - click(findTestObject("Object Repository/Page_Elektronick sluby pre pedagogickch a o_83fa6f/a_Podvanie iadosti o piku pre pedaggov z Fo_d7a76f")): Object: 'Object Repository/Page_Elektronick sluby pre pedagogickch a o_83fa6f/a_Podvanie iadosti o piku pre pedaggov z Fo_d7a76f' is clicked on

17-04-2024T14:37:52 - [MESSAGE][PASSED] - Object: 'Object Repository/Page_Elektronick sluby pre pedagogickch a o_83fa6f/a_Podvanie iadosti o piku pre pedaggov z Fo_d7a76f' is clicked on

17-04-2024T14:37:52 - [TEST_STEP][PASSED] - click(findTestObject("Object Repository/Page_Podvanie iadosti o piku pre pedaggov z_981991/a_Prejs na podvanie iadosti o piku pre peda_d8ef74")): Object: 'Object Repository/Page_Podvanie iadosti o piku pre pedaggov z_981991/a_Prejs na podvanie iadosti o piku pre peda_d8ef74' is clicked on

17-04-2024T14:37:59 - [MESSAGE][PASSED] - Object: 'Object Repository/Page_Podvanie iadosti o piku pre pedaggov z_981991/a_Prejs na podvanie iadosti o piku pre peda_d8ef74' is clicked on

17-04-2024T14:37:59 - [TEST_STEP][PASSED] - waitForElementPresent(findTestObject("Page_Formulr Podvanie iadosti o piku pre pe_fbb4f4/span_ESRVS-2024-2188"), 30, STOP_ON_FAILURE): Object 'Object Repository/Page_Formulr Podvanie iadosti o piku pre pe_fbb4f4/span_ESRVS-2024-2188' is present

17-04-2024T14:38:17 - [MESSAGE][PASSED] - Object 'Object Repository/Page_Formulr Podvanie iadosti o piku pre pe_fbb4f4/span_ESRVS-2024-2188' is present

17-04-2024T14:38:17 - [TEST_STEP][PASSED] - identifikator = getText(findTestObject("Object Repository/Page_Formulr Podvanie iadosti o piku pre pe_fbb4f4/span_ESRVS-2024-2188")): Text of object 'Object Repository/Page_Formulr Podvanie iadosti o piku pre pe_fbb4f4/span_ESRVS-2024-2188' is: 'ESRVS-2024-2236'

17-04-2024T14:38:19 - [MESSAGE][PASSED] - Text of object 'Object Repository/Page_Formulr Podvanie iadosti o piku pre pe_fbb4f4/span_ESRVS-2024-2188' is: 'ESRVS-2024-2236'

17-04-2024T14:38:19 - [TEST_STEP][PASSED] - verifyElementText(findTestObject("Page_Formulr Podvanie iadosti o piku pre pe_fbb4f4/span_ESRVS-2024-2188"), identifikator): Actual text and expected text of test object 'Object Repository/Page_Formulr Podvanie iadosti o piku pre pe_fbb4f4/span_ESRVS-2024-2188' are matched.

17-04-2024T14:38:20 - [MESSAGE][PASSED] - Actual text and expected text of test object 'Object Repository/Page_Formulr Podvanie iadosti o piku pre pe_fbb4f4/span_ESRVS-2024-2188' are matched.

17-04-2024T14:38:20 - [TEST_STEP][PASSED] - setText(findTestObject("Object Repository/Page_Formulr Podvanie iadosti o piku pre pe_fbb4f4/input_Zadajte najvy zskan titul (v prpade v_aad6cd"), "Ing."): Text 'Ing.' is set on object 'Object Repository/Page_Formulr Podvanie iadosti o piku pre pe_fbb4f4/input_Zadajte najvy zskan titul (v prpade v_aad6cd'

17-04-2024T14:38:20 - [MESSAGE][PASSED] - Text 'Ing.' is set on object 'Object Repository/Page_Formulr Podvanie iadosti o piku pre pe_fbb4f4/input_Zadajte najvy zskan titul (v prpade v_aad6cd'

17-04-2024T14:38:20 - [TEST_STEP][PASSED] - verifyElementText(findTestObject("Object Repository/Page_Formulr Podvanie iadosti o piku pre pe_fbb4f4/span_Marek"), "Marek"): Actual text and expected text of test object 'Object Repository/Page_Formulr Podvanie iadosti o piku pre pe_fbb4f4/span_Marek' are matched.

17-04-2024T14:38:21 - [MESSAGE][PASSED] - Actual text and expected text of test object 'Object Repository/Page_Formulr Podvanie iadosti o piku pre pe_fbb4f4/span_Marek' are matched.

17-04-2024T14:38:21 - [TEST_STEP][PASSED] - verifyElementText(findTestObject("Object Repository/Page_Formulr Podvanie iadosti o piku pre pe_fbb4f4/span_Tirpk"), "Tirpák"): Actual text and expected text of test object 'Object Repository/Page_Formulr Podvanie iadosti o piku pre pe_fbb4f4/span_Tirpk' are matched.

17-04-2024T14:38:21 - [MESSAGE][PASSED] - Actual text and expected text of test object 'Object Repository/Page_Formulr Podvanie iadosti o piku pre pe_fbb4f4/span_Tirpk' are matched.

17-04-2024T14:38:21 - [TEST_STEP][PASSED] - verifyElementText(findTestObject("Object Repository/Page_Formulr Podvanie iadosti o piku pre pe_fbb4f4/span_8001010017"), "8001010017"): Actual text and expected text of test object 'Object Repository/Page_Formulr Podvanie iadosti o piku pre pe_fbb4f4/span_8001010017' are matched.

17-04-2024T14:38:22 - [MESSAGE][PASSED] - Actual text and expected text of test object 'Object Repository/Page_Formulr Podvanie iadosti o piku pre pe_fbb4f4/span_8001010017' are matched.

17-04-2024T14:38:22 - [TEST_STEP][PASSED] - verifyElementText(findTestObject("Object Repository/Page_Formulr Podvanie iadosti o piku pre pe_fbb4f4/span_01.01.1980"), "01.01.1980"): Actual text and expected text of test object 'Object Repository/Page_Formulr Podvanie iadosti o piku pre pe_fbb4f4/span_01.01.1980' are matched.

17-04-2024T14:38:22 - [MESSAGE][PASSED] - Actual text and expected text of test object 'Object Repository/Page_Formulr Podvanie iadosti o piku pre pe_fbb4f4/span_01.01.1980' are matched.

17-04-2024T14:38:22 - [TEST_STEP][PASSED] - click(findTestObject("Object Repository/Page_Formulr Podvanie iadosti o piku pre pe_fbb4f4/label_In")): Object: 'Object Repository/Page_Formulr Podvanie iadosti o piku pre pe_fbb4f4/label_In' is clicked on

17-04-2024T14:38:22 - [MESSAGE][PASSED] - Object: 'Object Repository/Page_Formulr Podvanie iadosti o piku pre pe_fbb4f4/label_In' is clicked on

17-04-2024T14:38:22 - [TEST_STEP][PASSED] - setText(findTestObject("Object Repository/Page_Formulr Podvanie iadosti o piku pre pe_fbb4f4/input_Zadajte PS trvalho pobytu_UI_V_ZP_in__f1f09d"), "07865"): Text '07865' is set on object 'Object Repository/Page_Formulr Podvanie iadosti o piku pre pe_fbb4f4/input_Zadajte PS trvalho pobytu_UI_V_ZP_in__f1f09d'

17-04-2024T14:38:23 - [MESSAGE][PASSED] - Text '07865' is set on object 'Object Repository/Page_Formulr Podvanie iadosti o piku pre pe_fbb4f4/input_Zadajte PS trvalho pobytu_UI_V_ZP_in__f1f09d'

17-04-2024T14:38:23 - [TEST_STEP][PASSED] - click(findTestObject("Object Repository/Page_Formulr Podvanie iadosti o piku pre pe_fbb4f4/label_Nie")): Object: 'Object Repository/Page_Formulr Podvanie iadosti o piku pre pe_fbb4f4/label_Nie' is clicked on

17-04-2024T14:38:23 - [MESSAGE][PASSED] - Object: 'Object Repository/Page_Formulr Podvanie iadosti o piku pre pe_fbb4f4/label_Nie' is clicked on

17-04-2024T14:38:24 - [TEST_STEP][PASSED] - setText(findTestObject("Object Repository/Page_Formulr Podvanie iadosti o piku pre pe_fbb4f4/input_Zadajte obec alebo mesto, kam bude v _9b039a"), "Košice-Juh"): Text 'Košice-Juh' is set on object 'Object Repository/Page_Formulr Podvanie iadosti o piku pre pe_fbb4f4/input_Zadajte obec alebo mesto, kam bude v _9b039a'

17-04-2024T14:38:24 - [MESSAGE][PASSED] - Text 'Košice-Juh' is set on object 'Object Repository/Page_Formulr Podvanie iadosti o piku pre pe_fbb4f4/input_Zadajte obec alebo mesto, kam bude v _9b039a'

17-04-2024T14:38:24 - [TEST_STEP][PASSED] - click(findTestObject("Object Repository/Page_Formulr Podvanie iadosti o piku pre pedaggov z Fondu na podporu vzdelvania  Elektronick sluby portlu regionlneho a vysokho kolstva/div_Koice-Juh (Koice IV)")): Object: 'Object Repository/Page_Formulr Podvanie iadosti o piku pre pedaggov z Fondu na podporu vzdelvania  Elektronick sluby portlu regionlneho a vysokho kolstva/div_Koice-Juh (Koice IV)' is clicked on

17-04-2024T14:38:25 - [MESSAGE][PASSED] - Object: 'Object Repository/Page_Formulr Podvanie iadosti o piku pre pedaggov z Fondu na podporu vzdelvania  Elektronick sluby portlu regionlneho a vysokho kolstva/div_Koice-Juh (Koice IV)' is clicked on

17-04-2024T14:38:25 - [TEST_STEP][PASSED] - setText(findTestObject("Object Repository/Page_Formulr Podvanie iadosti o piku pre pe_fbb4f4/input_Zadajte ulicu, kam bude v prpade potr_a6c0b2"), "Vymyslená"): Text 'Vymyslená' is set on object 'Object Repository/Page_Formulr Podvanie iadosti o piku pre pe_fbb4f4/input_Zadajte ulicu, kam bude v prpade potr_a6c0b2'

17-04-2024T14:38:25 - [MESSAGE][PASSED] - Text 'Vymyslená' is set on object 'Object Repository/Page_Formulr Podvanie iadosti o piku pre pe_fbb4f4/input_Zadajte ulicu, kam bude v prpade potr_a6c0b2'

17-04-2024T14:38:25 - [TEST_STEP][PASSED] - setText(findTestObject("Object Repository/Page_Formulr Podvanie iadosti o piku pre pe_fbb4f4/input_Zadajte spisn slo, kam bude v prpade _a00d5c"), "98"): Text '98' is set on object 'Object Repository/Page_Formulr Podvanie iadosti o piku pre pe_fbb4f4/input_Zadajte spisn slo, kam bude v prpade _a00d5c'

17-04-2024T14:38:26 - [MESSAGE][PASSED] - Text '98' is set on object 'Object Repository/Page_Formulr Podvanie iadosti o piku pre pe_fbb4f4/input_Zadajte spisn slo, kam bude v prpade _a00d5c'

17-04-2024T14:38:26 - [TEST_STEP][PASSED] - setText(findTestObject("Object Repository/Page_Formulr Podvanie iadosti o piku pre pe_fbb4f4/input_Zadajte orientan slo, kam bude v prpa_557c52"), "55"): Text '55' is set on object 'Object Repository/Page_Formulr Podvanie iadosti o piku pre pe_fbb4f4/input_Zadajte orientan slo, kam bude v prpa_557c52'

17-04-2024T14:38:27 - [MESSAGE][PASSED] - Text '55' is set on object 'Object Repository/Page_Formulr Podvanie iadosti o piku pre pe_fbb4f4/input_Zadajte orientan slo, kam bude v prpa_557c52'

17-04-2024T14:38:27 - [TEST_STEP][PASSED] - setText(findTestObject("Object Repository/Page_Formulr Podvanie iadosti o piku pre pe_fbb4f4/input_Zadajte PS, kam bude v prpade potreby_22cb62"), "01265"): Text '01265' is set on object 'Object Repository/Page_Formulr Podvanie iadosti o piku pre pe_fbb4f4/input_Zadajte PS, kam bude v prpade potreby_22cb62'

17-04-2024T14:38:28 - [MESSAGE][PASSED] - Text '01265' is set on object 'Object Repository/Page_Formulr Podvanie iadosti o piku pre pe_fbb4f4/input_Zadajte PS, kam bude v prpade potreby_22cb62'

17-04-2024T14:38:28 - [TEST_STEP][PASSED] - click(findTestObject("Object Repository/Page_Formulr Podvanie iadosti o piku pre pe_fbb4f4/input_Zadajte kontaktn e-mailov adresu_UI_V_aee6cc")): Object: 'Object Repository/Page_Formulr Podvanie iadosti o piku pre pe_fbb4f4/input_Zadajte kontaktn e-mailov adresu_UI_V_aee6cc' is clicked on

17-04-2024T14:38:28 - [MESSAGE][PASSED] - Object: 'Object Repository/Page_Formulr Podvanie iadosti o piku pre pe_fbb4f4/input_Zadajte kontaktn e-mailov adresu_UI_V_aee6cc' is clicked on

17-04-2024T14:38:28 - [TEST_STEP][PASSED] - setText(findTestObject("Object Repository/Page_Formulr Podvanie iadosti o piku pre pe_fbb4f4/input_Zadajte kontaktn e-mailov adresu_UI_V_aee6cc"), email): Text 'barcik@ditec.sk' is set on object 'Object Repository/Page_Formulr Podvanie iadosti o piku pre pe_fbb4f4/input_Zadajte kontaktn e-mailov adresu_UI_V_aee6cc'

17-04-2024T14:38:29 - [MESSAGE][PASSED] - Text 'barcik@ditec.sk' is set on object 'Object Repository/Page_Formulr Podvanie iadosti o piku pre pe_fbb4f4/input_Zadajte kontaktn e-mailov adresu_UI_V_aee6cc'

17-04-2024T14:38:29 - [TEST_STEP][PASSED] - setText(findTestObject("Object Repository/Page_Formulr Podvanie iadosti o piku pre pe_fbb4f4/input_Zadajte telefnne slo vrtane medzinrod_dbbd6c"), "+421456321789"): Text '+421456321789' is set on object 'Object Repository/Page_Formulr Podvanie iadosti o piku pre pe_fbb4f4/input_Zadajte telefnne slo vrtane medzinrod_dbbd6c'

17-04-2024T14:38:30 - [MESSAGE][PASSED] - Text '+421456321789' is set on object 'Object Repository/Page_Formulr Podvanie iadosti o piku pre pe_fbb4f4/input_Zadajte telefnne slo vrtane medzinrod_dbbd6c'

17-04-2024T14:38:30 - [TEST_STEP][PASSED] - click(findTestObject("Object Repository/Page_Formulr Podvanie iadosti o piku pre pe_fbb4f4/input_Vyberte minimlne jednu, alebo viac mo_04f0d9")): Object: 'Object Repository/Page_Formulr Podvanie iadosti o piku pre pe_fbb4f4/input_Vyberte minimlne jednu, alebo viac mo_04f0d9' is clicked on

17-04-2024T14:38:30 - [MESSAGE][PASSED] - Object: 'Object Repository/Page_Formulr Podvanie iadosti o piku pre pe_fbb4f4/input_Vyberte minimlne jednu, alebo viac mo_04f0d9' is clicked on

17-04-2024T14:38:30 - [TEST_STEP][PASSED] - click(findTestObject("Object Repository/Page_Formulr Podvanie iadosti o piku pre pe_fbb4f4/input_doktorand v dennej forme tdia_UI_V_ZP_9333fb")): Object: 'Object Repository/Page_Formulr Podvanie iadosti o piku pre pe_fbb4f4/input_doktorand v dennej forme tdia_UI_V_ZP_9333fb' is clicked on

17-04-2024T14:38:31 - [MESSAGE][PASSED] - Object: 'Object Repository/Page_Formulr Podvanie iadosti o piku pre pe_fbb4f4/input_doktorand v dennej forme tdia_UI_V_ZP_9333fb' is clicked on

17-04-2024T14:38:31 - [TEST_STEP][PASSED] - if (verifyElementClickable(findTestObject("Object Repository/Page_Formulr Podvanie iadosti o piku pre pe_fbb4f4/button_Pokraova"))): null

17-04-2024T14:38:31 - [MESSAGE][PASSED] - Object 'Object Repository/Page_Formulr Podvanie iadosti o piku pre pe_fbb4f4/button_Pokraova' is clickable

17-04-2024T14:38:31 - [TEST_STEP][PASSED] - log.logInfo("Udaje korektne zadane"): Udaje korektne zadane

17-04-2024T14:38:31 - [MESSAGE][INFO] - Udaje korektne zadane

17-04-2024T14:38:31 - [TEST_STEP][PASSED] - click(findTestObject("Object Repository/Page_Formulr Podvanie iadosti o piku pre pe_fbb4f4/button_Pokraova")): Object: 'Object Repository/Page_Formulr Podvanie iadosti o piku pre pe_fbb4f4/button_Pokraova' is clicked on

17-04-2024T14:38:32 - [MESSAGE][PASSED] - Object: 'Object Repository/Page_Formulr Podvanie iadosti o piku pre pe_fbb4f4/button_Pokraova' is clicked on

17-04-2024T14:38:32 - [TEST_STEP][PASSED] - setText(findTestObject("Object Repository/Page_Formulr Podvanie iadosti o piku pre pe_fbb4f4/input_Poadovan vka piky (zaokrhlene na stov_c8e10c"), "15000"): Text '15000' is set on object 'Object Repository/Page_Formulr Podvanie iadosti o piku pre pe_fbb4f4/input_Poadovan vka piky (zaokrhlene na stov_c8e10c'

17-04-2024T14:38:33 - [MESSAGE][PASSED] - Text '15000' is set on object 'Object Repository/Page_Formulr Podvanie iadosti o piku pre pe_fbb4f4/input_Poadovan vka piky (zaokrhlene na stov_c8e10c'

17-04-2024T14:38:33 - [TEST_STEP][PASSED] - setText(findTestObject("Object Repository/Page_Formulr Podvanie iadosti o piku pre pe_fbb4f4/input_Zadajte poadovan splatnos piky na cel_03b518"), "15"): Text '15' is set on object 'Object Repository/Page_Formulr Podvanie iadosti o piku pre pe_fbb4f4/input_Zadajte poadovan splatnos piky na cel_03b518'

17-04-2024T14:38:33 - [MESSAGE][PASSED] - Text '15' is set on object 'Object Repository/Page_Formulr Podvanie iadosti o piku pre pe_fbb4f4/input_Zadajte poadovan splatnos piky na cel_03b518'

17-04-2024T14:38:33 - [TEST_STEP][PASSED] - click(findTestObject("Object Repository/Page_Formulr Podvanie iadosti o piku pre pe_fbb4f4/button_Pokraova")): Object: 'Object Repository/Page_Formulr Podvanie iadosti o piku pre pe_fbb4f4/button_Pokraova' is clicked on

17-04-2024T14:38:34 - [MESSAGE][PASSED] - Object: 'Object Repository/Page_Formulr Podvanie iadosti o piku pre pe_fbb4f4/button_Pokraova' is clicked on

17-04-2024T14:38:34 - [TEST_STEP][PASSED] - click(findTestObject("Object Repository/Page_Formulr Podvanie iadosti o piku pre pe_fbb4f4/input_Vygenerova potvrdenie_checkbox")): Object: 'Object Repository/Page_Formulr Podvanie iadosti o piku pre pe_fbb4f4/input_Vygenerova potvrdenie_checkbox' is clicked on

17-04-2024T14:38:34 - [MESSAGE][PASSED] - Object: 'Object Repository/Page_Formulr Podvanie iadosti o piku pre pe_fbb4f4/input_Vygenerova potvrdenie_checkbox' is clicked on

17-04-2024T14:38:34 - [TEST_STEP][PASSED] - click(findTestObject("Object Repository/Page_Formulr Podvanie iadosti o piku pre pe_fbb4f4/button_Odstrni")): Object: 'Object Repository/Page_Formulr Podvanie iadosti o piku pre pe_fbb4f4/button_Odstrni' is clicked on

17-04-2024T14:38:35 - [MESSAGE][PASSED] - Object: 'Object Repository/Page_Formulr Podvanie iadosti o piku pre pe_fbb4f4/button_Odstrni' is clicked on

17-04-2024T14:38:35 - [TEST_STEP][PASSED] - click(findTestObject("Object Repository/Page_Formulr Podvanie iadosti o piku pre pe_fbb4f4/input_Vygenerova potvrdenie_checkbox")): Object: 'Object Repository/Page_Formulr Podvanie iadosti o piku pre pe_fbb4f4/input_Vygenerova potvrdenie_checkbox' is clicked on

17-04-2024T14:38:35 - [MESSAGE][PASSED] - Object: 'Object Repository/Page_Formulr Podvanie iadosti o piku pre pe_fbb4f4/input_Vygenerova potvrdenie_checkbox' is clicked on

17-04-2024T14:38:35 - [TEST_STEP][PASSED] - click(findTestObject("Object Repository/Page_Formulr Podvanie iadosti o piku pre pe_fbb4f4/button_Odstrni")): Object: 'Object Repository/Page_Formulr Podvanie iadosti o piku pre pe_fbb4f4/button_Odstrni' is clicked on

17-04-2024T14:38:36 - [MESSAGE][PASSED] - Object: 'Object Repository/Page_Formulr Podvanie iadosti o piku pre pe_fbb4f4/button_Odstrni' is clicked on

17-04-2024T14:38:36 - [TEST_STEP][PASSED] - click(findTestObject("Object Repository/Page_Formulr Podvanie iadosti o piku pre pe_fbb4f4/button_Prida")): Object: 'Object Repository/Page_Formulr Podvanie iadosti o piku pre pe_fbb4f4/button_Prida' is clicked on

17-04-2024T14:38:37 - [MESSAGE][PASSED] - Object: 'Object Repository/Page_Formulr Podvanie iadosti o piku pre pe_fbb4f4/button_Prida' is clicked on

17-04-2024T14:38:37 - [TEST_STEP][PASSED] - setText(findTestObject("Object Repository/Page_Formulr Podvanie iadosti o piku pre pe_fbb4f4/input_Uvete presn nzov zamestnvatea, kde pr_ffa6a4"), "škola 1"): Text 'škola 1' is set on object 'Object Repository/Page_Formulr Podvanie iadosti o piku pre pe_fbb4f4/input_Uvete presn nzov zamestnvatea, kde pr_ffa6a4'

17-04-2024T14:38:38 - [MESSAGE][PASSED] - Text 'škola 1' is set on object 'Object Repository/Page_Formulr Podvanie iadosti o piku pre pe_fbb4f4/input_Uvete presn nzov zamestnvatea, kde pr_ffa6a4'

17-04-2024T14:38:38 - [TEST_STEP][PASSED] - setText(findTestObject("Object Repository/Page_Formulr Podvanie iadosti o piku pre pe_fbb4f4/input_Poloka mus by vyplnen_UI_V_ZP_in_Udaj_cdc09e"), "tst@tst.sk"): Text 'tst@tst.sk' is set on object 'Object Repository/Page_Formulr Podvanie iadosti o piku pre pe_fbb4f4/input_Poloka mus by vyplnen_UI_V_ZP_in_Udaj_cdc09e'

17-04-2024T14:38:38 - [MESSAGE][PASSED] - Text 'tst@tst.sk' is set on object 'Object Repository/Page_Formulr Podvanie iadosti o piku pre pe_fbb4f4/input_Poloka mus by vyplnen_UI_V_ZP_in_Udaj_cdc09e'

17-04-2024T14:38:38 - [TEST_STEP][PASSED] - setText(findTestObject("Object Repository/Page_Formulr Podvanie iadosti o piku pre pe_fbb4f4/input_Vyhadajte obec po zadan prvch 3 znako_4b7030"), "Martin"): Text 'Martin' is set on object 'Object Repository/Page_Formulr Podvanie iadosti o piku pre pe_fbb4f4/input_Vyhadajte obec po zadan prvch 3 znako_4b7030'

17-04-2024T14:38:39 - [MESSAGE][PASSED] - Text 'Martin' is set on object 'Object Repository/Page_Formulr Podvanie iadosti o piku pre pe_fbb4f4/input_Vyhadajte obec po zadan prvch 3 znako_4b7030'

17-04-2024T14:38:39 - [TEST_STEP][PASSED] - click(findTestObject("Object Repository/Page_Formulr Podvanie iadosti o piku pre pe_fbb4f4/div_Martin (Martin)")): Object: 'Object Repository/Page_Formulr Podvanie iadosti o piku pre pe_fbb4f4/div_Martin (Martin)' is clicked on

17-04-2024T14:38:40 - [MESSAGE][PASSED] - Object: 'Object Repository/Page_Formulr Podvanie iadosti o piku pre pe_fbb4f4/div_Martin (Martin)' is clicked on

17-04-2024T14:38:40 - [TEST_STEP][PASSED] - setText(findTestObject("Object Repository/Page_Formulr Podvanie iadosti o piku pre pe_fbb4f4/input_Spisn slo_UI_V_ZP_in_AdresaZamestnava_d21fa0"), "55"): Text '55' is set on object 'Object Repository/Page_Formulr Podvanie iadosti o piku pre pe_fbb4f4/input_Spisn slo_UI_V_ZP_in_AdresaZamestnava_d21fa0'

17-04-2024T14:38:41 - [MESSAGE][PASSED] - Text '55' is set on object 'Object Repository/Page_Formulr Podvanie iadosti o piku pre pe_fbb4f4/input_Spisn slo_UI_V_ZP_in_AdresaZamestnava_d21fa0'

17-04-2024T14:38:41 - [TEST_STEP][PASSED] - setText(findTestObject("Object Repository/Page_Formulr Podvanie iadosti o piku pre pe_fbb4f4/input_Poloka mus by vyplnen_UI_V_ZP_in_Adre_3a19c5"), "65458"): Text '65458' is set on object 'Object Repository/Page_Formulr Podvanie iadosti o piku pre pe_fbb4f4/input_Poloka mus by vyplnen_UI_V_ZP_in_Adre_3a19c5'

17-04-2024T14:38:41 - [MESSAGE][PASSED] - Text '65458' is set on object 'Object Repository/Page_Formulr Podvanie iadosti o piku pre pe_fbb4f4/input_Poloka mus by vyplnen_UI_V_ZP_in_Adre_3a19c5'

17-04-2024T14:38:41 - [TEST_STEP][PASSED] - setText(findTestObject("Object Repository/Page_Formulr Podvanie iadosti o piku pre pe_fbb4f4/input_Uvete presn nzov pracovnej pozcie_UI__8f6d79"), "gh"): Text 'gh' is set on object 'Object Repository/Page_Formulr Podvanie iadosti o piku pre pe_fbb4f4/input_Uvete presn nzov pracovnej pozcie_UI__8f6d79'

17-04-2024T14:38:42 - [MESSAGE][PASSED] - Text 'gh' is set on object 'Object Repository/Page_Formulr Podvanie iadosti o piku pre pe_fbb4f4/input_Uvete presn nzov pracovnej pozcie_UI__8f6d79'

17-04-2024T14:38:42 - [TEST_STEP][PASSED] - setText(findTestObject("Object Repository/Page_Formulr Podvanie iadosti o piku pre pe_fbb4f4/input_De_UI_V_ZP_in_PracovnaPozicia_DatumNa_0fb358"), "4"): Text '4' is set on object 'Object Repository/Page_Formulr Podvanie iadosti o piku pre pe_fbb4f4/input_De_UI_V_ZP_in_PracovnaPozicia_DatumNa_0fb358'

17-04-2024T14:38:43 - [MESSAGE][PASSED] - Text '4' is set on object 'Object Repository/Page_Formulr Podvanie iadosti o piku pre pe_fbb4f4/input_De_UI_V_ZP_in_PracovnaPozicia_DatumNa_0fb358'

17-04-2024T14:38:43 - [TEST_STEP][PASSED] - setText(findTestObject("Object Repository/Page_Formulr Podvanie iadosti o piku pre pe_fbb4f4/input_Mesiac_UI_V_ZP_in_PracovnaPozicia_Dat_7d96bd"), "4"): Text '4' is set on object 'Object Repository/Page_Formulr Podvanie iadosti o piku pre pe_fbb4f4/input_Mesiac_UI_V_ZP_in_PracovnaPozicia_Dat_7d96bd'

17-04-2024T14:38:44 - [MESSAGE][PASSED] - Text '4' is set on object 'Object Repository/Page_Formulr Podvanie iadosti o piku pre pe_fbb4f4/input_Mesiac_UI_V_ZP_in_PracovnaPozicia_Dat_7d96bd'

17-04-2024T14:38:44 - [TEST_STEP][PASSED] - setText(findTestObject("Object Repository/Page_Formulr Podvanie iadosti o piku pre pe_fbb4f4/input_Rok_UI_V_ZP_in_PracovnaPozicia_DatumN_103076"), "2005"): Text '2005' is set on object 'Object Repository/Page_Formulr Podvanie iadosti o piku pre pe_fbb4f4/input_Rok_UI_V_ZP_in_PracovnaPozicia_DatumN_103076'

17-04-2024T14:38:44 - [MESSAGE][PASSED] - Text '2005' is set on object 'Object Repository/Page_Formulr Podvanie iadosti o piku pre pe_fbb4f4/input_Rok_UI_V_ZP_in_PracovnaPozicia_DatumN_103076'

17-04-2024T14:38:44 - [TEST_STEP][PASSED] - click(findTestObject("Object Repository/Page_Formulr Podvanie iadosti o piku pre pe_fbb4f4/input_Muste vybra aspo jednu monos_UI_V_ZP__218c8d")): Object: 'Object Repository/Page_Formulr Podvanie iadosti o piku pre pe_fbb4f4/input_Muste vybra aspo jednu monos_UI_V_ZP__218c8d' is clicked on

17-04-2024T14:38:45 - [MESSAGE][PASSED] - Object: 'Object Repository/Page_Formulr Podvanie iadosti o piku pre pe_fbb4f4/input_Muste vybra aspo jednu monos_UI_V_ZP__218c8d' is clicked on

17-04-2024T14:38:45 - [TEST_STEP][PASSED] - click(findTestObject("Page_Formulr Podvanie iadosti o piku pre pedaggov z Fondu na podporu vzdelvania  Elektronick sluby portlu regionlneho a vysokho kolstva/input_Poloka mus by vyplnen_UI_V_ZP_in_PracovnaPozicia_TypZmluvy-group-2")): Object: 'Object Repository/Page_Formulr Podvanie iadosti o piku pre pedaggov z Fondu na podporu vzdelvania  Elektronick sluby portlu regionlneho a vysokho kolstva/input_Poloka mus by vyplnen_UI_V_ZP_in_PracovnaPozicia_TypZmluvy-group-2' is clicked on

17-04-2024T14:38:45 - [MESSAGE][PASSED] - Object: 'Object Repository/Page_Formulr Podvanie iadosti o piku pre pedaggov z Fondu na podporu vzdelvania  Elektronick sluby portlu regionlneho a vysokho kolstva/input_Poloka mus by vyplnen_UI_V_ZP_in_PracovnaPozicia_TypZmluvy-group-2' is clicked on

17-04-2024T14:38:45 - [TEST_STEP][PASSED] - click(findTestObject("Page_Formulr Podvanie iadosti o piku pre pedaggov z Fondu na podporu vzdelvania  Elektronick sluby portlu regionlneho a vysokho kolstva/input_Poloka mus by vyplnen_UI_V_ZP_in_PracovnaPozicia_DruhZmluvy-group-2")): Object: 'Object Repository/Page_Formulr Podvanie iadosti o piku pre pedaggov z Fondu na podporu vzdelvania  Elektronick sluby portlu regionlneho a vysokho kolstva/input_Poloka mus by vyplnen_UI_V_ZP_in_PracovnaPozicia_DruhZmluvy-group-2' is clicked on

17-04-2024T14:38:46 - [MESSAGE][PASSED] - Object: 'Object Repository/Page_Formulr Podvanie iadosti o piku pre pedaggov z Fondu na podporu vzdelvania  Elektronick sluby portlu regionlneho a vysokho kolstva/input_Poloka mus by vyplnen_UI_V_ZP_in_PracovnaPozicia_DruhZmluvy-group-2' is clicked on

17-04-2024T14:38:46 - [TEST_STEP][PASSED] - check(findTestObject("Page_Formulr Podvanie iadosti o piku pre pedaggov z Fondu na podporu vzdelvania  Elektronick sluby portlu regionlneho a vysokho kolstva/input_Poloka mus by vyplnen_UI_V_ZP_in_PracovnaPozicia_PedagogickaCinnost-group-2")): Object 'Object Repository/Page_Formulr Podvanie iadosti o piku pre pedaggov z Fondu na podporu vzdelvania  Elektronick sluby portlu regionlneho a vysokho kolstva/input_Poloka mus by vyplnen_UI_V_ZP_in_PracovnaPozicia_PedagogickaCinnost-group-2' is checked

17-04-2024T14:38:46 - [MESSAGE][PASSED] - Object 'Object Repository/Page_Formulr Podvanie iadosti o piku pre pedaggov z Fondu na podporu vzdelvania  Elektronick sluby portlu regionlneho a vysokho kolstva/input_Poloka mus by vyplnen_UI_V_ZP_in_PracovnaPozicia_PedagogickaCinnost-group-2' is checked

17-04-2024T14:38:46 - [TEST_STEP][PASSED] - setText(findTestObject("Object Repository/Page_Formulr Podvanie iadosti o piku pre pe_fbb4f4/input_Poloka mus by vyplnen_UI_V_ZP_in_Prac_796394"), "1000"): Text '1000' is set on object 'Object Repository/Page_Formulr Podvanie iadosti o piku pre pe_fbb4f4/input_Poloka mus by vyplnen_UI_V_ZP_in_Prac_796394'

17-04-2024T14:38:47 - [MESSAGE][PASSED] - Text '1000' is set on object 'Object Repository/Page_Formulr Podvanie iadosti o piku pre pe_fbb4f4/input_Poloka mus by vyplnen_UI_V_ZP_in_Prac_796394'

17-04-2024T14:38:47 - [TEST_STEP][PASSED] - setText(findTestObject("Object Repository/Page_Formulr Podvanie iadosti o piku pre pe_fbb4f4/input_Poloka mus by vyplnen_UI_V_ZP_in_Prac_cae66d"), "800"): Text '800' is set on object 'Object Repository/Page_Formulr Podvanie iadosti o piku pre pe_fbb4f4/input_Poloka mus by vyplnen_UI_V_ZP_in_Prac_cae66d'

17-04-2024T14:38:48 - [MESSAGE][PASSED] - Text '800' is set on object 'Object Repository/Page_Formulr Podvanie iadosti o piku pre pe_fbb4f4/input_Poloka mus by vyplnen_UI_V_ZP_in_Prac_cae66d'

17-04-2024T14:38:48 - [TEST_STEP][PASSED] - click(findTestObject("Object Repository/Page_Formulr Podvanie iadosti o piku pre pe_fbb4f4/button_Uloi")): Object: 'Object Repository/Page_Formulr Podvanie iadosti o piku pre pe_fbb4f4/button_Uloi' is clicked on

17-04-2024T14:38:49 - [MESSAGE][PASSED] - Object: 'Object Repository/Page_Formulr Podvanie iadosti o piku pre pe_fbb4f4/button_Uloi' is clicked on

17-04-2024T14:38:49 - [TEST_STEP][PASSED] - click(findTestObject("Object Repository/Page_Formulr Podvanie iadosti o piku pre pe_fbb4f4/a_Vygenerova potvrdenie")): Object: 'Object Repository/Page_Formulr Podvanie iadosti o piku pre pe_fbb4f4/a_Vygenerova potvrdenie' is clicked on

17-04-2024T14:38:49 - [MESSAGE][PASSED] - Object: 'Object Repository/Page_Formulr Podvanie iadosti o piku pre pe_fbb4f4/a_Vygenerova potvrdenie' is clicked on

17-04-2024T14:38:49 - [TEST_STEP][PASSED] - if (verifyElementClickable(findTestObject("Object Repository/Page_Formulr Podvanie iadosti o piku pre pe_fbb4f4/button_Pokraova"))): null

17-04-2024T14:38:59 - [MESSAGE][PASSED] - Object 'Object Repository/Page_Formulr Podvanie iadosti o piku pre pe_fbb4f4/button_Pokraova' is clickable

17-04-2024T14:38:59 - [TEST_STEP][PASSED] - log.logInfo("Pridanie zamestnavatela uspesne"): Pridanie zamestnavatela uspesne

17-04-2024T14:38:59 - [MESSAGE][INFO] - Pridanie zamestnavatela uspesne

17-04-2024T14:38:59 - [TEST_STEP][PASSED] - delay(30): Delayed 30 second(s)

17-04-2024T14:39:29 - [MESSAGE][PASSED] - Delayed 30 second(s)

17-04-2024T14:39:29 - [TEST_STEP][PASSED] - subor = mail.ulozPrilohu(): Fire Close event sucessfully.

17-04-2024T14:39:30 - [MESSAGE][INFO] - Starting application C:\Program Files\Microsoft Office\root\Office16\OUTLOOK.EXE on the local machine at address http://127.0.0.1:4723

17-04-2024T14:39:33 - [MESSAGE][PASSED] - The application at location: C:\Program Files\Microsoft Office\root\Office16\OUTLOOK.EXE started.

17-04-2024T14:39:40 - [MESSAGE][PASSED] - Text Potvrdenie školy o zamestnaní is set

17-04-2024T14:39:44 - [MESSAGE][INFO] - Clicking on element: Object Repository/DataItem

17-04-2024T14:39:45 - [MESSAGE][PASSED] - Click on element: Object Repository/DataItem succesfully

17-04-2024T14:39:47 - [MESSAGE][INFO] - Clicking on element: Object Repository/Button

17-04-2024T14:39:47 - [MESSAGE][PASSED] - Click on element: Object Repository/Button succesfully

17-04-2024T14:39:48 - [MESSAGE][INFO] - Clicking on element: Object Repository/MenuItem

17-04-2024T14:39:48 - [MESSAGE][PASSED] - Click on element: Object Repository/MenuItem succesfully

17-04-2024T14:39:54 - [MESSAGE][INFO] - Clicking on element: Object Repository/Explorer/Files

17-04-2024T14:39:55 - [MESSAGE][PASSED] - Click on element: Object Repository/Explorer/Files succesfully

17-04-2024T14:40:10 - [MESSAGE][PASSED] - Text  is set

17-04-2024T14:40:28 - [MESSAGE][PASSED] - Text  C:\Users\barcik\Katalon Studio\Ris2Formulare\Files is set

17-04-2024T14:40:38 - [MESSAGE][INFO] - Clicking on element: Object Repository/Explorer/GoTo

17-04-2024T14:40:38 - [MESSAGE][PASSED] - Click on element: Object Repository/Explorer/GoTo succesfully

17-04-2024T14:40:45 - [MESSAGE][PASSED] - Text of test object: Object Repository/Explorer/Nazov_suboru is: Podávanie žiadosti o pôžičku pre pedagógov z Fondu na podporu vzdelávania - Potvrdenie zamestnávateľa

17-04-2024T14:40:47 - [MESSAGE][INFO] - Clicking on element: Object Repository/Explorer/Save_button

17-04-2024T14:40:48 - [MESSAGE][PASSED] - Click on element: Object Repository/Explorer/Save_button succesfully

17-04-2024T14:40:48 - [MESSAGE][WARNING] - Timeout '0' is invalid. Using default page load timeout: '30'

17-04-2024T14:40:52 - [MESSAGE][PASSED] - Object 'Object Repository/Explorer/Yes_button' is present

17-04-2024T14:40:58 - [MESSAGE][INFO] - Clicking on element: Object Repository/Explorer/Yes_button

17-04-2024T14:40:58 - [MESSAGE][PASSED] - Click on element: Object Repository/Explorer/Yes_button succesfully

17-04-2024T14:40:58 - [MESSAGE][INFO] - subor uspesne ulozeny

17-04-2024T14:41:02 - [MESSAGE][INFO] - Clicking on element: Object Repository/TabItem

17-04-2024T14:41:03 - [MESSAGE][PASSED] - Click on element: Object Repository/TabItem succesfully

17-04-2024T14:41:06 - [MESSAGE][INFO] - Clicking on element: Object Repository/Button(3)

17-04-2024T14:41:07 - [MESSAGE][PASSED] - Click on element: Object Repository/Button(3) succesfully

17-04-2024T14:41:07 - [MESSAGE][PASSED] - Ulozenie prilohy OK

17-04-2024T14:41:07 - [MESSAGE][PASSED] - Fire Close event sucessfully.

17-04-2024T14:41:07 - [TEST_STEP][PASSED] - if (mail.kontrolaDokumentu(subor, "Marek") > 1): Zhoda najdena

17-04-2024T14:41:09 - [TEST_STEP][PASSED] - log.logPassed("Zhoda najdena"): Zhoda najdena

17-04-2024T14:41:09 - [MESSAGE][PASSED] - Zhoda najdena

17-04-2024T14:41:09 - [TEST_STEP][PASSED] - if (mail.kontrolaDokumentu(subor, "Tirpák") > 1): Zhoda najdena

17-04-2024T14:41:09 - [TEST_STEP][PASSED] - log.logPassed("Zhoda najdena"): Zhoda najdena

17-04-2024T14:41:09 - [MESSAGE][PASSED] - Zhoda najdena

17-04-2024T14:41:09 - [TEST_STEP][PASSED] - click(findTestObject("Object Repository/Page_Formulr Podvanie iadosti o piku pre pe_fbb4f4/button_Pokraova")): Object: 'Object Repository/Page_Formulr Podvanie iadosti o piku pre pe_fbb4f4/button_Pokraova' is clicked on

17-04-2024T14:41:10 - [MESSAGE][PASSED] - Object: 'Object Repository/Page_Formulr Podvanie iadosti o piku pre pe_fbb4f4/button_Pokraova' is clicked on

17-04-2024T14:41:10 - [TEST_STEP][PASSED] - click(findTestObject("Object Repository/Page_Formulr Podvanie iadosti o piku pre pe_fbb4f4/input_Nie_typ-27")): Object: 'Object Repository/Page_Formulr Podvanie iadosti o piku pre pe_fbb4f4/input_Nie_typ-27' is clicked on

17-04-2024T14:41:10 - [MESSAGE][PASSED] - Object: 'Object Repository/Page_Formulr Podvanie iadosti o piku pre pe_fbb4f4/input_Nie_typ-27' is clicked on

17-04-2024T14:41:10 - [TEST_STEP][PASSED] - click(findTestObject("Object Repository/Page_Formulr Podvanie iadosti o piku pre pe_fbb4f4/input_Nie_typ-29")): Object: 'Object Repository/Page_Formulr Podvanie iadosti o piku pre pe_fbb4f4/input_Nie_typ-29' is clicked on

17-04-2024T14:41:11 - [MESSAGE][PASSED] - Object: 'Object Repository/Page_Formulr Podvanie iadosti o piku pre pe_fbb4f4/input_Nie_typ-29' is clicked on

17-04-2024T14:41:11 - [TEST_STEP][PASSED] - click(findTestObject("Object Repository/Page_Formulr Podvanie iadosti o piku pre pe_fbb4f4/button_Pokraova")): Object: 'Object Repository/Page_Formulr Podvanie iadosti o piku pre pe_fbb4f4/button_Pokraova' is clicked on

17-04-2024T14:41:11 - [MESSAGE][PASSED] - Object: 'Object Repository/Page_Formulr Podvanie iadosti o piku pre pe_fbb4f4/button_Pokraova' is clicked on

17-04-2024T14:41:11 - [TEST_STEP][PASSED] - click(findTestObject("Object Repository/Page_Formulr Podvanie iadosti o piku pre pe_fbb4f4/button_Detail")): Object: 'Object Repository/Page_Formulr Podvanie iadosti o piku pre pe_fbb4f4/button_Detail' is clicked on

17-04-2024T14:41:12 - [MESSAGE][PASSED] - Object: 'Object Repository/Page_Formulr Podvanie iadosti o piku pre pe_fbb4f4/button_Detail' is clicked on

17-04-2024T14:41:12 - [TEST_STEP][PASSED] - uploadFile(findTestObject("Object Repository/Page_Formulr Podvanie iadosti o piku pre pe_fbb4f4/input_Uloi_file-upload-field"), "C:\Users\barcik\Downloads\form.573.Prehlad-24-potvrdenie-print-save_5a11da50-9aec-4f8b-a1a0-d42325a914a4.pdf"): File 'C:\Users\barcik\Downloads\form.573.Prehlad-24-potvrdenie-print-save_5a11da50-9aec-4f8b-a1a0-d42325a914a4.pdf' sent to object: 'Object Repository/Page_Formulr Podvanie iadosti o piku pre pe_fbb4f4/input_Uloi_file-upload-field'

17-04-2024T14:41:12 - [MESSAGE][PASSED] - File 'C:\Users\barcik\Downloads\form.573.Prehlad-24-potvrdenie-print-save_5a11da50-9aec-4f8b-a1a0-d42325a914a4.pdf' sent to object: 'Object Repository/Page_Formulr Podvanie iadosti o piku pre pe_fbb4f4/input_Uloi_file-upload-field'

17-04-2024T14:41:12 - [TEST_STEP][PASSED] - click(findTestObject("Object Repository/Page_Formulr Podvanie iadosti o piku pre pe_fbb4f4/button_Uloi_1_2")): Object: 'Object Repository/Page_Formulr Podvanie iadosti o piku pre pe_fbb4f4/button_Uloi_1_2' is clicked on

17-04-2024T14:41:13 - [MESSAGE][PASSED] - Object: 'Object Repository/Page_Formulr Podvanie iadosti o piku pre pe_fbb4f4/button_Uloi_1_2' is clicked on

17-04-2024T14:41:13 - [TEST_STEP][PASSED] - click(findTestObject("Object Repository/Page_Formulr Podvanie iadosti o piku pre pe_fbb4f4/button_Detail_1")): Object: 'Object Repository/Page_Formulr Podvanie iadosti o piku pre pe_fbb4f4/button_Detail_1' is clicked on

17-04-2024T14:41:13 - [MESSAGE][PASSED] - Object: 'Object Repository/Page_Formulr Podvanie iadosti o piku pre pe_fbb4f4/button_Detail_1' is clicked on

17-04-2024T14:41:13 - [TEST_STEP][PASSED] - uploadFile(findTestObject("Object Repository/Page_Formulr Podvanie iadosti o piku pre pe_fbb4f4/input_Uloi_file-upload-field"), "C:\Users\barcik\Downloads\form.573.Prehlad-24-potvrdenie-print-save_5a11da50-9aec-4f8b-a1a0-d42325a914a4.pdf"): File 'C:\Users\barcik\Downloads\form.573.Prehlad-24-potvrdenie-print-save_5a11da50-9aec-4f8b-a1a0-d42325a914a4.pdf' sent to object: 'Object Repository/Page_Formulr Podvanie iadosti o piku pre pe_fbb4f4/input_Uloi_file-upload-field'

17-04-2024T14:41:14 - [MESSAGE][PASSED] - File 'C:\Users\barcik\Downloads\form.573.Prehlad-24-potvrdenie-print-save_5a11da50-9aec-4f8b-a1a0-d42325a914a4.pdf' sent to object: 'Object Repository/Page_Formulr Podvanie iadosti o piku pre pe_fbb4f4/input_Uloi_file-upload-field'

17-04-2024T14:41:14 - [TEST_STEP][PASSED] - click(findTestObject("Object Repository/Page_Formulr Podvanie iadosti o piku pre pe_fbb4f4/button_Uloi_1_2")): Object: 'Object Repository/Page_Formulr Podvanie iadosti o piku pre pe_fbb4f4/button_Uloi_1_2' is clicked on

17-04-2024T14:41:14 - [MESSAGE][PASSED] - Object: 'Object Repository/Page_Formulr Podvanie iadosti o piku pre pe_fbb4f4/button_Uloi_1_2' is clicked on

17-04-2024T14:41:14 - [TEST_STEP][PASSED] - click(findTestObject("Object Repository/Page_Formulr Podvanie iadosti o piku pre pe_fbb4f4/button_Detail_1_2")): Object: 'Object Repository/Page_Formulr Podvanie iadosti o piku pre pe_fbb4f4/button_Detail_1_2' is clicked on

17-04-2024T14:41:15 - [MESSAGE][PASSED] - Object: 'Object Repository/Page_Formulr Podvanie iadosti o piku pre pe_fbb4f4/button_Detail_1_2' is clicked on

17-04-2024T14:41:15 - [TEST_STEP][PASSED] - click(findTestObject("Object Repository/Page_Formulr Podvanie iadosti o piku pre pe_fbb4f4/input_Spolon vekos priloench sborov nesmie _e74e60")): Object: 'Object Repository/Page_Formulr Podvanie iadosti o piku pre pe_fbb4f4/input_Spolon vekos priloench sborov nesmie _e74e60' is clicked on

17-04-2024T14:41:15 - [MESSAGE][PASSED] - Object: 'Object Repository/Page_Formulr Podvanie iadosti o piku pre pe_fbb4f4/input_Spolon vekos priloench sborov nesmie _e74e60' is clicked on

17-04-2024T14:41:15 - [TEST_STEP][PASSED] - click(findTestObject("Object Repository/Page_Formulr Podvanie iadosti o piku pre pe_fbb4f4/button_Uloi_1_2")): Object: 'Object Repository/Page_Formulr Podvanie iadosti o piku pre pe_fbb4f4/button_Uloi_1_2' is clicked on

17-04-2024T14:41:16 - [MESSAGE][PASSED] - Object: 'Object Repository/Page_Formulr Podvanie iadosti o piku pre pe_fbb4f4/button_Uloi_1_2' is clicked on

17-04-2024T14:41:16 - [TEST_STEP][PASSED] - click(findTestObject("Object Repository/Page_Formulr Podvanie iadosti o piku pre pe_fbb4f4/button_Detail_1_2_3")): Object: 'Object Repository/Page_Formulr Podvanie iadosti o piku pre pe_fbb4f4/button_Detail_1_2_3' is clicked on

17-04-2024T14:41:17 - [MESSAGE][PASSED] - Object: 'Object Repository/Page_Formulr Podvanie iadosti o piku pre pe_fbb4f4/button_Detail_1_2_3' is clicked on

17-04-2024T14:41:17 - [TEST_STEP][PASSED] - click(findTestObject("Object Repository/Page_Formulr Podvanie iadosti o piku pre pe_fbb4f4/input_Spolon vekos priloench sborov nesmie _e74e60")): Object: 'Object Repository/Page_Formulr Podvanie iadosti o piku pre pe_fbb4f4/input_Spolon vekos priloench sborov nesmie _e74e60' is clicked on

17-04-2024T14:41:17 - [MESSAGE][PASSED] - Object: 'Object Repository/Page_Formulr Podvanie iadosti o piku pre pe_fbb4f4/input_Spolon vekos priloench sborov nesmie _e74e60' is clicked on

17-04-2024T14:41:17 - [TEST_STEP][PASSED] - click(findTestObject("Object Repository/Page_Formulr Podvanie iadosti o piku pre pe_fbb4f4/button_Uloi_1_2")): Object: 'Object Repository/Page_Formulr Podvanie iadosti o piku pre pe_fbb4f4/button_Uloi_1_2' is clicked on

17-04-2024T14:41:18 - [MESSAGE][PASSED] - Object: 'Object Repository/Page_Formulr Podvanie iadosti o piku pre pe_fbb4f4/button_Uloi_1_2' is clicked on

17-04-2024T14:41:18 - [TEST_STEP][PASSED] - click(findTestObject("Object Repository/Page_Formulr Podvanie iadosti o piku pre pe_fbb4f4/button_Detail_1_2_3_4")): Object: 'Object Repository/Page_Formulr Podvanie iadosti o piku pre pe_fbb4f4/button_Detail_1_2_3_4' is clicked on

17-04-2024T14:41:18 - [MESSAGE][PASSED] - Object: 'Object Repository/Page_Formulr Podvanie iadosti o piku pre pe_fbb4f4/button_Detail_1_2_3_4' is clicked on

17-04-2024T14:41:18 - [TEST_STEP][PASSED] - click(findTestObject("Object Repository/Page_Formulr Podvanie iadosti o piku pre pe_fbb4f4/input_Spolon vekos priloench sborov nesmie _e74e60")): Object: 'Object Repository/Page_Formulr Podvanie iadosti o piku pre pe_fbb4f4/input_Spolon vekos priloench sborov nesmie _e74e60' is clicked on

17-04-2024T14:41:18 - [MESSAGE][PASSED] - Object: 'Object Repository/Page_Formulr Podvanie iadosti o piku pre pe_fbb4f4/input_Spolon vekos priloench sborov nesmie _e74e60' is clicked on

17-04-2024T14:41:18 - [TEST_STEP][PASSED] - click(findTestObject("Object Repository/Page_Formulr Podvanie iadosti o piku pre pe_fbb4f4/button_Uloi_1_2")): Object: 'Object Repository/Page_Formulr Podvanie iadosti o piku pre pe_fbb4f4/button_Uloi_1_2' is clicked on

17-04-2024T14:41:19 - [MESSAGE][PASSED] - Object: 'Object Repository/Page_Formulr Podvanie iadosti o piku pre pe_fbb4f4/button_Uloi_1_2' is clicked on

17-04-2024T14:41:19 - [TEST_STEP][PASSED] - click(findTestObject("Object Repository/Page_Formulr Podvanie iadosti o piku pre pe_fbb4f4/button_Detail_1_2_3_4_5")): Object: 'Object Repository/Page_Formulr Podvanie iadosti o piku pre pe_fbb4f4/button_Detail_1_2_3_4_5' is clicked on

17-04-2024T14:41:19 - [MESSAGE][PASSED] - Object: 'Object Repository/Page_Formulr Podvanie iadosti o piku pre pe_fbb4f4/button_Detail_1_2_3_4_5' is clicked on

17-04-2024T14:41:19 - [TEST_STEP][PASSED] - click(findTestObject("Object Repository/Page_Formulr Podvanie iadosti o piku pre pe_fbb4f4/input_Spolon vekos priloench sborov nesmie _e74e60")): Object: 'Object Repository/Page_Formulr Podvanie iadosti o piku pre pe_fbb4f4/input_Spolon vekos priloench sborov nesmie _e74e60' is clicked on

17-04-2024T14:41:20 - [MESSAGE][PASSED] - Object: 'Object Repository/Page_Formulr Podvanie iadosti o piku pre pe_fbb4f4/input_Spolon vekos priloench sborov nesmie _e74e60' is clicked on

17-04-2024T14:41:20 - [TEST_STEP][PASSED] - click(findTestObject("Object Repository/Page_Formulr Podvanie iadosti o piku pre pe_fbb4f4/button_Uloi_1_2")): Object: 'Object Repository/Page_Formulr Podvanie iadosti o piku pre pe_fbb4f4/button_Uloi_1_2' is clicked on

17-04-2024T14:41:20 - [MESSAGE][PASSED] - Object: 'Object Repository/Page_Formulr Podvanie iadosti o piku pre pe_fbb4f4/button_Uloi_1_2' is clicked on

17-04-2024T14:41:20 - [TEST_STEP][PASSED] - click(findTestObject("Object Repository/Page_Formulr Podvanie iadosti o piku pre pe_fbb4f4/button_Detail_1_2_3_4_5_6")): Object: 'Object Repository/Page_Formulr Podvanie iadosti o piku pre pe_fbb4f4/button_Detail_1_2_3_4_5_6' is clicked on

17-04-2024T14:41:21 - [MESSAGE][PASSED] - Object: 'Object Repository/Page_Formulr Podvanie iadosti o piku pre pe_fbb4f4/button_Detail_1_2_3_4_5_6' is clicked on

17-04-2024T14:41:21 - [TEST_STEP][PASSED] - uploadFile(findTestObject("Object Repository/Page_Formulr Podvanie iadosti o piku pre pe_fbb4f4/input_Uloi_file-upload-field"), "C:\Users\barcik\Downloads\form.573.Prehlad-24-potvrdenie-print-save_5a11da50-9aec-4f8b-a1a0-d42325a914a4.pdf"): File 'C:\Users\barcik\Downloads\form.573.Prehlad-24-potvrdenie-print-save_5a11da50-9aec-4f8b-a1a0-d42325a914a4.pdf' sent to object: 'Object Repository/Page_Formulr Podvanie iadosti o piku pre pe_fbb4f4/input_Uloi_file-upload-field'

17-04-2024T14:41:21 - [MESSAGE][PASSED] - File 'C:\Users\barcik\Downloads\form.573.Prehlad-24-potvrdenie-print-save_5a11da50-9aec-4f8b-a1a0-d42325a914a4.pdf' sent to object: 'Object Repository/Page_Formulr Podvanie iadosti o piku pre pe_fbb4f4/input_Uloi_file-upload-field'

17-04-2024T14:41:21 - [TEST_STEP][PASSED] - click(findTestObject("Object Repository/Page_Formulr Podvanie iadosti o piku pre pe_fbb4f4/button_Uloi_1_2")): Object: 'Object Repository/Page_Formulr Podvanie iadosti o piku pre pe_fbb4f4/button_Uloi_1_2' is clicked on

17-04-2024T14:41:22 - [MESSAGE][PASSED] - Object: 'Object Repository/Page_Formulr Podvanie iadosti o piku pre pe_fbb4f4/button_Uloi_1_2' is clicked on

17-04-2024T14:41:22 - [TEST_STEP][PASSED] - click(findTestObject("Object Repository/Page_Formulr Podvanie iadosti o piku pre pe_fbb4f4/button_Detail_1_2_3_4_5_6_7")): Object: 'Object Repository/Page_Formulr Podvanie iadosti o piku pre pe_fbb4f4/button_Detail_1_2_3_4_5_6_7' is clicked on

17-04-2024T14:41:22 - [MESSAGE][PASSED] - Object: 'Object Repository/Page_Formulr Podvanie iadosti o piku pre pe_fbb4f4/button_Detail_1_2_3_4_5_6_7' is clicked on

17-04-2024T14:41:22 - [TEST_STEP][PASSED] - uploadFile(findTestObject("Object Repository/Page_Formulr Podvanie iadosti o piku pre pe_fbb4f4/input_Uloi_file-upload-field"), "C:\Users\barcik\Downloads\form.573.Prehlad-24-potvrdenie-print-save_5a11da50-9aec-4f8b-a1a0-d42325a914a4.pdf"): File 'C:\Users\barcik\Downloads\form.573.Prehlad-24-potvrdenie-print-save_5a11da50-9aec-4f8b-a1a0-d42325a914a4.pdf' sent to object: 'Object Repository/Page_Formulr Podvanie iadosti o piku pre pe_fbb4f4/input_Uloi_file-upload-field'

17-04-2024T14:41:23 - [MESSAGE][PASSED] - File 'C:\Users\barcik\Downloads\form.573.Prehlad-24-potvrdenie-print-save_5a11da50-9aec-4f8b-a1a0-d42325a914a4.pdf' sent to object: 'Object Repository/Page_Formulr Podvanie iadosti o piku pre pe_fbb4f4/input_Uloi_file-upload-field'

17-04-2024T14:41:23 - [TEST_STEP][PASSED] - click(findTestObject("Object Repository/Page_Formulr Podvanie iadosti o piku pre pe_fbb4f4/button_Uloi_1_2")): Object: 'Object Repository/Page_Formulr Podvanie iadosti o piku pre pe_fbb4f4/button_Uloi_1_2' is clicked on

17-04-2024T14:41:23 - [MESSAGE][PASSED] - Object: 'Object Repository/Page_Formulr Podvanie iadosti o piku pre pe_fbb4f4/button_Uloi_1_2' is clicked on

17-04-2024T14:41:23 - [TEST_STEP][PASSED] - setText(findTestObject("Object Repository/Page_Formulr Podvanie iadosti o piku pre pe_fbb4f4/input_Zadajte miesto odoslania iadosti_UI_V_59ba54"), "Bratislava"): Text 'Bratislava' is set on object 'Object Repository/Page_Formulr Podvanie iadosti o piku pre pe_fbb4f4/input_Zadajte miesto odoslania iadosti_UI_V_59ba54'

17-04-2024T14:41:24 - [MESSAGE][PASSED] - Text 'Bratislava' is set on object 'Object Repository/Page_Formulr Podvanie iadosti o piku pre pe_fbb4f4/input_Zadajte miesto odoslania iadosti_UI_V_59ba54'

17-04-2024T14:41:24 - [TEST_STEP][PASSED] - click(findTestObject("Object Repository/Page_Formulr Podvanie iadosti o piku pre pe_fbb4f4/button_Pokraova")): Object: 'Object Repository/Page_Formulr Podvanie iadosti o piku pre pe_fbb4f4/button_Pokraova' is clicked on

17-04-2024T14:41:25 - [MESSAGE][PASSED] - Object: 'Object Repository/Page_Formulr Podvanie iadosti o piku pre pe_fbb4f4/button_Pokraova' is clicked on

17-04-2024T14:41:25 - [TEST_STEP][PASSED] - verifyElementText(findTestObject("Page_Formulr Podvanie iadosti o piku pre pe_fbb4f4/div_ESRVS-2024-2188"), identifikator): Actual text and expected text of test object 'Object Repository/Page_Formulr Podvanie iadosti o piku pre pe_fbb4f4/div_ESRVS-2024-2188' are matched.

17-04-2024T14:41:27 - [MESSAGE][PASSED] - Actual text and expected text of test object 'Object Repository/Page_Formulr Podvanie iadosti o piku pre pe_fbb4f4/div_ESRVS-2024-2188' are matched.

17-04-2024T14:41:27 - [TEST_STEP][PASSED] - verifyElementText(findTestObject("Object Repository/Page_Formulr Podvanie iadosti o piku pre pe_fbb4f4/div_Bratislava"), "Bratislava"): Actual text and expected text of test object 'Object Repository/Page_Formulr Podvanie iadosti o piku pre pe_fbb4f4/div_Bratislava' are matched.

17-04-2024T14:41:27 - [MESSAGE][PASSED] - Actual text and expected text of test object 'Object Repository/Page_Formulr Podvanie iadosti o piku pre pe_fbb4f4/div_Bratislava' are matched.

17-04-2024T14:41:27 - [TEST_STEP][PASSED] - verifyElementText(findTestObject("Object Repository/Page_Formulr Podvanie iadosti o piku pre pe_fbb4f4/div_Ing"), "Ing."): Actual text and expected text of test object 'Object Repository/Page_Formulr Podvanie iadosti o piku pre pe_fbb4f4/div_Ing' are matched.

17-04-2024T14:41:28 - [MESSAGE][PASSED] - Actual text and expected text of test object 'Object Repository/Page_Formulr Podvanie iadosti o piku pre pe_fbb4f4/div_Ing' are matched.

17-04-2024T14:41:28 - [TEST_STEP][PASSED] - verifyElementText(findTestObject("Object Repository/Page_Formulr Podvanie iadosti o piku pre pe_fbb4f4/div_Marek"), "Marek"): Actual text and expected text of test object 'Object Repository/Page_Formulr Podvanie iadosti o piku pre pe_fbb4f4/div_Marek' are matched.

17-04-2024T14:41:28 - [MESSAGE][PASSED] - Actual text and expected text of test object 'Object Repository/Page_Formulr Podvanie iadosti o piku pre pe_fbb4f4/div_Marek' are matched.

17-04-2024T14:41:28 - [TEST_STEP][PASSED] - verifyElementText(findTestObject("Object Repository/Page_Formulr Podvanie iadosti o piku pre pe_fbb4f4/div_Tirpk"), "Tirpák"): Actual text and expected text of test object 'Object Repository/Page_Formulr Podvanie iadosti o piku pre pe_fbb4f4/div_Tirpk' are matched.

17-04-2024T14:41:28 - [MESSAGE][PASSED] - Actual text and expected text of test object 'Object Repository/Page_Formulr Podvanie iadosti o piku pre pe_fbb4f4/div_Tirpk' are matched.

17-04-2024T14:41:28 - [TEST_STEP][PASSED] - verifyElementText(findTestObject("Object Repository/Page_Formulr Podvanie iadosti o piku pre pe_fbb4f4/div_Mlynsk 3292207865 Koice-Star Mesto (Koi_afa4d6"), "Mlynská 329/2207865 Košice-Staré Mesto (Košice I)Slovenská republika", OPTIONAL): Actual text 'Mlynská 329/22

07865 Košice-Staré Mesto (Košice I)

Slovenská republika' and expected text 'Mlynská 329/2207865 Košice-Staré Mesto (Košice I)Slovenská republika' of test object 'Object Repository/Page_Formulr Podvanie iadosti o piku pre pe_fbb4f4/div_Mlynsk 3292207865 Koice-Star Mesto (Koi_afa4d6' are NOT matched. (Root cause: com.kms.katalon.core.exception.StepFailedException: Actual text 'Mlynská 329/22

07865 Košice-Staré Mesto (Košice I)

Slovenská republika' and expected text 'Mlynská 329/2207865 Košice-Staré Mesto (Košice I)Slovenská republika' of test object 'Object Repository/Page_Formulr Podvanie iadosti o piku pre pe_fbb4f4/div_Mlynsk 3292207865 Koice-Star Mesto (Koi_afa4d6' are NOT matched.
	at com.kms.katalon.core.webui.keyword.internal.WebUIKeywordMain.stepFailed(WebUIKeywordMain.groovy:64)
	at com.kms.katalon.core.webui.keyword.builtin.VerifyElementTextKeyword$_verifyElementText_closure1.doCall(VerifyElementTextKeyword.groovy:57)
	at com.kms.katalon.core.webui.keyword.builtin.VerifyElementTextKeyword$_verifyElementText_closure1.call(VerifyElementTextKeyword.groovy)
	at com.kms.katalon.core.webui.keyword.internal.WebUIKeywordMain.runKeyword(WebUIKeywordMain.groovy:20)
	at com.kms.katalon.core.webui.keyword.builtin.VerifyElementTextKeyword.verifyElementText(VerifyElementTextKeyword.groovy:72)
	at com.kms.katalon.core.webui.keyword.builtin.VerifyElementTextKeyword.execute(VerifyElementTextKeyword.groovy:40)
	at com.kms.katalon.core.keyword.internal.KeywordExecutor.executeKeywordForPlatform(KeywordExecutor.groovy:74)
	at com.kms.katalon.core.webui.keyword.WebUiBuiltInKeywords.verifyElementText(WebUiBuiltInKeywords.groovy:4819)
	at Pozicka_399090.run(Pozicka_399090:277)
	at com.kms.katalon.core.main.ScriptEngine.run(ScriptEngine.java:194)
	at com.kms.katalon.core.main.ScriptEngine.runScriptAsRawText(ScriptEngine.java:119)
	at com.kms.katalon.core.main.TestCaseExecutor.runScript(TestCaseExecutor.java:448)
	at com.kms.katalon.core.main.TestCaseExecutor.doExecute(TestCaseExecutor.java:439)
	at com.kms.katalon.core.main.TestCaseExecutor.processExecutionPhase(TestCaseExecutor.java:418)
	at com.kms.katalon.core.main.TestCaseExecutor.accessMainPhase(TestCaseExecutor.java:410)
	at com.kms.katalon.core.main.TestCaseExecutor.execute(TestCaseExecutor.java:285)
	at com.kms.katalon.core.common.CommonExecutor.accessTestCaseMainPhase(CommonExecutor.java:65)
	at com.kms.katalon.core.main.TestSuiteExecutor.accessTestSuiteMainPhase(TestSuiteExecutor.java:150)
	at com.kms.katalon.core.main.TestSuiteExecutor.execute(TestSuiteExecutor.java:106)
	at com.kms.katalon.core.main.TestCaseMain.startTestSuite(TestCaseMain.java:180)
	at TempTestSuite1713357402021.run(TempTestSuite1713357402021.groovy:35)
	at java.base/jdk.internal.reflect.NativeMethodAccessorImpl.invoke0(Native Method)
	at java.base/jdk.internal.reflect.NativeMethodAccessorImpl.invoke(NativeMethodAccessorImpl.java:77)
	at java.base/jdk.internal.reflect.DelegatingMethodAccessorImpl.invoke(DelegatingMethodAccessorImpl.java:43)
)

17-04-2024T14:41:29 - [MESSAGE][WARNING] - Actual text 'Mlynská 329/22

07865 Košice-Staré Mesto (Košice I)

Slovenská republika' and expected text 'Mlynská 329/2207865 Košice-Staré Mesto (Košice I)Slovenská republika' of test object 'Object Repository/Page_Formulr Podvanie iadosti o piku pre pe_fbb4f4/div_Mlynsk 3292207865 Koice-Star Mesto (Koi_afa4d6' are NOT matched. (Root cause: com.kms.katalon.core.exception.StepFailedException: Actual text 'Mlynská 329/22

07865 Košice-Staré Mesto (Košice I)

Slovenská republika' and expected text 'Mlynská 329/2207865 Košice-Staré Mesto (Košice I)Slovenská republika' of test object 'Object Repository/Page_Formulr Podvanie iadosti o piku pre pe_fbb4f4/div_Mlynsk 3292207865 Koice-Star Mesto (Koi_afa4d6' are NOT matched.
	at com.kms.katalon.core.webui.keyword.internal.WebUIKeywordMain.stepFailed(WebUIKeywordMain.groovy:64)
	at com.kms.katalon.core.webui.keyword.builtin.VerifyElementTextKeyword$_verifyElementText_closure1.doCall(VerifyElementTextKeyword.groovy:57)
	at com.kms.katalon.core.webui.keyword.builtin.VerifyElementTextKeyword$_verifyElementText_closure1.call(VerifyElementTextKeyword.groovy)
	at com.kms.katalon.core.webui.keyword.internal.WebUIKeywordMain.runKeyword(WebUIKeywordMain.groovy:20)
	at com.kms.katalon.core.webui.keyword.builtin.VerifyElementTextKeyword.verifyElementText(VerifyElementTextKeyword.groovy:72)
	at com.kms.katalon.core.webui.keyword.builtin.VerifyElementTextKeyword.execute(VerifyElementTextKeyword.groovy:40)
	at com.kms.katalon.core.keyword.internal.KeywordExecutor.executeKeywordForPlatform(KeywordExecutor.groovy:74)
	at com.kms.katalon.core.webui.keyword.WebUiBuiltInKeywords.verifyElementText(WebUiBuiltInKeywords.groovy:4819)
	at Pozicka_399090.run(Pozicka_399090:277)
	at com.kms.katalon.core.main.ScriptEngine.run(ScriptEngine.java:194)
	at com.kms.katalon.core.main.ScriptEngine.runScriptAsRawText(ScriptEngine.java:119)
	at com.kms.katalon.core.main.TestCaseExecutor.runScript(TestCaseExecutor.java:448)
	at com.kms.katalon.core.main.TestCaseExecutor.doExecute(TestCaseExecutor.java:439)
	at com.kms.katalon.core.main.TestCaseExecutor.processExecutionPhase(TestCaseExecutor.java:418)
	at com.kms.katalon.core.main.TestCaseExecutor.accessMainPhase(TestCaseExecutor.java:410)
	at com.kms.katalon.core.main.TestCaseExecutor.execute(TestCaseExecutor.java:285)
	at com.kms.katalon.core.common.CommonExecutor.accessTestCaseMainPhase(CommonExecutor.java:65)
	at com.kms.katalon.core.main.TestSuiteExecutor.accessTestSuiteMainPhase(TestSuiteExecutor.java:150)
	at com.kms.katalon.core.main.TestSuiteExecutor.execute(TestSuiteExecutor.java:106)
	at com.kms.katalon.core.main.TestCaseMain.startTestSuite(TestCaseMain.java:180)
	at TempTestSuite1713357402021.run(TempTestSuite1713357402021.groovy:35)
	at java.base/jdk.internal.reflect.NativeMethodAccessorImpl.invoke0(Native Method)
	at java.base/jdk.internal.reflect.NativeMethodAccessorImpl.invoke(NativeMethodAccessorImpl.java:77)
	at java.base/jdk.internal.reflect.DelegatingMethodAccessorImpl.invoke(DelegatingMethodAccessorImpl.java:43)
)
[[ATTACHMENT|C:\\Users\\barcik\\Katalon Studio\\Ris2Formulare\\Reports\\20240417_143642\\SuitePozicky\\20240417_143642\\1713357689104.png]]

17-04-2024T14:41:29 - [TEST_STEP][PASSED] - verifyElementText(findTestObject("Object Repository/Page_Formulr Podvanie iadosti o piku pre pe_fbb4f4/div_421456321789"), "+421456321789", OPTIONAL): Actual text and expected text of test object 'Object Repository/Page_Formulr Podvanie iadosti o piku pre pe_fbb4f4/div_421456321789' are matched.

17-04-2024T14:41:29 - [MESSAGE][PASSED] - Actual text and expected text of test object 'Object Repository/Page_Formulr Podvanie iadosti o piku pre pe_fbb4f4/div_421456321789' are matched.

17-04-2024T14:41:29 - [TEST_STEP][PASSED] - verifyElementText(findTestObject("Object Repository/Page_Formulr Podvanie iadosti o piku pre pe_fbb4f4/div_barcikditec.sk"), email, OPTIONAL): Actual text and expected text of test object 'Object Repository/Page_Formulr Podvanie iadosti o piku pre pe_fbb4f4/div_barcikditec.sk' are matched.

17-04-2024T14:41:29 - [MESSAGE][PASSED] - Actual text and expected text of test object 'Object Repository/Page_Formulr Podvanie iadosti o piku pre pe_fbb4f4/div_barcikditec.sk' are matched.

17-04-2024T14:41:29 - [TEST_STEP][PASSED] - verifyElementText(findTestObject("Object Repository/Page_Formulr Podvanie iadosti o piku pre pe_fbb4f4/div_15000"), "15000"): Actual text and expected text of test object 'Object Repository/Page_Formulr Podvanie iadosti o piku pre pe_fbb4f4/div_15000' are matched.

17-04-2024T14:41:30 - [MESSAGE][PASSED] - Actual text and expected text of test object 'Object Repository/Page_Formulr Podvanie iadosti o piku pre pe_fbb4f4/div_15000' are matched.

17-04-2024T14:41:30 - [TEST_STEP][PASSED] - verifyElementText(findTestObject("Object Repository/Page_Formulr Podvanie iadosti o piku pre pe_fbb4f4/div_15"), "15"): Actual text and expected text of test object 'Object Repository/Page_Formulr Podvanie iadosti o piku pre pe_fbb4f4/div_15' are matched.

17-04-2024T14:41:30 - [MESSAGE][PASSED] - Actual text and expected text of test object 'Object Repository/Page_Formulr Podvanie iadosti o piku pre pe_fbb4f4/div_15' are matched.

17-04-2024T14:41:30 - [TEST_STEP][PASSED] - click(findTestObject("Object Repository/Page_Formulr Podvanie iadosti o piku pre pe_fbb4f4/label_estne vyhlasujem, e vetky daje uveden_88100d")): Object: 'Object Repository/Page_Formulr Podvanie iadosti o piku pre pe_fbb4f4/label_estne vyhlasujem, e vetky daje uveden_88100d' is clicked on

17-04-2024T14:41:30 - [MESSAGE][PASSED] - Object: 'Object Repository/Page_Formulr Podvanie iadosti o piku pre pe_fbb4f4/label_estne vyhlasujem, e vetky daje uveden_88100d' is clicked on

17-04-2024T14:41:30 - [TEST_STEP][PASSED] - click(findTestObject("Object Repository/Page_Formulr Podvanie iadosti o piku pre pe_fbb4f4/label_Beriem na vedomie, e v slade s  17 od_1288a0")): Object: 'Object Repository/Page_Formulr Podvanie iadosti o piku pre pe_fbb4f4/label_Beriem na vedomie, e v slade s  17 od_1288a0' is clicked on

17-04-2024T14:41:31 - [MESSAGE][PASSED] - Object: 'Object Repository/Page_Formulr Podvanie iadosti o piku pre pe_fbb4f4/label_Beriem na vedomie, e v slade s  17 od_1288a0' is clicked on

17-04-2024T14:41:31 - [TEST_STEP][PASSED] - click(findTestObject("Object Repository/Page_Formulr Podvanie iadosti o piku pre pe_fbb4f4/button_Podpsa iados o piku kvalifikovanm el_0eb4be")): Object: 'Object Repository/Page_Formulr Podvanie iadosti o piku pre pe_fbb4f4/button_Podpsa iados o piku kvalifikovanm el_0eb4be' is clicked on

17-04-2024T14:41:31 - [MESSAGE][PASSED] - Object: 'Object Repository/Page_Formulr Podvanie iadosti o piku pre pe_fbb4f4/button_Podpsa iados o piku kvalifikovanm el_0eb4be' is clicked on

17-04-2024T14:41:31 - [TEST_STEP][PASSED] - click(findTestObject("Object Repository/Page_Formulr Podvanie iadosti o piku pre pe_fbb4f4/button_Podpsa")): Object: 'Object Repository/Page_Formulr Podvanie iadosti o piku pre pe_fbb4f4/button_Podpsa' is clicked on

17-04-2024T14:41:32 - [MESSAGE][PASSED] - Object: 'Object Repository/Page_Formulr Podvanie iadosti o piku pre pe_fbb4f4/button_Podpsa' is clicked on

17-04-2024T14:41:32 - [TEST_STEP][PASSED] - delay(12): Delayed 12 second(s)

17-04-2024T14:41:44 - [MESSAGE][PASSED] - Delayed 12 second(s)

17-04-2024T14:41:44 - [TEST_STEP][PASSED] - podpis.podpisFormular(): Fire Close event sucessfully.

17-04-2024T14:41:44 - [MESSAGE][INFO] - Starting application C:\Program Files\Ditec\DSigner .NET\Ditec.Zep.DSigXadesStandalone.exe on the local machine at address http://127.0.0.1:4723

17-04-2024T14:41:45 - [MESSAGE][PASSED] - The application at location: C:\Program Files\Ditec\DSigner .NET\Ditec.Zep.DSigXadesStandalone.exe started.

17-04-2024T14:41:47 - [MESSAGE][INFO] - Clicking on element: Object Repository/Podpisovac/Podpísať_podpis

17-04-2024T14:41:47 - [MESSAGE][PASSED] - Click on element: Object Repository/Podpisovac/Podpísať_podpis succesfully

17-04-2024T14:41:54 - [MESSAGE][INFO] - Clicking on element: Object Repository/Podpisovac/Vyber_filtra_podpis

17-04-2024T14:41:54 - [MESSAGE][PASSED] - Click on element: Object Repository/Podpisovac/Vyber_filtra_podpis succesfully

17-04-2024T14:41:55 - [MESSAGE][INFO] - Clicking on element: Object Repository/Podpisovac/Potvrd_vyber_filtra_podpis

17-04-2024T14:41:55 - [MESSAGE][PASSED] - Click on element: Object Repository/Podpisovac/Potvrd_vyber_filtra_podpis succesfully

17-04-2024T14:42:03 - [MESSAGE][INFO] - Double clicking on element: Object Repository/Podpisovac/Certifikat_podpis

17-04-2024T14:42:04 - [MESSAGE][PASSED] - Double click on element: Object Repository/Podpisovac/Certifikat_podpis succesfully

17-04-2024T14:42:07 - [MESSAGE][PASSED] - Delayed 3 second(s)

17-04-2024T14:42:09 - [MESSAGE][INFO] - Clicking on element: Object Repository/Podpisovac/OK_podpis

17-04-2024T14:42:09 - [MESSAGE][PASSED] - Click on element: Object Repository/Podpisovac/OK_podpis succesfully

17-04-2024T14:42:10 - [MESSAGE][PASSED] - Fire Close event sucessfully.

17-04-2024T14:42:10 - [TEST_STEP][PASSED] - click(findTestObject("Object Repository/Page_Formulr Podvanie iadosti o piku pre pe_fbb4f4/button_Odosla")): Object: 'Object Repository/Page_Formulr Podvanie iadosti o piku pre pe_fbb4f4/button_Odosla' is clicked on

17-04-2024T14:42:10 - [MESSAGE][PASSED] - Object: 'Object Repository/Page_Formulr Podvanie iadosti o piku pre pe_fbb4f4/button_Odosla' is clicked on

17-04-2024T14:42:10 - [TEST_STEP][FAILED] - click(findTestObject("Object Repository/Page_Formulr Podvanie iadosti o piku pre pe_fbb4f4/button_Prejs na domovsk strnku")): Unable to click on object 'Object Repository/Page_Formulr Podvanie iadosti o piku pre pe_fbb4f4/button_Prejs na domovsk strnku' (Root cause: com.kms.katalon.core.exception.StepFailedException: Unable to click on object 'Object Repository/Page_Formulr Podvanie iadosti o piku pre pe_fbb4f4/button_Prejs na domovsk strnku'
	at com.kms.katalon.core.webui.keyword.internal.WebUIKeywordMain.stepFailed(WebUIKeywordMain.groovy:64)
	at com.kms.katalon.core.webui.keyword.internal.WebUIKeywordMain.runKeyword(WebUIKeywordMain.groovy:26)
	at com.kms.katalon.core.webui.keyword.builtin.ClickKeyword.click(ClickKeyword.groovy:74)
	at com.kms.katalon.core.webui.keyword.builtin.ClickKeyword.execute(ClickKeyword.groovy:40)
	at com.kms.katalon.core.keyword.internal.KeywordExecutor.executeKeywordForPlatform(KeywordExecutor.groovy:74)
	at com.kms.katalon.core.webui.keyword.WebUiBuiltInKeywords.click(WebUiBuiltInKeywords.groovy:659)
	at Pozicka_399090.run(Pozicka_399090:305)
	at com.kms.katalon.core.main.ScriptEngine.run(ScriptEngine.java:194)
	at com.kms.katalon.core.main.ScriptEngine.runScriptAsRawText(ScriptEngine.java:119)
	at com.kms.katalon.core.main.TestCaseExecutor.runScript(TestCaseExecutor.java:448)
	at com.kms.katalon.core.main.TestCaseExecutor.doExecute(TestCaseExecutor.java:439)
	at com.kms.katalon.core.main.TestCaseExecutor.processExecutionPhase(TestCaseExecutor.java:418)
	at com.kms.katalon.core.main.TestCaseExecutor.accessMainPhase(TestCaseExecutor.java:410)
	at com.kms.katalon.core.main.TestCaseExecutor.execute(TestCaseExecutor.java:285)
	at com.kms.katalon.core.common.CommonExecutor.accessTestCaseMainPhase(CommonExecutor.java:65)
	at com.kms.katalon.core.main.TestSuiteExecutor.accessTestSuiteMainPhase(TestSuiteExecutor.java:150)
	at com.kms.katalon.core.main.TestSuiteExecutor.execute(TestSuiteExecutor.java:106)
	at com.kms.katalon.core.main.TestCaseMain.startTestSuite(TestCaseMain.java:180)
	at TempTestSuite1713357402021.run(TempTestSuite1713357402021.groovy:35)
	at java.base/jdk.internal.reflect.NativeMethodAccessorImpl.invoke0(Native Method)
	at java.base/jdk.internal.reflect.NativeMethodAccessorImpl.invoke(NativeMethodAccessorImpl.java:77)
	at java.base/jdk.internal.reflect.DelegatingMethodAccessorImpl.invoke(DelegatingMethodAccessorImpl.java:43)
Caused by: org.openqa.selenium.ElementNotInteractableException: element not interactable
  (Session info: chrome=123.0.6312.123)
Build info: version: '3.141.59', revision: 'e82be7d358', time: '2018-11-14T08:25:53'
System info: host: 'NB-BARCIK', ip: '192.168.0.163', os.name: 'Windows 11', os.arch: 'amd64', os.version: '10.0', java.version: '17.0.7'
Driver info: com.kms.katalon.selenium.driver.CChromeDriver
Capabilities {acceptInsecureCerts: false, browserName: chrome, browserVersion: 123.0.6312.123, chrome: {chromedriverVersion: 123.0.6312.58 (6b4b19e9dfbb..., userDataDir: C:\Users\barcik\AppData\Loc...}, fedcm:accounts: true, goog:chromeOptions: {debuggerAddress: localhost:59263}, javascriptEnabled: true, networkConnectionEnabled: false, pageLoadStrategy: normal, platform: WINDOWS, platformName: WINDOWS, proxy: Proxy(), setWindowRect: true, strictFileInteractability: false, timeouts: {implicit: 0, pageLoad: 300000, script: 30000}, unhandledPromptBehavior: dismiss and notify, webauthn:extension:credBlob: true, webauthn:extension:largeBlob: true, webauthn:extension:minPinLength: true, webauthn:extension:prf: true, webauthn:virtualAuthenticators: true}
Session ID: d4faffe3ee26b02092c92383b9cdbae1
	at java.base/jdk.internal.reflect.NativeConstructorAccessorImpl.newInstance0(Native Method)
	at java.base/jdk.internal.reflect.NativeConstructorAccessorImpl.newInstance(NativeConstructorAccessorImpl.java:77)
	at java.base/jdk.internal.reflect.DelegatingConstructorAccessorImpl.newInstance(DelegatingConstructorAccessorImpl.java:45)
	at org.openqa.selenium.remote.http.W3CHttpResponseCodec.createException(W3CHttpResponseCodec.java:187)
	at org.openqa.selenium.remote.http.W3CHttpResponseCodec.decode(W3CHttpResponseCodec.java:122)
	at org.openqa.selenium.remote.http.W3CHttpResponseCodec.decode(W3CHttpResponseCodec.java:49)
	at org.openqa.selenium.remote.HttpCommandExecutor.execute(HttpCommandExecutor.java:158)
	at org.openqa.selenium.remote.service.DriverCommandExecutor.execute(DriverCommandExecutor.java:83)
	at org.openqa.selenium.remote.RemoteWebDriver.execute(RemoteWebDriver.java:552)
	at com.kms.katalon.selenium.driver.CChromeDriver.execute(CChromeDriver.java:19)
	at org.openqa.selenium.remote.RemoteWebElement.execute(RemoteWebElement.java:285)
	at org.openqa.selenium.remote.RemoteWebElement.click(RemoteWebElement.java:84)
	at jdk.internal.reflect.GeneratedMethodAccessor16.invoke(Unknown Source)
	at java.base/jdk.internal.reflect.DelegatingMethodAccessorImpl.invoke(DelegatingMethodAccessorImpl.java:43)
	at org.openqa.selenium.support.events.EventFiringWebDriver$EventFiringWebElement.lambda$new$0(EventFiringWebDriver.java:404)
	at jdk.proxy2/jdk.proxy2.$Proxy24.click(Unknown Source)
	at org.openqa.selenium.support.events.EventFiringWebDriver$EventFiringWebElement.click(EventFiringWebDriver.java:417)
	at org.openqa.selenium.WebElement$click.call(Unknown Source)
	at com.kms.katalon.core.webui.keyword.builtin.ClickKeyword.clickUntilSuccessWithTimeout(ClickKeyword.groovy:81)
	at com.kms.katalon.core.webui.keyword.builtin.ClickKeyword.clickUntilSuccessWithTimeout(ClickKeyword.groovy)
	at jdk.internal.reflect.GeneratedMethodAccessor14.invoke(Unknown Source)
	at java.base/jdk.internal.reflect.DelegatingMethodAccessorImpl.invoke(DelegatingMethodAccessorImpl.java:43)
	at com.kms.katalon.core.webui.keyword.builtin.ClickKeyword$_click_closure1.doCall(ClickKeyword.groovy:67)
	at com.kms.katalon.core.webui.keyword.builtin.ClickKeyword$_click_closure1.call(ClickKeyword.groovy)
	at com.kms.katalon.core.webui.keyword.internal.WebUIKeywordMain.runKeyword(WebUIKeywordMain.groovy:20)
	at com.kms.katalon.core.webui.keyword.builtin.ClickKeyword.click(ClickKeyword.groovy:74)
	at com.kms.katalon.core.webui.keyword.builtin.ClickKeyword.execute(ClickKeyword.groovy:40)
	at com.kms.katalon.core.keyword.internal.KeywordExecutor.executeKeywordForPlatform(KeywordExecutor.groovy:74)
	at com.kms.katalon.core.webui.keyword.WebUiBuiltInKeywords.click(WebUiBuiltInKeywords.groovy:659)
	at Script1713185661975.run(Script1713185661975.groovy:305)
	... 15 more
)

17-04-2024T14:42:41 - [MESSAGE][FAILED] - Unable to click on object 'Object Repository/Page_Formulr Podvanie iadosti o piku pre pe_fbb4f4/button_Prejs na domovsk strnku' (Root cause: com.kms.katalon.core.exception.StepFailedException: Unable to click on object 'Object Repository/Page_Formulr Podvanie iadosti o piku pre pe_fbb4f4/button_Prejs na domovsk strnku'
	at com.kms.katalon.core.webui.keyword.internal.WebUIKeywordMain.stepFailed(WebUIKeywordMain.groovy:64)
	at com.kms.katalon.core.webui.keyword.internal.WebUIKeywordMain.runKeyword(WebUIKeywordMain.groovy:26)
	at com.kms.katalon.core.webui.keyword.builtin.ClickKeyword.click(ClickKeyword.groovy:74)
	at com.kms.katalon.core.webui.keyword.builtin.ClickKeyword.execute(ClickKeyword.groovy:40)
	at com.kms.katalon.core.keyword.internal.KeywordExecutor.executeKeywordForPlatform(KeywordExecutor.groovy:74)
	at com.kms.katalon.core.webui.keyword.WebUiBuiltInKeywords.click(WebUiBuiltInKeywords.groovy:659)
	at Pozicka_399090.run(Pozicka_399090:305)
	at com.kms.katalon.core.main.ScriptEngine.run(ScriptEngine.java:194)
	at com.kms.katalon.core.main.ScriptEngine.runScriptAsRawText(ScriptEngine.java:119)
	at com.kms.katalon.core.main.TestCaseExecutor.runScript(TestCaseExecutor.java:448)
	at com.kms.katalon.core.main.TestCaseExecutor.doExecute(TestCaseExecutor.java:439)
	at com.kms.katalon.core.main.TestCaseExecutor.processExecutionPhase(TestCaseExecutor.java:418)
	at com.kms.katalon.core.main.TestCaseExecutor.accessMainPhase(TestCaseExecutor.java:410)
	at com.kms.katalon.core.main.TestCaseExecutor.execute(TestCaseExecutor.java:285)
	at com.kms.katalon.core.common.CommonExecutor.accessTestCaseMainPhase(CommonExecutor.java:65)
	at com.kms.katalon.core.main.TestSuiteExecutor.accessTestSuiteMainPhase(TestSuiteExecutor.java:150)
	at com.kms.katalon.core.main.TestSuiteExecutor.execute(TestSuiteExecutor.java:106)
	at com.kms.katalon.core.main.TestCaseMain.startTestSuite(TestCaseMain.java:180)
	at TempTestSuite1713357402021.run(TempTestSuite1713357402021.groovy:35)
	at java.base/jdk.internal.reflect.NativeMethodAccessorImpl.invoke0(Native Method)
	at java.base/jdk.internal.reflect.NativeMethodAccessorImpl.invoke(NativeMethodAccessorImpl.java:77)
	at java.base/jdk.internal.reflect.DelegatingMethodAccessorImpl.invoke(DelegatingMethodAccessorImpl.java:43)
Caused by: org.openqa.selenium.ElementNotInteractableException: element not interactable
  (Session info: chrome=123.0.6312.123)
Build info: version: '3.141.59', revision: 'e82be7d358', time: '2018-11-14T08:25:53'
System info: host: 'NB-BARCIK', ip: '192.168.0.163', os.name: 'Windows 11', os.arch: 'amd64', os.version: '10.0', java.version: '17.0.7'
Driver info: com.kms.katalon.selenium.driver.CChromeDriver
Capabilities {acceptInsecureCerts: false, browserName: chrome, browserVersion: 123.0.6312.123, chrome: {chromedriverVersion: 123.0.6312.58 (6b4b19e9dfbb..., userDataDir: C:\Users\barcik\AppData\Loc...}, fedcm:accounts: true, goog:chromeOptions: {debuggerAddress: localhost:59263}, javascriptEnabled: true, networkConnectionEnabled: false, pageLoadStrategy: normal, platform: WINDOWS, platformName: WINDOWS, proxy: Proxy(), setWindowRect: true, strictFileInteractability: false, timeouts: {implicit: 0, pageLoad: 300000, script: 30000}, unhandledPromptBehavior: dismiss and notify, webauthn:extension:credBlob: true, webauthn:extension:largeBlob: true, webauthn:extension:minPinLength: true, webauthn:extension:prf: true, webauthn:virtualAuthenticators: true}
Session ID: d4faffe3ee26b02092c92383b9cdbae1
	at java.base/jdk.internal.reflect.NativeConstructorAccessorImpl.newInstance0(Native Method)
	at java.base/jdk.internal.reflect.NativeConstructorAccessorImpl.newInstance(NativeConstructorAccessorImpl.java:77)
	at java.base/jdk.internal.reflect.DelegatingConstructorAccessorImpl.newInstance(DelegatingConstructorAccessorImpl.java:45)
	at org.openqa.selenium.remote.http.W3CHttpResponseCodec.createException(W3CHttpResponseCodec.java:187)
	at org.openqa.selenium.remote.http.W3CHttpResponseCodec.decode(W3CHttpResponseCodec.java:122)
	at org.openqa.selenium.remote.http.W3CHttpResponseCodec.decode(W3CHttpResponseCodec.java:49)
	at org.openqa.selenium.remote.HttpCommandExecutor.execute(HttpCommandExecutor.java:158)
	at org.openqa.selenium.remote.service.DriverCommandExecutor.execute(DriverCommandExecutor.java:83)
	at org.openqa.selenium.remote.RemoteWebDriver.execute(RemoteWebDriver.java:552)
	at com.kms.katalon.selenium.driver.CChromeDriver.execute(CChromeDriver.java:19)
	at org.openqa.selenium.remote.RemoteWebElement.execute(RemoteWebElement.java:285)
	at org.openqa.selenium.remote.RemoteWebElement.click(RemoteWebElement.java:84)
	at jdk.internal.reflect.GeneratedMethodAccessor16.invoke(Unknown Source)
	at java.base/jdk.internal.reflect.DelegatingMethodAccessorImpl.invoke(DelegatingMethodAccessorImpl.java:43)
	at org.openqa.selenium.support.events.EventFiringWebDriver$EventFiringWebElement.lambda$new$0(EventFiringWebDriver.java:404)
	at jdk.proxy2/jdk.proxy2.$Proxy24.click(Unknown Source)
	at org.openqa.selenium.support.events.EventFiringWebDriver$EventFiringWebElement.click(EventFiringWebDriver.java:417)
	at org.openqa.selenium.WebElement$click.call(Unknown Source)
	at com.kms.katalon.core.webui.keyword.builtin.ClickKeyword.clickUntilSuccessWithTimeout(ClickKeyword.groovy:81)
	at com.kms.katalon.core.webui.keyword.builtin.ClickKeyword.clickUntilSuccessWithTimeout(ClickKeyword.groovy)
	at jdk.internal.reflect.GeneratedMethodAccessor14.invoke(Unknown Source)
	at java.base/jdk.internal.reflect.DelegatingMethodAccessorImpl.invoke(DelegatingMethodAccessorImpl.java:43)
	at com.kms.katalon.core.webui.keyword.builtin.ClickKeyword$_click_closure1.doCall(ClickKeyword.groovy:67)
	at com.kms.katalon.core.webui.keyword.builtin.ClickKeyword$_click_closure1.call(ClickKeyword.groovy)
	at com.kms.katalon.core.webui.keyword.internal.WebUIKeywordMain.runKeyword(WebUIKeywordMain.groovy:20)
	at com.kms.katalon.core.webui.keyword.builtin.ClickKeyword.click(ClickKeyword.groovy:74)
	at com.kms.katalon.core.webui.keyword.builtin.ClickKeyword.execute(ClickKeyword.groovy:40)
	at com.kms.katalon.core.keyword.internal.KeywordExecutor.executeKeywordForPlatform(KeywordExecutor.groovy:74)
	at com.kms.katalon.core.webui.keyword.WebUiBuiltInKeywords.click(WebUiBuiltInKeywords.groovy:659)
	at Script1713185661975.run(Script1713185661975.groovy:305)
	... 15 more
)
[[ATTACHMENT|C:\\Users\\barcik\\Katalon Studio\\Ris2Formulare\\Reports\\20240417_143642\\SuitePozicky\\20240417_143642\\1713357760794.png]]]]></system-out>
         <system-err><![CDATA[17-04-2024T14:36:57 - [TEST_CASE][FAILED] - Test Cases/Pozicky B/Pozicka_399090: Test Cases/Pozicky B/Pozicka_399090 FAILED.
Reason:
com.kms.katalon.core.exception.StepFailedException: Unable to click on object 'Object Repository/Page_Formulr Podvanie iadosti o piku pre pe_fbb4f4/button_Prejs na domovsk strnku'
	at com.kms.katalon.core.webui.keyword.internal.WebUIKeywordMain.stepFailed(WebUIKeywordMain.groovy:64)
	at com.kms.katalon.core.webui.keyword.internal.WebUIKeywordMain.runKeyword(WebUIKeywordMain.groovy:26)
	at com.kms.katalon.core.webui.keyword.builtin.ClickKeyword.click(ClickKeyword.groovy:74)
	at com.kms.katalon.core.webui.keyword.builtin.ClickKeyword.execute(ClickKeyword.groovy:40)
	at com.kms.katalon.core.keyword.internal.KeywordExecutor.executeKeywordForPlatform(KeywordExecutor.groovy:74)
	at com.kms.katalon.core.webui.keyword.WebUiBuiltInKeywords.click(WebUiBuiltInKeywords.groovy:659)
	at Pozicka_399090.run(Pozicka_399090:305)
	at com.kms.katalon.core.main.ScriptEngine.run(ScriptEngine.java:194)
	at com.kms.katalon.core.main.ScriptEngine.runScriptAsRawText(ScriptEngine.java:119)
	at com.kms.katalon.core.main.TestCaseExecutor.runScript(TestCaseExecutor.java:448)
	at com.kms.katalon.core.main.TestCaseExecutor.doExecute(TestCaseExecutor.java:439)
	at com.kms.katalon.core.main.TestCaseExecutor.processExecutionPhase(TestCaseExecutor.java:418)
	at com.kms.katalon.core.main.TestCaseExecutor.accessMainPhase(TestCaseExecutor.java:410)
	at com.kms.katalon.core.main.TestCaseExecutor.execute(TestCaseExecutor.java:285)
	at com.kms.katalon.core.common.CommonExecutor.accessTestCaseMainPhase(CommonExecutor.java:65)
	at com.kms.katalon.core.main.TestSuiteExecutor.accessTestSuiteMainPhase(TestSuiteExecutor.java:150)
	at com.kms.katalon.core.main.TestSuiteExecutor.execute(TestSuiteExecutor.java:106)
	at com.kms.katalon.core.main.TestCaseMain.startTestSuite(TestCaseMain.java:180)
	at TempTestSuite1713357402021.run(TempTestSuite1713357402021.groovy:35)
	at java.base/jdk.internal.reflect.NativeMethodAccessorImpl.invoke0(Native Method)
	at java.base/jdk.internal.reflect.NativeMethodAccessorImpl.invoke(NativeMethodAccessorImpl.java:77)
	at java.base/jdk.internal.reflect.DelegatingMethodAccessorImpl.invoke(DelegatingMethodAccessorImpl.java:43)
Caused by: org.openqa.selenium.ElementNotInteractableException: element not interactable
  (Session info: chrome=123.0.6312.123)
Build info: version: '3.141.59', revision: 'e82be7d358', time: '2018-11-14T08:25:53'
System info: host: 'NB-BARCIK', ip: '192.168.0.163', os.name: 'Windows 11', os.arch: 'amd64', os.version: '10.0', java.version: '17.0.7'
Driver info: com.kms.katalon.selenium.driver.CChromeDriver
Capabilities {acceptInsecureCerts: false, browserName: chrome, browserVersion: 123.0.6312.123, chrome: {chromedriverVersion: 123.0.6312.58 (6b4b19e9dfbb..., userDataDir: C:\Users\barcik\AppData\Loc...}, fedcm:accounts: true, goog:chromeOptions: {debuggerAddress: localhost:59263}, javascriptEnabled: true, networkConnectionEnabled: false, pageLoadStrategy: normal, platform: WINDOWS, platformName: WINDOWS, proxy: Proxy(), setWindowRect: true, strictFileInteractability: false, timeouts: {implicit: 0, pageLoad: 300000, script: 30000}, unhandledPromptBehavior: dismiss and notify, webauthn:extension:credBlob: true, webauthn:extension:largeBlob: true, webauthn:extension:minPinLength: true, webauthn:extension:prf: true, webauthn:virtualAuthenticators: true}
Session ID: d4faffe3ee26b02092c92383b9cdbae1
	at java.base/jdk.internal.reflect.NativeConstructorAccessorImpl.newInstance0(Native Method)
	at java.base/jdk.internal.reflect.NativeConstructorAccessorImpl.newInstance(NativeConstructorAccessorImpl.java:77)
	at java.base/jdk.internal.reflect.DelegatingConstructorAccessorImpl.newInstance(DelegatingConstructorAccessorImpl.java:45)
	at org.openqa.selenium.remote.http.W3CHttpResponseCodec.createException(W3CHttpResponseCodec.java:187)
	at org.openqa.selenium.remote.http.W3CHttpResponseCodec.decode(W3CHttpResponseCodec.java:122)
	at org.openqa.selenium.remote.http.W3CHttpResponseCodec.decode(W3CHttpResponseCodec.java:49)
	at org.openqa.selenium.remote.HttpCommandExecutor.execute(HttpCommandExecutor.java:158)
	at org.openqa.selenium.remote.service.DriverCommandExecutor.execute(DriverCommandExecutor.java:83)
	at org.openqa.selenium.remote.RemoteWebDriver.execute(RemoteWebDriver.java:552)
	at com.kms.katalon.selenium.driver.CChromeDriver.execute(CChromeDriver.java:19)
	at org.openqa.selenium.remote.RemoteWebElement.execute(RemoteWebElement.java:285)
	at org.openqa.selenium.remote.RemoteWebElement.click(RemoteWebElement.java:84)
	at jdk.internal.reflect.GeneratedMethodAccessor16.invoke(Unknown Source)
	at java.base/jdk.internal.reflect.DelegatingMethodAccessorImpl.invoke(DelegatingMethodAccessorImpl.java:43)
	at org.openqa.selenium.support.events.EventFiringWebDriver$EventFiringWebElement.lambda$new$0(EventFiringWebDriver.java:404)
	at jdk.proxy2/jdk.proxy2.$Proxy24.click(Unknown Source)
	at org.openqa.selenium.support.events.EventFiringWebDriver$EventFiringWebElement.click(EventFiringWebDriver.java:417)
	at org.openqa.selenium.WebElement$click.call(Unknown Source)
	at com.kms.katalon.core.webui.keyword.builtin.ClickKeyword.clickUntilSuccessWithTimeout(ClickKeyword.groovy:81)
	at com.kms.katalon.core.webui.keyword.builtin.ClickKeyword.clickUntilSuccessWithTimeout(ClickKeyword.groovy)
	at jdk.internal.reflect.GeneratedMethodAccessor14.invoke(Unknown Source)
	at java.base/jdk.internal.reflect.DelegatingMethodAccessorImpl.invoke(DelegatingMethodAccessorImpl.java:43)
	at com.kms.katalon.core.webui.keyword.builtin.ClickKeyword$_click_closure1.doCall(ClickKeyword.groovy:67)
	at com.kms.katalon.core.webui.keyword.builtin.ClickKeyword$_click_closure1.call(ClickKeyword.groovy)
	at com.kms.katalon.core.webui.keyword.internal.WebUIKeywordMain.runKeyword(WebUIKeywordMain.groovy:20)
	... 20 more]]></system-err>
      </testcase>
      <testcase name="Test Cases/Pozicky B/PozickaB_399076" time="284.966" classname="Test Cases/Pozicky B/PozickaB_399076" status="FAILED">
         <failure type="FAILED" message="Test Cases/Pozicky B/PozickaB_399076 FAILED.&#xa;Reason:&#xa;com.kms.katalon.core.exception.StepFailedException: Expected condition failed: waiting for com.kms.katalon.core.windows.keyword.helper.WindowsActionHelper$1@2e9ab0b3 (tried for 30 second(s) with 50 milliseconds interval) (Root cause: org.openqa.selenium.TimeoutException: Expected condition failed: waiting for com.kms.katalon.core.windows.keyword.helper.WindowsActionHelper$1@2e9ab0b3 (tried for 30 second(s) with 50 milliseconds interval)&#xa;	at org.openqa.selenium.support.ui.FluentWait.timeoutException(FluentWait.java:304)&#xa;	at org.openqa.selenium.support.ui.FluentWait.until(FluentWait.java:272)&#xa;	at com.kms.katalon.core.windows.keyword.helper.WindowsActionHelper.findElement(WindowsActionHelper.java:120)&#xa;	at com.kms.katalon.core.windows.keyword.helper.WindowsActionHelper.findElement(WindowsActionHelper.java:77)&#xa;	at com.kms.katalon.core.windows.keyword.helper.WindowsActionHelper.findElement(WindowsActionHelper.java:69)&#xa;	at com.kms.katalon.core.windows.keyword.helper.WindowsActionHelper.click(WindowsActionHelper.java:248)&#xa;	at com.kms.katalon.core.windows.keyword.helper.WindowsActionHelper$click$3.call(Unknown Source)&#xa;	at com.kms.katalon.core.windows.keyword.builtin.ClickKeyword$_click_closure1.doCall(ClickKeyword.groovy:43)&#xa;	at com.kms.katalon.core.windows.keyword.builtin.ClickKeyword$_click_closure1.doCall(ClickKeyword.groovy)&#xa;	at jdk.internal.reflect.GeneratedMethodAccessor24.invoke(Unknown Source)&#xa;	at java.base/jdk.internal.reflect.DelegatingMethodAccessorImpl.invoke(DelegatingMethodAccessorImpl.java:43)&#xa;	at com.kms.katalon.core.keyword.internal.KeywordMain.runKeyword(KeywordMain.groovy:90)&#xa;	at com.kms.katalon.core.keyword.internal.KeywordMain$runKeyword.call(Unknown Source)&#xa;	at com.kms.katalon.core.windows.keyword.builtin.ClickKeyword.click(ClickKeyword.groovy:37)&#xa;	at com.kms.katalon.core.windows.keyword.builtin.ClickKeyword$click.callCurrent(Unknown Source)&#xa;	at com.kms.katalon.core.windows.keyword.builtin.ClickKeyword.execute(ClickKeyword.groovy:33)&#xa;	at com.kms.katalon.core.keyword.internal.KeywordExecutor.executeKeywordForPlatform(KeywordExecutor.groovy:74)&#xa;	at com.kms.katalon.core.windows.keyword.WindowsBuiltinKeywords.click(WindowsBuiltinKeywords.java:72)&#xa;	at Email.kontrolaMailu(Email.java:30)&#xa;	at PozickaB_399076.run(PozickaB_399076:253)&#xa;	at com.kms.katalon.core.main.ScriptEngine.run(ScriptEngine.java:194)&#xa;	at com.kms.katalon.core.main.ScriptEngine.runScriptAsRawText(ScriptEngine.java:119)&#xa;	at com.kms.katalon.core.main.TestCaseExecutor.runScript(TestCaseExecutor.java:448)&#xa;	at com.kms.katalon.core.main.TestCaseExecutor.doExecute(TestCaseExecutor.java:439)&#xa;	at com.kms.katalon.core.main.TestCaseExecutor.processExecutionPhase(TestCaseExecutor.java:418)&#xa;	at com.kms.katalon.core.main.TestCaseExecutor.accessMainPhase(TestCaseExecutor.java:410)&#xa;	at com.kms.katalon.core.main.TestCaseExecutor.execute(TestCaseExecutor.java:285)&#xa;	at com.kms.katalon.core.common.CommonExecutor.accessTestCaseMainPhase(CommonExecutor.java:65)&#xa;	at com.kms.katalon.core.main.TestSuiteExecutor.accessTestSuiteMainPhase(TestSuiteExecutor.java:150)&#xa;	at com.kms.katalon.core.main.TestSuiteExecutor.execute(TestSuiteExecutor.java:106)&#xa;	at com.kms.katalon.core.main.TestCaseMain.startTestSuite(TestCaseMain.java:180)&#xa;	at TempTestSuite1713357402021.run(TempTestSuite1713357402021.groovy:35)&#xa;	at java.base/jdk.internal.reflect.NativeMethodAccessorImpl.invoke0(Native Method)&#xa;	at java.base/jdk.internal.reflect.NativeMethodAccessorImpl.invoke(NativeMethodAccessorImpl.java:77)&#xa;	at java.base/jdk.internal.reflect.DelegatingMethodAccessorImpl.invoke(DelegatingMethodAccessorImpl.java:43)&#xa;Caused by: org.openqa.selenium.NoSuchElementException: An element could not be located on the page using the given search parameters. (WARNING: The server did not provide any stacktrace information)&#xa;Command duration or timeout: 0 milliseconds&#xa;For documentation on this error, please visit: https://www.seleniumhq.org/exceptions/no_such_element.html&#xa;Build info: version: '3.141.59', revision: 'e82be7d358', time: '2018-11-14T08:25:53'&#xa;System info: host: 'NB-BARCIK', ip: '192.168.0.163', os.name: 'Windows 11', os.arch: 'amd64', os.version: '10.0', java.version: '17.0.7'&#xa;Driver info: io.appium.java_client.windows.WindowsDriver&#xa;Capabilities {app: C:\Program Files\Microsoft ..., javascriptEnabled: true, platform: WINDOWS, platformName: WINDOWS}&#xa;Session ID: 690A2BAB-C0CA-4BB0-8A0B-2BB4E38E5956&#xa;*** Element info: {Using=xpath, value=//Window/Pane[1]/ToolBar[1]/Pane[1]/Pane[1]/Pane[1]/Pane[1]/Tab[1]/TabItem[1]}&#xa;	at java.base/jdk.internal.reflect.NativeConstructorAccessorImpl.newInstance0(Native Method)&#xa;	at java.base/jdk.internal.reflect.NativeConstructorAccessorImpl.newInstance(NativeConstructorAccessorImpl.java:77)&#xa;	at java.base/jdk.internal.reflect.DelegatingConstructorAccessorImpl.newInstance(DelegatingConstructorAccessorImpl.java:45)&#xa;	at org.openqa.selenium.remote.ErrorHandler.createThrowable(ErrorHandler.java:214)&#xa;	at org.openqa.selenium.remote.ErrorHandler.throwIfResponseFailed(ErrorHandler.java:166)&#xa;	at org.openqa.selenium.remote.http.JsonHttpResponseCodec.reconstructValue(JsonHttpResponseCodec.java:40)&#xa;	at org.openqa.selenium.remote.http.AbstractHttpResponseCodec.decode(AbstractHttpResponseCodec.java:80)&#xa;	at org.openqa.selenium.remote.http.AbstractHttpResponseCodec.decode(AbstractHttpResponseCodec.java:44)&#xa;	at org.openqa.selenium.remote.HttpCommandExecutor.execute(HttpCommandExecutor.java:158)&#xa;	at io.appium.java_client.remote.AppiumCommandExecutor.execute(AppiumCommandExecutor.java:239)&#xa;	at org.openqa.selenium.remote.RemoteWebDriver.execute(RemoteWebDriver.java:552)&#xa;	at io.appium.java_client.DefaultGenericMobileDriver.execute(DefaultGenericMobileDriver.java:42)&#xa;	at io.appium.java_client.AppiumDriver.execute(AppiumDriver.java:1)&#xa;	at io.appium.java_client.windows.WindowsDriver.execute(WindowsDriver.java:1)&#xa;	at org.openqa.selenium.remote.RemoteWebDriver.findElement(RemoteWebDriver.java:323)&#xa;	at io.appium.java_client.DefaultGenericMobileDriver.findElement(DefaultGenericMobileDriver.java:62)&#xa;	at io.appium.java_client.AppiumDriver.findElement(AppiumDriver.java:1)&#xa;	at io.appium.java_client.windows.WindowsDriver.findElement(WindowsDriver.java:1)&#xa;	at org.openqa.selenium.remote.RemoteWebDriver.findElementByXPath(RemoteWebDriver.java:428)&#xa;	at io.appium.java_client.DefaultGenericMobileDriver.findElementByXPath(DefaultGenericMobileDriver.java:152)&#xa;	at io.appium.java_client.AppiumDriver.findElementByXPath(AppiumDriver.java:1)&#xa;	at io.appium.java_client.windows.WindowsDriver.findElementByXPath(WindowsDriver.java:1)&#xa;	at com.kms.katalon.core.windows.keyword.helper.WindowsActionHelper$1.apply(WindowsActionHelper.java:136)&#xa;	at com.kms.katalon.core.windows.keyword.helper.WindowsActionHelper$1.apply(WindowsActionHelper.java:1)&#xa;	at org.openqa.selenium.support.ui.FluentWait.until(FluentWait.java:249)&#xa;	at com.kms.katalon.core.windows.keyword.helper.WindowsActionHelper.findElement(WindowsActionHelper.java:120)&#xa;	at com.kms.katalon.core.windows.keyword.helper.WindowsActionHelper.findElement(WindowsActionHelper.java:77)&#xa;	at com.kms.katalon.core.windows.keyword.helper.WindowsActionHelper.findElement(WindowsActionHelper.java:69)&#xa;	at com.kms.katalon.core.windows.keyword.helper.WindowsActionHelper.click(WindowsActionHelper.java:248)&#xa;	at com.kms.katalon.core.windows.keyword.helper.WindowsActionHelper$click$3.call(Unknown Source)&#xa;	at com.kms.katalon.core.windows.keyword.builtin.ClickKeyword$_click_closure1.doCall(ClickKeyword.groovy:43)&#xa;	at com.kms.katalon.core.windows.keyword.builtin.ClickKeyword$_click_closure1.doCall(ClickKeyword.groovy)&#xa;	at jdk.internal.reflect.GeneratedMethodAccessor24.invoke(Unknown Source)&#xa;	at java.base/jdk.internal.reflect.DelegatingMethodAccessorImpl.invoke(DelegatingMethodAccessorImpl.java:43)&#xa;	at com.kms.katalon.core.keyword.internal.KeywordMain.runKeyword(KeywordMain.groovy:90)&#xa;	at com.kms.katalon.core.keyword.internal.KeywordMain$runKeyword.call(Unknown Source)&#xa;	at com.kms.katalon.core.windows.keyword.builtin.ClickKeyword.click(ClickKeyword.groovy:37)&#xa;	at com.kms.katalon.core.windows.keyword.builtin.ClickKeyword$click.callCurrent(Unknown Source)&#xa;	at com.kms.katalon.core.windows.keyword.builtin.ClickKeyword.execute(ClickKeyword.groovy:33)&#xa;	at com.kms.katalon.core.keyword.internal.KeywordExecutor.executeKeywordForPlatform(KeywordExecutor.groovy:74)&#xa;	at com.kms.katalon.core.windows.keyword.WindowsBuiltinKeywords.click(WindowsBuiltinKeywords.java:72)&#xa;	at Email.kontrolaMailu(Email.java:30)&#xa;	at Script1713162750537.run(Script1713162750537.groovy:253)&#xa;	... 15 more&#xa;)&#xa;	at com.kms.katalon.core.keyword.internal.KeywordMain.stepFailed(KeywordMain.groovy:51)&#xa;	at com.kms.katalon.core.keyword.internal.KeywordMain.stepFailed(KeywordMain.groovy)&#xa;	at com.kms.katalon.core.keyword.internal.KeywordMain.runKeyword(KeywordMain.groovy:92)&#xa;	at com.kms.katalon.core.keyword.internal.KeywordMain$runKeyword.call(Unknown Source)&#xa;	at com.kms.katalon.core.windows.keyword.builtin.ClickKeyword.click(ClickKeyword.groovy:37)&#xa;	at com.kms.katalon.core.windows.keyword.builtin.ClickKeyword$click.callCurrent(Unknown Source)&#xa;	at com.kms.katalon.core.windows.keyword.builtin.ClickKeyword.execute(ClickKeyword.groovy:33)&#xa;	at com.kms.katalon.core.keyword.internal.KeywordExecutor.executeKeywordForPlatform(KeywordExecutor.groovy:74)&#xa;	at com.kms.katalon.core.windows.keyword.WindowsBuiltinKeywords.click(WindowsBuiltinKeywords.java:72)&#xa;	at Email.kontrolaMailu(Email.java:30)&#xa;	at PozickaB_399076.run(PozickaB_399076:253)&#xa;	at com.kms.katalon.core.main.ScriptEngine.run(ScriptEngine.java:194)&#xa;	at com.kms.katalon.core.main.ScriptEngine.runScriptAsRawText(ScriptEngine.java:119)&#xa;	at com.kms.katalon.core.main.TestCaseExecutor.runScript(TestCaseExecutor.java:448)&#xa;	at com.kms.katalon.core.main.TestCaseExecutor.doExecute(TestCaseExecutor.java:439)&#xa;	at com.kms.katalon.core.main.TestCaseExecutor.processExecutionPhase(TestCaseExecutor.java:418)&#xa;	at com.kms.katalon.core.main.TestCaseExecutor.accessMainPhase(TestCaseExecutor.java:410)&#xa;	at com.kms.katalon.core.main.TestCaseExecutor.execute(TestCaseExecutor.java:285)&#xa;	at com.kms.katalon.core.common.CommonExecutor.accessTestCaseMainPhase(CommonExecutor.java:65)&#xa;	at com.kms.katalon.core.main.TestSuiteExecutor.accessTestSuiteMainPhase(TestSuiteExecutor.java:150)&#xa;	at com.kms.katalon.core.main.TestSuiteExecutor.execute(TestSuiteExecutor.java:106)&#xa;	at com.kms.katalon.core.main.TestCaseMain.startTestSuite(TestCaseMain.java:180)&#xa;	at TempTestSuite1713357402021.run(TempTestSuite1713357402021.groovy:35)&#xa;	at java.base/jdk.internal.reflect.NativeMethodAccessorImpl.invoke0(Native Method)&#xa;	at java.base/jdk.internal.reflect.NativeMethodAccessorImpl.invoke(NativeMethodAccessorImpl.java:77)&#xa;	at java.base/jdk.internal.reflect.DelegatingMethodAccessorImpl.invoke(DelegatingMethodAccessorImpl.java:43)&#xa;Caused by: org.openqa.selenium.TimeoutException: Expected condition failed: waiting for com.kms.katalon.core.windows.keyword.helper.WindowsActionHelper$1@2e9ab0b3 (tried for 30 second(s) with 50 milliseconds interval)&#xa;	at org.openqa.selenium.support.ui.FluentWait.timeoutException(FluentWait.java:304)&#xa;	at org.openqa.selenium.support.ui.FluentWait.until(FluentWait.java:272)&#xa;	at com.kms.katalon.core.windows.keyword.helper.WindowsActionHelper.findElement(WindowsActionHelper.java:120)&#xa;	at com.kms.katalon.core.windows.keyword.helper.WindowsActionHelper.findElement(WindowsActionHelper.java:77)&#xa;	at com.kms.katalon.core.windows.keyword.helper.WindowsActionHelper.findElement(WindowsActionHelper.java:69)&#xa;	at com.kms.katalon.core.windows.keyword.helper.WindowsActionHelper.click(WindowsActionHelper.java:248)&#xa;	at com.kms.katalon.core.windows.keyword.helper.WindowsActionHelper$click$3.call(Unknown Source)&#xa;	at com.kms.katalon.core.windows.keyword.builtin.ClickKeyword$_click_closure1.doCall(ClickKeyword.groovy:43)&#xa;	at com.kms.katalon.core.windows.keyword.builtin.ClickKeyword$_click_closure1.doCall(ClickKeyword.groovy)&#xa;	at jdk.internal.reflect.GeneratedMethodAccessor24.invoke(Unknown Source)&#xa;	at java.base/jdk.internal.reflect.DelegatingMethodAccessorImpl.invoke(DelegatingMethodAccessorImpl.java:43)&#xa;	at com.kms.katalon.core.keyword.internal.KeywordMain.runKeyword(KeywordMain.groovy:90)&#xa;	... 23 more&#xa;Caused by: org.openqa.selenium.NoSuchElementException: An element could not be located on the page using the given search parameters. (WARNING: The server did not provide any stacktrace information)&#xa;Command duration or timeout: 0 milliseconds&#xa;For documentation on this error, please visit: https://www.seleniumhq.org/exceptions/no_such_element.html&#xa;Build info: version: '3.141.59', revision: 'e82be7d358', time: '2018-11-14T08:25:53'&#xa;System info: host: 'NB-BARCIK', ip: '192.168.0.163', os.name: 'Windows 11', os.arch: 'amd64', os.version: '10.0', java.version: '17.0.7'&#xa;Driver info: io.appium.java_client.windows.WindowsDriver&#xa;Capabilities {app: C:\Program Files\Microsoft ..., javascriptEnabled: true, platform: WINDOWS, platformName: WINDOWS}&#xa;Session ID: 690A2BAB-C0CA-4BB0-8A0B-2BB4E38E5956&#xa;*** Element info: {Using=xpath, value=//Window/Pane[1]/ToolBar[1]/Pane[1]/Pane[1]/Pane[1]/Pane[1]/Tab[1]/TabItem[1]}&#xa;	at java.base/jdk.internal.reflect.NativeConstructorAccessorImpl.newInstance0(Native Method)&#xa;	at java.base/jdk.internal.reflect.NativeConstructorAccessorImpl.newInstance(NativeConstructorAccessorImpl.java:77)&#xa;	at java.base/jdk.internal.reflect.DelegatingConstructorAccessorImpl.newInstance(DelegatingConstructorAccessorImpl.java:45)&#xa;	at org.openqa.selenium.remote.ErrorHandler.createThrowable(ErrorHandler.java:214)&#xa;	at org.openqa.selenium.remote.ErrorHandler.throwIfResponseFailed(ErrorHandler.java:166)&#xa;	at org.openqa.selenium.remote.http.JsonHttpResponseCodec.reconstructValue(JsonHttpResponseCodec.java:40)&#xa;	at org.openqa.selenium.remote.http.AbstractHttpResponseCodec.decode(AbstractHttpResponseCodec.java:80)&#xa;	at org.openqa.selenium.remote.http.AbstractHttpResponseCodec.decode(AbstractHttpResponseCodec.java:44)&#xa;	at org.openqa.selenium.remote.HttpCommandExecutor.execute(HttpCommandExecutor.java:158)&#xa;	at io.appium.java_client.remote.AppiumCommandExecutor.execute(AppiumCommandExecutor.java:239)&#xa;	at org.openqa.selenium.remote.RemoteWebDriver.execute(RemoteWebDriver.java:552)&#xa;	at io.appium.java_client.DefaultGenericMobileDriver.execute(DefaultGenericMobileDriver.java:42)&#xa;	at io.appium.java_client.AppiumDriver.execute(AppiumDriver.java:1)&#xa;	at io.appium.java_client.windows.WindowsDriver.execute(WindowsDriver.java:1)&#xa;	at org.openqa.selenium.remote.RemoteWebDriver.findElement(RemoteWebDriver.java:323)&#xa;	at io.appium.java_client.DefaultGenericMobileDriver.findElement(DefaultGenericMobileDriver.java:62)&#xa;	at io.appium.java_client.AppiumDriver.findElement(AppiumDriver.java:1)&#xa;	at io.appium.java_client.windows.WindowsDriver.findElement(WindowsDriver.java:1)&#xa;	at org.openqa.selenium.remote.RemoteWebDriver.findElementByXPath(RemoteWebDriver.java:428)&#xa;	at io.appium.java_client.DefaultGenericMobileDriver.findElementByXPath(DefaultGenericMobileDriver.java:152)&#xa;	at io.appium.java_client.AppiumDriver.findElementByXPath(AppiumDriver.java:1)&#xa;	at io.appium.java_client.windows.WindowsDriver.findElementByXPath(WindowsDriver.java:1)&#xa;	at com.kms.katalon.core.windows.keyword.helper.WindowsActionHelper$1.apply(WindowsActionHelper.java:136)&#xa;	at com.kms.katalon.core.windows.keyword.helper.WindowsActionHelper$1.apply(WindowsActionHelper.java:1)&#xa;	at org.openqa.selenium.support.ui.FluentWait.until(FluentWait.java:249)&#xa;	... 33 more&#xa;"/>
         <system-out><![CDATA[17-04-2024T14:42:41 - [TEST_CASE][FAILED] - Test Cases/Pozicky B/PozickaB_399076: Test Cases/Pozicky B/PozickaB_399076 FAILED.
Reason:
com.kms.katalon.core.exception.StepFailedException: Expected condition failed: waiting for com.kms.katalon.core.windows.keyword.helper.WindowsActionHelper$1@2e9ab0b3 (tried for 30 second(s) with 50 milliseconds interval) (Root cause: org.openqa.selenium.TimeoutException: Expected condition failed: waiting for com.kms.katalon.core.windows.keyword.helper.WindowsActionHelper$1@2e9ab0b3 (tried for 30 second(s) with 50 milliseconds interval)
	at org.openqa.selenium.support.ui.FluentWait.timeoutException(FluentWait.java:304)
	at org.openqa.selenium.support.ui.FluentWait.until(FluentWait.java:272)
	at com.kms.katalon.core.windows.keyword.helper.WindowsActionHelper.findElement(WindowsActionHelper.java:120)
	at com.kms.katalon.core.windows.keyword.helper.WindowsActionHelper.findElement(WindowsActionHelper.java:77)
	at com.kms.katalon.core.windows.keyword.helper.WindowsActionHelper.findElement(WindowsActionHelper.java:69)
	at com.kms.katalon.core.windows.keyword.helper.WindowsActionHelper.click(WindowsActionHelper.java:248)
	at com.kms.katalon.core.windows.keyword.helper.WindowsActionHelper$click$3.call(Unknown Source)
	at com.kms.katalon.core.windows.keyword.builtin.ClickKeyword$_click_closure1.doCall(ClickKeyword.groovy:43)
	at com.kms.katalon.core.windows.keyword.builtin.ClickKeyword$_click_closure1.doCall(ClickKeyword.groovy)
	at jdk.internal.reflect.GeneratedMethodAccessor24.invoke(Unknown Source)
	at java.base/jdk.internal.reflect.DelegatingMethodAccessorImpl.invoke(DelegatingMethodAccessorImpl.java:43)
	at com.kms.katalon.core.keyword.internal.KeywordMain.runKeyword(KeywordMain.groovy:90)
	at com.kms.katalon.core.keyword.internal.KeywordMain$runKeyword.call(Unknown Source)
	at com.kms.katalon.core.windows.keyword.builtin.ClickKeyword.click(ClickKeyword.groovy:37)
	at com.kms.katalon.core.windows.keyword.builtin.ClickKeyword$click.callCurrent(Unknown Source)
	at com.kms.katalon.core.windows.keyword.builtin.ClickKeyword.execute(ClickKeyword.groovy:33)
	at com.kms.katalon.core.keyword.internal.KeywordExecutor.executeKeywordForPlatform(KeywordExecutor.groovy:74)
	at com.kms.katalon.core.windows.keyword.WindowsBuiltinKeywords.click(WindowsBuiltinKeywords.java:72)
	at Email.kontrolaMailu(Email.java:30)
	at PozickaB_399076.run(PozickaB_399076:253)
	at com.kms.katalon.core.main.ScriptEngine.run(ScriptEngine.java:194)
	at com.kms.katalon.core.main.ScriptEngine.runScriptAsRawText(ScriptEngine.java:119)
	at com.kms.katalon.core.main.TestCaseExecutor.runScript(TestCaseExecutor.java:448)
	at com.kms.katalon.core.main.TestCaseExecutor.doExecute(TestCaseExecutor.java:439)
	at com.kms.katalon.core.main.TestCaseExecutor.processExecutionPhase(TestCaseExecutor.java:418)
	at com.kms.katalon.core.main.TestCaseExecutor.accessMainPhase(TestCaseExecutor.java:410)
	at com.kms.katalon.core.main.TestCaseExecutor.execute(TestCaseExecutor.java:285)
	at com.kms.katalon.core.common.CommonExecutor.accessTestCaseMainPhase(CommonExecutor.java:65)
	at com.kms.katalon.core.main.TestSuiteExecutor.accessTestSuiteMainPhase(TestSuiteExecutor.java:150)
	at com.kms.katalon.core.main.TestSuiteExecutor.execute(TestSuiteExecutor.java:106)
	at com.kms.katalon.core.main.TestCaseMain.startTestSuite(TestCaseMain.java:180)
	at TempTestSuite1713357402021.run(TempTestSuite1713357402021.groovy:35)
	at java.base/jdk.internal.reflect.NativeMethodAccessorImpl.invoke0(Native Method)
	at java.base/jdk.internal.reflect.NativeMethodAccessorImpl.invoke(NativeMethodAccessorImpl.java:77)
	at java.base/jdk.internal.reflect.DelegatingMethodAccessorImpl.invoke(DelegatingMethodAccessorImpl.java:43)
Caused by: org.openqa.selenium.NoSuchElementException: An element could not be located on the page using the given search parameters. (WARNING: The server did not provide any stacktrace information)
Command duration or timeout: 0 milliseconds
For documentation on this error, please visit: https://www.seleniumhq.org/exceptions/no_such_element.html
Build info: version: '3.141.59', revision: 'e82be7d358', time: '2018-11-14T08:25:53'
System info: host: 'NB-BARCIK', ip: '192.168.0.163', os.name: 'Windows 11', os.arch: 'amd64', os.version: '10.0', java.version: '17.0.7'
Driver info: io.appium.java_client.windows.WindowsDriver
Capabilities {app: C:\Program Files\Microsoft ..., javascriptEnabled: true, platform: WINDOWS, platformName: WINDOWS}
Session ID: 690A2BAB-C0CA-4BB0-8A0B-2BB4E38E5956
*** Element info: {Using=xpath, value=//Window/Pane[1]/ToolBar[1]/Pane[1]/Pane[1]/Pane[1]/Pane[1]/Tab[1]/TabItem[1]}
	at java.base/jdk.internal.reflect.NativeConstructorAccessorImpl.newInstance0(Native Method)
	at java.base/jdk.internal.reflect.NativeConstructorAccessorImpl.newInstance(NativeConstructorAccessorImpl.java:77)
	at java.base/jdk.internal.reflect.DelegatingConstructorAccessorImpl.newInstance(DelegatingConstructorAccessorImpl.java:45)
	at org.openqa.selenium.remote.ErrorHandler.createThrowable(ErrorHandler.java:214)
	at org.openqa.selenium.remote.ErrorHandler.throwIfResponseFailed(ErrorHandler.java:166)
	at org.openqa.selenium.remote.http.JsonHttpResponseCodec.reconstructValue(JsonHttpResponseCodec.java:40)
	at org.openqa.selenium.remote.http.AbstractHttpResponseCodec.decode(AbstractHttpResponseCodec.java:80)
	at org.openqa.selenium.remote.http.AbstractHttpResponseCodec.decode(AbstractHttpResponseCodec.java:44)
	at org.openqa.selenium.remote.HttpCommandExecutor.execute(HttpCommandExecutor.java:158)
	at io.appium.java_client.remote.AppiumCommandExecutor.execute(AppiumCommandExecutor.java:239)
	at org.openqa.selenium.remote.RemoteWebDriver.execute(RemoteWebDriver.java:552)
	at io.appium.java_client.DefaultGenericMobileDriver.execute(DefaultGenericMobileDriver.java:42)
	at io.appium.java_client.AppiumDriver.execute(AppiumDriver.java:1)
	at io.appium.java_client.windows.WindowsDriver.execute(WindowsDriver.java:1)
	at org.openqa.selenium.remote.RemoteWebDriver.findElement(RemoteWebDriver.java:323)
	at io.appium.java_client.DefaultGenericMobileDriver.findElement(DefaultGenericMobileDriver.java:62)
	at io.appium.java_client.AppiumDriver.findElement(AppiumDriver.java:1)
	at io.appium.java_client.windows.WindowsDriver.findElement(WindowsDriver.java:1)
	at org.openqa.selenium.remote.RemoteWebDriver.findElementByXPath(RemoteWebDriver.java:428)
	at io.appium.java_client.DefaultGenericMobileDriver.findElementByXPath(DefaultGenericMobileDriver.java:152)
	at io.appium.java_client.AppiumDriver.findElementByXPath(AppiumDriver.java:1)
	at io.appium.java_client.windows.WindowsDriver.findElementByXPath(WindowsDriver.java:1)
	at com.kms.katalon.core.windows.keyword.helper.WindowsActionHelper$1.apply(WindowsActionHelper.java:136)
	at com.kms.katalon.core.windows.keyword.helper.WindowsActionHelper$1.apply(WindowsActionHelper.java:1)
	at org.openqa.selenium.support.ui.FluentWait.until(FluentWait.java:249)
	at com.kms.katalon.core.windows.keyword.helper.WindowsActionHelper.findElement(WindowsActionHelper.java:120)
	at com.kms.katalon.core.windows.keyword.helper.WindowsActionHelper.findElement(WindowsActionHelper.java:77)
	at com.kms.katalon.core.windows.keyword.helper.WindowsActionHelper.findElement(WindowsActionHelper.java:69)
	at com.kms.katalon.core.windows.keyword.helper.WindowsActionHelper.click(WindowsActionHelper.java:248)
	at com.kms.katalon.core.windows.keyword.helper.WindowsActionHelper$click$3.call(Unknown Source)
	at com.kms.katalon.core.windows.keyword.builtin.ClickKeyword$_click_closure1.doCall(ClickKeyword.groovy:43)
	at com.kms.katalon.core.windows.keyword.builtin.ClickKeyword$_click_closure1.doCall(ClickKeyword.groovy)
	at jdk.internal.reflect.GeneratedMethodAccessor24.invoke(Unknown Source)
	at java.base/jdk.internal.reflect.DelegatingMethodAccessorImpl.invoke(DelegatingMethodAccessorImpl.java:43)
	at com.kms.katalon.core.keyword.internal.KeywordMain.runKeyword(KeywordMain.groovy:90)
	at com.kms.katalon.core.keyword.internal.KeywordMain$runKeyword.call(Unknown Source)
	at com.kms.katalon.core.windows.keyword.builtin.ClickKeyword.click(ClickKeyword.groovy:37)
	at com.kms.katalon.core.windows.keyword.builtin.ClickKeyword$click.callCurrent(Unknown Source)
	at com.kms.katalon.core.windows.keyword.builtin.ClickKeyword.execute(ClickKeyword.groovy:33)
	at com.kms.katalon.core.keyword.internal.KeywordExecutor.executeKeywordForPlatform(KeywordExecutor.groovy:74)
	at com.kms.katalon.core.windows.keyword.WindowsBuiltinKeywords.click(WindowsBuiltinKeywords.java:72)
	at Email.kontrolaMailu(Email.java:30)
	at Script1713162750537.run(Script1713162750537.groovy:253)
	... 15 more
)
	at com.kms.katalon.core.keyword.internal.KeywordMain.stepFailed(KeywordMain.groovy:51)
	at com.kms.katalon.core.keyword.internal.KeywordMain.stepFailed(KeywordMain.groovy)
	at com.kms.katalon.core.keyword.internal.KeywordMain.runKeyword(KeywordMain.groovy:92)
	at com.kms.katalon.core.keyword.internal.KeywordMain$runKeyword.call(Unknown Source)
	at com.kms.katalon.core.windows.keyword.builtin.ClickKeyword.click(ClickKeyword.groovy:37)
	at com.kms.katalon.core.windows.keyword.builtin.ClickKeyword$click.callCurrent(Unknown Source)
	at com.kms.katalon.core.windows.keyword.builtin.ClickKeyword.execute(ClickKeyword.groovy:33)
	at com.kms.katalon.core.keyword.internal.KeywordExecutor.executeKeywordForPlatform(KeywordExecutor.groovy:74)
	at com.kms.katalon.core.windows.keyword.WindowsBuiltinKeywords.click(WindowsBuiltinKeywords.java:72)
	at Email.kontrolaMailu(Email.java:30)
	at PozickaB_399076.run(PozickaB_399076:253)
	at com.kms.katalon.core.main.ScriptEngine.run(ScriptEngine.java:194)
	at com.kms.katalon.core.main.ScriptEngine.runScriptAsRawText(ScriptEngine.java:119)
	at com.kms.katalon.core.main.TestCaseExecutor.runScript(TestCaseExecutor.java:448)
	at com.kms.katalon.core.main.TestCaseExecutor.doExecute(TestCaseExecutor.java:439)
	at com.kms.katalon.core.main.TestCaseExecutor.processExecutionPhase(TestCaseExecutor.java:418)
	at com.kms.katalon.core.main.TestCaseExecutor.accessMainPhase(TestCaseExecutor.java:410)
	at com.kms.katalon.core.main.TestCaseExecutor.execute(TestCaseExecutor.java:285)
	at com.kms.katalon.core.common.CommonExecutor.accessTestCaseMainPhase(CommonExecutor.java:65)
	at com.kms.katalon.core.main.TestSuiteExecutor.accessTestSuiteMainPhase(TestSuiteExecutor.java:150)
	at com.kms.katalon.core.main.TestSuiteExecutor.execute(TestSuiteExecutor.java:106)
	at com.kms.katalon.core.main.TestCaseMain.startTestSuite(TestCaseMain.java:180)
	at TempTestSuite1713357402021.run(TempTestSuite1713357402021.groovy:35)
	at java.base/jdk.internal.reflect.NativeMethodAccessorImpl.invoke0(Native Method)
	at java.base/jdk.internal.reflect.NativeMethodAccessorImpl.invoke(NativeMethodAccessorImpl.java:77)
	at java.base/jdk.internal.reflect.DelegatingMethodAccessorImpl.invoke(DelegatingMethodAccessorImpl.java:43)
Caused by: org.openqa.selenium.TimeoutException: Expected condition failed: waiting for com.kms.katalon.core.windows.keyword.helper.WindowsActionHelper$1@2e9ab0b3 (tried for 30 second(s) with 50 milliseconds interval)
	at org.openqa.selenium.support.ui.FluentWait.timeoutException(FluentWait.java:304)
	at org.openqa.selenium.support.ui.FluentWait.until(FluentWait.java:272)
	at com.kms.katalon.core.windows.keyword.helper.WindowsActionHelper.findElement(WindowsActionHelper.java:120)
	at com.kms.katalon.core.windows.keyword.helper.WindowsActionHelper.findElement(WindowsActionHelper.java:77)
	at com.kms.katalon.core.windows.keyword.helper.WindowsActionHelper.findElement(WindowsActionHelper.java:69)
	at com.kms.katalon.core.windows.keyword.helper.WindowsActionHelper.click(WindowsActionHelper.java:248)
	at com.kms.katalon.core.windows.keyword.helper.WindowsActionHelper$click$3.call(Unknown Source)
	at com.kms.katalon.core.windows.keyword.builtin.ClickKeyword$_click_closure1.doCall(ClickKeyword.groovy:43)
	at com.kms.katalon.core.windows.keyword.builtin.ClickKeyword$_click_closure1.doCall(ClickKeyword.groovy)
	at jdk.internal.reflect.GeneratedMethodAccessor24.invoke(Unknown Source)
	at java.base/jdk.internal.reflect.DelegatingMethodAccessorImpl.invoke(DelegatingMethodAccessorImpl.java:43)
	at com.kms.katalon.core.keyword.internal.KeywordMain.runKeyword(KeywordMain.groovy:90)
	... 23 more
Caused by: org.openqa.selenium.NoSuchElementException: An element could not be located on the page using the given search parameters. (WARNING: The server did not provide any stacktrace information)
Command duration or timeout: 0 milliseconds
For documentation on this error, please visit: https://www.seleniumhq.org/exceptions/no_such_element.html
Build info: version: '3.141.59', revision: 'e82be7d358', time: '2018-11-14T08:25:53'
System info: host: 'NB-BARCIK', ip: '192.168.0.163', os.name: 'Windows 11', os.arch: 'amd64', os.version: '10.0', java.version: '17.0.7'
Driver info: io.appium.java_client.windows.WindowsDriver
Capabilities {app: C:\Program Files\Microsoft ..., javascriptEnabled: true, platform: WINDOWS, platformName: WINDOWS}
Session ID: 690A2BAB-C0CA-4BB0-8A0B-2BB4E38E5956
*** Element info: {Using=xpath, value=//Window/Pane[1]/ToolBar[1]/Pane[1]/Pane[1]/Pane[1]/Pane[1]/Tab[1]/TabItem[1]}
	at java.base/jdk.internal.reflect.NativeConstructorAccessorImpl.newInstance0(Native Method)
	at java.base/jdk.internal.reflect.NativeConstructorAccessorImpl.newInstance(NativeConstructorAccessorImpl.java:77)
	at java.base/jdk.internal.reflect.DelegatingConstructorAccessorImpl.newInstance(DelegatingConstructorAccessorImpl.java:45)
	at org.openqa.selenium.remote.ErrorHandler.createThrowable(ErrorHandler.java:214)
	at org.openqa.selenium.remote.ErrorHandler.throwIfResponseFailed(ErrorHandler.java:166)
	at org.openqa.selenium.remote.http.JsonHttpResponseCodec.reconstructValue(JsonHttpResponseCodec.java:40)
	at org.openqa.selenium.remote.http.AbstractHttpResponseCodec.decode(AbstractHttpResponseCodec.java:80)
	at org.openqa.selenium.remote.http.AbstractHttpResponseCodec.decode(AbstractHttpResponseCodec.java:44)
	at org.openqa.selenium.remote.HttpCommandExecutor.execute(HttpCommandExecutor.java:158)
	at io.appium.java_client.remote.AppiumCommandExecutor.execute(AppiumCommandExecutor.java:239)
	at org.openqa.selenium.remote.RemoteWebDriver.execute(RemoteWebDriver.java:552)
	at io.appium.java_client.DefaultGenericMobileDriver.execute(DefaultGenericMobileDriver.java:42)
	at io.appium.java_client.AppiumDriver.execute(AppiumDriver.java:1)
	at io.appium.java_client.windows.WindowsDriver.execute(WindowsDriver.java:1)
	at org.openqa.selenium.remote.RemoteWebDriver.findElement(RemoteWebDriver.java:323)
	at io.appium.java_client.DefaultGenericMobileDriver.findElement(DefaultGenericMobileDriver.java:62)
	at io.appium.java_client.AppiumDriver.findElement(AppiumDriver.java:1)
	at io.appium.java_client.windows.WindowsDriver.findElement(WindowsDriver.java:1)
	at org.openqa.selenium.remote.RemoteWebDriver.findElementByXPath(RemoteWebDriver.java:428)
	at io.appium.java_client.DefaultGenericMobileDriver.findElementByXPath(DefaultGenericMobileDriver.java:152)
	at io.appium.java_client.AppiumDriver.findElementByXPath(AppiumDriver.java:1)
	at io.appium.java_client.windows.WindowsDriver.findElementByXPath(WindowsDriver.java:1)
	at com.kms.katalon.core.windows.keyword.helper.WindowsActionHelper$1.apply(WindowsActionHelper.java:136)
	at com.kms.katalon.core.windows.keyword.helper.WindowsActionHelper$1.apply(WindowsActionHelper.java:1)
	at org.openqa.selenium.support.ui.FluentWait.until(FluentWait.java:249)
	... 33 more


17-04-2024T14:42:41 - [TEST_STEP][PASSED] - podpisovac = new Podpisovac(): null

17-04-2024T14:42:41 - [TEST_STEP][PASSED] - mail = new Email(): null

17-04-2024T14:42:41 - [TEST_STEP][PASSED] - openBrowser(""): Browser is opened with url: ''

17-04-2024T14:42:41 - [MESSAGE][WARNING] - A browser is already opened. Closing browser and opening a new one

17-04-2024T14:42:42 - [MESSAGE][INFO] - Starting 'Chrome' driver

17-04-2024T14:42:42 - [MESSAGE][INFO] - User set preference: ['prefs', '{protocol_handler={allowed_origin_protocol_pairs={https://es-test.minedu.sk={ditec-dlauncher=true}}}}']

17-04-2024T14:42:42 - [MESSAGE][INFO] - Action delay is set to 0 milliseconds

17-04-2024T14:42:44 - [MESSAGE][PASSED] - Browser is opened with url: ''

17-04-2024T14:42:44 - [TEST_STEP][PASSED] - navigateToUrl("https://es-test.minedu.sk/"): Navigate to 'https://es-test.minedu.sk/' successfully

17-04-2024T14:42:48 - [MESSAGE][PASSED] - Navigate to 'https://es-test.minedu.sk/' successfully

17-04-2024T14:42:48 - [TEST_STEP][PASSED] - click(findTestObject("Object Repository/Page_Portl elektronickch sluieb regionlneho_9bdbd3/a_Shlasm")): Object: 'Object Repository/Page_Portl elektronickch sluieb regionlneho_9bdbd3/a_Shlasm' is clicked on

17-04-2024T14:42:49 - [MESSAGE][PASSED] - Object: 'Object Repository/Page_Portl elektronickch sluieb regionlneho_9bdbd3/a_Shlasm' is clicked on

17-04-2024T14:42:49 - [TEST_STEP][PASSED] - maximizeWindow(): Current window maximized

17-04-2024T14:42:49 - [MESSAGE][PASSED] - Current window maximized

17-04-2024T14:42:49 - [TEST_STEP][PASSED] - click(findTestObject("Page_Portl elektronickch sluieb regionlneho_9bdbd3/a_Prihlsi sa")): Object: 'Object Repository/Page_Portl elektronickch sluieb regionlneho_9bdbd3/a_Prihlsi sa' is clicked on

17-04-2024T14:42:55 - [MESSAGE][PASSED] - Object: 'Object Repository/Page_Portl elektronickch sluieb regionlneho_9bdbd3/a_Prihlsi sa' is clicked on

17-04-2024T14:42:55 - [TEST_STEP][PASSED] - click(findTestObject("Page_Spsoby prihlsenia sa na portl - Iam.Web/div_Identifiktor a heslo fyzickej osoby    _3153de")): Object: 'Object Repository/Page_Spsoby prihlsenia sa na portl - Iam.Web/div_Identifiktor a heslo fyzickej osoby    _3153de' is clicked on

17-04-2024T14:42:56 - [MESSAGE][PASSED] - Object: 'Object Repository/Page_Spsoby prihlsenia sa na portl - Iam.Web/div_Identifiktor a heslo fyzickej osoby    _3153de' is clicked on

17-04-2024T14:42:56 - [TEST_STEP][PASSED] - setText(findTestObject("Page_Identifiktor a heslo fyzickej osoby - Iam.Web/input_Zadajte svoj identifiktor_DomainName"), "930382290"): Text '930382290' is set on object 'Object Repository/Page_Identifiktor a heslo fyzickej osoby - Iam.Web/input_Zadajte svoj identifiktor_DomainName'

17-04-2024T14:42:57 - [MESSAGE][PASSED] - Text '930382290' is set on object 'Object Repository/Page_Identifiktor a heslo fyzickej osoby - Iam.Web/input_Zadajte svoj identifiktor_DomainName'

17-04-2024T14:42:57 - [TEST_STEP][PASSED] - setEncryptedText(findTestObject("Page_Identifiktor a heslo fyzickej osoby - Iam.Web/input_Zadajte svoje prihlasovacie heslo_Password"), "U8nf8IyamTpUg019is4peg=="): Text ****** has been set on object 'Object Repository/Page_Identifiktor a heslo fyzickej osoby - Iam.Web/input_Zadajte svoje prihlasovacie heslo_Password'

17-04-2024T14:42:57 - [MESSAGE][PASSED] - Text ****** has been set on object 'Object Repository/Page_Identifiktor a heslo fyzickej osoby - Iam.Web/input_Zadajte svoje prihlasovacie heslo_Password'

17-04-2024T14:42:57 - [TEST_STEP][PASSED] - click(findTestObject("Page_Identifiktor a heslo fyzickej osoby - Iam.Web/input_Zabudnut heslo_btn-continue")): Object: 'Object Repository/Page_Identifiktor a heslo fyzickej osoby - Iam.Web/input_Zabudnut heslo_btn-continue' is clicked on

17-04-2024T14:43:01 - [MESSAGE][PASSED] - Object: 'Object Repository/Page_Identifiktor a heslo fyzickej osoby - Iam.Web/input_Zabudnut heslo_btn-continue' is clicked on

17-04-2024T14:43:01 - [TEST_STEP][PASSED] - click(findTestObject("Object Repository/Page_Portl elektronickch sluieb regionlneho_9bdbd3/a_tudent")): Object: 'Object Repository/Page_Portl elektronickch sluieb regionlneho_9bdbd3/a_tudent' is clicked on

17-04-2024T14:43:04 - [MESSAGE][PASSED] - Object: 'Object Repository/Page_Portl elektronickch sluieb regionlneho_9bdbd3/a_tudent' is clicked on

17-04-2024T14:43:04 - [TEST_STEP][PASSED] - click(findTestObject("Page_Elektronick sluby pre tudentov  Elektr_37b4bf/a_Podvanie iadosti o piku pre tudentov z Fo_135f09")): Object: 'Object Repository/Page_Elektronick sluby pre tudentov  Elektr_37b4bf/a_Podvanie iadosti o piku pre tudentov z Fo_135f09' is clicked on

17-04-2024T14:43:07 - [MESSAGE][PASSED] - Object: 'Object Repository/Page_Elektronick sluby pre tudentov  Elektr_37b4bf/a_Podvanie iadosti o piku pre tudentov z Fo_135f09' is clicked on

17-04-2024T14:43:07 - [TEST_STEP][PASSED] - click(findTestObject("Page_Podvanie iadosti o piku pre tudentov z_37fe9e/a_Prejs na iados o piku (bez zabezpeenia ruiteom)")): Object: 'Object Repository/Page_Podvanie iadosti o piku pre tudentov z_37fe9e/a_Prejs na iados o piku (bez zabezpeenia ruiteom)' is clicked on

17-04-2024T14:43:31 - [MESSAGE][PASSED] - Object: 'Object Repository/Page_Podvanie iadosti o piku pre tudentov z_37fe9e/a_Prejs na iados o piku (bez zabezpeenia ruiteom)' is clicked on

17-04-2024T14:43:31 - [TEST_STEP][PASSED] - waitForElementVisible(findTestObject("Page_Formulr iadosti o piku (bez zabezpeeni_2a8278/span_ESRVS-2024-2168"), 0): Object 'Object Repository/Page_Formulr iadosti o piku (bez zabezpeeni_2a8278/span_ESRVS-2024-2168' is visible

17-04-2024T14:43:31 - [MESSAGE][WARNING] - Timeout '0' is invalid. Using default page load timeout: '30'

17-04-2024T14:44:19 - [MESSAGE][PASSED] - Object 'Object Repository/Page_Formulr iadosti o piku (bez zabezpeeni_2a8278/span_ESRVS-2024-2168' is visible

17-04-2024T14:44:19 - [TEST_STEP][PASSED] - identifikator = getText(findTestObject("Page_Formulr iadosti o piku (bez zabezpeeni_2a8278/span_ESRVS-2024-2168")): Text of object 'Object Repository/Page_Formulr iadosti o piku (bez zabezpeeni_2a8278/span_ESRVS-2024-2168' is: 'ESRVS-2024-2237'

17-04-2024T14:44:20 - [MESSAGE][PASSED] - Text of object 'Object Repository/Page_Formulr iadosti o piku (bez zabezpeeni_2a8278/span_ESRVS-2024-2168' is: 'ESRVS-2024-2237'

17-04-2024T14:44:20 - [TEST_STEP][PASSED] - verifyElementText(findTestObject("Page_Formulr iadosti o piku (bez zabezpeeni_2a8278/span_ESRVS-2024-2168"), identifikator): Actual text and expected text of test object 'Object Repository/Page_Formulr iadosti o piku (bez zabezpeeni_2a8278/span_ESRVS-2024-2168' are matched.

17-04-2024T14:44:20 - [MESSAGE][PASSED] - Actual text and expected text of test object 'Object Repository/Page_Formulr iadosti o piku (bez zabezpeeni_2a8278/span_ESRVS-2024-2168' are matched.

17-04-2024T14:44:20 - [TEST_STEP][PASSED] - setText(findTestObject("Object Repository/Page_Formulr iadosti o piku (bez zabezpeeni_2a8278/input_Zadajte najvy zskan titul (v prpade v_aad6cd"), "Ing."): Text 'Ing.' is set on object 'Object Repository/Page_Formulr iadosti o piku (bez zabezpeeni_2a8278/input_Zadajte najvy zskan titul (v prpade v_aad6cd'

17-04-2024T14:44:21 - [MESSAGE][PASSED] - Text 'Ing.' is set on object 'Object Repository/Page_Formulr iadosti o piku (bez zabezpeeni_2a8278/input_Zadajte najvy zskan titul (v prpade v_aad6cd'

17-04-2024T14:44:21 - [TEST_STEP][PASSED] - click(findTestObject("Page_Formulr iadosti o piku (bez zabezpeeni_2a8278/input_ttna prslunos_UI_V_ZP_in_Identifikacn_033c20")): Object: 'Object Repository/Page_Formulr iadosti o piku (bez zabezpeeni_2a8278/input_ttna prslunos_UI_V_ZP_in_Identifikacn_033c20' is clicked on

17-04-2024T14:44:21 - [MESSAGE][PASSED] - Object: 'Object Repository/Page_Formulr iadosti o piku (bez zabezpeeni_2a8278/input_ttna prslunos_UI_V_ZP_in_Identifikacn_033c20' is clicked on

17-04-2024T14:44:21 - [TEST_STEP][PASSED] - verifyElementText(findTestObject("Page_Formulr iadosti o piku (bez zabezpeeni_2a8278/span_Robert"), "Robert"): Actual text and expected text of test object 'Object Repository/Page_Formulr iadosti o piku (bez zabezpeeni_2a8278/span_Robert' are matched.

17-04-2024T14:44:21 - [MESSAGE][PASSED] - Actual text and expected text of test object 'Object Repository/Page_Formulr iadosti o piku (bez zabezpeeni_2a8278/span_Robert' are matched.

17-04-2024T14:44:21 - [TEST_STEP][PASSED] - verifyElementText(findTestObject("Page_Formulr iadosti o piku (bez zabezpeeni_2a8278/span_Chamraz"), "Chamraz"): Actual text and expected text of test object 'Object Repository/Page_Formulr iadosti o piku (bez zabezpeeni_2a8278/span_Chamraz' are matched.

17-04-2024T14:44:22 - [MESSAGE][PASSED] - Actual text and expected text of test object 'Object Repository/Page_Formulr iadosti o piku (bez zabezpeeni_2a8278/span_Chamraz' are matched.

17-04-2024T14:44:22 - [TEST_STEP][PASSED] - verifyElementText(findTestObject("Page_Formulr iadosti o piku (bez zabezpeeni_2a8278/span_0101031238"), "0101031238"): Actual text and expected text of test object 'Object Repository/Page_Formulr iadosti o piku (bez zabezpeeni_2a8278/span_0101031238' are matched.

17-04-2024T14:44:22 - [MESSAGE][PASSED] - Actual text and expected text of test object 'Object Repository/Page_Formulr iadosti o piku (bez zabezpeeni_2a8278/span_0101031238' are matched.

17-04-2024T14:44:22 - [TEST_STEP][PASSED] - verifyElementText(findTestObject("Page_Formulr iadosti o piku (bez zabezpeeni_2a8278/span_03.01.2001"), "03.01.2001"): Actual text and expected text of test object 'Object Repository/Page_Formulr iadosti o piku (bez zabezpeeni_2a8278/span_03.01.2001' are matched.

17-04-2024T14:44:22 - [MESSAGE][PASSED] - Actual text and expected text of test object 'Object Repository/Page_Formulr iadosti o piku (bez zabezpeeni_2a8278/span_03.01.2001' are matched.

17-04-2024T14:44:22 - [TEST_STEP][PASSED] - setText(findTestObject("Object Repository/Page_Formulr iadosti o piku (bez zabezpeeni_2a8278/input_Zadajte PS trvalho pobytu_UI_V_ZP_in__f1f09d"), "04568"): Text '04568' is set on object 'Object Repository/Page_Formulr iadosti o piku (bez zabezpeeni_2a8278/input_Zadajte PS trvalho pobytu_UI_V_ZP_in__f1f09d'

17-04-2024T14:44:23 - [MESSAGE][PASSED] - Text '04568' is set on object 'Object Repository/Page_Formulr iadosti o piku (bez zabezpeeni_2a8278/input_Zadajte PS trvalho pobytu_UI_V_ZP_in__f1f09d'

17-04-2024T14:44:23 - [TEST_STEP][PASSED] - setText(findTestObject("Object Repository/Page_Formulr iadosti o piku (bez zabezpeeni_2a8278/input_Zadajte kontaktn e-mailov adresu_UI_V_aee6cc"), "barcik@ditec.sk"): Text 'barcik@ditec.sk' is set on object 'Object Repository/Page_Formulr iadosti o piku (bez zabezpeeni_2a8278/input_Zadajte kontaktn e-mailov adresu_UI_V_aee6cc'

17-04-2024T14:44:24 - [MESSAGE][PASSED] - Text 'barcik@ditec.sk' is set on object 'Object Repository/Page_Formulr iadosti o piku (bez zabezpeeni_2a8278/input_Zadajte kontaktn e-mailov adresu_UI_V_aee6cc'

17-04-2024T14:44:24 - [TEST_STEP][PASSED] - setText(findTestObject("Object Repository/Page_Formulr iadosti o piku (bez zabezpeeni_2a8278/input_Zadajte telefnne slo vrtane medzinrod_dbbd6c"), "+421987456321"): Text '+421987456321' is set on object 'Object Repository/Page_Formulr iadosti o piku (bez zabezpeeni_2a8278/input_Zadajte telefnne slo vrtane medzinrod_dbbd6c'

17-04-2024T14:44:24 - [MESSAGE][PASSED] - Text '+421987456321' is set on object 'Object Repository/Page_Formulr iadosti o piku (bez zabezpeeni_2a8278/input_Zadajte telefnne slo vrtane medzinrod_dbbd6c'

17-04-2024T14:44:24 - [TEST_STEP][PASSED] - click(findTestObject("Page_Formulr iadosti o piku (bez zabezpeeni_2a8278/input_Zhoduje sa Vaa korepondenn adresa s a_6ce0fa")): Object: 'Object Repository/Page_Formulr iadosti o piku (bez zabezpeeni_2a8278/input_Zhoduje sa Vaa korepondenn adresa s a_6ce0fa' is clicked on

17-04-2024T14:44:25 - [MESSAGE][PASSED] - Object: 'Object Repository/Page_Formulr iadosti o piku (bez zabezpeeni_2a8278/input_Zhoduje sa Vaa korepondenn adresa s a_6ce0fa' is clicked on

17-04-2024T14:44:25 - [TEST_STEP][PASSED] - click(findTestObject("Object Repository/Page_Formulr iadosti o piku (bez zabezpeeni_2a8278/button_Pokraova")): Object: 'Object Repository/Page_Formulr iadosti o piku (bez zabezpeeni_2a8278/button_Pokraova' is clicked on

17-04-2024T14:44:25 - [MESSAGE][PASSED] - Object: 'Object Repository/Page_Formulr iadosti o piku (bez zabezpeeni_2a8278/button_Pokraova' is clicked on

17-04-2024T14:44:25 - [TEST_STEP][PASSED] - selectOptionByValue(findTestObject("Object Repository/Page_Formulr iadosti o piku (bez zabezpeeni_2a8278/select_Hlavn                               _477f09"), "1", true): All options with value '1' are selected in object 'Object Repository/Page_Formulr iadosti o piku (bez zabezpeeni_2a8278/select_Hlavn                               _477f09'  using regular expression

17-04-2024T14:44:26 - [MESSAGE][PASSED] - All options with value '1' are selected in object 'Object Repository/Page_Formulr iadosti o piku (bez zabezpeeni_2a8278/select_Hlavn                               _477f09'  using regular expression

17-04-2024T14:44:26 - [TEST_STEP][PASSED] - selectOptionByValue(findTestObject("Page_Formulr iadosti o piku (bez zabezpeeni_2a8278/select_Hlavn2"), "2", false): All options with value '2' are selected in object 'Object Repository/Page_Formulr iadosti o piku (bez zabezpeeni_2a8278/select_Hlavn2' 

17-04-2024T14:44:27 - [MESSAGE][PASSED] - All options with value '2' are selected in object 'Object Repository/Page_Formulr iadosti o piku (bez zabezpeeni_2a8278/select_Hlavn2' 

17-04-2024T14:44:27 - [TEST_STEP][PASSED] - click(findTestObject("Object Repository/Page_Formulr iadosti o piku (bez zabezpeeni_2a8278/button_Uloi")): Object: 'Object Repository/Page_Formulr iadosti o piku (bez zabezpeeni_2a8278/button_Uloi' is clicked on

17-04-2024T14:44:27 - [MESSAGE][PASSED] - Object: 'Object Repository/Page_Formulr iadosti o piku (bez zabezpeeni_2a8278/button_Uloi' is clicked on

17-04-2024T14:44:27 - [TEST_STEP][PASSED] - verifyElementPresent(findTestObject("Object Repository/Page_Formulr iadosti o piku (bez zabezpeeni_2a8278/select_Vber Akadmia ozbrojench sl generla M_e1eb3a"), 0): Object 'Object Repository/Page_Formulr iadosti o piku (bez zabezpeeni_2a8278/select_Vber Akadmia ozbrojench sl generla M_e1eb3a' is present

17-04-2024T14:44:27 - [MESSAGE][WARNING] - Timeout '0' is invalid. Using default page load timeout: '30'

17-04-2024T14:44:28 - [MESSAGE][PASSED] - Object 'Object Repository/Page_Formulr iadosti o piku (bez zabezpeeni_2a8278/select_Vber Akadmia ozbrojench sl generla M_e1eb3a' is present

17-04-2024T14:44:28 - [TEST_STEP][PASSED] - selectOptionByValue(findTestObject("Object Repository/Page_Formulr iadosti o piku (bez zabezpeeni_2a8278/select_Vber Fakulta priemyselnch technolgi _aa995f"), "400000105", true): All options with value '400000105' are selected in object 'Object Repository/Page_Formulr iadosti o piku (bez zabezpeeni_2a8278/select_Vber Fakulta priemyselnch technolgi _aa995f'  using regular expression

17-04-2024T14:44:29 - [MESSAGE][PASSED] - All options with value '400000105' are selected in object 'Object Repository/Page_Formulr iadosti o piku (bez zabezpeeni_2a8278/select_Vber Fakulta priemyselnch technolgi _aa995f'  using regular expression

17-04-2024T14:44:29 - [TEST_STEP][PASSED] - verifyElementPresent(findTestObject("Object Repository/Page_Formulr iadosti o piku (bez zabezpeeni_2a8278/input_Zadajte adresu koly_UI_V_ZP_in_SkolaS_4fb274"), 0): Object 'Object Repository/Page_Formulr iadosti o piku (bez zabezpeeni_2a8278/input_Zadajte adresu koly_UI_V_ZP_in_SkolaS_4fb274' is present

17-04-2024T14:44:29 - [MESSAGE][WARNING] - Timeout '0' is invalid. Using default page load timeout: '30'

17-04-2024T14:44:29 - [MESSAGE][PASSED] - Object 'Object Repository/Page_Formulr iadosti o piku (bez zabezpeeni_2a8278/input_Zadajte adresu koly_UI_V_ZP_in_SkolaS_4fb274' is present

17-04-2024T14:44:29 - [TEST_STEP][PASSED] - verifyElementPresent(findTestObject("Object Repository/Page_Formulr iadosti o piku (bez zabezpeeni_2a8278/input_I. stupe_UI_V_ZP_in_SkolaSlovenska_St_7dbc3c"), 0): Object 'Object Repository/Page_Formulr iadosti o piku (bez zabezpeeni_2a8278/input_I. stupe_UI_V_ZP_in_SkolaSlovenska_St_7dbc3c' is present

17-04-2024T14:44:29 - [MESSAGE][WARNING] - Timeout '0' is invalid. Using default page load timeout: '30'

17-04-2024T14:44:29 - [MESSAGE][PASSED] - Object 'Object Repository/Page_Formulr iadosti o piku (bez zabezpeeni_2a8278/input_I. stupe_UI_V_ZP_in_SkolaSlovenska_St_7dbc3c' is present

17-04-2024T14:44:29 - [TEST_STEP][PASSED] - verifyElementPresent(findTestObject("Object Repository/Page_Formulr iadosti o piku (bez zabezpeeni_2a8278/select_1                                   _3dfe8f"), 0): Object 'Object Repository/Page_Formulr iadosti o piku (bez zabezpeeni_2a8278/select_1                                   _3dfe8f' is present

17-04-2024T14:44:29 - [MESSAGE][WARNING] - Timeout '0' is invalid. Using default page load timeout: '30'

17-04-2024T14:44:30 - [MESSAGE][PASSED] - Object 'Object Repository/Page_Formulr iadosti o piku (bez zabezpeeni_2a8278/select_1                                   _3dfe8f' is present

17-04-2024T14:44:30 - [TEST_STEP][PASSED] - click(findTestObject("Object Repository/Page_Formulr iadosti o piku (bez zabezpeeni_2a8278/input_Zobrazi detail_UI_V_ZP_in_SkolaSloven_03cebd")): Object: 'Object Repository/Page_Formulr iadosti o piku (bez zabezpeeni_2a8278/input_Zobrazi detail_UI_V_ZP_in_SkolaSloven_03cebd' is clicked on

17-04-2024T14:44:30 - [MESSAGE][PASSED] - Object: 'Object Repository/Page_Formulr iadosti o piku (bez zabezpeeni_2a8278/input_Zobrazi detail_UI_V_ZP_in_SkolaSloven_03cebd' is clicked on

17-04-2024T14:44:30 - [TEST_STEP][PASSED] - verifyElementChecked(findTestObject("Object Repository/Page_Formulr iadosti o piku (bez zabezpeeni_2a8278/input_tudujete sbene aj na inej fakulte  vy_e867b7"), 0): Object 'Object Repository/Page_Formulr iadosti o piku (bez zabezpeeni_2a8278/input_tudujete sbene aj na inej fakulte  vy_e867b7' is checked

17-04-2024T14:44:30 - [MESSAGE][WARNING] - Timeout '0' is invalid. Using default page load timeout: '30'

17-04-2024T14:44:30 - [MESSAGE][PASSED] - Object 'Object Repository/Page_Formulr iadosti o piku (bez zabezpeeni_2a8278/input_tudujete sbene aj na inej fakulte  vy_e867b7' is checked

17-04-2024T14:44:30 - [TEST_STEP][PASSED] - verifyElementPresent(findTestObject("Object Repository/Page_Formulr iadosti o piku (bez zabezpeeni_2a8278/select_Vber Akadmia ozbrojench sl generla M_e1eb3a_1 (1)"), 0): Object 'Object Repository/Page_Formulr iadosti o piku (bez zabezpeeni_2a8278/select_Vber Akadmia ozbrojench sl generla M_e1eb3a_1 (1)' is present

17-04-2024T14:44:30 - [MESSAGE][WARNING] - Timeout '0' is invalid. Using default page load timeout: '30'

17-04-2024T14:44:31 - [MESSAGE][PASSED] - Object 'Object Repository/Page_Formulr iadosti o piku (bez zabezpeeni_2a8278/select_Vber Akadmia ozbrojench sl generla M_e1eb3a_1 (1)' is present

17-04-2024T14:44:31 - [TEST_STEP][PASSED] - verifyElementPresent(findTestObject("Object Repository/Page_Formulr iadosti o piku (bez zabezpeeni_2a8278/select_Vber Evanjelick bohosloveck fakulta _9b66ac"), 0): Object 'Object Repository/Page_Formulr iadosti o piku (bez zabezpeeni_2a8278/select_Vber Evanjelick bohosloveck fakulta _9b66ac' is present

17-04-2024T14:44:31 - [MESSAGE][WARNING] - Timeout '0' is invalid. Using default page load timeout: '30'

17-04-2024T14:44:31 - [MESSAGE][PASSED] - Object 'Object Repository/Page_Formulr iadosti o piku (bez zabezpeeni_2a8278/select_Vber Evanjelick bohosloveck fakulta _9b66ac' is present

17-04-2024T14:44:31 - [TEST_STEP][PASSED] - verifyElementPresent(findTestObject("Object Repository/Page_Formulr iadosti o piku (bez zabezpeeni_2a8278/input_II. stupe_UI_V_ZP_in_DalsieStudiumSlo_199592"), 0): Object 'Object Repository/Page_Formulr iadosti o piku (bez zabezpeeni_2a8278/input_II. stupe_UI_V_ZP_in_DalsieStudiumSlo_199592' is present

17-04-2024T14:44:31 - [MESSAGE][WARNING] - Timeout '0' is invalid. Using default page load timeout: '30'

17-04-2024T14:44:31 - [MESSAGE][PASSED] - Object 'Object Repository/Page_Formulr iadosti o piku (bez zabezpeeni_2a8278/input_II. stupe_UI_V_ZP_in_DalsieStudiumSlo_199592' is present

17-04-2024T14:44:31 - [TEST_STEP][PASSED] - selectOptionByValue(findTestObject("Object Repository/Page_Formulr iadosti o piku (bez zabezpeeni_2a8278/select_1                                   _4271de"), "4", true): All options with value '4' are selected in object 'Object Repository/Page_Formulr iadosti o piku (bez zabezpeeni_2a8278/select_1                                   _4271de'  using regular expression

17-04-2024T14:44:32 - [MESSAGE][PASSED] - All options with value '4' are selected in object 'Object Repository/Page_Formulr iadosti o piku (bez zabezpeeni_2a8278/select_1                                   _4271de'  using regular expression

17-04-2024T14:44:32 - [TEST_STEP][PASSED] - setText(findTestObject("Object Repository/Page_Formulr iadosti o piku (bez zabezpeeni_2a8278/input_Mesiac_UI_V_ZP_in_DalsieStudiumSloven_ae0432"), "6"): Text '6' is set on object 'Object Repository/Page_Formulr iadosti o piku (bez zabezpeeni_2a8278/input_Mesiac_UI_V_ZP_in_DalsieStudiumSloven_ae0432'

17-04-2024T14:44:33 - [MESSAGE][PASSED] - Text '6' is set on object 'Object Repository/Page_Formulr iadosti o piku (bez zabezpeeni_2a8278/input_Mesiac_UI_V_ZP_in_DalsieStudiumSloven_ae0432'

17-04-2024T14:44:33 - [TEST_STEP][PASSED] - setText(findTestObject("Object Repository/Page_Formulr iadosti o piku (bez zabezpeeni_2a8278/input_Rok_UI_V_ZP_in_DalsieStudiumSlovenska_e3d9a8"), "2026"): Text '2026' is set on object 'Object Repository/Page_Formulr iadosti o piku (bez zabezpeeni_2a8278/input_Rok_UI_V_ZP_in_DalsieStudiumSlovenska_e3d9a8'

17-04-2024T14:44:34 - [MESSAGE][PASSED] - Text '2026' is set on object 'Object Repository/Page_Formulr iadosti o piku (bez zabezpeeni_2a8278/input_Rok_UI_V_ZP_in_DalsieStudiumSlovenska_e3d9a8'

17-04-2024T14:44:34 - [TEST_STEP][PASSED] - setText(findTestObject("Object Repository/Page_Formulr iadosti o piku (bez zabezpeeni_2a8278/input_Mesiac_UI_V_ZP_in_SkolaSlovenska_Datu_9c1a47"), "5"): Text '5' is set on object 'Object Repository/Page_Formulr iadosti o piku (bez zabezpeeni_2a8278/input_Mesiac_UI_V_ZP_in_SkolaSlovenska_Datu_9c1a47'

17-04-2024T14:44:34 - [MESSAGE][PASSED] - Text '5' is set on object 'Object Repository/Page_Formulr iadosti o piku (bez zabezpeeni_2a8278/input_Mesiac_UI_V_ZP_in_SkolaSlovenska_Datu_9c1a47'

17-04-2024T14:44:34 - [TEST_STEP][PASSED] - setText(findTestObject("Object Repository/Page_Formulr iadosti o piku (bez zabezpeeni_2a8278/input_Rok_UI_V_ZP_in_SkolaSlovenska_DatumSt_7956e6"), "2027"): Text '2027' is set on object 'Object Repository/Page_Formulr iadosti o piku (bez zabezpeeni_2a8278/input_Rok_UI_V_ZP_in_SkolaSlovenska_DatumSt_7956e6'

17-04-2024T14:44:35 - [MESSAGE][PASSED] - Text '2027' is set on object 'Object Repository/Page_Formulr iadosti o piku (bez zabezpeeni_2a8278/input_Rok_UI_V_ZP_in_SkolaSlovenska_DatumSt_7956e6'

17-04-2024T14:44:35 - [TEST_STEP][PASSED] - click(findTestObject("Object Repository/Page_Formulr iadosti o piku (bez zabezpeeni_2a8278/input_Rok_UI_V_ZP_in_DalsieStudiumSlovenska_e3d9a8")): Object: 'Object Repository/Page_Formulr iadosti o piku (bez zabezpeeni_2a8278/input_Rok_UI_V_ZP_in_DalsieStudiumSlovenska_e3d9a8' is clicked on

17-04-2024T14:44:35 - [MESSAGE][PASSED] - Object: 'Object Repository/Page_Formulr iadosti o piku (bez zabezpeeni_2a8278/input_Rok_UI_V_ZP_in_DalsieStudiumSlovenska_e3d9a8' is clicked on

17-04-2024T14:44:35 - [TEST_STEP][PASSED] - verifyElementClickable(findTestObject("Object Repository/Page_Formulr iadosti o piku (bez zabezpeeni_2a8278/button_Pokraova")): Object 'Object Repository/Page_Formulr iadosti o piku (bez zabezpeeni_2a8278/button_Pokraova' is clickable

17-04-2024T14:44:36 - [MESSAGE][PASSED] - Object 'Object Repository/Page_Formulr iadosti o piku (bez zabezpeeni_2a8278/button_Pokraova' is clickable

17-04-2024T14:44:36 - [TEST_STEP][PASSED] - click(findTestObject("Object Repository/Page_Formulr iadosti o piku (bez zabezpeeni_2a8278/button_Pokraova")): Object: 'Object Repository/Page_Formulr iadosti o piku (bez zabezpeeni_2a8278/button_Pokraova' is clicked on

17-04-2024T14:44:36 - [MESSAGE][PASSED] - Object: 'Object Repository/Page_Formulr iadosti o piku (bez zabezpeeni_2a8278/button_Pokraova' is clicked on

17-04-2024T14:44:36 - [TEST_STEP][PASSED] - setText(findTestObject("Object Repository/Page_Formulr iadosti o piku (bez zabezpeeni_2a8278/input_tudent  III. stupa vysokokolskho tdia_8c32d4"), "2000"): Text '2000' is set on object 'Object Repository/Page_Formulr iadosti o piku (bez zabezpeeni_2a8278/input_tudent  III. stupa vysokokolskho tdia_8c32d4'

17-04-2024T14:44:37 - [MESSAGE][PASSED] - Text '2000' is set on object 'Object Repository/Page_Formulr iadosti o piku (bez zabezpeeni_2a8278/input_tudent  III. stupa vysokokolskho tdia_8c32d4'

17-04-2024T14:44:37 - [TEST_STEP][PASSED] - setText(findTestObject("Object Repository/Page_Formulr iadosti o piku (bez zabezpeeni_2a8278/input_Zadajte poadovan splatnos piky na cel_96d0f4"), "10"): Text '10' is set on object 'Object Repository/Page_Formulr iadosti o piku (bez zabezpeeni_2a8278/input_Zadajte poadovan splatnos piky na cel_96d0f4'

17-04-2024T14:44:37 - [MESSAGE][PASSED] - Text '10' is set on object 'Object Repository/Page_Formulr iadosti o piku (bez zabezpeeni_2a8278/input_Zadajte poadovan splatnos piky na cel_96d0f4'

17-04-2024T14:44:37 - [TEST_STEP][PASSED] - click(findTestObject("Object Repository/Page_Formulr iadosti o piku (bez zabezpeeni_2a8278/button_Pokraova")): Object: 'Object Repository/Page_Formulr iadosti o piku (bez zabezpeeni_2a8278/button_Pokraova' is clicked on

17-04-2024T14:44:38 - [MESSAGE][PASSED] - Object: 'Object Repository/Page_Formulr iadosti o piku (bez zabezpeeni_2a8278/button_Pokraova' is clicked on

17-04-2024T14:44:38 - [TEST_STEP][PASSED] - click(findTestObject("Object Repository/Page_Formulr iadosti o piku (bez zabezpeeni_2a8278/input_Oznamu o monosti predkladania iadost _3ca0bd")): Object: 'Object Repository/Page_Formulr iadosti o piku (bez zabezpeeni_2a8278/input_Oznamu o monosti predkladania iadost _3ca0bd' is clicked on

17-04-2024T14:44:38 - [MESSAGE][PASSED] - Object: 'Object Repository/Page_Formulr iadosti o piku (bez zabezpeeni_2a8278/input_Oznamu o monosti predkladania iadost _3ca0bd' is clicked on

17-04-2024T14:44:38 - [TEST_STEP][PASSED] - click(findTestObject("Object Repository/Page_Formulr iadosti o piku (bez zabezpeeni_2a8278/input_Nie_typ-8")): Object: 'Object Repository/Page_Formulr iadosti o piku (bez zabezpeeni_2a8278/input_Nie_typ-8' is clicked on

17-04-2024T14:44:39 - [MESSAGE][PASSED] - Object: 'Object Repository/Page_Formulr iadosti o piku (bez zabezpeeni_2a8278/input_Nie_typ-8' is clicked on

17-04-2024T14:44:39 - [TEST_STEP][PASSED] - click(findTestObject("Object Repository/Page_Formulr iadosti o piku (bez zabezpeeni_2a8278/input_Nie_typ-9")): Object: 'Object Repository/Page_Formulr iadosti o piku (bez zabezpeeni_2a8278/input_Nie_typ-9' is clicked on

17-04-2024T14:44:39 - [MESSAGE][PASSED] - Object: 'Object Repository/Page_Formulr iadosti o piku (bez zabezpeeni_2a8278/input_Nie_typ-9' is clicked on

17-04-2024T14:44:39 - [TEST_STEP][PASSED] - click(findTestObject("Object Repository/Page_Formulr iadosti o piku (bez zabezpeeni_2a8278/button_Pokraova")): Object: 'Object Repository/Page_Formulr iadosti o piku (bez zabezpeeni_2a8278/button_Pokraova' is clicked on

17-04-2024T14:44:40 - [MESSAGE][PASSED] - Object: 'Object Repository/Page_Formulr iadosti o piku (bez zabezpeeni_2a8278/button_Pokraova' is clicked on

17-04-2024T14:44:40 - [TEST_STEP][PASSED] - click(findTestObject("Object Repository/Page_Formulr iadosti o piku (bez zabezpeeni_2a8278/button_Detail")): Object: 'Object Repository/Page_Formulr iadosti o piku (bez zabezpeeni_2a8278/button_Detail' is clicked on

17-04-2024T14:44:40 - [MESSAGE][PASSED] - Object: 'Object Repository/Page_Formulr iadosti o piku (bez zabezpeeni_2a8278/button_Detail' is clicked on

17-04-2024T14:44:40 - [TEST_STEP][PASSED] - click(findTestObject("Object Repository/Page_Formulr iadosti o piku (bez zabezpeeni_2a8278/input_Potvrdenie o nvteve V v SR (iadate)_s_46946e")): Object: 'Object Repository/Page_Formulr iadosti o piku (bez zabezpeeni_2a8278/input_Potvrdenie o nvteve V v SR (iadate)_s_46946e' is clicked on

17-04-2024T14:44:41 - [MESSAGE][PASSED] - Object: 'Object Repository/Page_Formulr iadosti o piku (bez zabezpeeni_2a8278/input_Potvrdenie o nvteve V v SR (iadate)_s_46946e' is clicked on

17-04-2024T14:44:41 - [TEST_STEP][PASSED] - click(findTestObject("Object Repository/Page_Formulr iadosti o piku (bez zabezpeeni_2a8278/button_Uloi_1")): Object: 'Object Repository/Page_Formulr iadosti o piku (bez zabezpeeni_2a8278/button_Uloi_1' is clicked on

17-04-2024T14:44:41 - [MESSAGE][PASSED] - Object: 'Object Repository/Page_Formulr iadosti o piku (bez zabezpeeni_2a8278/button_Uloi_1' is clicked on

17-04-2024T14:44:41 - [TEST_STEP][PASSED] - click(findTestObject("Object Repository/Page_Formulr iadosti o piku (bez zabezpeeni_2a8278/button_Detail_1")): Object: 'Object Repository/Page_Formulr iadosti o piku (bez zabezpeeni_2a8278/button_Detail_1' is clicked on

17-04-2024T14:44:41 - [MESSAGE][PASSED] - Object: 'Object Repository/Page_Formulr iadosti o piku (bez zabezpeeni_2a8278/button_Detail_1' is clicked on

17-04-2024T14:44:41 - [TEST_STEP][PASSED] - click(findTestObject("Object Repository/Page_Formulr iadosti o piku (bez zabezpeeni_2a8278/input_Potvrdenie o nvteve V v SR (iadate)_s_46946e")): Object: 'Object Repository/Page_Formulr iadosti o piku (bez zabezpeeni_2a8278/input_Potvrdenie o nvteve V v SR (iadate)_s_46946e' is clicked on

17-04-2024T14:44:42 - [MESSAGE][PASSED] - Object: 'Object Repository/Page_Formulr iadosti o piku (bez zabezpeeni_2a8278/input_Potvrdenie o nvteve V v SR (iadate)_s_46946e' is clicked on

17-04-2024T14:44:42 - [TEST_STEP][PASSED] - click(findTestObject("Object Repository/Page_Formulr iadosti o piku (bez zabezpeeni_2a8278/button_Uloi_1")): Object: 'Object Repository/Page_Formulr iadosti o piku (bez zabezpeeni_2a8278/button_Uloi_1' is clicked on

17-04-2024T14:44:42 - [MESSAGE][PASSED] - Object: 'Object Repository/Page_Formulr iadosti o piku (bez zabezpeeni_2a8278/button_Uloi_1' is clicked on

17-04-2024T14:44:42 - [TEST_STEP][PASSED] - click(findTestObject("Object Repository/Page_Formulr iadosti o piku (bez zabezpeeni_2a8278/button_Detail_1_2")): Object: 'Object Repository/Page_Formulr iadosti o piku (bez zabezpeeni_2a8278/button_Detail_1_2' is clicked on

17-04-2024T14:44:43 - [MESSAGE][PASSED] - Object: 'Object Repository/Page_Formulr iadosti o piku (bez zabezpeeni_2a8278/button_Detail_1_2' is clicked on

17-04-2024T14:44:43 - [TEST_STEP][PASSED] - click(findTestObject("Object Repository/Page_Formulr iadosti o piku (bez zabezpeeni_2a8278/input_Potvrdenie o nvteve V v SR (iadate)_s_46946e")): Object: 'Object Repository/Page_Formulr iadosti o piku (bez zabezpeeni_2a8278/input_Potvrdenie o nvteve V v SR (iadate)_s_46946e' is clicked on

17-04-2024T14:44:43 - [MESSAGE][PASSED] - Object: 'Object Repository/Page_Formulr iadosti o piku (bez zabezpeeni_2a8278/input_Potvrdenie o nvteve V v SR (iadate)_s_46946e' is clicked on

17-04-2024T14:44:43 - [TEST_STEP][PASSED] - click(findTestObject("Object Repository/Page_Formulr iadosti o piku (bez zabezpeeni_2a8278/button_Uloi_1")): Object: 'Object Repository/Page_Formulr iadosti o piku (bez zabezpeeni_2a8278/button_Uloi_1' is clicked on

17-04-2024T14:44:44 - [MESSAGE][PASSED] - Object: 'Object Repository/Page_Formulr iadosti o piku (bez zabezpeeni_2a8278/button_Uloi_1' is clicked on

17-04-2024T14:44:44 - [TEST_STEP][PASSED] - click(findTestObject("Object Repository/Page_Formulr iadosti o piku (bez zabezpeeni_2a8278/button_Detail_1_2_3")): Object: 'Object Repository/Page_Formulr iadosti o piku (bez zabezpeeni_2a8278/button_Detail_1_2_3' is clicked on

17-04-2024T14:44:44 - [MESSAGE][PASSED] - Object: 'Object Repository/Page_Formulr iadosti o piku (bez zabezpeeni_2a8278/button_Detail_1_2_3' is clicked on

17-04-2024T14:44:44 - [TEST_STEP][PASSED] - uploadFile(findTestObject("Page_Formulr iadosti o piku (bez zabezpeenia ruiteom)  Elektronick sluby portlu regionlneho a vysokho kolstva/input_Uloi_file-upload-field"), "C:\Users\barcik\Downloads\form.573.Prehlad-24-potvrdenie-print-save_5a11da50-9aec-4f8b-a1a0-d42325a914a4.pdf"): File 'C:\Users\barcik\Downloads\form.573.Prehlad-24-potvrdenie-print-save_5a11da50-9aec-4f8b-a1a0-d42325a914a4.pdf' sent to object: 'Object Repository/Page_Formulr iadosti o piku (bez zabezpeenia ruiteom)  Elektronick sluby portlu regionlneho a vysokho kolstva/input_Uloi_file-upload-field'

17-04-2024T14:44:45 - [MESSAGE][PASSED] - File 'C:\Users\barcik\Downloads\form.573.Prehlad-24-potvrdenie-print-save_5a11da50-9aec-4f8b-a1a0-d42325a914a4.pdf' sent to object: 'Object Repository/Page_Formulr iadosti o piku (bez zabezpeenia ruiteom)  Elektronick sluby portlu regionlneho a vysokho kolstva/input_Uloi_file-upload-field'

17-04-2024T14:44:45 - [TEST_STEP][PASSED] - click(findTestObject("Page_Formulr iadosti o piku (bez zabezpeeni_2a8278/button_Uloi_2")): Object: 'Object Repository/Page_Formulr iadosti o piku (bez zabezpeeni_2a8278/button_Uloi_2' is clicked on

17-04-2024T14:44:45 - [MESSAGE][PASSED] - Object: 'Object Repository/Page_Formulr iadosti o piku (bez zabezpeeni_2a8278/button_Uloi_2' is clicked on

17-04-2024T14:44:45 - [TEST_STEP][PASSED] - click(findTestObject("Object Repository/Page_Formulr iadosti o piku (bez zabezpeeni_2a8278/button_Detail_1_2_3_4")): Object: 'Object Repository/Page_Formulr iadosti o piku (bez zabezpeeni_2a8278/button_Detail_1_2_3_4' is clicked on

17-04-2024T14:44:46 - [MESSAGE][PASSED] - Object: 'Object Repository/Page_Formulr iadosti o piku (bez zabezpeeni_2a8278/button_Detail_1_2_3_4' is clicked on

17-04-2024T14:44:46 - [TEST_STEP][PASSED] - uploadFile(findTestObject("Page_Formulr iadosti o piku (bez zabezpeenia ruiteom)  Elektronick sluby portlu regionlneho a vysokho kolstva/input_Uloi_file-upload-field"), "C:\Users\barcik\Downloads\form.573.Prehlad-24-potvrdenie-print-save_5a11da50-9aec-4f8b-a1a0-d42325a914a4.pdf"): File 'C:\Users\barcik\Downloads\form.573.Prehlad-24-potvrdenie-print-save_5a11da50-9aec-4f8b-a1a0-d42325a914a4.pdf' sent to object: 'Object Repository/Page_Formulr iadosti o piku (bez zabezpeenia ruiteom)  Elektronick sluby portlu regionlneho a vysokho kolstva/input_Uloi_file-upload-field'

17-04-2024T14:44:46 - [MESSAGE][PASSED] - File 'C:\Users\barcik\Downloads\form.573.Prehlad-24-potvrdenie-print-save_5a11da50-9aec-4f8b-a1a0-d42325a914a4.pdf' sent to object: 'Object Repository/Page_Formulr iadosti o piku (bez zabezpeenia ruiteom)  Elektronick sluby portlu regionlneho a vysokho kolstva/input_Uloi_file-upload-field'

17-04-2024T14:44:46 - [TEST_STEP][PASSED] - click(findTestObject("Page_Formulr iadosti o piku (bez zabezpeeni_2a8278/button_Uloi_2")): Object: 'Object Repository/Page_Formulr iadosti o piku (bez zabezpeeni_2a8278/button_Uloi_2' is clicked on

17-04-2024T14:44:47 - [MESSAGE][PASSED] - Object: 'Object Repository/Page_Formulr iadosti o piku (bez zabezpeeni_2a8278/button_Uloi_2' is clicked on

17-04-2024T14:44:47 - [TEST_STEP][PASSED] - click(findTestObject("Object Repository/Page_Formulr iadosti o piku (bez zabezpeeni_2a8278/button_Detail_1_2_3_4_5")): Object: 'Object Repository/Page_Formulr iadosti o piku (bez zabezpeeni_2a8278/button_Detail_1_2_3_4_5' is clicked on

17-04-2024T14:44:47 - [MESSAGE][PASSED] - Object: 'Object Repository/Page_Formulr iadosti o piku (bez zabezpeeni_2a8278/button_Detail_1_2_3_4_5' is clicked on

17-04-2024T14:44:47 - [TEST_STEP][PASSED] - uploadFile(findTestObject("Page_Formulr iadosti o piku (bez zabezpeenia ruiteom)  Elektronick sluby portlu regionlneho a vysokho kolstva/input_Uloi_file-upload-field"), "C:\Users\barcik\Downloads\form.573.Prehlad-24-potvrdenie-print-save_5a11da50-9aec-4f8b-a1a0-d42325a914a4.pdf"): File 'C:\Users\barcik\Downloads\form.573.Prehlad-24-potvrdenie-print-save_5a11da50-9aec-4f8b-a1a0-d42325a914a4.pdf' sent to object: 'Object Repository/Page_Formulr iadosti o piku (bez zabezpeenia ruiteom)  Elektronick sluby portlu regionlneho a vysokho kolstva/input_Uloi_file-upload-field'

17-04-2024T14:44:48 - [MESSAGE][PASSED] - File 'C:\Users\barcik\Downloads\form.573.Prehlad-24-potvrdenie-print-save_5a11da50-9aec-4f8b-a1a0-d42325a914a4.pdf' sent to object: 'Object Repository/Page_Formulr iadosti o piku (bez zabezpeenia ruiteom)  Elektronick sluby portlu regionlneho a vysokho kolstva/input_Uloi_file-upload-field'

17-04-2024T14:44:48 - [TEST_STEP][PASSED] - click(findTestObject("Page_Formulr iadosti o piku (bez zabezpeeni_2a8278/button_Uloi_2")): Object: 'Object Repository/Page_Formulr iadosti o piku (bez zabezpeeni_2a8278/button_Uloi_2' is clicked on

17-04-2024T14:44:48 - [MESSAGE][PASSED] - Object: 'Object Repository/Page_Formulr iadosti o piku (bez zabezpeeni_2a8278/button_Uloi_2' is clicked on

17-04-2024T14:44:48 - [TEST_STEP][PASSED] - setText(findTestObject("Object Repository/Page_Formulr iadosti o piku (bez zabezpeeni_2a8278/input_Zadajte miesto odoslania iadosti_UI_V_59ba54"), "Bratislava"): Text 'Bratislava' is set on object 'Object Repository/Page_Formulr iadosti o piku (bez zabezpeeni_2a8278/input_Zadajte miesto odoslania iadosti_UI_V_59ba54'

17-04-2024T14:44:49 - [MESSAGE][PASSED] - Text 'Bratislava' is set on object 'Object Repository/Page_Formulr iadosti o piku (bez zabezpeeni_2a8278/input_Zadajte miesto odoslania iadosti_UI_V_59ba54'

17-04-2024T14:44:49 - [TEST_STEP][PASSED] - click(findTestObject("Object Repository/Page_Formulr iadosti o piku (bez zabezpeeni_2a8278/button_Pokraova")): Object: 'Object Repository/Page_Formulr iadosti o piku (bez zabezpeeni_2a8278/button_Pokraova' is clicked on

17-04-2024T14:44:50 - [MESSAGE][PASSED] - Object: 'Object Repository/Page_Formulr iadosti o piku (bez zabezpeeni_2a8278/button_Pokraova' is clicked on

17-04-2024T14:44:50 - [TEST_STEP][PASSED] - click(findTestObject("Page_Formulr iadosti o piku (bez zabezpeenia ruiteom)  Elektronick sluby portlu regionlneho a vysokho kolstva/label_estne vyhlasujem, e vetky daje uveden v iadosti  s pravdiv a som si plne vedom prvnych nsledkov v prpade uvedenia nepravdivch dajov")): Object: 'Object Repository/Page_Formulr iadosti o piku (bez zabezpeenia ruiteom)  Elektronick sluby portlu regionlneho a vysokho kolstva/label_estne vyhlasujem, e vetky daje uveden v iadosti  s pravdiv a som si plne vedom prvnych nsledkov v prpade uvedenia nepravdivch dajov' is clicked on

17-04-2024T14:44:51 - [MESSAGE][PASSED] - Object: 'Object Repository/Page_Formulr iadosti o piku (bez zabezpeenia ruiteom)  Elektronick sluby portlu regionlneho a vysokho kolstva/label_estne vyhlasujem, e vetky daje uveden v iadosti  s pravdiv a som si plne vedom prvnych nsledkov v prpade uvedenia nepravdivch dajov' is clicked on

17-04-2024T14:44:51 - [TEST_STEP][PASSED] - click(findTestObject("Page_Formulr iadosti o piku (bez zabezpeenia ruiteom)  Elektronick sluby portlu regionlneho a vysokho kolstva/label_Beriem na vedomie, e v slade s  17 ods. 8 zkona o FnPV fond zverejuje na svojom webovom sdle zoznam schvlench piiek, ktor obsahuje meno a priezvisko iadatea, ktormu bolo poskytnutie piky schvlen, dln sumu, lehotu s")): Object: 'Object Repository/Page_Formulr iadosti o piku (bez zabezpeenia ruiteom)  Elektronick sluby portlu regionlneho a vysokho kolstva/label_Beriem na vedomie, e v slade s  17 ods. 8 zkona o FnPV fond zverejuje na svojom webovom sdle zoznam schvlench piiek, ktor obsahuje meno a priezvisko iadatea, ktormu bolo poskytnutie piky schvlen, dln sumu, lehotu s' is clicked on

17-04-2024T14:44:52 - [MESSAGE][PASSED] - Object: 'Object Repository/Page_Formulr iadosti o piku (bez zabezpeenia ruiteom)  Elektronick sluby portlu regionlneho a vysokho kolstva/label_Beriem na vedomie, e v slade s  17 ods. 8 zkona o FnPV fond zverejuje na svojom webovom sdle zoznam schvlench piiek, ktor obsahuje meno a priezvisko iadatea, ktormu bolo poskytnutie piky schvlen, dln sumu, lehotu s' is clicked on

17-04-2024T14:44:52 - [TEST_STEP][PASSED] - click(findTestObject("Object Repository/Page_Formulr iadosti o piku (bez zabezpeeni_2a8278/button_Podpsa iados o piku kvalifikovanm el_0eb4be")): Object: 'Object Repository/Page_Formulr iadosti o piku (bez zabezpeeni_2a8278/button_Podpsa iados o piku kvalifikovanm el_0eb4be' is clicked on

17-04-2024T14:44:52 - [MESSAGE][PASSED] - Object: 'Object Repository/Page_Formulr iadosti o piku (bez zabezpeeni_2a8278/button_Podpsa iados o piku kvalifikovanm el_0eb4be' is clicked on

17-04-2024T14:44:52 - [TEST_STEP][PASSED] - verifyElementPresent(findTestObject("Object Repository/Page_Formulr iadosti o piku (bez zabezpeeni_2a8278/h1_Podvanie iadosti o piku pre tudentov z F_127594"), 0): Object 'Object Repository/Page_Formulr iadosti o piku (bez zabezpeeni_2a8278/h1_Podvanie iadosti o piku pre tudentov z F_127594' is present

17-04-2024T14:44:52 - [MESSAGE][WARNING] - Timeout '0' is invalid. Using default page load timeout: '30'

17-04-2024T14:44:53 - [MESSAGE][PASSED] - Object 'Object Repository/Page_Formulr iadosti o piku (bez zabezpeeni_2a8278/h1_Podvanie iadosti o piku pre tudentov z F_127594' is present

17-04-2024T14:44:53 - [TEST_STEP][PASSED] - click(findTestObject("Object Repository/Page_Formulr iadosti o piku (bez zabezpeeni_2a8278/button_Podpsa")): Object: 'Object Repository/Page_Formulr iadosti o piku (bez zabezpeeni_2a8278/button_Podpsa' is clicked on

17-04-2024T14:44:53 - [MESSAGE][PASSED] - Object: 'Object Repository/Page_Formulr iadosti o piku (bez zabezpeeni_2a8278/button_Podpsa' is clicked on

17-04-2024T14:44:53 - [TEST_STEP][PASSED] - delay(10): Delayed 10 second(s)

17-04-2024T14:45:03 - [MESSAGE][PASSED] - Delayed 10 second(s)

17-04-2024T14:45:03 - [TEST_STEP][PASSED] - podpisovac.podpisFormular(): Fire Close event sucessfully.

17-04-2024T14:45:03 - [MESSAGE][INFO] - Starting application C:\Program Files\Ditec\DSigner .NET\Ditec.Zep.DSigXadesStandalone.exe on the local machine at address http://127.0.0.1:4723

17-04-2024T14:45:04 - [MESSAGE][PASSED] - The application at location: C:\Program Files\Ditec\DSigner .NET\Ditec.Zep.DSigXadesStandalone.exe started.

17-04-2024T14:45:06 - [MESSAGE][INFO] - Clicking on element: Object Repository/Podpisovac/Podpísať_podpis

17-04-2024T14:45:07 - [MESSAGE][PASSED] - Click on element: Object Repository/Podpisovac/Podpísať_podpis succesfully

17-04-2024T14:45:14 - [MESSAGE][INFO] - Clicking on element: Object Repository/Podpisovac/Vyber_filtra_podpis

17-04-2024T14:45:14 - [MESSAGE][PASSED] - Click on element: Object Repository/Podpisovac/Vyber_filtra_podpis succesfully

17-04-2024T14:45:15 - [MESSAGE][INFO] - Clicking on element: Object Repository/Podpisovac/Potvrd_vyber_filtra_podpis

17-04-2024T14:45:15 - [MESSAGE][PASSED] - Click on element: Object Repository/Podpisovac/Potvrd_vyber_filtra_podpis succesfully

17-04-2024T14:45:23 - [MESSAGE][INFO] - Double clicking on element: Object Repository/Podpisovac/Certifikat_podpis

17-04-2024T14:45:24 - [MESSAGE][PASSED] - Double click on element: Object Repository/Podpisovac/Certifikat_podpis succesfully

17-04-2024T14:45:27 - [MESSAGE][PASSED] - Delayed 3 second(s)

17-04-2024T14:45:29 - [MESSAGE][INFO] - Clicking on element: Object Repository/Podpisovac/OK_podpis

17-04-2024T14:45:29 - [MESSAGE][PASSED] - Click on element: Object Repository/Podpisovac/OK_podpis succesfully

17-04-2024T14:45:29 - [MESSAGE][PASSED] - Fire Close event sucessfully.

17-04-2024T14:45:29 - [TEST_STEP][PASSED] - click(findTestObject("Object Repository/Page_Formulr iadosti o piku (bez zabezpeeni_2a8278/button_Odosla")): Object: 'Object Repository/Page_Formulr iadosti o piku (bez zabezpeeni_2a8278/button_Odosla' is clicked on

17-04-2024T14:45:30 - [MESSAGE][PASSED] - Object: 'Object Repository/Page_Formulr iadosti o piku (bez zabezpeeni_2a8278/button_Odosla' is clicked on

17-04-2024T14:45:30 - [TEST_STEP][PASSED] - verifyElementText(findTestObject("Object Repository/Page_Formulr iadosti o piku (bez zabezpeeni_2a8278/h1_daje zo iadosti o piku boli odoslan"), "Údaje zo žiadosti o pôžičku boli odoslané."): Actual text and expected text of test object 'Object Repository/Page_Formulr iadosti o piku (bez zabezpeeni_2a8278/h1_daje zo iadosti o piku boli odoslan' are matched.

17-04-2024T14:45:55 - [MESSAGE][PASSED] - Actual text and expected text of test object 'Object Repository/Page_Formulr iadosti o piku (bez zabezpeeni_2a8278/h1_daje zo iadosti o piku boli odoslan' are matched.

17-04-2024T14:45:55 - [TEST_STEP][PASSED] - click(findTestObject("Object Repository/Page_Formulr iadosti o piku (bez zabezpeeni_2a8278/button_Prejs na domovsk strnku")): Object: 'Object Repository/Page_Formulr iadosti o piku (bez zabezpeeni_2a8278/button_Prejs na domovsk strnku' is clicked on

17-04-2024T14:45:56 - [MESSAGE][PASSED] - Object: 'Object Repository/Page_Formulr iadosti o piku (bez zabezpeeni_2a8278/button_Prejs na domovsk strnku' is clicked on

17-04-2024T14:45:56 - [TEST_STEP][PASSED] - click(findTestObject("Page_Portl elektronickch sluieb regionlneho_9bdbd3/a_Privtna zna")): Object: 'Object Repository/Page_Portl elektronickch sluieb regionlneho_9bdbd3/a_Privtna zna' is clicked on

17-04-2024T14:45:57 - [MESSAGE][PASSED] - Object: 'Object Repository/Page_Portl elektronickch sluieb regionlneho_9bdbd3/a_Privtna zna' is clicked on

17-04-2024T14:45:57 - [TEST_STEP][PASSED] - click(findTestObject("Page_Portl elektronickch sluieb regionlneho_9bdbd3/div_Zoznam rozpracovanch podan_icon-blue")): Object: 'Object Repository/Page_Portl elektronickch sluieb regionlneho_9bdbd3/div_Zoznam rozpracovanch podan_icon-blue' is clicked on

17-04-2024T14:45:58 - [MESSAGE][PASSED] - Object: 'Object Repository/Page_Portl elektronickch sluieb regionlneho_9bdbd3/div_Zoznam rozpracovanch podan_icon-blue' is clicked on

17-04-2024T14:45:58 - [TEST_STEP][PASSED] - setText(findTestObject("Page_Zoznam odoslanch podan  Elektronick sl_14b0c6/input_Identifiktor_identifikator"), identifikator): Text 'ESRVS-2024-2237' is set on object 'Object Repository/Page_Zoznam odoslanch podan  Elektronick sl_14b0c6/input_Identifiktor_identifikator'

17-04-2024T14:46:00 - [MESSAGE][PASSED] - Text 'ESRVS-2024-2237' is set on object 'Object Repository/Page_Zoznam odoslanch podan  Elektronick sl_14b0c6/input_Identifiktor_identifikator'

17-04-2024T14:46:00 - [TEST_STEP][PASSED] - click(findTestObject("Page_Zoznam odoslanch podan  Elektronick sl_14b0c6/button_Vyhada")): Object: 'Object Repository/Page_Zoznam odoslanch podan  Elektronick sl_14b0c6/button_Vyhada' is clicked on

17-04-2024T14:46:00 - [MESSAGE][PASSED] - Object: 'Object Repository/Page_Zoznam odoslanch podan  Elektronick sl_14b0c6/button_Vyhada' is clicked on

17-04-2024T14:46:00 - [TEST_STEP][PASSED] - click(findTestObject("Page_Zoznam odoslanch podan  Elektronick sl_14b0c6/a_Detail")): Object: 'Object Repository/Page_Zoznam odoslanch podan  Elektronick sl_14b0c6/a_Detail' is clicked on

17-04-2024T14:46:02 - [MESSAGE][PASSED] - Object: 'Object Repository/Page_Zoznam odoslanch podan  Elektronick sl_14b0c6/a_Detail' is clicked on

17-04-2024T14:46:02 - [TEST_STEP][PASSED] - verifyElementText(findTestObject("Object Repository/Page_Detail podania  Elektronick sluby port_bcdefc/span_ESRVS-2024-2168"), identifikator): Actual text and expected text of test object 'Object Repository/Page_Detail podania  Elektronick sluby port_bcdefc/span_ESRVS-2024-2168' are matched.

17-04-2024T14:46:10 - [MESSAGE][PASSED] - Actual text and expected text of test object 'Object Repository/Page_Detail podania  Elektronick sluby port_bcdefc/span_ESRVS-2024-2168' are matched.

17-04-2024T14:46:10 - [TEST_STEP][PASSED] - verifyElementText(findTestObject("Page_Detail podania  Elektronick sluby port_bcdefc/span_Robert Chamraz"), "Robert Chamraz"): Actual text and expected text of test object 'Object Repository/Page_Detail podania  Elektronick sluby port_bcdefc/span_Robert Chamraz' are matched.

17-04-2024T14:46:11 - [MESSAGE][PASSED] - Actual text and expected text of test object 'Object Repository/Page_Detail podania  Elektronick sluby port_bcdefc/span_Robert Chamraz' are matched.

17-04-2024T14:46:11 - [TEST_STEP][PASSED] - verifyElementText(findTestObject("Page_Detail podania  Elektronick sluby port_bcdefc/span_Podvanie iadosti o piku pre tudentov z_b27195"), "Podávanie žiadosti o pôžičku pre študentov z Fondu na podporu vzdelávania (bez ručitela)"): Actual text and expected text of test object 'Object Repository/Page_Detail podania  Elektronick sluby port_bcdefc/span_Podvanie iadosti o piku pre tudentov z_b27195' are matched.

17-04-2024T14:46:11 - [MESSAGE][PASSED] - Actual text and expected text of test object 'Object Repository/Page_Detail podania  Elektronick sluby port_bcdefc/span_Podvanie iadosti o piku pre tudentov z_b27195' are matched.

17-04-2024T14:46:11 - [TEST_STEP][PASSED] - click(findTestObject("Page_Detail podania  Elektronick sluby port_bcdefc/a_Odhlsi")): Object: 'Object Repository/Page_Detail podania  Elektronick sluby port_bcdefc/a_Odhlsi' is clicked on

17-04-2024T14:46:14 - [MESSAGE][PASSED] - Object: 'Object Repository/Page_Detail podania  Elektronick sluby port_bcdefc/a_Odhlsi' is clicked on

17-04-2024T14:46:14 - [TEST_STEP][PASSED] - verifyElementPresent(findTestObject("Page_Portl elektronickch sluieb regionlneho_9bdbd3/a_Prihlsi sa"), 0): Object 'Object Repository/Page_Portl elektronickch sluieb regionlneho_9bdbd3/a_Prihlsi sa' is present

17-04-2024T14:46:15 - [MESSAGE][WARNING] - Timeout '0' is invalid. Using default page load timeout: '30'

17-04-2024T14:46:15 - [MESSAGE][PASSED] - Object 'Object Repository/Page_Portl elektronickch sluieb regionlneho_9bdbd3/a_Prihlsi sa' is present

17-04-2024T14:46:15 - [TEST_STEP][PASSED] - closeBrowser(): Browser is closed

17-04-2024T14:46:15 - [MESSAGE][PASSED] - Browser is closed

17-04-2024T14:46:15 - [TEST_STEP][PASSED] - delay(30): Delayed 30 second(s)

17-04-2024T14:46:45 - [MESSAGE][PASSED] - Delayed 30 second(s)

17-04-2024T14:46:45 - [TEST_STEP][FAILED] - mail.kontrolaMailu(2, identifikator): Expected condition failed: waiting for com.kms.katalon.core.windows.keyword.helper.WindowsActionHelper$1@2e9ab0b3 (tried for 30 second(s) with 50 milliseconds interval) (Root cause: org.openqa.selenium.TimeoutException: Expected condition failed: waiting for com.kms.katalon.core.windows.keyword.helper.WindowsActionHelper$1@2e9ab0b3 (tried for 30 second(s) with 50 milliseconds interval)
	at org.openqa.selenium.support.ui.FluentWait.timeoutException(FluentWait.java:304)
	at org.openqa.selenium.support.ui.FluentWait.until(FluentWait.java:272)
	at com.kms.katalon.core.windows.keyword.helper.WindowsActionHelper.findElement(WindowsActionHelper.java:120)
	at com.kms.katalon.core.windows.keyword.helper.WindowsActionHelper.findElement(WindowsActionHelper.java:77)
	at com.kms.katalon.core.windows.keyword.helper.WindowsActionHelper.findElement(WindowsActionHelper.java:69)
	at com.kms.katalon.core.windows.keyword.helper.WindowsActionHelper.click(WindowsActionHelper.java:248)
	at com.kms.katalon.core.windows.keyword.helper.WindowsActionHelper$click$3.call(Unknown Source)
	at com.kms.katalon.core.windows.keyword.builtin.ClickKeyword$_click_closure1.doCall(ClickKeyword.groovy:43)
	at com.kms.katalon.core.windows.keyword.builtin.ClickKeyword$_click_closure1.doCall(ClickKeyword.groovy)
	at jdk.internal.reflect.GeneratedMethodAccessor24.invoke(Unknown Source)
	at java.base/jdk.internal.reflect.DelegatingMethodAccessorImpl.invoke(DelegatingMethodAccessorImpl.java:43)
	at com.kms.katalon.core.keyword.internal.KeywordMain.runKeyword(KeywordMain.groovy:90)
	at com.kms.katalon.core.keyword.internal.KeywordMain$runKeyword.call(Unknown Source)
	at com.kms.katalon.core.windows.keyword.builtin.ClickKeyword.click(ClickKeyword.groovy:37)
	at com.kms.katalon.core.windows.keyword.builtin.ClickKeyword$click.callCurrent(Unknown Source)
	at com.kms.katalon.core.windows.keyword.builtin.ClickKeyword.execute(ClickKeyword.groovy:33)
	at com.kms.katalon.core.keyword.internal.KeywordExecutor.executeKeywordForPlatform(KeywordExecutor.groovy:74)
	at com.kms.katalon.core.windows.keyword.WindowsBuiltinKeywords.click(WindowsBuiltinKeywords.java:72)
	at Email.kontrolaMailu(Email.java:30)
	at PozickaB_399076.run(PozickaB_399076:253)
	at com.kms.katalon.core.main.ScriptEngine.run(ScriptEngine.java:194)
	at com.kms.katalon.core.main.ScriptEngine.runScriptAsRawText(ScriptEngine.java:119)
	at com.kms.katalon.core.main.TestCaseExecutor.runScript(TestCaseExecutor.java:448)
	at com.kms.katalon.core.main.TestCaseExecutor.doExecute(TestCaseExecutor.java:439)
	at com.kms.katalon.core.main.TestCaseExecutor.processExecutionPhase(TestCaseExecutor.java:418)
	at com.kms.katalon.core.main.TestCaseExecutor.accessMainPhase(TestCaseExecutor.java:410)
	at com.kms.katalon.core.main.TestCaseExecutor.execute(TestCaseExecutor.java:285)
	at com.kms.katalon.core.common.CommonExecutor.accessTestCaseMainPhase(CommonExecutor.java:65)
	at com.kms.katalon.core.main.TestSuiteExecutor.accessTestSuiteMainPhase(TestSuiteExecutor.java:150)
	at com.kms.katalon.core.main.TestSuiteExecutor.execute(TestSuiteExecutor.java:106)
	at com.kms.katalon.core.main.TestCaseMain.startTestSuite(TestCaseMain.java:180)
	at TempTestSuite1713357402021.run(TempTestSuite1713357402021.groovy:35)
	at java.base/jdk.internal.reflect.NativeMethodAccessorImpl.invoke0(Native Method)
	at java.base/jdk.internal.reflect.NativeMethodAccessorImpl.invoke(NativeMethodAccessorImpl.java:77)
	at java.base/jdk.internal.reflect.DelegatingMethodAccessorImpl.invoke(DelegatingMethodAccessorImpl.java:43)
Caused by: org.openqa.selenium.NoSuchElementException: An element could not be located on the page using the given search parameters. (WARNING: The server did not provide any stacktrace information)
Command duration or timeout: 0 milliseconds
For documentation on this error, please visit: https://www.seleniumhq.org/exceptions/no_such_element.html
Build info: version: '3.141.59', revision: 'e82be7d358', time: '2018-11-14T08:25:53'
System info: host: 'NB-BARCIK', ip: '192.168.0.163', os.name: 'Windows 11', os.arch: 'amd64', os.version: '10.0', java.version: '17.0.7'
Driver info: io.appium.java_client.windows.WindowsDriver
Capabilities {app: C:\Program Files\Microsoft ..., javascriptEnabled: true, platform: WINDOWS, platformName: WINDOWS}
Session ID: 690A2BAB-C0CA-4BB0-8A0B-2BB4E38E5956
*** Element info: {Using=xpath, value=//Window/Pane[1]/ToolBar[1]/Pane[1]/Pane[1]/Pane[1]/Pane[1]/Tab[1]/TabItem[1]}
	at java.base/jdk.internal.reflect.NativeConstructorAccessorImpl.newInstance0(Native Method)
	at java.base/jdk.internal.reflect.NativeConstructorAccessorImpl.newInstance(NativeConstructorAccessorImpl.java:77)
	at java.base/jdk.internal.reflect.DelegatingConstructorAccessorImpl.newInstance(DelegatingConstructorAccessorImpl.java:45)
	at org.openqa.selenium.remote.ErrorHandler.createThrowable(ErrorHandler.java:214)
	at org.openqa.selenium.remote.ErrorHandler.throwIfResponseFailed(ErrorHandler.java:166)
	at org.openqa.selenium.remote.http.JsonHttpResponseCodec.reconstructValue(JsonHttpResponseCodec.java:40)
	at org.openqa.selenium.remote.http.AbstractHttpResponseCodec.decode(AbstractHttpResponseCodec.java:80)
	at org.openqa.selenium.remote.http.AbstractHttpResponseCodec.decode(AbstractHttpResponseCodec.java:44)
	at org.openqa.selenium.remote.HttpCommandExecutor.execute(HttpCommandExecutor.java:158)
	at io.appium.java_client.remote.AppiumCommandExecutor.execute(AppiumCommandExecutor.java:239)
	at org.openqa.selenium.remote.RemoteWebDriver.execute(RemoteWebDriver.java:552)
	at io.appium.java_client.DefaultGenericMobileDriver.execute(DefaultGenericMobileDriver.java:42)
	at io.appium.java_client.AppiumDriver.execute(AppiumDriver.java:1)
	at io.appium.java_client.windows.WindowsDriver.execute(WindowsDriver.java:1)
	at org.openqa.selenium.remote.RemoteWebDriver.findElement(RemoteWebDriver.java:323)
	at io.appium.java_client.DefaultGenericMobileDriver.findElement(DefaultGenericMobileDriver.java:62)
	at io.appium.java_client.AppiumDriver.findElement(AppiumDriver.java:1)
	at io.appium.java_client.windows.WindowsDriver.findElement(WindowsDriver.java:1)
	at org.openqa.selenium.remote.RemoteWebDriver.findElementByXPath(RemoteWebDriver.java:428)
	at io.appium.java_client.DefaultGenericMobileDriver.findElementByXPath(DefaultGenericMobileDriver.java:152)
	at io.appium.java_client.AppiumDriver.findElementByXPath(AppiumDriver.java:1)
	at io.appium.java_client.windows.WindowsDriver.findElementByXPath(WindowsDriver.java:1)
	at com.kms.katalon.core.windows.keyword.helper.WindowsActionHelper$1.apply(WindowsActionHelper.java:136)
	at com.kms.katalon.core.windows.keyword.helper.WindowsActionHelper$1.apply(WindowsActionHelper.java:1)
	at org.openqa.selenium.support.ui.FluentWait.until(FluentWait.java:249)
	at com.kms.katalon.core.windows.keyword.helper.WindowsActionHelper.findElement(WindowsActionHelper.java:120)
	at com.kms.katalon.core.windows.keyword.helper.WindowsActionHelper.findElement(WindowsActionHelper.java:77)
	at com.kms.katalon.core.windows.keyword.helper.WindowsActionHelper.findElement(WindowsActionHelper.java:69)
	at com.kms.katalon.core.windows.keyword.helper.WindowsActionHelper.click(WindowsActionHelper.java:248)
	at com.kms.katalon.core.windows.keyword.helper.WindowsActionHelper$click$3.call(Unknown Source)
	at com.kms.katalon.core.windows.keyword.builtin.ClickKeyword$_click_closure1.doCall(ClickKeyword.groovy:43)
	at com.kms.katalon.core.windows.keyword.builtin.ClickKeyword$_click_closure1.doCall(ClickKeyword.groovy)
	at jdk.internal.reflect.GeneratedMethodAccessor24.invoke(Unknown Source)
	at java.base/jdk.internal.reflect.DelegatingMethodAccessorImpl.invoke(DelegatingMethodAccessorImpl.java:43)
	at com.kms.katalon.core.keyword.internal.KeywordMain.runKeyword(KeywordMain.groovy:90)
	at com.kms.katalon.core.keyword.internal.KeywordMain$runKeyword.call(Unknown Source)
	at com.kms.katalon.core.windows.keyword.builtin.ClickKeyword.click(ClickKeyword.groovy:37)
	at com.kms.katalon.core.windows.keyword.builtin.ClickKeyword$click.callCurrent(Unknown Source)
	at com.kms.katalon.core.windows.keyword.builtin.ClickKeyword.execute(ClickKeyword.groovy:33)
	at com.kms.katalon.core.keyword.internal.KeywordExecutor.executeKeywordForPlatform(KeywordExecutor.groovy:74)
	at com.kms.katalon.core.windows.keyword.WindowsBuiltinKeywords.click(WindowsBuiltinKeywords.java:72)
	at Email.kontrolaMailu(Email.java:30)
	at Script1713162750537.run(Script1713162750537.groovy:253)
	... 15 more
)

17-04-2024T14:46:45 - [MESSAGE][INFO] - Starting application C:\Program Files\Microsoft Office\root\Office16\OUTLOOK.EXE on the local machine at address http://127.0.0.1:4723

17-04-2024T14:46:47 - [MESSAGE][PASSED] - The application at location: C:\Program Files\Microsoft Office\root\Office16\OUTLOOK.EXE started.

17-04-2024T14:46:49 - [MESSAGE][PASSED] - Object 'Object Repository/Edit(1)' is present

17-04-2024T14:46:53 - [MESSAGE][PASSED] - Text ESRVS-2024-2237 is set

17-04-2024T14:47:26 - [MESSAGE][FAILED] - Expected condition failed: waiting for com.kms.katalon.core.windows.keyword.helper.WindowsActionHelper$1@2e9ab0b3 (tried for 30 second(s) with 50 milliseconds interval) (Root cause: org.openqa.selenium.TimeoutException: Expected condition failed: waiting for com.kms.katalon.core.windows.keyword.helper.WindowsActionHelper$1@2e9ab0b3 (tried for 30 second(s) with 50 milliseconds interval)
	at org.openqa.selenium.support.ui.FluentWait.timeoutException(FluentWait.java:304)
	at org.openqa.selenium.support.ui.FluentWait.until(FluentWait.java:272)
	at com.kms.katalon.core.windows.keyword.helper.WindowsActionHelper.findElement(WindowsActionHelper.java:120)
	at com.kms.katalon.core.windows.keyword.helper.WindowsActionHelper.findElement(WindowsActionHelper.java:77)
	at com.kms.katalon.core.windows.keyword.helper.WindowsActionHelper.findElement(WindowsActionHelper.java:69)
	at com.kms.katalon.core.windows.keyword.helper.WindowsActionHelper.click(WindowsActionHelper.java:248)
	at com.kms.katalon.core.windows.keyword.helper.WindowsActionHelper$click$3.call(Unknown Source)
	at com.kms.katalon.core.windows.keyword.builtin.ClickKeyword$_click_closure1.doCall(ClickKeyword.groovy:43)
	at com.kms.katalon.core.windows.keyword.builtin.ClickKeyword$_click_closure1.doCall(ClickKeyword.groovy)
	at jdk.internal.reflect.GeneratedMethodAccessor24.invoke(Unknown Source)
	at java.base/jdk.internal.reflect.DelegatingMethodAccessorImpl.invoke(DelegatingMethodAccessorImpl.java:43)
	at com.kms.katalon.core.keyword.internal.KeywordMain.runKeyword(KeywordMain.groovy:90)
	at com.kms.katalon.core.keyword.internal.KeywordMain$runKeyword.call(Unknown Source)
	at com.kms.katalon.core.windows.keyword.builtin.ClickKeyword.click(ClickKeyword.groovy:37)
	at com.kms.katalon.core.windows.keyword.builtin.ClickKeyword$click.callCurrent(Unknown Source)
	at com.kms.katalon.core.windows.keyword.builtin.ClickKeyword.execute(ClickKeyword.groovy:33)
	at com.kms.katalon.core.keyword.internal.KeywordExecutor.executeKeywordForPlatform(KeywordExecutor.groovy:74)
	at com.kms.katalon.core.windows.keyword.WindowsBuiltinKeywords.click(WindowsBuiltinKeywords.java:72)
	at Email.kontrolaMailu(Email.java:30)
	at PozickaB_399076.run(PozickaB_399076:253)
	at com.kms.katalon.core.main.ScriptEngine.run(ScriptEngine.java:194)
	at com.kms.katalon.core.main.ScriptEngine.runScriptAsRawText(ScriptEngine.java:119)
	at com.kms.katalon.core.main.TestCaseExecutor.runScript(TestCaseExecutor.java:448)
	at com.kms.katalon.core.main.TestCaseExecutor.doExecute(TestCaseExecutor.java:439)
	at com.kms.katalon.core.main.TestCaseExecutor.processExecutionPhase(TestCaseExecutor.java:418)
	at com.kms.katalon.core.main.TestCaseExecutor.accessMainPhase(TestCaseExecutor.java:410)
	at com.kms.katalon.core.main.TestCaseExecutor.execute(TestCaseExecutor.java:285)
	at com.kms.katalon.core.common.CommonExecutor.accessTestCaseMainPhase(CommonExecutor.java:65)
	at com.kms.katalon.core.main.TestSuiteExecutor.accessTestSuiteMainPhase(TestSuiteExecutor.java:150)
	at com.kms.katalon.core.main.TestSuiteExecutor.execute(TestSuiteExecutor.java:106)
	at com.kms.katalon.core.main.TestCaseMain.startTestSuite(TestCaseMain.java:180)
	at TempTestSuite1713357402021.run(TempTestSuite1713357402021.groovy:35)
	at java.base/jdk.internal.reflect.NativeMethodAccessorImpl.invoke0(Native Method)
	at java.base/jdk.internal.reflect.NativeMethodAccessorImpl.invoke(NativeMethodAccessorImpl.java:77)
	at java.base/jdk.internal.reflect.DelegatingMethodAccessorImpl.invoke(DelegatingMethodAccessorImpl.java:43)
Caused by: org.openqa.selenium.NoSuchElementException: An element could not be located on the page using the given search parameters. (WARNING: The server did not provide any stacktrace information)
Command duration or timeout: 0 milliseconds
For documentation on this error, please visit: https://www.seleniumhq.org/exceptions/no_such_element.html
Build info: version: '3.141.59', revision: 'e82be7d358', time: '2018-11-14T08:25:53'
System info: host: 'NB-BARCIK', ip: '192.168.0.163', os.name: 'Windows 11', os.arch: 'amd64', os.version: '10.0', java.version: '17.0.7'
Driver info: io.appium.java_client.windows.WindowsDriver
Capabilities {app: C:\Program Files\Microsoft ..., javascriptEnabled: true, platform: WINDOWS, platformName: WINDOWS}
Session ID: 690A2BAB-C0CA-4BB0-8A0B-2BB4E38E5956
*** Element info: {Using=xpath, value=//Window/Pane[1]/ToolBar[1]/Pane[1]/Pane[1]/Pane[1]/Pane[1]/Tab[1]/TabItem[1]}
	at java.base/jdk.internal.reflect.NativeConstructorAccessorImpl.newInstance0(Native Method)
	at java.base/jdk.internal.reflect.NativeConstructorAccessorImpl.newInstance(NativeConstructorAccessorImpl.java:77)
	at java.base/jdk.internal.reflect.DelegatingConstructorAccessorImpl.newInstance(DelegatingConstructorAccessorImpl.java:45)
	at org.openqa.selenium.remote.ErrorHandler.createThrowable(ErrorHandler.java:214)
	at org.openqa.selenium.remote.ErrorHandler.throwIfResponseFailed(ErrorHandler.java:166)
	at org.openqa.selenium.remote.http.JsonHttpResponseCodec.reconstructValue(JsonHttpResponseCodec.java:40)
	at org.openqa.selenium.remote.http.AbstractHttpResponseCodec.decode(AbstractHttpResponseCodec.java:80)
	at org.openqa.selenium.remote.http.AbstractHttpResponseCodec.decode(AbstractHttpResponseCodec.java:44)
	at org.openqa.selenium.remote.HttpCommandExecutor.execute(HttpCommandExecutor.java:158)
	at io.appium.java_client.remote.AppiumCommandExecutor.execute(AppiumCommandExecutor.java:239)
	at org.openqa.selenium.remote.RemoteWebDriver.execute(RemoteWebDriver.java:552)
	at io.appium.java_client.DefaultGenericMobileDriver.execute(DefaultGenericMobileDriver.java:42)
	at io.appium.java_client.AppiumDriver.execute(AppiumDriver.java:1)
	at io.appium.java_client.windows.WindowsDriver.execute(WindowsDriver.java:1)
	at org.openqa.selenium.remote.RemoteWebDriver.findElement(RemoteWebDriver.java:323)
	at io.appium.java_client.DefaultGenericMobileDriver.findElement(DefaultGenericMobileDriver.java:62)
	at io.appium.java_client.AppiumDriver.findElement(AppiumDriver.java:1)
	at io.appium.java_client.windows.WindowsDriver.findElement(WindowsDriver.java:1)
	at org.openqa.selenium.remote.RemoteWebDriver.findElementByXPath(RemoteWebDriver.java:428)
	at io.appium.java_client.DefaultGenericMobileDriver.findElementByXPath(DefaultGenericMobileDriver.java:152)
	at io.appium.java_client.AppiumDriver.findElementByXPath(AppiumDriver.java:1)
	at io.appium.java_client.windows.WindowsDriver.findElementByXPath(WindowsDriver.java:1)
	at com.kms.katalon.core.windows.keyword.helper.WindowsActionHelper$1.apply(WindowsActionHelper.java:136)
	at com.kms.katalon.core.windows.keyword.helper.WindowsActionHelper$1.apply(WindowsActionHelper.java:1)
	at org.openqa.selenium.support.ui.FluentWait.until(FluentWait.java:249)
	at com.kms.katalon.core.windows.keyword.helper.WindowsActionHelper.findElement(WindowsActionHelper.java:120)
	at com.kms.katalon.core.windows.keyword.helper.WindowsActionHelper.findElement(WindowsActionHelper.java:77)
	at com.kms.katalon.core.windows.keyword.helper.WindowsActionHelper.findElement(WindowsActionHelper.java:69)
	at com.kms.katalon.core.windows.keyword.helper.WindowsActionHelper.click(WindowsActionHelper.java:248)
	at com.kms.katalon.core.windows.keyword.helper.WindowsActionHelper$click$3.call(Unknown Source)
	at com.kms.katalon.core.windows.keyword.builtin.ClickKeyword$_click_closure1.doCall(ClickKeyword.groovy:43)
	at com.kms.katalon.core.windows.keyword.builtin.ClickKeyword$_click_closure1.doCall(ClickKeyword.groovy)
	at jdk.internal.reflect.GeneratedMethodAccessor24.invoke(Unknown Source)
	at java.base/jdk.internal.reflect.DelegatingMethodAccessorImpl.invoke(DelegatingMethodAccessorImpl.java:43)
	at com.kms.katalon.core.keyword.internal.KeywordMain.runKeyword(KeywordMain.groovy:90)
	at com.kms.katalon.core.keyword.internal.KeywordMain$runKeyword.call(Unknown Source)
	at com.kms.katalon.core.windows.keyword.builtin.ClickKeyword.click(ClickKeyword.groovy:37)
	at com.kms.katalon.core.windows.keyword.builtin.ClickKeyword$click.callCurrent(Unknown Source)
	at com.kms.katalon.core.windows.keyword.builtin.ClickKeyword.execute(ClickKeyword.groovy:33)
	at com.kms.katalon.core.keyword.internal.KeywordExecutor.executeKeywordForPlatform(KeywordExecutor.groovy:74)
	at com.kms.katalon.core.windows.keyword.WindowsBuiltinKeywords.click(WindowsBuiltinKeywords.java:72)
	at Email.kontrolaMailu(Email.java:30)
	at Script1713162750537.run(Script1713162750537.groovy:253)
	... 15 more
)]]></system-out>
         <system-err><![CDATA[17-04-2024T14:42:41 - [TEST_CASE][FAILED] - Test Cases/Pozicky B/PozickaB_399076: Test Cases/Pozicky B/PozickaB_399076 FAILED.
Reason:
com.kms.katalon.core.exception.StepFailedException: Expected condition failed: waiting for com.kms.katalon.core.windows.keyword.helper.WindowsActionHelper$1@2e9ab0b3 (tried for 30 second(s) with 50 milliseconds interval) (Root cause: org.openqa.selenium.TimeoutException: Expected condition failed: waiting for com.kms.katalon.core.windows.keyword.helper.WindowsActionHelper$1@2e9ab0b3 (tried for 30 second(s) with 50 milliseconds interval)
	at org.openqa.selenium.support.ui.FluentWait.timeoutException(FluentWait.java:304)
	at org.openqa.selenium.support.ui.FluentWait.until(FluentWait.java:272)
	at com.kms.katalon.core.windows.keyword.helper.WindowsActionHelper.findElement(WindowsActionHelper.java:120)
	at com.kms.katalon.core.windows.keyword.helper.WindowsActionHelper.findElement(WindowsActionHelper.java:77)
	at com.kms.katalon.core.windows.keyword.helper.WindowsActionHelper.findElement(WindowsActionHelper.java:69)
	at com.kms.katalon.core.windows.keyword.helper.WindowsActionHelper.click(WindowsActionHelper.java:248)
	at com.kms.katalon.core.windows.keyword.helper.WindowsActionHelper$click$3.call(Unknown Source)
	at com.kms.katalon.core.windows.keyword.builtin.ClickKeyword$_click_closure1.doCall(ClickKeyword.groovy:43)
	at com.kms.katalon.core.windows.keyword.builtin.ClickKeyword$_click_closure1.doCall(ClickKeyword.groovy)
	at jdk.internal.reflect.GeneratedMethodAccessor24.invoke(Unknown Source)
	at java.base/jdk.internal.reflect.DelegatingMethodAccessorImpl.invoke(DelegatingMethodAccessorImpl.java:43)
	at com.kms.katalon.core.keyword.internal.KeywordMain.runKeyword(KeywordMain.groovy:90)
	at com.kms.katalon.core.keyword.internal.KeywordMain$runKeyword.call(Unknown Source)
	at com.kms.katalon.core.windows.keyword.builtin.ClickKeyword.click(ClickKeyword.groovy:37)
	at com.kms.katalon.core.windows.keyword.builtin.ClickKeyword$click.callCurrent(Unknown Source)
	at com.kms.katalon.core.windows.keyword.builtin.ClickKeyword.execute(ClickKeyword.groovy:33)
	at com.kms.katalon.core.keyword.internal.KeywordExecutor.executeKeywordForPlatform(KeywordExecutor.groovy:74)
	at com.kms.katalon.core.windows.keyword.WindowsBuiltinKeywords.click(WindowsBuiltinKeywords.java:72)
	at Email.kontrolaMailu(Email.java:30)
	at PozickaB_399076.run(PozickaB_399076:253)
	at com.kms.katalon.core.main.ScriptEngine.run(ScriptEngine.java:194)
	at com.kms.katalon.core.main.ScriptEngine.runScriptAsRawText(ScriptEngine.java:119)
	at com.kms.katalon.core.main.TestCaseExecutor.runScript(TestCaseExecutor.java:448)
	at com.kms.katalon.core.main.TestCaseExecutor.doExecute(TestCaseExecutor.java:439)
	at com.kms.katalon.core.main.TestCaseExecutor.processExecutionPhase(TestCaseExecutor.java:418)
	at com.kms.katalon.core.main.TestCaseExecutor.accessMainPhase(TestCaseExecutor.java:410)
	at com.kms.katalon.core.main.TestCaseExecutor.execute(TestCaseExecutor.java:285)
	at com.kms.katalon.core.common.CommonExecutor.accessTestCaseMainPhase(CommonExecutor.java:65)
	at com.kms.katalon.core.main.TestSuiteExecutor.accessTestSuiteMainPhase(TestSuiteExecutor.java:150)
	at com.kms.katalon.core.main.TestSuiteExecutor.execute(TestSuiteExecutor.java:106)
	at com.kms.katalon.core.main.TestCaseMain.startTestSuite(TestCaseMain.java:180)
	at TempTestSuite1713357402021.run(TempTestSuite1713357402021.groovy:35)
	at java.base/jdk.internal.reflect.NativeMethodAccessorImpl.invoke0(Native Method)
	at java.base/jdk.internal.reflect.NativeMethodAccessorImpl.invoke(NativeMethodAccessorImpl.java:77)
	at java.base/jdk.internal.reflect.DelegatingMethodAccessorImpl.invoke(DelegatingMethodAccessorImpl.java:43)
Caused by: org.openqa.selenium.NoSuchElementException: An element could not be located on the page using the given search parameters. (WARNING: The server did not provide any stacktrace information)
Command duration or timeout: 0 milliseconds
For documentation on this error, please visit: https://www.seleniumhq.org/exceptions/no_such_element.html
Build info: version: '3.141.59', revision: 'e82be7d358', time: '2018-11-14T08:25:53'
System info: host: 'NB-BARCIK', ip: '192.168.0.163', os.name: 'Windows 11', os.arch: 'amd64', os.version: '10.0', java.version: '17.0.7'
Driver info: io.appium.java_client.windows.WindowsDriver
Capabilities {app: C:\Program Files\Microsoft ..., javascriptEnabled: true, platform: WINDOWS, platformName: WINDOWS}
Session ID: 690A2BAB-C0CA-4BB0-8A0B-2BB4E38E5956
*** Element info: {Using=xpath, value=//Window/Pane[1]/ToolBar[1]/Pane[1]/Pane[1]/Pane[1]/Pane[1]/Tab[1]/TabItem[1]}
	at java.base/jdk.internal.reflect.NativeConstructorAccessorImpl.newInstance0(Native Method)
	at java.base/jdk.internal.reflect.NativeConstructorAccessorImpl.newInstance(NativeConstructorAccessorImpl.java:77)
	at java.base/jdk.internal.reflect.DelegatingConstructorAccessorImpl.newInstance(DelegatingConstructorAccessorImpl.java:45)
	at org.openqa.selenium.remote.ErrorHandler.createThrowable(ErrorHandler.java:214)
	at org.openqa.selenium.remote.ErrorHandler.throwIfResponseFailed(ErrorHandler.java:166)
	at org.openqa.selenium.remote.http.JsonHttpResponseCodec.reconstructValue(JsonHttpResponseCodec.java:40)
	at org.openqa.selenium.remote.http.AbstractHttpResponseCodec.decode(AbstractHttpResponseCodec.java:80)
	at org.openqa.selenium.remote.http.AbstractHttpResponseCodec.decode(AbstractHttpResponseCodec.java:44)
	at org.openqa.selenium.remote.HttpCommandExecutor.execute(HttpCommandExecutor.java:158)
	at io.appium.java_client.remote.AppiumCommandExecutor.execute(AppiumCommandExecutor.java:239)
	at org.openqa.selenium.remote.RemoteWebDriver.execute(RemoteWebDriver.java:552)
	at io.appium.java_client.DefaultGenericMobileDriver.execute(DefaultGenericMobileDriver.java:42)
	at io.appium.java_client.AppiumDriver.execute(AppiumDriver.java:1)
	at io.appium.java_client.windows.WindowsDriver.execute(WindowsDriver.java:1)
	at org.openqa.selenium.remote.RemoteWebDriver.findElement(RemoteWebDriver.java:323)
	at io.appium.java_client.DefaultGenericMobileDriver.findElement(DefaultGenericMobileDriver.java:62)
	at io.appium.java_client.AppiumDriver.findElement(AppiumDriver.java:1)
	at io.appium.java_client.windows.WindowsDriver.findElement(WindowsDriver.java:1)
	at org.openqa.selenium.remote.RemoteWebDriver.findElementByXPath(RemoteWebDriver.java:428)
	at io.appium.java_client.DefaultGenericMobileDriver.findElementByXPath(DefaultGenericMobileDriver.java:152)
	at io.appium.java_client.AppiumDriver.findElementByXPath(AppiumDriver.java:1)
	at io.appium.java_client.windows.WindowsDriver.findElementByXPath(WindowsDriver.java:1)
	at com.kms.katalon.core.windows.keyword.helper.WindowsActionHelper$1.apply(WindowsActionHelper.java:136)
	at com.kms.katalon.core.windows.keyword.helper.WindowsActionHelper$1.apply(WindowsActionHelper.java:1)
	at org.openqa.selenium.support.ui.FluentWait.until(FluentWait.java:249)
	at com.kms.katalon.core.windows.keyword.helper.WindowsActionHelper.findElement(WindowsActionHelper.java:120)
	at com.kms.katalon.core.windows.keyword.helper.WindowsActionHelper.findElement(WindowsActionHelper.java:77)
	at com.kms.katalon.core.windows.keyword.helper.WindowsActionHelper.findElement(WindowsActionHelper.java:69)
	at com.kms.katalon.core.windows.keyword.helper.WindowsActionHelper.click(WindowsActionHelper.java:248)
	at com.kms.katalon.core.windows.keyword.helper.WindowsActionHelper$click$3.call(Unknown Source)
	at com.kms.katalon.core.windows.keyword.builtin.ClickKeyword$_click_closure1.doCall(ClickKeyword.groovy:43)
	at com.kms.katalon.core.windows.keyword.builtin.ClickKeyword$_click_closure1.doCall(ClickKeyword.groovy)
	at jdk.internal.reflect.GeneratedMethodAccessor24.invoke(Unknown Source)
	at java.base/jdk.internal.reflect.DelegatingMethodAccessorImpl.invoke(DelegatingMethodAccessorImpl.java:43)
	at com.kms.katalon.core.keyword.internal.KeywordMain.runKeyword(KeywordMain.groovy:90)
	at com.kms.katalon.core.keyword.internal.KeywordMain$runKeyword.call(Unknown Source)
	at com.kms.katalon.core.windows.keyword.builtin.ClickKeyword.click(ClickKeyword.groovy:37)
	at com.kms.katalon.core.windows.keyword.builtin.ClickKeyword$click.callCurrent(Unknown Source)
	at com.kms.katalon.core.windows.keyword.builtin.ClickKeyword.execute(ClickKeyword.groovy:33)
	at com.kms.katalon.core.keyword.internal.KeywordExecutor.executeKeywordForPlatform(KeywordExecutor.groovy:74)
	at com.kms.katalon.core.windows.keyword.WindowsBuiltinKeywords.click(WindowsBuiltinKeywords.java:72)
	at Email.kontrolaMailu(Email.java:30)
	at Script1713162750537.run(Script1713162750537.groovy:253)
	... 15 more
)
	at com.kms.katalon.core.keyword.internal.KeywordMain.stepFailed(KeywordMain.groovy:51)
	at com.kms.katalon.core.keyword.internal.KeywordMain.stepFailed(KeywordMain.groovy)
	at com.kms.katalon.core.keyword.internal.KeywordMain.runKeyword(KeywordMain.groovy:92)
	at com.kms.katalon.core.keyword.internal.KeywordMain$runKeyword.call(Unknown Source)
	at com.kms.katalon.core.windows.keyword.builtin.ClickKeyword.click(ClickKeyword.groovy:37)
	at com.kms.katalon.core.windows.keyword.builtin.ClickKeyword$click.callCurrent(Unknown Source)
	at com.kms.katalon.core.windows.keyword.builtin.ClickKeyword.execute(ClickKeyword.groovy:33)
	at com.kms.katalon.core.keyword.internal.KeywordExecutor.executeKeywordForPlatform(KeywordExecutor.groovy:74)
	at com.kms.katalon.core.windows.keyword.WindowsBuiltinKeywords.click(WindowsBuiltinKeywords.java:72)
	at Email.kontrolaMailu(Email.java:30)
	at PozickaB_399076.run(PozickaB_399076:253)
	at com.kms.katalon.core.main.ScriptEngine.run(ScriptEngine.java:194)
	at com.kms.katalon.core.main.ScriptEngine.runScriptAsRawText(ScriptEngine.java:119)
	at com.kms.katalon.core.main.TestCaseExecutor.runScript(TestCaseExecutor.java:448)
	at com.kms.katalon.core.main.TestCaseExecutor.doExecute(TestCaseExecutor.java:439)
	at com.kms.katalon.core.main.TestCaseExecutor.processExecutionPhase(TestCaseExecutor.java:418)
	at com.kms.katalon.core.main.TestCaseExecutor.accessMainPhase(TestCaseExecutor.java:410)
	at com.kms.katalon.core.main.TestCaseExecutor.execute(TestCaseExecutor.java:285)
	at com.kms.katalon.core.common.CommonExecutor.accessTestCaseMainPhase(CommonExecutor.java:65)
	at com.kms.katalon.core.main.TestSuiteExecutor.accessTestSuiteMainPhase(TestSuiteExecutor.java:150)
	at com.kms.katalon.core.main.TestSuiteExecutor.execute(TestSuiteExecutor.java:106)
	at com.kms.katalon.core.main.TestCaseMain.startTestSuite(TestCaseMain.java:180)
	at TempTestSuite1713357402021.run(TempTestSuite1713357402021.groovy:35)
	at java.base/jdk.internal.reflect.NativeMethodAccessorImpl.invoke0(Native Method)
	at java.base/jdk.internal.reflect.NativeMethodAccessorImpl.invoke(NativeMethodAccessorImpl.java:77)
	at java.base/jdk.internal.reflect.DelegatingMethodAccessorImpl.invoke(DelegatingMethodAccessorImpl.java:43)
Caused by: org.openqa.selenium.TimeoutException: Expected condition failed: waiting for com.kms.katalon.core.windows.keyword.helper.WindowsActionHelper$1@2e9ab0b3 (tried for 30 second(s) with 50 milliseconds interval)
	at org.openqa.selenium.support.ui.FluentWait.timeoutException(FluentWait.java:304)
	at org.openqa.selenium.support.ui.FluentWait.until(FluentWait.java:272)
	at com.kms.katalon.core.windows.keyword.helper.WindowsActionHelper.findElement(WindowsActionHelper.java:120)
	at com.kms.katalon.core.windows.keyword.helper.WindowsActionHelper.findElement(WindowsActionHelper.java:77)
	at com.kms.katalon.core.windows.keyword.helper.WindowsActionHelper.findElement(WindowsActionHelper.java:69)
	at com.kms.katalon.core.windows.keyword.helper.WindowsActionHelper.click(WindowsActionHelper.java:248)
	at com.kms.katalon.core.windows.keyword.helper.WindowsActionHelper$click$3.call(Unknown Source)
	at com.kms.katalon.core.windows.keyword.builtin.ClickKeyword$_click_closure1.doCall(ClickKeyword.groovy:43)
	at com.kms.katalon.core.windows.keyword.builtin.ClickKeyword$_click_closure1.doCall(ClickKeyword.groovy)
	at jdk.internal.reflect.GeneratedMethodAccessor24.invoke(Unknown Source)
	at java.base/jdk.internal.reflect.DelegatingMethodAccessorImpl.invoke(DelegatingMethodAccessorImpl.java:43)
	at com.kms.katalon.core.keyword.internal.KeywordMain.runKeyword(KeywordMain.groovy:90)
	... 23 more
Caused by: org.openqa.selenium.NoSuchElementException: An element could not be located on the page using the given search parameters. (WARNING: The server did not provide any stacktrace information)
Command duration or timeout: 0 milliseconds
For documentation on this error, please visit: https://www.seleniumhq.org/exceptions/no_such_element.html
Build info: version: '3.141.59', revision: 'e82be7d358', time: '2018-11-14T08:25:53'
System info: host: 'NB-BARCIK', ip: '192.168.0.163', os.name: 'Windows 11', os.arch: 'amd64', os.version: '10.0', java.version: '17.0.7'
Driver info: io.appium.java_client.windows.WindowsDriver
Capabilities {app: C:\Program Files\Microsoft ..., javascriptEnabled: true, platform: WINDOWS, platformName: WINDOWS}
Session ID: 690A2BAB-C0CA-4BB0-8A0B-2BB4E38E5956
*** Element info: {Using=xpath, value=//Window/Pane[1]/ToolBar[1]/Pane[1]/Pane[1]/Pane[1]/Pane[1]/Tab[1]/TabItem[1]}
	at java.base/jdk.internal.reflect.NativeConstructorAccessorImpl.newInstance0(Native Method)
	at java.base/jdk.internal.reflect.NativeConstructorAccessorImpl.newInstance(NativeConstructorAccessorImpl.java:77)
	at java.base/jdk.internal.reflect.DelegatingConstructorAccessorImpl.newInstance(DelegatingConstructorAccessorImpl.java:45)
	at org.openqa.selenium.remote.ErrorHandler.createThrowable(ErrorHandler.java:214)
	at org.openqa.selenium.remote.ErrorHandler.throwIfResponseFailed(ErrorHandler.java:166)
	at org.openqa.selenium.remote.http.JsonHttpResponseCodec.reconstructValue(JsonHttpResponseCodec.java:40)
	at org.openqa.selenium.remote.http.AbstractHttpResponseCodec.decode(AbstractHttpResponseCodec.java:80)
	at org.openqa.selenium.remote.http.AbstractHttpResponseCodec.decode(AbstractHttpResponseCodec.java:44)
	at org.openqa.selenium.remote.HttpCommandExecutor.execute(HttpCommandExecutor.java:158)
	at io.appium.java_client.remote.AppiumCommandExecutor.execute(AppiumCommandExecutor.java:239)
	at org.openqa.selenium.remote.RemoteWebDriver.execute(RemoteWebDriver.java:552)
	at io.appium.java_client.DefaultGenericMobileDriver.execute(DefaultGenericMobileDriver.java:42)
	at io.appium.java_client.AppiumDriver.execute(AppiumDriver.java:1)
	at io.appium.java_client.windows.WindowsDriver.execute(WindowsDriver.java:1)
	at org.openqa.selenium.remote.RemoteWebDriver.findElement(RemoteWebDriver.java:323)
	at io.appium.java_client.DefaultGenericMobileDriver.findElement(DefaultGenericMobileDriver.java:62)
	at io.appium.java_client.AppiumDriver.findElement(AppiumDriver.java:1)
	at io.appium.java_client.windows.WindowsDriver.findElement(WindowsDriver.java:1)
	at org.openqa.selenium.remote.RemoteWebDriver.findElementByXPath(RemoteWebDriver.java:428)
	at io.appium.java_client.DefaultGenericMobileDriver.findElementByXPath(DefaultGenericMobileDriver.java:152)
	at io.appium.java_client.AppiumDriver.findElementByXPath(AppiumDriver.java:1)
	at io.appium.java_client.windows.WindowsDriver.findElementByXPath(WindowsDriver.java:1)
	at com.kms.katalon.core.windows.keyword.helper.WindowsActionHelper$1.apply(WindowsActionHelper.java:136)
	at com.kms.katalon.core.windows.keyword.helper.WindowsActionHelper$1.apply(WindowsActionHelper.java:1)
	at org.openqa.selenium.support.ui.FluentWait.until(FluentWait.java:249)
	... 33 more]]></system-err>
      </testcase>
      <testcase name="Test Cases/Pozicky B/PozickaB_399079" time="145.016" classname="Test Cases/Pozicky B/PozickaB_399079" status="PASSED">
         <system-out><![CDATA[17-04-2024T14:47:26 - [TEST_CASE][PASSED] - Test Cases/Pozicky B/PozickaB_399079: Test Cases/Pozicky B/PozickaB_399079

17-04-2024T14:47:26 - [TEST_STEP][PASSED] - openBrowser(""): Browser is opened with url: ''

17-04-2024T14:47:26 - [MESSAGE][INFO] - Starting 'Chrome' driver

17-04-2024T14:47:26 - [MESSAGE][INFO] - User set preference: ['prefs', '{protocol_handler={allowed_origin_protocol_pairs={https://es-test.minedu.sk={ditec-dlauncher=true}}}}']

17-04-2024T14:47:26 - [MESSAGE][INFO] - Action delay is set to 0 milliseconds

17-04-2024T14:47:28 - [MESSAGE][PASSED] - Browser is opened with url: ''

17-04-2024T14:47:28 - [TEST_STEP][PASSED] - navigateToUrl("https://es-test.minedu.sk/"): Navigate to 'https://es-test.minedu.sk/' successfully

17-04-2024T14:47:32 - [MESSAGE][PASSED] - Navigate to 'https://es-test.minedu.sk/' successfully

17-04-2024T14:47:32 - [TEST_STEP][PASSED] - maximizeWindow(): Current window maximized

17-04-2024T14:47:32 - [MESSAGE][PASSED] - Current window maximized

17-04-2024T14:47:32 - [TEST_STEP][PASSED] - click(findTestObject("Object Repository/Page_Portl elektronickch sluieb regionlneho_9bdbd3/a_Shlasm")): Object: 'Object Repository/Page_Portl elektronickch sluieb regionlneho_9bdbd3/a_Shlasm' is clicked on

17-04-2024T14:47:33 - [MESSAGE][PASSED] - Object: 'Object Repository/Page_Portl elektronickch sluieb regionlneho_9bdbd3/a_Shlasm' is clicked on

17-04-2024T14:47:33 - [TEST_STEP][PASSED] - click(findTestObject("Object Repository/Page_Portl elektronickch sluieb regionlneho_9bdbd3/a_Prihlsi sa")): Object: 'Object Repository/Page_Portl elektronickch sluieb regionlneho_9bdbd3/a_Prihlsi sa' is clicked on

17-04-2024T14:47:36 - [MESSAGE][PASSED] - Object: 'Object Repository/Page_Portl elektronickch sluieb regionlneho_9bdbd3/a_Prihlsi sa' is clicked on

17-04-2024T14:47:36 - [TEST_STEP][PASSED] - click(findTestObject("Object Repository/Page_Spsoby prihlsenia sa na portl - Iam.Web/div_Registranho formulra_icon")): Object: 'Object Repository/Page_Spsoby prihlsenia sa na portl - Iam.Web/div_Registranho formulra_icon' is clicked on

17-04-2024T14:47:36 - [MESSAGE][PASSED] - Object: 'Object Repository/Page_Spsoby prihlsenia sa na portl - Iam.Web/div_Registranho formulra_icon' is clicked on

17-04-2024T14:47:36 - [TEST_STEP][PASSED] - setText(findTestObject("Object Repository/Page_Identifiktor a heslo fyzickej osoby - Iam.Web/input_Zadajte svoj identifiktor_DomainName"), "930382290"): Text '930382290' is set on object 'Object Repository/Page_Identifiktor a heslo fyzickej osoby - Iam.Web/input_Zadajte svoj identifiktor_DomainName'

17-04-2024T14:47:37 - [MESSAGE][PASSED] - Text '930382290' is set on object 'Object Repository/Page_Identifiktor a heslo fyzickej osoby - Iam.Web/input_Zadajte svoj identifiktor_DomainName'

17-04-2024T14:47:37 - [TEST_STEP][PASSED] - setEncryptedText(findTestObject("Object Repository/Page_Identifiktor a heslo fyzickej osoby - Iam.Web/input_Zadajte svoje prihlasovacie heslo_Password"), "U8nf8IyamTpUg019is4peg=="): Text ****** has been set on object 'Object Repository/Page_Identifiktor a heslo fyzickej osoby - Iam.Web/input_Zadajte svoje prihlasovacie heslo_Password'

17-04-2024T14:47:37 - [MESSAGE][PASSED] - Text ****** has been set on object 'Object Repository/Page_Identifiktor a heslo fyzickej osoby - Iam.Web/input_Zadajte svoje prihlasovacie heslo_Password'

17-04-2024T14:47:37 - [TEST_STEP][PASSED] - click(findTestObject("Object Repository/Page_Identifiktor a heslo fyzickej osoby - Iam.Web/input_Zabudnut heslo_btn-continue")): Object: 'Object Repository/Page_Identifiktor a heslo fyzickej osoby - Iam.Web/input_Zabudnut heslo_btn-continue' is clicked on

17-04-2024T14:47:39 - [MESSAGE][PASSED] - Object: 'Object Repository/Page_Identifiktor a heslo fyzickej osoby - Iam.Web/input_Zabudnut heslo_btn-continue' is clicked on

17-04-2024T14:47:39 - [TEST_STEP][PASSED] - click(findTestObject("Object Repository/Page_Portl elektronickch sluieb regionlneho_9bdbd3/a_tudent")): Object: 'Object Repository/Page_Portl elektronickch sluieb regionlneho_9bdbd3/a_tudent' is clicked on

17-04-2024T14:47:41 - [MESSAGE][PASSED] - Object: 'Object Repository/Page_Portl elektronickch sluieb regionlneho_9bdbd3/a_tudent' is clicked on

17-04-2024T14:47:41 - [TEST_STEP][PASSED] - click(findTestObject("Object Repository/Page_Elektronick sluby pre tudentov  Elektr_37b4bf/a_Podvanie iadosti o piku pre tudentov z Fo_135f09")): Object: 'Object Repository/Page_Elektronick sluby pre tudentov  Elektr_37b4bf/a_Podvanie iadosti o piku pre tudentov z Fo_135f09' is clicked on

17-04-2024T14:47:42 - [MESSAGE][PASSED] - Object: 'Object Repository/Page_Elektronick sluby pre tudentov  Elektr_37b4bf/a_Podvanie iadosti o piku pre tudentov z Fo_135f09' is clicked on

17-04-2024T14:47:42 - [TEST_STEP][PASSED] - click(findTestObject("Object Repository/Page_Podvanie iadosti o piku pre tudentov z_37fe9e/a_Prejs na iados o piku (bez zabezpeenia ruiteom)")): Object: 'Object Repository/Page_Podvanie iadosti o piku pre tudentov z_37fe9e/a_Prejs na iados o piku (bez zabezpeenia ruiteom)' is clicked on

17-04-2024T14:47:46 - [MESSAGE][PASSED] - Object: 'Object Repository/Page_Podvanie iadosti o piku pre tudentov z_37fe9e/a_Prejs na iados o piku (bez zabezpeenia ruiteom)' is clicked on

17-04-2024T14:47:46 - [TEST_STEP][PASSED] - waitForElementVisible(findTestObject("Object Repository/Page_Formulr iadosti o piku (bez zabezpeeni_2a8278/span_ESRVS-2024-2148"), 0): Object 'Object Repository/Page_Formulr iadosti o piku (bez zabezpeeni_2a8278/span_ESRVS-2024-2148' is visible

17-04-2024T14:47:46 - [MESSAGE][WARNING] - Timeout '0' is invalid. Using default page load timeout: '30'

17-04-2024T14:48:09 - [MESSAGE][PASSED] - Object 'Object Repository/Page_Formulr iadosti o piku (bez zabezpeeni_2a8278/span_ESRVS-2024-2148' is visible

17-04-2024T14:48:09 - [TEST_STEP][PASSED] - identifikator = getText(findTestObject("Object Repository/Page_Formulr iadosti o piku (bez zabezpeeni_2a8278/span_ESRVS-2024-2148")): Text of object 'Object Repository/Page_Formulr iadosti o piku (bez zabezpeeni_2a8278/span_ESRVS-2024-2148' is: 'ESRVS-2024-2238'

17-04-2024T14:48:10 - [MESSAGE][PASSED] - Text of object 'Object Repository/Page_Formulr iadosti o piku (bez zabezpeeni_2a8278/span_ESRVS-2024-2148' is: 'ESRVS-2024-2238'

17-04-2024T14:48:10 - [TEST_STEP][PASSED] - verifyElementText(findTestObject("Object Repository/Page_Formulr iadosti o piku (bez zabezpeeni_2a8278/span_ESRVS-2024-2148"), identifikator, OPTIONAL): Actual text and expected text of test object 'Object Repository/Page_Formulr iadosti o piku (bez zabezpeeni_2a8278/span_ESRVS-2024-2148' are matched.

17-04-2024T14:48:10 - [MESSAGE][PASSED] - Actual text and expected text of test object 'Object Repository/Page_Formulr iadosti o piku (bez zabezpeeni_2a8278/span_ESRVS-2024-2148' are matched.

17-04-2024T14:48:10 - [TEST_STEP][PASSED] - setText(findTestObject("Object Repository/Page_Formulr iadosti o piku (bez zabezpeeni_2a8278/input_Zadajte PS trvalho pobytu_UI_V_ZP_in__f1f09d"), "05687"): Text '05687' is set on object 'Object Repository/Page_Formulr iadosti o piku (bez zabezpeeni_2a8278/input_Zadajte PS trvalho pobytu_UI_V_ZP_in__f1f09d'

17-04-2024T14:48:11 - [MESSAGE][PASSED] - Text '05687' is set on object 'Object Repository/Page_Formulr iadosti o piku (bez zabezpeeni_2a8278/input_Zadajte PS trvalho pobytu_UI_V_ZP_in__f1f09d'

17-04-2024T14:48:11 - [TEST_STEP][PASSED] - setText(findTestObject("Object Repository/Page_Formulr iadosti o piku (bez zabezpeeni_2a8278/input_Zadajte kontaktn e-mailov adresu_UI_V_aee6cc"), "barcik@ditec.sk"): Text 'barcik@ditec.sk' is set on object 'Object Repository/Page_Formulr iadosti o piku (bez zabezpeeni_2a8278/input_Zadajte kontaktn e-mailov adresu_UI_V_aee6cc'

17-04-2024T14:48:12 - [MESSAGE][PASSED] - Text 'barcik@ditec.sk' is set on object 'Object Repository/Page_Formulr iadosti o piku (bez zabezpeeni_2a8278/input_Zadajte kontaktn e-mailov adresu_UI_V_aee6cc'

17-04-2024T14:48:12 - [TEST_STEP][PASSED] - setText(findTestObject("Object Repository/Page_Formulr iadosti o piku (bez zabezpeeni_2a8278/input_Zadajte najvy zskan titul (v prpade v_aad6cd"), "Ing."): Text 'Ing.' is set on object 'Object Repository/Page_Formulr iadosti o piku (bez zabezpeeni_2a8278/input_Zadajte najvy zskan titul (v prpade v_aad6cd'

17-04-2024T14:48:12 - [MESSAGE][PASSED] - Text 'Ing.' is set on object 'Object Repository/Page_Formulr iadosti o piku (bez zabezpeeni_2a8278/input_Zadajte najvy zskan titul (v prpade v_aad6cd'

17-04-2024T14:48:12 - [TEST_STEP][PASSED] - setText(findTestObject("Object Repository/Page_Formulr iadosti o piku (bez zabezpeeni_2a8278/input_Zadajte telefnne slo vrtane medzinrod_dbbd6c"), "+421950654789"): Text '+421950654789' is set on object 'Object Repository/Page_Formulr iadosti o piku (bez zabezpeeni_2a8278/input_Zadajte telefnne slo vrtane medzinrod_dbbd6c'

17-04-2024T14:48:13 - [MESSAGE][PASSED] - Text '+421950654789' is set on object 'Object Repository/Page_Formulr iadosti o piku (bez zabezpeeni_2a8278/input_Zadajte telefnne slo vrtane medzinrod_dbbd6c'

17-04-2024T14:48:13 - [TEST_STEP][PASSED] - click(findTestObject("Object Repository/Page_Formulr iadosti o piku (bez zabezpeeni_2a8278/button_Pokraova")): Object: 'Object Repository/Page_Formulr iadosti o piku (bez zabezpeeni_2a8278/button_Pokraova' is clicked on

17-04-2024T14:48:13 - [MESSAGE][PASSED] - Object: 'Object Repository/Page_Formulr iadosti o piku (bez zabezpeeni_2a8278/button_Pokraova' is clicked on

17-04-2024T14:48:13 - [TEST_STEP][PASSED] - selectOptionByValue(findTestObject("Object Repository/Page_Formulr iadosti o piku (bez zabezpeeni_2a8278/select_Hlavn                               _477f09"), "1", true): All options with value '1' are selected in object 'Object Repository/Page_Formulr iadosti o piku (bez zabezpeeni_2a8278/select_Hlavn                               _477f09'  using regular expression

17-04-2024T14:48:15 - [MESSAGE][PASSED] - All options with value '1' are selected in object 'Object Repository/Page_Formulr iadosti o piku (bez zabezpeeni_2a8278/select_Hlavn                               _477f09'  using regular expression

17-04-2024T14:48:15 - [TEST_STEP][PASSED] - selectOptionByValue(findTestObject("Page_Formulr iadosti o piku (bez zabezpeeni_2a8278/select_Hlavn2"), "2", false): All options with value '2' are selected in object 'Object Repository/Page_Formulr iadosti o piku (bez zabezpeeni_2a8278/select_Hlavn2' 

17-04-2024T14:48:15 - [MESSAGE][PASSED] - All options with value '2' are selected in object 'Object Repository/Page_Formulr iadosti o piku (bez zabezpeeni_2a8278/select_Hlavn2' 

17-04-2024T14:48:15 - [TEST_STEP][PASSED] - click(findTestObject("Object Repository/Page_Formulr iadosti o piku (bez zabezpeeni_2a8278/button_Uloi")): Object: 'Object Repository/Page_Formulr iadosti o piku (bez zabezpeeni_2a8278/button_Uloi' is clicked on

17-04-2024T14:48:16 - [MESSAGE][PASSED] - Object: 'Object Repository/Page_Formulr iadosti o piku (bez zabezpeeni_2a8278/button_Uloi' is clicked on

17-04-2024T14:48:16 - [TEST_STEP][PASSED] - selectOptionByValue(findTestObject("Object Repository/Page_Formulr iadosti o piku (bez zabezpeeni_2a8278/select_Vber Fakulta priemyselnch technolgi _aa995f"), "400000105", true): All options with value '400000105' are selected in object 'Object Repository/Page_Formulr iadosti o piku (bez zabezpeeni_2a8278/select_Vber Fakulta priemyselnch technolgi _aa995f'  using regular expression

17-04-2024T14:48:17 - [MESSAGE][PASSED] - All options with value '400000105' are selected in object 'Object Repository/Page_Formulr iadosti o piku (bez zabezpeeni_2a8278/select_Vber Fakulta priemyselnch technolgi _aa995f'  using regular expression

17-04-2024T14:48:17 - [TEST_STEP][PASSED] - verifyElementPresent(findTestObject("Object Repository/Page_Formulr iadosti o piku (bez zabezpeeni_2a8278/input_Zadajte adresu koly_UI_V_ZP_in_SkolaS_4fb274"), 0, OPTIONAL): Object 'Object Repository/Page_Formulr iadosti o piku (bez zabezpeeni_2a8278/input_Zadajte adresu koly_UI_V_ZP_in_SkolaS_4fb274' is present

17-04-2024T14:48:17 - [MESSAGE][WARNING] - Timeout '0' is invalid. Using default page load timeout: '30'

17-04-2024T14:48:17 - [MESSAGE][PASSED] - Object 'Object Repository/Page_Formulr iadosti o piku (bez zabezpeeni_2a8278/input_Zadajte adresu koly_UI_V_ZP_in_SkolaS_4fb274' is present

17-04-2024T14:48:17 - [TEST_STEP][PASSED] - verifyElementPresent(findTestObject("Object Repository/Page_Formulr iadosti o piku (bez zabezpeeni_2a8278/input_De_UI_V_ZP_in_SkolaSlovenska_DatumZapisu-day"), 0, OPTIONAL): Object 'Object Repository/Page_Formulr iadosti o piku (bez zabezpeeni_2a8278/input_De_UI_V_ZP_in_SkolaSlovenska_DatumZapisu-day' is present

17-04-2024T14:48:17 - [MESSAGE][WARNING] - Timeout '0' is invalid. Using default page load timeout: '30'

17-04-2024T14:48:18 - [MESSAGE][PASSED] - Object 'Object Repository/Page_Formulr iadosti o piku (bez zabezpeeni_2a8278/input_De_UI_V_ZP_in_SkolaSlovenska_DatumZapisu-day' is present

17-04-2024T14:48:18 - [TEST_STEP][PASSED] - verifyElementPresent(findTestObject("Object Repository/Page_Formulr iadosti o piku (bez zabezpeeni_2a8278/input_Mesiac_UI_V_ZP_in_SkolaSlovenska_Datu_c1c0f2"), 0, OPTIONAL): Object 'Object Repository/Page_Formulr iadosti o piku (bez zabezpeeni_2a8278/input_Mesiac_UI_V_ZP_in_SkolaSlovenska_Datu_c1c0f2' is present

17-04-2024T14:48:18 - [MESSAGE][WARNING] - Timeout '0' is invalid. Using default page load timeout: '30'

17-04-2024T14:48:18 - [MESSAGE][PASSED] - Object 'Object Repository/Page_Formulr iadosti o piku (bez zabezpeeni_2a8278/input_Mesiac_UI_V_ZP_in_SkolaSlovenska_Datu_c1c0f2' is present

17-04-2024T14:48:18 - [TEST_STEP][PASSED] - verifyElementPresent(findTestObject("Object Repository/Page_Formulr iadosti o piku (bez zabezpeeni_2a8278/input_Rok_UI_V_ZP_in_SkolaSlovenska_DatumZa_88e07d"), 0, OPTIONAL): Object 'Object Repository/Page_Formulr iadosti o piku (bez zabezpeeni_2a8278/input_Rok_UI_V_ZP_in_SkolaSlovenska_DatumZa_88e07d' is present

17-04-2024T14:48:18 - [MESSAGE][WARNING] - Timeout '0' is invalid. Using default page load timeout: '30'

17-04-2024T14:48:18 - [MESSAGE][PASSED] - Object 'Object Repository/Page_Formulr iadosti o piku (bez zabezpeeni_2a8278/input_Rok_UI_V_ZP_in_SkolaSlovenska_DatumZa_88e07d' is present

17-04-2024T14:48:18 - [TEST_STEP][PASSED] - verifyElementPresent(findTestObject("Object Repository/Page_Formulr iadosti o piku (bez zabezpeeni_2a8278/input_I. stupe_UI_V_ZP_in_SkolaSlovenska_St_7dbc3c"), 0, OPTIONAL): Object 'Object Repository/Page_Formulr iadosti o piku (bez zabezpeeni_2a8278/input_I. stupe_UI_V_ZP_in_SkolaSlovenska_St_7dbc3c' is present

17-04-2024T14:48:18 - [MESSAGE][WARNING] - Timeout '0' is invalid. Using default page load timeout: '30'

17-04-2024T14:48:18 - [MESSAGE][PASSED] - Object 'Object Repository/Page_Formulr iadosti o piku (bez zabezpeeni_2a8278/input_I. stupe_UI_V_ZP_in_SkolaSlovenska_St_7dbc3c' is present

17-04-2024T14:48:18 - [TEST_STEP][PASSED] - verifyElementPresent(findTestObject("Object Repository/Page_Formulr iadosti o piku (bez zabezpeeni_2a8278/select_1                                   _3dfe8f"), 0, OPTIONAL): Object 'Object Repository/Page_Formulr iadosti o piku (bez zabezpeeni_2a8278/select_1                                   _3dfe8f' is present

17-04-2024T14:48:18 - [MESSAGE][WARNING] - Timeout '0' is invalid. Using default page load timeout: '30'

17-04-2024T14:48:19 - [MESSAGE][PASSED] - Object 'Object Repository/Page_Formulr iadosti o piku (bez zabezpeeni_2a8278/select_1                                   _3dfe8f' is present

17-04-2024T14:48:19 - [TEST_STEP][PASSED] - click(findTestObject("Object Repository/Page_Formulr iadosti o piku (bez zabezpeeni_2a8278/input_Zobrazi detail_UI_V_ZP_in_SkolaSloven_03cebd")): Object: 'Object Repository/Page_Formulr iadosti o piku (bez zabezpeeni_2a8278/input_Zobrazi detail_UI_V_ZP_in_SkolaSloven_03cebd' is clicked on

17-04-2024T14:48:19 - [MESSAGE][PASSED] - Object: 'Object Repository/Page_Formulr iadosti o piku (bez zabezpeeni_2a8278/input_Zobrazi detail_UI_V_ZP_in_SkolaSloven_03cebd' is clicked on

17-04-2024T14:48:19 - [TEST_STEP][PASSED] - setText(findTestObject("Object Repository/Page_Formulr iadosti o piku (bez zabezpeeni_2a8278/input_Mesiac_UI_V_ZP_in_SkolaSlovenska_Datu_9c1a47"), "5"): Text '5' is set on object 'Object Repository/Page_Formulr iadosti o piku (bez zabezpeeni_2a8278/input_Mesiac_UI_V_ZP_in_SkolaSlovenska_Datu_9c1a47'

17-04-2024T14:48:20 - [MESSAGE][PASSED] - Text '5' is set on object 'Object Repository/Page_Formulr iadosti o piku (bez zabezpeeni_2a8278/input_Mesiac_UI_V_ZP_in_SkolaSlovenska_Datu_9c1a47'

17-04-2024T14:48:20 - [TEST_STEP][PASSED] - setText(findTestObject("Object Repository/Page_Formulr iadosti o piku (bez zabezpeeni_2a8278/input_Rok_UI_V_ZP_in_SkolaSlovenska_DatumSt_7956e6"), "2027"): Text '2027' is set on object 'Object Repository/Page_Formulr iadosti o piku (bez zabezpeeni_2a8278/input_Rok_UI_V_ZP_in_SkolaSlovenska_DatumSt_7956e6'

17-04-2024T14:48:20 - [MESSAGE][PASSED] - Text '2027' is set on object 'Object Repository/Page_Formulr iadosti o piku (bez zabezpeeni_2a8278/input_Rok_UI_V_ZP_in_SkolaSlovenska_DatumSt_7956e6'

17-04-2024T14:48:20 - [TEST_STEP][PASSED] - verifyElementPresent(findTestObject("Object Repository/Page_Formulr iadosti o piku (bez zabezpeeni_2a8278/input_tudujete sbene aj na inej fakulte  vy_e867b7"), 0, OPTIONAL): Object 'Object Repository/Page_Formulr iadosti o piku (bez zabezpeeni_2a8278/input_tudujete sbene aj na inej fakulte  vy_e867b7' is present

17-04-2024T14:48:20 - [MESSAGE][WARNING] - Timeout '0' is invalid. Using default page load timeout: '30'

17-04-2024T14:48:21 - [MESSAGE][PASSED] - Object 'Object Repository/Page_Formulr iadosti o piku (bez zabezpeeni_2a8278/input_tudujete sbene aj na inej fakulte  vy_e867b7' is present

17-04-2024T14:48:21 - [TEST_STEP][PASSED] - verifyElementPresent(findTestObject("Object Repository/Page_Formulr iadosti o piku (bez zabezpeeni_2a8278/select_Vber Akadmia ozbrojench sl generla M_e1eb3a"), 0, OPTIONAL): Object 'Object Repository/Page_Formulr iadosti o piku (bez zabezpeeni_2a8278/select_Vber Akadmia ozbrojench sl generla M_e1eb3a' is present

17-04-2024T14:48:21 - [MESSAGE][WARNING] - Timeout '0' is invalid. Using default page load timeout: '30'

17-04-2024T14:48:21 - [MESSAGE][PASSED] - Object 'Object Repository/Page_Formulr iadosti o piku (bez zabezpeeni_2a8278/select_Vber Akadmia ozbrojench sl generla M_e1eb3a' is present

17-04-2024T14:48:21 - [TEST_STEP][PASSED] - verifyElementPresent(findTestObject("Object Repository/Page_Formulr iadosti o piku (bez zabezpeeni_2a8278/select_Vber Evanjelick bohosloveck fakulta _9b66ac"), 0, OPTIONAL): Object 'Object Repository/Page_Formulr iadosti o piku (bez zabezpeeni_2a8278/select_Vber Evanjelick bohosloveck fakulta _9b66ac' is present

17-04-2024T14:48:21 - [MESSAGE][WARNING] - Timeout '0' is invalid. Using default page load timeout: '30'

17-04-2024T14:48:21 - [MESSAGE][PASSED] - Object 'Object Repository/Page_Formulr iadosti o piku (bez zabezpeeni_2a8278/select_Vber Evanjelick bohosloveck fakulta _9b66ac' is present

17-04-2024T14:48:21 - [TEST_STEP][PASSED] - selectOptionByValue(findTestObject("Object Repository/Page_Formulr iadosti o piku (bez zabezpeeni_2a8278/select_1                                   _4271de"), "4", true): All options with value '4' are selected in object 'Object Repository/Page_Formulr iadosti o piku (bez zabezpeeni_2a8278/select_1                                   _4271de'  using regular expression

17-04-2024T14:48:22 - [MESSAGE][PASSED] - All options with value '4' are selected in object 'Object Repository/Page_Formulr iadosti o piku (bez zabezpeeni_2a8278/select_1                                   _4271de'  using regular expression

17-04-2024T14:48:22 - [TEST_STEP][PASSED] - verifyElementPresent(findTestObject("Object Repository/Page_Formulr iadosti o piku (bez zabezpeeni_2a8278/input_II. stupe_UI_V_ZP_in_DalsieStudiumSlo_199592"), 0, OPTIONAL): Object 'Object Repository/Page_Formulr iadosti o piku (bez zabezpeeni_2a8278/input_II. stupe_UI_V_ZP_in_DalsieStudiumSlo_199592' is present

17-04-2024T14:48:22 - [MESSAGE][WARNING] - Timeout '0' is invalid. Using default page load timeout: '30'

17-04-2024T14:48:23 - [MESSAGE][PASSED] - Object 'Object Repository/Page_Formulr iadosti o piku (bez zabezpeeni_2a8278/input_II. stupe_UI_V_ZP_in_DalsieStudiumSlo_199592' is present

17-04-2024T14:48:23 - [TEST_STEP][PASSED] - setText(findTestObject("Object Repository/Page_Formulr iadosti o piku (bez zabezpeeni_2a8278/input_Mesiac_UI_V_ZP_in_DalsieStudiumSloven_ae0432"), "6"): Text '6' is set on object 'Object Repository/Page_Formulr iadosti o piku (bez zabezpeeni_2a8278/input_Mesiac_UI_V_ZP_in_DalsieStudiumSloven_ae0432'

17-04-2024T14:48:23 - [MESSAGE][PASSED] - Text '6' is set on object 'Object Repository/Page_Formulr iadosti o piku (bez zabezpeeni_2a8278/input_Mesiac_UI_V_ZP_in_DalsieStudiumSloven_ae0432'

17-04-2024T14:48:23 - [TEST_STEP][PASSED] - setText(findTestObject("Object Repository/Page_Formulr iadosti o piku (bez zabezpeeni_2a8278/input_Rok_UI_V_ZP_in_DalsieStudiumSlovenska_e3d9a8"), "2026"): Text '2026' is set on object 'Object Repository/Page_Formulr iadosti o piku (bez zabezpeeni_2a8278/input_Rok_UI_V_ZP_in_DalsieStudiumSlovenska_e3d9a8'

17-04-2024T14:48:24 - [MESSAGE][PASSED] - Text '2026' is set on object 'Object Repository/Page_Formulr iadosti o piku (bez zabezpeeni_2a8278/input_Rok_UI_V_ZP_in_DalsieStudiumSlovenska_e3d9a8'

17-04-2024T14:48:24 - [TEST_STEP][PASSED] - click(findTestObject("Object Repository/Page_Formulr iadosti o piku (bez zabezpeeni_2a8278/button_Pokraova")): Object: 'Object Repository/Page_Formulr iadosti o piku (bez zabezpeeni_2a8278/button_Pokraova' is clicked on

17-04-2024T14:48:24 - [MESSAGE][PASSED] - Object: 'Object Repository/Page_Formulr iadosti o piku (bez zabezpeeni_2a8278/button_Pokraova' is clicked on

17-04-2024T14:48:24 - [TEST_STEP][PASSED] - setText(findTestObject("Object Repository/Page_Formulr iadosti o piku (bez zabezpeeni_2a8278/input_tudent  III. stupa vysokokolskho tdia_8c32d4"), "2000"): Text '2000' is set on object 'Object Repository/Page_Formulr iadosti o piku (bez zabezpeeni_2a8278/input_tudent  III. stupa vysokokolskho tdia_8c32d4'

17-04-2024T14:48:25 - [MESSAGE][PASSED] - Text '2000' is set on object 'Object Repository/Page_Formulr iadosti o piku (bez zabezpeeni_2a8278/input_tudent  III. stupa vysokokolskho tdia_8c32d4'

17-04-2024T14:48:25 - [TEST_STEP][PASSED] - setText(findTestObject("Object Repository/Page_Formulr iadosti o piku (bez zabezpeeni_2a8278/input_Zadajte poadovan splatnos piky na cel_96d0f4"), "10"): Text '10' is set on object 'Object Repository/Page_Formulr iadosti o piku (bez zabezpeeni_2a8278/input_Zadajte poadovan splatnos piky na cel_96d0f4'

17-04-2024T14:48:26 - [MESSAGE][PASSED] - Text '10' is set on object 'Object Repository/Page_Formulr iadosti o piku (bez zabezpeeni_2a8278/input_Zadajte poadovan splatnos piky na cel_96d0f4'

17-04-2024T14:48:26 - [TEST_STEP][PASSED] - click(findTestObject("Object Repository/Page_Formulr iadosti o piku (bez zabezpeeni_2a8278/button_Pokraova")): Object: 'Object Repository/Page_Formulr iadosti o piku (bez zabezpeeni_2a8278/button_Pokraova' is clicked on

17-04-2024T14:48:26 - [MESSAGE][PASSED] - Object: 'Object Repository/Page_Formulr iadosti o piku (bez zabezpeeni_2a8278/button_Pokraova' is clicked on

17-04-2024T14:48:26 - [TEST_STEP][PASSED] - click(findTestObject("Object Repository/Page_Formulr iadosti o piku (bez zabezpeeni_2a8278/input_Oznamu o monosti predkladania iadost _3ca0bd")): Object: 'Object Repository/Page_Formulr iadosti o piku (bez zabezpeeni_2a8278/input_Oznamu o monosti predkladania iadost _3ca0bd' is clicked on

17-04-2024T14:48:27 - [MESSAGE][PASSED] - Object: 'Object Repository/Page_Formulr iadosti o piku (bez zabezpeeni_2a8278/input_Oznamu o monosti predkladania iadost _3ca0bd' is clicked on

17-04-2024T14:48:27 - [TEST_STEP][PASSED] - click(findTestObject("Object Repository/Page_Formulr iadosti o piku (bez zabezpeeni_2a8278/button_Pokraova")): Object: 'Object Repository/Page_Formulr iadosti o piku (bez zabezpeeni_2a8278/button_Pokraova' is clicked on

17-04-2024T14:48:27 - [MESSAGE][PASSED] - Object: 'Object Repository/Page_Formulr iadosti o piku (bez zabezpeeni_2a8278/button_Pokraova' is clicked on

17-04-2024T14:48:27 - [TEST_STEP][PASSED] - click(findTestObject("Object Repository/Page_Formulr iadosti o piku (bez zabezpeeni_2a8278/button_Detail")): Object: 'Object Repository/Page_Formulr iadosti o piku (bez zabezpeeni_2a8278/button_Detail' is clicked on

17-04-2024T14:48:28 - [MESSAGE][PASSED] - Object: 'Object Repository/Page_Formulr iadosti o piku (bez zabezpeeni_2a8278/button_Detail' is clicked on

17-04-2024T14:48:28 - [TEST_STEP][PASSED] - click(findTestObject("Object Repository/Page_Formulr iadosti o piku (bez zabezpeeni_2a8278/input_Potvrdenie o nvteve V v SR (iadate)_s_46946e")): Object: 'Object Repository/Page_Formulr iadosti o piku (bez zabezpeeni_2a8278/input_Potvrdenie o nvteve V v SR (iadate)_s_46946e' is clicked on

17-04-2024T14:48:28 - [MESSAGE][PASSED] - Object: 'Object Repository/Page_Formulr iadosti o piku (bez zabezpeeni_2a8278/input_Potvrdenie o nvteve V v SR (iadate)_s_46946e' is clicked on

17-04-2024T14:48:28 - [TEST_STEP][PASSED] - click(findTestObject("Object Repository/Page_Formulr iadosti o piku (bez zabezpeeni_2a8278/button_Uloi_1")): Object: 'Object Repository/Page_Formulr iadosti o piku (bez zabezpeeni_2a8278/button_Uloi_1' is clicked on

17-04-2024T14:48:29 - [MESSAGE][PASSED] - Object: 'Object Repository/Page_Formulr iadosti o piku (bez zabezpeeni_2a8278/button_Uloi_1' is clicked on

17-04-2024T14:48:29 - [TEST_STEP][PASSED] - click(findTestObject("Object Repository/Page_Formulr iadosti o piku (bez zabezpeeni_2a8278/button_Detail_1")): Object: 'Object Repository/Page_Formulr iadosti o piku (bez zabezpeeni_2a8278/button_Detail_1' is clicked on

17-04-2024T14:48:29 - [MESSAGE][PASSED] - Object: 'Object Repository/Page_Formulr iadosti o piku (bez zabezpeeni_2a8278/button_Detail_1' is clicked on

17-04-2024T14:48:29 - [TEST_STEP][PASSED] - click(findTestObject("Object Repository/Page_Formulr iadosti o piku (bez zabezpeeni_2a8278/input_Potvrdenie o nvteve V v SR (iadate)_s_46946e")): Object: 'Object Repository/Page_Formulr iadosti o piku (bez zabezpeeni_2a8278/input_Potvrdenie o nvteve V v SR (iadate)_s_46946e' is clicked on

17-04-2024T14:48:30 - [MESSAGE][PASSED] - Object: 'Object Repository/Page_Formulr iadosti o piku (bez zabezpeeni_2a8278/input_Potvrdenie o nvteve V v SR (iadate)_s_46946e' is clicked on

17-04-2024T14:48:30 - [TEST_STEP][PASSED] - click(findTestObject("Object Repository/Page_Formulr iadosti o piku (bez zabezpeeni_2a8278/button_Uloi_1")): Object: 'Object Repository/Page_Formulr iadosti o piku (bez zabezpeeni_2a8278/button_Uloi_1' is clicked on

17-04-2024T14:48:30 - [MESSAGE][PASSED] - Object: 'Object Repository/Page_Formulr iadosti o piku (bez zabezpeeni_2a8278/button_Uloi_1' is clicked on

17-04-2024T14:48:30 - [TEST_STEP][PASSED] - click(findTestObject("Object Repository/Page_Formulr iadosti o piku (bez zabezpeeni_2a8278/button_Detail_1_2")): Object: 'Object Repository/Page_Formulr iadosti o piku (bez zabezpeeni_2a8278/button_Detail_1_2' is clicked on

17-04-2024T14:48:31 - [MESSAGE][PASSED] - Object: 'Object Repository/Page_Formulr iadosti o piku (bez zabezpeeni_2a8278/button_Detail_1_2' is clicked on

17-04-2024T14:48:31 - [TEST_STEP][PASSED] - click(findTestObject("Object Repository/Page_Formulr iadosti o piku (bez zabezpeeni_2a8278/input_Potvrdenie o nvteve V v SR (iadate)_s_46946e")): Object: 'Object Repository/Page_Formulr iadosti o piku (bez zabezpeeni_2a8278/input_Potvrdenie o nvteve V v SR (iadate)_s_46946e' is clicked on

17-04-2024T14:48:31 - [MESSAGE][PASSED] - Object: 'Object Repository/Page_Formulr iadosti o piku (bez zabezpeeni_2a8278/input_Potvrdenie o nvteve V v SR (iadate)_s_46946e' is clicked on

17-04-2024T14:48:31 - [TEST_STEP][PASSED] - click(findTestObject("Object Repository/Page_Formulr iadosti o piku (bez zabezpeeni_2a8278/button_Uloi_1")): Object: 'Object Repository/Page_Formulr iadosti o piku (bez zabezpeeni_2a8278/button_Uloi_1' is clicked on

17-04-2024T14:48:31 - [MESSAGE][PASSED] - Object: 'Object Repository/Page_Formulr iadosti o piku (bez zabezpeeni_2a8278/button_Uloi_1' is clicked on

17-04-2024T14:48:31 - [TEST_STEP][PASSED] - setText(findTestObject("Object Repository/Page_Formulr iadosti o piku (bez zabezpeeni_2a8278/input_Zadajte miesto odoslania iadosti_UI_V_59ba54"), "Bratislava"): Text 'Bratislava' is set on object 'Object Repository/Page_Formulr iadosti o piku (bez zabezpeeni_2a8278/input_Zadajte miesto odoslania iadosti_UI_V_59ba54'

17-04-2024T14:48:32 - [MESSAGE][PASSED] - Text 'Bratislava' is set on object 'Object Repository/Page_Formulr iadosti o piku (bez zabezpeeni_2a8278/input_Zadajte miesto odoslania iadosti_UI_V_59ba54'

17-04-2024T14:48:32 - [TEST_STEP][PASSED] - click(findTestObject("Object Repository/Page_Formulr iadosti o piku (bez zabezpeeni_2a8278/button_Pokraova")): Object: 'Object Repository/Page_Formulr iadosti o piku (bez zabezpeeni_2a8278/button_Pokraova' is clicked on

17-04-2024T14:48:33 - [MESSAGE][PASSED] - Object: 'Object Repository/Page_Formulr iadosti o piku (bez zabezpeeni_2a8278/button_Pokraova' is clicked on

17-04-2024T14:48:33 - [TEST_STEP][PASSED] - verifyElementText(findTestObject("Object Repository/Page_Formulr iadosti o piku (bez zabezpeeni_2a8278/div_ESRVS-2024-2148"), identifikator, OPTIONAL): Actual text and expected text of test object 'Object Repository/Page_Formulr iadosti o piku (bez zabezpeeni_2a8278/div_ESRVS-2024-2148' are matched.

17-04-2024T14:48:34 - [MESSAGE][PASSED] - Actual text and expected text of test object 'Object Repository/Page_Formulr iadosti o piku (bez zabezpeeni_2a8278/div_ESRVS-2024-2148' are matched.

17-04-2024T14:48:34 - [TEST_STEP][PASSED] - click(findTestObject("Object Repository/Page_Formulr iadosti o piku (bez zabezpeeni_2a8278/input_shlasm so zskanm dajov z referennch r_c9102a")): Object: 'Object Repository/Page_Formulr iadosti o piku (bez zabezpeeni_2a8278/input_shlasm so zskanm dajov z referennch r_c9102a' is clicked on

17-04-2024T14:48:34 - [MESSAGE][PASSED] - Object: 'Object Repository/Page_Formulr iadosti o piku (bez zabezpeeni_2a8278/input_shlasm so zskanm dajov z referennch r_c9102a' is clicked on

17-04-2024T14:48:34 - [TEST_STEP][PASSED] - click(findTestObject("Object Repository/Page_Formulr iadosti o piku (bez zabezpeeni_2a8278/input_www.fnpv.sk_UI_V_ZP_in_CHB_OsobneUdaj_50afb9")): Object: 'Object Repository/Page_Formulr iadosti o piku (bez zabezpeeni_2a8278/input_www.fnpv.sk_UI_V_ZP_in_CHB_OsobneUdaj_50afb9' is clicked on

17-04-2024T14:48:34 - [MESSAGE][PASSED] - Object: 'Object Repository/Page_Formulr iadosti o piku (bez zabezpeeni_2a8278/input_www.fnpv.sk_UI_V_ZP_in_CHB_OsobneUdaj_50afb9' is clicked on

17-04-2024T14:48:34 - [TEST_STEP][PASSED] - click(findTestObject("Object Repository/Page_Formulr iadosti o piku (bez zabezpeeni_2a8278/button_Odosla nepodpsan iados o piku a vytl_be1331")): Object: 'Object Repository/Page_Formulr iadosti o piku (bez zabezpeeni_2a8278/button_Odosla nepodpsan iados o piku a vytl_be1331' is clicked on

17-04-2024T14:48:35 - [MESSAGE][PASSED] - Object: 'Object Repository/Page_Formulr iadosti o piku (bez zabezpeeni_2a8278/button_Odosla nepodpsan iados o piku a vytl_be1331' is clicked on

17-04-2024T14:48:35 - [TEST_STEP][PASSED] - verifyElementPresent(findTestObject("Object Repository/Page_Formulr iadosti o piku (bez zabezpeeni_2a8278/h1_daje zo iadosti o piku boli odoslan"), 0, OPTIONAL): Object 'Object Repository/Page_Formulr iadosti o piku (bez zabezpeeni_2a8278/h1_daje zo iadosti o piku boli odoslan' is present

17-04-2024T14:48:35 - [MESSAGE][WARNING] - Timeout '0' is invalid. Using default page load timeout: '30'

17-04-2024T14:48:48 - [MESSAGE][PASSED] - Object 'Object Repository/Page_Formulr iadosti o piku (bez zabezpeeni_2a8278/h1_daje zo iadosti o piku boli odoslan' is present

17-04-2024T14:48:48 - [TEST_STEP][PASSED] - click(findTestObject("Object Repository/Page_Formulr iadosti o piku (bez zabezpeeni_2a8278/a_Privtna zna")): Object: 'Object Repository/Page_Formulr iadosti o piku (bez zabezpeeni_2a8278/a_Privtna zna' is clicked on

17-04-2024T14:48:49 - [MESSAGE][PASSED] - Object: 'Object Repository/Page_Formulr iadosti o piku (bez zabezpeeni_2a8278/a_Privtna zna' is clicked on

17-04-2024T14:48:49 - [TEST_STEP][PASSED] - click(findTestObject("Object Repository/Page_Portl elektronickch sluieb regionlneho_9bdbd3/div_Zoznam rozpracovanch podan_icon-blue")): Object: 'Object Repository/Page_Portl elektronickch sluieb regionlneho_9bdbd3/div_Zoznam rozpracovanch podan_icon-blue' is clicked on

17-04-2024T14:48:50 - [MESSAGE][PASSED] - Object: 'Object Repository/Page_Portl elektronickch sluieb regionlneho_9bdbd3/div_Zoznam rozpracovanch podan_icon-blue' is clicked on

17-04-2024T14:48:50 - [TEST_STEP][PASSED] - setText(findTestObject("Object Repository/Page_Zoznam odoslanch podan  Elektronick sl_14b0c6/input_Identifiktor_identifikator"), identifikator): Text 'ESRVS-2024-2238' is set on object 'Object Repository/Page_Zoznam odoslanch podan  Elektronick sl_14b0c6/input_Identifiktor_identifikator'

17-04-2024T14:48:51 - [MESSAGE][PASSED] - Text 'ESRVS-2024-2238' is set on object 'Object Repository/Page_Zoznam odoslanch podan  Elektronick sl_14b0c6/input_Identifiktor_identifikator'

17-04-2024T14:48:51 - [TEST_STEP][PASSED] - click(findTestObject("Object Repository/Page_Zoznam odoslanch podan  Elektronick sl_14b0c6/button_Vyhada")): Object: 'Object Repository/Page_Zoznam odoslanch podan  Elektronick sl_14b0c6/button_Vyhada' is clicked on

17-04-2024T14:48:52 - [MESSAGE][PASSED] - Object: 'Object Repository/Page_Zoznam odoslanch podan  Elektronick sl_14b0c6/button_Vyhada' is clicked on

17-04-2024T14:48:52 - [TEST_STEP][PASSED] - click(findTestObject("Object Repository/Page_Zoznam odoslanch podan  Elektronick sl_14b0c6/a_Detail")): Object: 'Object Repository/Page_Zoznam odoslanch podan  Elektronick sl_14b0c6/a_Detail' is clicked on

17-04-2024T14:48:54 - [MESSAGE][PASSED] - Object: 'Object Repository/Page_Zoznam odoslanch podan  Elektronick sl_14b0c6/a_Detail' is clicked on

17-04-2024T14:48:54 - [TEST_STEP][PASSED] - verifyElementText(findTestObject("Object Repository/Page_Detail podania  Elektronick sluby port_bcdefc/span_ESRVS-2024-2148"), identifikator, OPTIONAL): Actual text and expected text of test object 'Object Repository/Page_Detail podania  Elektronick sluby port_bcdefc/span_ESRVS-2024-2148' are matched.

17-04-2024T14:48:55 - [MESSAGE][PASSED] - Actual text and expected text of test object 'Object Repository/Page_Detail podania  Elektronick sluby port_bcdefc/span_ESRVS-2024-2148' are matched.

17-04-2024T14:48:55 - [TEST_STEP][PASSED] - verifyElementText(findTestObject("Object Repository/Page_Detail podania  Elektronick sluby port_bcdefc/span_Robert Chamraz"), "Robert Chamraz", OPTIONAL): Actual text and expected text of test object 'Object Repository/Page_Detail podania  Elektronick sluby port_bcdefc/span_Robert Chamraz' are matched.

17-04-2024T14:48:55 - [MESSAGE][PASSED] - Actual text and expected text of test object 'Object Repository/Page_Detail podania  Elektronick sluby port_bcdefc/span_Robert Chamraz' are matched.

17-04-2024T14:48:55 - [TEST_STEP][PASSED] - verifyElementText(findTestObject("Object Repository/Page_Detail podania  Elektronick sluby port_bcdefc/span_Podvanie iadosti o piku pre tudentov z_b27195"), "Podávanie žiadosti o pôžičku pre študentov z Fondu na podporu vzdelávania (bez ručitela)", OPTIONAL): Actual text and expected text of test object 'Object Repository/Page_Detail podania  Elektronick sluby port_bcdefc/span_Podvanie iadosti o piku pre tudentov z_b27195' are matched.

17-04-2024T14:48:56 - [MESSAGE][PASSED] - Actual text and expected text of test object 'Object Repository/Page_Detail podania  Elektronick sluby port_bcdefc/span_Podvanie iadosti o piku pre tudentov z_b27195' are matched.

17-04-2024T14:48:56 - [TEST_STEP][PASSED] - click(findTestObject("Object Repository/Page_Detail podania  Elektronick sluby port_bcdefc/a_Odhlsi")): Object: 'Object Repository/Page_Detail podania  Elektronick sluby port_bcdefc/a_Odhlsi' is clicked on

17-04-2024T14:48:58 - [MESSAGE][PASSED] - Object: 'Object Repository/Page_Detail podania  Elektronick sluby port_bcdefc/a_Odhlsi' is clicked on

17-04-2024T14:48:58 - [TEST_STEP][PASSED] - verifyElementPresent(findTestObject("Object Repository/Page_Portl elektronickch sluieb regionlneho_9bdbd3/a_Prihlsi sa"), 0): Object 'Object Repository/Page_Portl elektronickch sluieb regionlneho_9bdbd3/a_Prihlsi sa' is present

17-04-2024T14:48:58 - [MESSAGE][WARNING] - Timeout '0' is invalid. Using default page load timeout: '30'

17-04-2024T14:48:58 - [MESSAGE][PASSED] - Object 'Object Repository/Page_Portl elektronickch sluieb regionlneho_9bdbd3/a_Prihlsi sa' is present

17-04-2024T14:48:58 - [TEST_STEP][PASSED] - closeBrowser(): Browser is closed

17-04-2024T14:48:59 - [MESSAGE][PASSED] - Browser is closed

17-04-2024T14:48:59 - [TEST_STEP][PASSED] - kontrolaMailu(): null

17-04-2024T14:48:59 - [TEST_STEP][PASSED] - log = new com.kms.katalon.core.logging.KeywordLogger(): null

17-04-2024T14:48:59 - [TEST_STEP][PASSED] - startApplicationWithTitle("C:\Program Files\Microsoft Office\root\Office16\OUTLOOK.EXE", ""): The application at location: C:\Program Files\Microsoft Office\root\Office16\OUTLOOK.EXE started.

17-04-2024T14:48:59 - [MESSAGE][INFO] - Starting application C:\Program Files\Microsoft Office\root\Office16\OUTLOOK.EXE on the local machine at address http://127.0.0.1:4723

17-04-2024T14:49:02 - [MESSAGE][PASSED] - The application at location: C:\Program Files\Microsoft Office\root\Office16\OUTLOOK.EXE started.

17-04-2024T14:49:02 - [TEST_STEP][PASSED] - setText(findWindowsObject("Object Repository/Edit(1)"), identifikator): Text ESRVS-2024-2238 is set

17-04-2024T14:49:07 - [MESSAGE][PASSED] - Text ESRVS-2024-2238 is set

17-04-2024T14:49:07 - [TEST_STEP][PASSED] - click(findWindowsObject("Object Repository/TabItem")): Click on element: Object Repository/TabItem succesfully

17-04-2024T14:49:15 - [MESSAGE][INFO] - Clicking on element: Object Repository/TabItem

17-04-2024T14:49:15 - [MESSAGE][PASSED] - Click on element: Object Repository/TabItem succesfully

17-04-2024T14:49:15 - [TEST_STEP][PASSED] - text = "": null

17-04-2024T14:49:15 - [TEST_STEP][PASSED] - for ([i = 0, i < 4, (i++)]): Click on element: Object Repository/Button(3) succesfully

17-04-2024T14:49:15 - [TEST_STEP][PASSED] - click(findWindowsObject("Object Repository/DataItem")): Click on element: Object Repository/DataItem succesfully

17-04-2024T14:49:19 - [MESSAGE][INFO] - Clicking on element: Object Repository/DataItem

17-04-2024T14:49:19 - [MESSAGE][PASSED] - Click on element: Object Repository/DataItem succesfully

17-04-2024T14:49:19 - [TEST_STEP][PASSED] - text = getText(findWindowsObject("Object Repository/Edit")): Text of test object: Object Repository/Edit is: Bola Vám doručená nová správa na Portál elektronických služieb: Úplné overenie - žiadosť ESRVS-2024-2238Pre žiadosť ESRVS-2024-2238 bolo vykonané úplné overenie.


17-04-2024T14:49:20 - [MESSAGE][PASSED] - Text of test object: Object Repository/Edit is: Bola Vám doručená nová správa na Portál elektronických služieb: Úplné overenie - žiadosť ESRVS-2024-2238Pre žiadosť ESRVS-2024-2238 bolo vykonané úplné overenie.


17-04-2024T14:49:20 - [TEST_STEP][PASSED] - if (text.indexOf("PDF") != -1): null

17-04-2024T14:49:20 - [TEST_STEP][PASSED] - else if (text.indexOf("úplné overenie") != -1): Uplne overenie najdene

17-04-2024T14:49:20 - [TEST_STEP][PASSED] - log.logPassed("Uplne overenie najdene"): Uplne overenie najdene

17-04-2024T14:49:20 - [MESSAGE][PASSED] - Uplne overenie najdene

17-04-2024T14:49:20 - [TEST_STEP][PASSED] - click(findWindowsObject("Object Repository/Button(3)")): Click on element: Object Repository/Button(3) succesfully

17-04-2024T14:49:24 - [MESSAGE][INFO] - Clicking on element: Object Repository/Button(3)

17-04-2024T14:49:24 - [MESSAGE][PASSED] - Click on element: Object Repository/Button(3) succesfully

17-04-2024T14:49:24 - [TEST_STEP][PASSED] - click(findWindowsObject("Object Repository/DataItem")): Click on element: Object Repository/DataItem succesfully

17-04-2024T14:49:28 - [MESSAGE][INFO] - Clicking on element: Object Repository/DataItem

17-04-2024T14:49:28 - [MESSAGE][PASSED] - Click on element: Object Repository/DataItem succesfully

17-04-2024T14:49:28 - [TEST_STEP][PASSED] - text = getText(findWindowsObject("Object Repository/Edit")): Text of test object: Object Repository/Edit is: V prílohe Vám zasielame PDF súbor Vami odoslanej žiadosti o pôžičku, ktorý si vytlačte, podpíšte a následne žiadosť a relevantné prílohy doručte na Fond na podporu vzdelávania.Tento email bol automaticky vygenerovaný, prosím, neodpovedajte naň.


17-04-2024T14:49:29 - [MESSAGE][PASSED] - Text of test object: Object Repository/Edit is: V prílohe Vám zasielame PDF súbor Vami odoslanej žiadosti o pôžičku, ktorý si vytlačte, podpíšte a následne žiadosť a relevantné prílohy doručte na Fond na podporu vzdelávania.Tento email bol automaticky vygenerovaný, prosím, neodpovedajte naň.


17-04-2024T14:49:29 - [TEST_STEP][PASSED] - if (text.indexOf("PDF") != -1): Priloha prilozena

17-04-2024T14:49:29 - [TEST_STEP][PASSED] - log.logPassed("Priloha prilozena"): Priloha prilozena

17-04-2024T14:49:29 - [MESSAGE][PASSED] - Priloha prilozena

17-04-2024T14:49:29 - [TEST_STEP][PASSED] - click(findWindowsObject("Object Repository/Button(3)")): Click on element: Object Repository/Button(3) succesfully

17-04-2024T14:49:33 - [MESSAGE][INFO] - Clicking on element: Object Repository/Button(3)

17-04-2024T14:49:33 - [MESSAGE][PASSED] - Click on element: Object Repository/Button(3) succesfully

17-04-2024T14:49:33 - [TEST_STEP][PASSED] - click(findWindowsObject("Object Repository/DataItem")): Click on element: Object Repository/DataItem succesfully

17-04-2024T14:49:37 - [MESSAGE][INFO] - Clicking on element: Object Repository/DataItem

17-04-2024T14:49:37 - [MESSAGE][PASSED] - Click on element: Object Repository/DataItem succesfully

17-04-2024T14:49:37 - [TEST_STEP][PASSED] - text = getText(findWindowsObject("Object Repository/Edit")): Text of test object: Object Repository/Edit is: Bola Vám doručená nová správa na Portál elektronických služieb: Doručenka prijatá - žiadosť ESRVS-2024-2238Pre žiadosť ESRVS-2024-2238 bola prijatá doručenka.


17-04-2024T14:49:38 - [MESSAGE][PASSED] - Text of test object: Object Repository/Edit is: Bola Vám doručená nová správa na Portál elektronických služieb: Doručenka prijatá - žiadosť ESRVS-2024-2238Pre žiadosť ESRVS-2024-2238 bola prijatá doručenka.


17-04-2024T14:49:38 - [TEST_STEP][PASSED] - if (text.indexOf("PDF") != -1): null

17-04-2024T14:49:38 - [TEST_STEP][PASSED] - else if (text.indexOf("úplné overenie") != -1): null

17-04-2024T14:49:38 - [TEST_STEP][PASSED] - else if (text.indexOf("predbežné overenie") != -1): null

17-04-2024T14:49:38 - [TEST_STEP][PASSED] - else if (text.indexOf("prijatá doručenka") != -1): Dorucenka najdena

17-04-2024T14:49:38 - [TEST_STEP][PASSED] - log.logPassed("Dorucenka najdena"): Dorucenka najdena

17-04-2024T14:49:38 - [MESSAGE][PASSED] - Dorucenka najdena

17-04-2024T14:49:38 - [TEST_STEP][PASSED] - click(findWindowsObject("Object Repository/Button(3)")): Click on element: Object Repository/Button(3) succesfully

17-04-2024T14:49:42 - [MESSAGE][INFO] - Clicking on element: Object Repository/Button(3)

17-04-2024T14:49:42 - [MESSAGE][PASSED] - Click on element: Object Repository/Button(3) succesfully

17-04-2024T14:49:42 - [TEST_STEP][PASSED] - click(findWindowsObject("Object Repository/DataItem")): Click on element: Object Repository/DataItem succesfully

17-04-2024T14:49:45 - [MESSAGE][INFO] - Clicking on element: Object Repository/DataItem

17-04-2024T14:49:46 - [MESSAGE][PASSED] - Click on element: Object Repository/DataItem succesfully

17-04-2024T14:49:46 - [TEST_STEP][PASSED] - text = getText(findWindowsObject("Object Repository/Edit")): Text of test object: Object Repository/Edit is: Bola Vám doručená nová správa na Portál elektronických služieb: Predbežné overenie - žiadosť ESRVS-2024-2238Pre žiadosť ESRVS-2024-2238 bolo vykonané predbežné overenie.


17-04-2024T14:49:47 - [MESSAGE][PASSED] - Text of test object: Object Repository/Edit is: Bola Vám doručená nová správa na Portál elektronických služieb: Predbežné overenie - žiadosť ESRVS-2024-2238Pre žiadosť ESRVS-2024-2238 bolo vykonané predbežné overenie.


17-04-2024T14:49:47 - [TEST_STEP][PASSED] - if (text.indexOf("PDF") != -1): null

17-04-2024T14:49:47 - [TEST_STEP][PASSED] - else if (text.indexOf("úplné overenie") != -1): null

17-04-2024T14:49:47 - [TEST_STEP][PASSED] - else if (text.indexOf("predbežné overenie") != -1): Predbezne overenie najdene

17-04-2024T14:49:47 - [TEST_STEP][PASSED] - log.logPassed("Predbezne overenie najdene"): Predbezne overenie najdene

17-04-2024T14:49:47 - [MESSAGE][PASSED] - Predbezne overenie najdene

17-04-2024T14:49:47 - [TEST_STEP][PASSED] - click(findWindowsObject("Object Repository/Button(3)")): Click on element: Object Repository/Button(3) succesfully

17-04-2024T14:49:50 - [MESSAGE][INFO] - Clicking on element: Object Repository/Button(3)

17-04-2024T14:49:50 - [MESSAGE][PASSED] - Click on element: Object Repository/Button(3) succesfully

17-04-2024T14:49:50 - [TEST_STEP][PASSED] - closeApplication(): Fire Close event sucessfully.

17-04-2024T14:49:51 - [MESSAGE][PASSED] - Fire Close event sucessfully.]]></system-out>
         <system-err><![CDATA[]]></system-err>
      </testcase>
      <system-out><![CDATA[17-04-2024T14:36:56 - [TEST_SUITE][FAILED] - SuitePozicky: Test Cases/Pozicky B/Pozicka_399090 FAILED.
Reason:
com.kms.katalon.core.exception.StepFailedException: Unable to click on object 'Object Repository/Page_Formulr Podvanie iadosti o piku pre pe_fbb4f4/button_Prejs na domovsk strnku'
	at com.kms.katalon.core.webui.keyword.internal.WebUIKeywordMain.stepFailed(WebUIKeywordMain.groovy:64)
	at com.kms.katalon.core.webui.keyword.internal.WebUIKeywordMain.runKeyword(WebUIKeywordMain.groovy:26)
	at com.kms.katalon.core.webui.keyword.builtin.ClickKeyword.click(ClickKeyword.groovy:74)
	at com.kms.katalon.core.webui.keyword.builtin.ClickKeyword.execute(ClickKeyword.groovy:40)
	at com.kms.katalon.core.keyword.internal.KeywordExecutor.executeKeywordForPlatform(KeywordExecutor.groovy:74)
	at com.kms.katalon.core.webui.keyword.WebUiBuiltInKeywords.click(WebUiBuiltInKeywords.groovy:659)
	at Pozicka_399090.run(Pozicka_399090:305)
	at com.kms.katalon.core.main.ScriptEngine.run(ScriptEngine.java:194)
	at com.kms.katalon.core.main.ScriptEngine.runScriptAsRawText(ScriptEngine.java:119)
	at com.kms.katalon.core.main.TestCaseExecutor.runScript(TestCaseExecutor.java:448)
	at com.kms.katalon.core.main.TestCaseExecutor.doExecute(TestCaseExecutor.java:439)
	at com.kms.katalon.core.main.TestCaseExecutor.processExecutionPhase(TestCaseExecutor.java:418)
	at com.kms.katalon.core.main.TestCaseExecutor.accessMainPhase(TestCaseExecutor.java:410)
	at com.kms.katalon.core.main.TestCaseExecutor.execute(TestCaseExecutor.java:285)
	at com.kms.katalon.core.common.CommonExecutor.accessTestCaseMainPhase(CommonExecutor.java:65)
	at com.kms.katalon.core.main.TestSuiteExecutor.accessTestSuiteMainPhase(TestSuiteExecutor.java:150)
	at com.kms.katalon.core.main.TestSuiteExecutor.execute(TestSuiteExecutor.java:106)
	at com.kms.katalon.core.main.TestCaseMain.startTestSuite(TestCaseMain.java:180)
	at TempTestSuite1713357402021.run(TempTestSuite1713357402021.groovy:35)
	at java.base/jdk.internal.reflect.NativeMethodAccessorImpl.invoke0(Native Method)
	at java.base/jdk.internal.reflect.NativeMethodAccessorImpl.invoke(NativeMethodAccessorImpl.java:77)
	at java.base/jdk.internal.reflect.DelegatingMethodAccessorImpl.invoke(DelegatingMethodAccessorImpl.java:43)
Caused by: org.openqa.selenium.ElementNotInteractableException: element not interactable
  (Session info: chrome=123.0.6312.123)
Build info: version: '3.141.59', revision: 'e82be7d358', time: '2018-11-14T08:25:53'
System info: host: 'NB-BARCIK', ip: '192.168.0.163', os.name: 'Windows 11', os.arch: 'amd64', os.version: '10.0', java.version: '17.0.7'
Driver info: com.kms.katalon.selenium.driver.CChromeDriver
Capabilities {acceptInsecureCerts: false, browserName: chrome, browserVersion: 123.0.6312.123, chrome: {chromedriverVersion: 123.0.6312.58 (6b4b19e9dfbb..., userDataDir: C:\Users\barcik\AppData\Loc...}, fedcm:accounts: true, goog:chromeOptions: {debuggerAddress: localhost:59263}, javascriptEnabled: true, networkConnectionEnabled: false, pageLoadStrategy: normal, platform: WINDOWS, platformName: WINDOWS, proxy: Proxy(), setWindowRect: true, strictFileInteractability: false, timeouts: {implicit: 0, pageLoad: 300000, script: 30000}, unhandledPromptBehavior: dismiss and notify, webauthn:extension:credBlob: true, webauthn:extension:largeBlob: true, webauthn:extension:minPinLength: true, webauthn:extension:prf: true, webauthn:virtualAuthenticators: true}
Session ID: d4faffe3ee26b02092c92383b9cdbae1
	at java.base/jdk.internal.reflect.NativeConstructorAccessorImpl.newInstance0(Native Method)
	at java.base/jdk.internal.reflect.NativeConstructorAccessorImpl.newInstance(NativeConstructorAccessorImpl.java:77)
	at java.base/jdk.internal.reflect.DelegatingConstructorAccessorImpl.newInstance(DelegatingConstructorAccessorImpl.java:45)
	at org.openqa.selenium.remote.http.W3CHttpResponseCodec.createException(W3CHttpResponseCodec.java:187)
	at org.openqa.selenium.remote.http.W3CHttpResponseCodec.decode(W3CHttpResponseCodec.java:122)
	at org.openqa.selenium.remote.http.W3CHttpResponseCodec.decode(W3CHttpResponseCodec.java:49)
	at org.openqa.selenium.remote.HttpCommandExecutor.execute(HttpCommandExecutor.java:158)
	at org.openqa.selenium.remote.service.DriverCommandExecutor.execute(DriverCommandExecutor.java:83)
	at org.openqa.selenium.remote.RemoteWebDriver.execute(RemoteWebDriver.java:552)
	at com.kms.katalon.selenium.driver.CChromeDriver.execute(CChromeDriver.java:19)
	at org.openqa.selenium.remote.RemoteWebElement.execute(RemoteWebElement.java:285)
	at org.openqa.selenium.remote.RemoteWebElement.click(RemoteWebElement.java:84)
	at jdk.internal.reflect.GeneratedMethodAccessor16.invoke(Unknown Source)
	at java.base/jdk.internal.reflect.DelegatingMethodAccessorImpl.invoke(DelegatingMethodAccessorImpl.java:43)
	at org.openqa.selenium.support.events.EventFiringWebDriver$EventFiringWebElement.lambda$new$0(EventFiringWebDriver.java:404)
	at jdk.proxy2/jdk.proxy2.$Proxy24.click(Unknown Source)
	at org.openqa.selenium.support.events.EventFiringWebDriver$EventFiringWebElement.click(EventFiringWebDriver.java:417)
	at org.openqa.selenium.WebElement$click.call(Unknown Source)
	at com.kms.katalon.core.webui.keyword.builtin.ClickKeyword.clickUntilSuccessWithTimeout(ClickKeyword.groovy:81)
	at com.kms.katalon.core.webui.keyword.builtin.ClickKeyword.clickUntilSuccessWithTimeout(ClickKeyword.groovy)
	at jdk.internal.reflect.GeneratedMethodAccessor14.invoke(Unknown Source)
	at java.base/jdk.internal.reflect.DelegatingMethodAccessorImpl.invoke(DelegatingMethodAccessorImpl.java:43)
	at com.kms.katalon.core.webui.keyword.builtin.ClickKeyword$_click_closure1.doCall(ClickKeyword.groovy:67)
	at com.kms.katalon.core.webui.keyword.builtin.ClickKeyword$_click_closure1.call(ClickKeyword.groovy)
	at com.kms.katalon.core.webui.keyword.internal.WebUIKeywordMain.runKeyword(WebUIKeywordMain.groovy:20)
	... 20 more]]></system-out>
      <system-err><![CDATA[17-04-2024T14:36:56 - [TEST_SUITE][FAILED] - SuitePozicky: Test Cases/Pozicky B/Pozicka_399090 FAILED.
Reason:
com.kms.katalon.core.exception.StepFailedException: Unable to click on object 'Object Repository/Page_Formulr Podvanie iadosti o piku pre pe_fbb4f4/button_Prejs na domovsk strnku'
	at com.kms.katalon.core.webui.keyword.internal.WebUIKeywordMain.stepFailed(WebUIKeywordMain.groovy:64)
	at com.kms.katalon.core.webui.keyword.internal.WebUIKeywordMain.runKeyword(WebUIKeywordMain.groovy:26)
	at com.kms.katalon.core.webui.keyword.builtin.ClickKeyword.click(ClickKeyword.groovy:74)
	at com.kms.katalon.core.webui.keyword.builtin.ClickKeyword.execute(ClickKeyword.groovy:40)
	at com.kms.katalon.core.keyword.internal.KeywordExecutor.executeKeywordForPlatform(KeywordExecutor.groovy:74)
	at com.kms.katalon.core.webui.keyword.WebUiBuiltInKeywords.click(WebUiBuiltInKeywords.groovy:659)
	at Pozicka_399090.run(Pozicka_399090:305)
	at com.kms.katalon.core.main.ScriptEngine.run(ScriptEngine.java:194)
	at com.kms.katalon.core.main.ScriptEngine.runScriptAsRawText(ScriptEngine.java:119)
	at com.kms.katalon.core.main.TestCaseExecutor.runScript(TestCaseExecutor.java:448)
	at com.kms.katalon.core.main.TestCaseExecutor.doExecute(TestCaseExecutor.java:439)
	at com.kms.katalon.core.main.TestCaseExecutor.processExecutionPhase(TestCaseExecutor.java:418)
	at com.kms.katalon.core.main.TestCaseExecutor.accessMainPhase(TestCaseExecutor.java:410)
	at com.kms.katalon.core.main.TestCaseExecutor.execute(TestCaseExecutor.java:285)
	at com.kms.katalon.core.common.CommonExecutor.accessTestCaseMainPhase(CommonExecutor.java:65)
	at com.kms.katalon.core.main.TestSuiteExecutor.accessTestSuiteMainPhase(TestSuiteExecutor.java:150)
	at com.kms.katalon.core.main.TestSuiteExecutor.execute(TestSuiteExecutor.java:106)
	at com.kms.katalon.core.main.TestCaseMain.startTestSuite(TestCaseMain.java:180)
	at TempTestSuite1713357402021.run(TempTestSuite1713357402021.groovy:35)
	at java.base/jdk.internal.reflect.NativeMethodAccessorImpl.invoke0(Native Method)
	at java.base/jdk.internal.reflect.NativeMethodAccessorImpl.invoke(NativeMethodAccessorImpl.java:77)
	at java.base/jdk.internal.reflect.DelegatingMethodAccessorImpl.invoke(DelegatingMethodAccessorImpl.java:43)
Caused by: org.openqa.selenium.ElementNotInteractableException: element not interactable
  (Session info: chrome=123.0.6312.123)
Build info: version: '3.141.59', revision: 'e82be7d358', time: '2018-11-14T08:25:53'
System info: host: 'NB-BARCIK', ip: '192.168.0.163', os.name: 'Windows 11', os.arch: 'amd64', os.version: '10.0', java.version: '17.0.7'
Driver info: com.kms.katalon.selenium.driver.CChromeDriver
Capabilities {acceptInsecureCerts: false, browserName: chrome, browserVersion: 123.0.6312.123, chrome: {chromedriverVersion: 123.0.6312.58 (6b4b19e9dfbb..., userDataDir: C:\Users\barcik\AppData\Loc...}, fedcm:accounts: true, goog:chromeOptions: {debuggerAddress: localhost:59263}, javascriptEnabled: true, networkConnectionEnabled: false, pageLoadStrategy: normal, platform: WINDOWS, platformName: WINDOWS, proxy: Proxy(), setWindowRect: true, strictFileInteractability: false, timeouts: {implicit: 0, pageLoad: 300000, script: 30000}, unhandledPromptBehavior: dismiss and notify, webauthn:extension:credBlob: true, webauthn:extension:largeBlob: true, webauthn:extension:minPinLength: true, webauthn:extension:prf: true, webauthn:virtualAuthenticators: true}
Session ID: d4faffe3ee26b02092c92383b9cdbae1
	at java.base/jdk.internal.reflect.NativeConstructorAccessorImpl.newInstance0(Native Method)
	at java.base/jdk.internal.reflect.NativeConstructorAccessorImpl.newInstance(NativeConstructorAccessorImpl.java:77)
	at java.base/jdk.internal.reflect.DelegatingConstructorAccessorImpl.newInstance(DelegatingConstructorAccessorImpl.java:45)
	at org.openqa.selenium.remote.http.W3CHttpResponseCodec.createException(W3CHttpResponseCodec.java:187)
	at org.openqa.selenium.remote.http.W3CHttpResponseCodec.decode(W3CHttpResponseCodec.java:122)
	at org.openqa.selenium.remote.http.W3CHttpResponseCodec.decode(W3CHttpResponseCodec.java:49)
	at org.openqa.selenium.remote.HttpCommandExecutor.execute(HttpCommandExecutor.java:158)
	at org.openqa.selenium.remote.service.DriverCommandExecutor.execute(DriverCommandExecutor.java:83)
	at org.openqa.selenium.remote.RemoteWebDriver.execute(RemoteWebDriver.java:552)
	at com.kms.katalon.selenium.driver.CChromeDriver.execute(CChromeDriver.java:19)
	at org.openqa.selenium.remote.RemoteWebElement.execute(RemoteWebElement.java:285)
	at org.openqa.selenium.remote.RemoteWebElement.click(RemoteWebElement.java:84)
	at jdk.internal.reflect.GeneratedMethodAccessor16.invoke(Unknown Source)
	at java.base/jdk.internal.reflect.DelegatingMethodAccessorImpl.invoke(DelegatingMethodAccessorImpl.java:43)
	at org.openqa.selenium.support.events.EventFiringWebDriver$EventFiringWebElement.lambda$new$0(EventFiringWebDriver.java:404)
	at jdk.proxy2/jdk.proxy2.$Proxy24.click(Unknown Source)
	at org.openqa.selenium.support.events.EventFiringWebDriver$EventFiringWebElement.click(EventFiringWebDriver.java:417)
	at org.openqa.selenium.WebElement$click.call(Unknown Source)
	at com.kms.katalon.core.webui.keyword.builtin.ClickKeyword.clickUntilSuccessWithTimeout(ClickKeyword.groovy:81)
	at com.kms.katalon.core.webui.keyword.builtin.ClickKeyword.clickUntilSuccessWithTimeout(ClickKeyword.groovy)
	at jdk.internal.reflect.GeneratedMethodAccessor14.invoke(Unknown Source)
	at java.base/jdk.internal.reflect.DelegatingMethodAccessorImpl.invoke(DelegatingMethodAccessorImpl.java:43)
	at com.kms.katalon.core.webui.keyword.builtin.ClickKeyword$_click_closure1.doCall(ClickKeyword.groovy:67)
	at com.kms.katalon.core.webui.keyword.builtin.ClickKeyword$_click_closure1.call(ClickKeyword.groovy)
	at com.kms.katalon.core.webui.keyword.internal.WebUIKeywordMain.runKeyword(WebUIKeywordMain.groovy:20)
	... 20 more]]></system-err>
   </testsuite>
</testsuites>
