<?xml version="1.0" encoding="UTF-8"?>
<testsuites name="SuitePozicky" time="724.934" tests="3" failures="2" errors="0">
   <testsuite name="SuitePozicky" tests="3" failures="2" errors="0" time="724.934" skipped="0" timestamp="17-04-2024T15:01:04" hostname="barcik - NB-BARCIK.intra.ditec.sk" id="Test Suites/SuitePozicky">
      <properties>
         <property name="deviceName"/>
         <property name="devicePlatform" value=""/>
         <property name="logFolder" value="C:\\Users\\barcik\\Katalon Studio\\Ris2Formulare\\Reports\\20240417_150048\\SuitePozicky\\20240417_150048"/>
         <property name="logFiles" value="C:\\Users\\barcik\\Katalon Studio\\Ris2Formulare\\Reports\\20240417_150048\\SuitePozicky\\20240417_150048\\execution0.log"/>
         <property name="attachments" value="C:\\Users\\barcik\\Katalon Studio\\Ris2Formulare\\Reports\\20240417_150048\\SuitePozicky\\20240417_150048\\1713359111904.png"/>
         <property name="hostName" value="barcik - NB-BARCIK.intra.ditec.sk"/>
         <property name="desiredCapabilities" value="{}"/>
         <property name="os" value="Windows 11 64bit"/>
         <property name="katalonVersion" value="9.4.0.212"/>
         <property name="browser" value="Chrome 123.0.0.0"/>
         <property name="hostAddress" value="192.168.0.163"/>
         <property name="sessionId" value="2dd9be864ae31efee84993837b9a5624"/>
         <property name="seleniumVersion" value="3.141.59"/>
         <property name="proxyInformation" value="ProxyInformation { proxyOption=NO_PROXY, proxyServerType=HTTP, username=, password=********, proxyServerAddress=, proxyServerPort=0, executionList=&quot;&quot;, isApplyToDesiredCapabilities=true }"/>
         <property name="platform" value="Windows 11"/>
      </properties>
      <testcase name="Test Cases/Pozicky B/Pozicka_399090" time="396.958" classname="Test Cases/Pozicky B/Pozicka_399090" status="FAILED">
         <failure type="FAILED" message="Test Cases/Pozicky B/Pozicka_399090 FAILED.&#xa;Reason:&#xa;com.kms.katalon.core.exception.StepFailedException: Expected condition failed: waiting for com.kms.katalon.core.windows.keyword.helper.WindowsActionHelper$1@341f2f4c (tried for 30 second(s) with 50 milliseconds interval) (Root cause: org.openqa.selenium.TimeoutException: Expected condition failed: waiting for com.kms.katalon.core.windows.keyword.helper.WindowsActionHelper$1@341f2f4c (tried for 30 second(s) with 50 milliseconds interval)&#xa;	at org.openqa.selenium.support.ui.FluentWait.timeoutException(FluentWait.java:304)&#xa;	at org.openqa.selenium.support.ui.FluentWait.until(FluentWait.java:272)&#xa;	at com.kms.katalon.core.windows.keyword.helper.WindowsActionHelper.findElement(WindowsActionHelper.java:120)&#xa;	at com.kms.katalon.core.windows.keyword.helper.WindowsActionHelper.findElement(WindowsActionHelper.java:77)&#xa;	at com.kms.katalon.core.windows.keyword.helper.WindowsActionHelper.findElement(WindowsActionHelper.java:69)&#xa;	at com.kms.katalon.core.windows.keyword.helper.WindowsActionHelper.click(WindowsActionHelper.java:248)&#xa;	at com.kms.katalon.core.windows.keyword.helper.WindowsActionHelper$click$3.call(Unknown Source)&#xa;	at com.kms.katalon.core.windows.keyword.builtin.ClickKeyword$_click_closure1.doCall(ClickKeyword.groovy:43)&#xa;	at com.kms.katalon.core.windows.keyword.builtin.ClickKeyword$_click_closure1.doCall(ClickKeyword.groovy)&#xa;	at java.base/jdk.internal.reflect.NativeMethodAccessorImpl.invoke0(Native Method)&#xa;	at java.base/jdk.internal.reflect.NativeMethodAccessorImpl.invoke(NativeMethodAccessorImpl.java:77)&#xa;	at java.base/jdk.internal.reflect.DelegatingMethodAccessorImpl.invoke(DelegatingMethodAccessorImpl.java:43)&#xa;	at com.kms.katalon.core.keyword.internal.KeywordMain.runKeyword(KeywordMain.groovy:90)&#xa;	at com.kms.katalon.core.keyword.internal.KeywordMain$runKeyword.call(Unknown Source)&#xa;	at com.kms.katalon.core.windows.keyword.builtin.ClickKeyword.click(ClickKeyword.groovy:37)&#xa;	at com.kms.katalon.core.windows.keyword.builtin.ClickKeyword$click.callCurrent(Unknown Source)&#xa;	at com.kms.katalon.core.windows.keyword.builtin.ClickKeyword.execute(ClickKeyword.groovy:33)&#xa;	at com.kms.katalon.core.keyword.internal.KeywordExecutor.executeKeywordForPlatform(KeywordExecutor.groovy:74)&#xa;	at com.kms.katalon.core.windows.keyword.WindowsBuiltinKeywords.click(WindowsBuiltinKeywords.java:72)&#xa;	at Email.kontrolaMailu(Email.java:30)&#xa;	at Pozicka_399090.run(Pozicka_399090:329)&#xa;	at com.kms.katalon.core.main.ScriptEngine.run(ScriptEngine.java:194)&#xa;	at com.kms.katalon.core.main.ScriptEngine.runScriptAsRawText(ScriptEngine.java:119)&#xa;	at com.kms.katalon.core.main.TestCaseExecutor.runScript(TestCaseExecutor.java:448)&#xa;	at com.kms.katalon.core.main.TestCaseExecutor.doExecute(TestCaseExecutor.java:439)&#xa;	at com.kms.katalon.core.main.TestCaseExecutor.processExecutionPhase(TestCaseExecutor.java:418)&#xa;	at com.kms.katalon.core.main.TestCaseExecutor.accessMainPhase(TestCaseExecutor.java:410)&#xa;	at com.kms.katalon.core.main.TestCaseExecutor.execute(TestCaseExecutor.java:285)&#xa;	at com.kms.katalon.core.common.CommonExecutor.accessTestCaseMainPhase(CommonExecutor.java:65)&#xa;	at com.kms.katalon.core.main.TestSuiteExecutor.accessTestSuiteMainPhase(TestSuiteExecutor.java:150)&#xa;	at com.kms.katalon.core.main.TestSuiteExecutor.execute(TestSuiteExecutor.java:106)&#xa;	at com.kms.katalon.core.main.TestCaseMain.startTestSuite(TestCaseMain.java:180)&#xa;	at TempTestSuite1713358848413.run(TempTestSuite1713358848413.groovy:35)&#xa;	at java.base/jdk.internal.reflect.NativeMethodAccessorImpl.invoke0(Native Method)&#xa;	at java.base/jdk.internal.reflect.NativeMethodAccessorImpl.invoke(NativeMethodAccessorImpl.java:77)&#xa;	at java.base/jdk.internal.reflect.DelegatingMethodAccessorImpl.invoke(DelegatingMethodAccessorImpl.java:43)&#xa;Caused by: org.openqa.selenium.NoSuchElementException: An element could not be located on the page using the given search parameters. (WARNING: The server did not provide any stacktrace information)&#xa;Command duration or timeout: 0 milliseconds&#xa;For documentation on this error, please visit: https://www.seleniumhq.org/exceptions/no_such_element.html&#xa;Build info: version: '3.141.59', revision: 'e82be7d358', time: '2018-11-14T08:25:53'&#xa;System info: host: 'NB-BARCIK', ip: '192.168.0.163', os.name: 'Windows 11', os.arch: 'amd64', os.version: '10.0', java.version: '17.0.7'&#xa;Driver info: io.appium.java_client.windows.WindowsDriver&#xa;Capabilities {app: C:\Program Files\Microsoft ..., javascriptEnabled: true, platform: WINDOWS, platformName: WINDOWS}&#xa;Session ID: F7874F76-83AE-421A-BA8E-7DE9BA350D38&#xa;*** Element info: {Using=xpath, value=//Window/Pane[1]/ToolBar[1]/Pane[1]/Pane[1]/Pane[1]/Pane[1]/Tab[1]/TabItem[1]}&#xa;	at java.base/jdk.internal.reflect.NativeConstructorAccessorImpl.newInstance0(Native Method)&#xa;	at java.base/jdk.internal.reflect.NativeConstructorAccessorImpl.newInstance(NativeConstructorAccessorImpl.java:77)&#xa;	at java.base/jdk.internal.reflect.DelegatingConstructorAccessorImpl.newInstance(DelegatingConstructorAccessorImpl.java:45)&#xa;	at org.openqa.selenium.remote.ErrorHandler.createThrowable(ErrorHandler.java:214)&#xa;	at org.openqa.selenium.remote.ErrorHandler.throwIfResponseFailed(ErrorHandler.java:166)&#xa;	at org.openqa.selenium.remote.http.JsonHttpResponseCodec.reconstructValue(JsonHttpResponseCodec.java:40)&#xa;	at org.openqa.selenium.remote.http.AbstractHttpResponseCodec.decode(AbstractHttpResponseCodec.java:80)&#xa;	at org.openqa.selenium.remote.http.AbstractHttpResponseCodec.decode(AbstractHttpResponseCodec.java:44)&#xa;	at org.openqa.selenium.remote.HttpCommandExecutor.execute(HttpCommandExecutor.java:158)&#xa;	at io.appium.java_client.remote.AppiumCommandExecutor.execute(AppiumCommandExecutor.java:239)&#xa;	at org.openqa.selenium.remote.RemoteWebDriver.execute(RemoteWebDriver.java:552)&#xa;	at io.appium.java_client.DefaultGenericMobileDriver.execute(DefaultGenericMobileDriver.java:42)&#xa;	at io.appium.java_client.AppiumDriver.execute(AppiumDriver.java:1)&#xa;	at io.appium.java_client.windows.WindowsDriver.execute(WindowsDriver.java:1)&#xa;	at org.openqa.selenium.remote.RemoteWebDriver.findElement(RemoteWebDriver.java:323)&#xa;	at io.appium.java_client.DefaultGenericMobileDriver.findElement(DefaultGenericMobileDriver.java:62)&#xa;	at io.appium.java_client.AppiumDriver.findElement(AppiumDriver.java:1)&#xa;	at io.appium.java_client.windows.WindowsDriver.findElement(WindowsDriver.java:1)&#xa;	at org.openqa.selenium.remote.RemoteWebDriver.findElementByXPath(RemoteWebDriver.java:428)&#xa;	at io.appium.java_client.DefaultGenericMobileDriver.findElementByXPath(DefaultGenericMobileDriver.java:152)&#xa;	at io.appium.java_client.AppiumDriver.findElementByXPath(AppiumDriver.java:1)&#xa;	at io.appium.java_client.windows.WindowsDriver.findElementByXPath(WindowsDriver.java:1)&#xa;	at com.kms.katalon.core.windows.keyword.helper.WindowsActionHelper$1.apply(WindowsActionHelper.java:136)&#xa;	at com.kms.katalon.core.windows.keyword.helper.WindowsActionHelper$1.apply(WindowsActionHelper.java:1)&#xa;	at org.openqa.selenium.support.ui.FluentWait.until(FluentWait.java:249)&#xa;	at com.kms.katalon.core.windows.keyword.helper.WindowsActionHelper.findElement(WindowsActionHelper.java:120)&#xa;	at com.kms.katalon.core.windows.keyword.helper.WindowsActionHelper.findElement(WindowsActionHelper.java:77)&#xa;	at com.kms.katalon.core.windows.keyword.helper.WindowsActionHelper.findElement(WindowsActionHelper.java:69)&#xa;	at com.kms.katalon.core.windows.keyword.helper.WindowsActionHelper.click(WindowsActionHelper.java:248)&#xa;	at com.kms.katalon.core.windows.keyword.helper.WindowsActionHelper$click$3.call(Unknown Source)&#xa;	at com.kms.katalon.core.windows.keyword.builtin.ClickKeyword$_click_closure1.doCall(ClickKeyword.groovy:43)&#xa;	at com.kms.katalon.core.windows.keyword.builtin.ClickKeyword$_click_closure1.doCall(ClickKeyword.groovy)&#xa;	at java.base/jdk.internal.reflect.NativeMethodAccessorImpl.invoke0(Native Method)&#xa;	at java.base/jdk.internal.reflect.NativeMethodAccessorImpl.invoke(NativeMethodAccessorImpl.java:77)&#xa;	at java.base/jdk.internal.reflect.DelegatingMethodAccessorImpl.invoke(DelegatingMethodAccessorImpl.java:43)&#xa;	at com.kms.katalon.core.keyword.internal.KeywordMain.runKeyword(KeywordMain.groovy:90)&#xa;	at com.kms.katalon.core.keyword.internal.KeywordMain$runKeyword.call(Unknown Source)&#xa;	at com.kms.katalon.core.windows.keyword.builtin.ClickKeyword.click(ClickKeyword.groovy:37)&#xa;	at com.kms.katalon.core.windows.keyword.builtin.ClickKeyword$click.callCurrent(Unknown Source)&#xa;	at com.kms.katalon.core.windows.keyword.builtin.ClickKeyword.execute(ClickKeyword.groovy:33)&#xa;	at com.kms.katalon.core.keyword.internal.KeywordExecutor.executeKeywordForPlatform(KeywordExecutor.groovy:74)&#xa;	at com.kms.katalon.core.windows.keyword.WindowsBuiltinKeywords.click(WindowsBuiltinKeywords.java:72)&#xa;	at Email.kontrolaMailu(Email.java:30)&#xa;	at Script1713185661975.run(Script1713185661975.groovy:329)&#xa;	... 15 more&#xa;)&#xa;	at com.kms.katalon.core.keyword.internal.KeywordMain.stepFailed(KeywordMain.groovy:51)&#xa;	at com.kms.katalon.core.keyword.internal.KeywordMain.stepFailed(KeywordMain.groovy)&#xa;	at com.kms.katalon.core.keyword.internal.KeywordMain.runKeyword(KeywordMain.groovy:92)&#xa;	at com.kms.katalon.core.keyword.internal.KeywordMain$runKeyword.call(Unknown Source)&#xa;	at com.kms.katalon.core.windows.keyword.builtin.ClickKeyword.click(ClickKeyword.groovy:37)&#xa;	at com.kms.katalon.core.windows.keyword.builtin.ClickKeyword$click.callCurrent(Unknown Source)&#xa;	at com.kms.katalon.core.windows.keyword.builtin.ClickKeyword.execute(ClickKeyword.groovy:33)&#xa;	at com.kms.katalon.core.keyword.internal.KeywordExecutor.executeKeywordForPlatform(KeywordExecutor.groovy:74)&#xa;	at com.kms.katalon.core.windows.keyword.WindowsBuiltinKeywords.click(WindowsBuiltinKeywords.java:72)&#xa;	at Email.kontrolaMailu(Email.java:30)&#xa;	at Pozicka_399090.run(Pozicka_399090:329)&#xa;	at com.kms.katalon.core.main.ScriptEngine.run(ScriptEngine.java:194)&#xa;	at com.kms.katalon.core.main.ScriptEngine.runScriptAsRawText(ScriptEngine.java:119)&#xa;	at com.kms.katalon.core.main.TestCaseExecutor.runScript(TestCaseExecutor.java:448)&#xa;	at com.kms.katalon.core.main.TestCaseExecutor.doExecute(TestCaseExecutor.java:439)&#xa;	at com.kms.katalon.core.main.TestCaseExecutor.processExecutionPhase(TestCaseExecutor.java:418)&#xa;	at com.kms.katalon.core.main.TestCaseExecutor.accessMainPhase(TestCaseExecutor.java:410)&#xa;	at com.kms.katalon.core.main.TestCaseExecutor.execute(TestCaseExecutor.java:285)&#xa;	at com.kms.katalon.core.common.CommonExecutor.accessTestCaseMainPhase(CommonExecutor.java:65)&#xa;	at com.kms.katalon.core.main.TestSuiteExecutor.accessTestSuiteMainPhase(TestSuiteExecutor.java:150)&#xa;	at com.kms.katalon.core.main.TestSuiteExecutor.execute(TestSuiteExecutor.java:106)&#xa;	at com.kms.katalon.core.main.TestCaseMain.startTestSuite(TestCaseMain.java:180)&#xa;	at TempTestSuite1713358848413.run(TempTestSuite1713358848413.groovy:35)&#xa;	at java.base/jdk.internal.reflect.NativeMethodAccessorImpl.invoke0(Native Method)&#xa;	at java.base/jdk.internal.reflect.NativeMethodAccessorImpl.invoke(NativeMethodAccessorImpl.java:77)&#xa;	at java.base/jdk.internal.reflect.DelegatingMethodAccessorImpl.invoke(DelegatingMethodAccessorImpl.java:43)&#xa;Caused by: org.openqa.selenium.TimeoutException: Expected condition failed: waiting for com.kms.katalon.core.windows.keyword.helper.WindowsActionHelper$1@341f2f4c (tried for 30 second(s) with 50 milliseconds interval)&#xa;	at org.openqa.selenium.support.ui.FluentWait.timeoutException(FluentWait.java:304)&#xa;	at org.openqa.selenium.support.ui.FluentWait.until(FluentWait.java:272)&#xa;	at com.kms.katalon.core.windows.keyword.helper.WindowsActionHelper.findElement(WindowsActionHelper.java:120)&#xa;	at com.kms.katalon.core.windows.keyword.helper.WindowsActionHelper.findElement(WindowsActionHelper.java:77)&#xa;	at com.kms.katalon.core.windows.keyword.helper.WindowsActionHelper.findElement(WindowsActionHelper.java:69)&#xa;	at com.kms.katalon.core.windows.keyword.helper.WindowsActionHelper.click(WindowsActionHelper.java:248)&#xa;	at com.kms.katalon.core.windows.keyword.helper.WindowsActionHelper$click$3.call(Unknown Source)&#xa;	at com.kms.katalon.core.windows.keyword.builtin.ClickKeyword$_click_closure1.doCall(ClickKeyword.groovy:43)&#xa;	at com.kms.katalon.core.windows.keyword.builtin.ClickKeyword$_click_closure1.doCall(ClickKeyword.groovy)&#xa;	at java.base/jdk.internal.reflect.NativeMethodAccessorImpl.invoke0(Native Method)&#xa;	at java.base/jdk.internal.reflect.NativeMethodAccessorImpl.invoke(NativeMethodAccessorImpl.java:77)&#xa;	at java.base/jdk.internal.reflect.DelegatingMethodAccessorImpl.invoke(DelegatingMethodAccessorImpl.java:43)&#xa;	at com.kms.katalon.core.keyword.internal.KeywordMain.runKeyword(KeywordMain.groovy:90)&#xa;	... 23 more&#xa;Caused by: org.openqa.selenium.NoSuchElementException: An element could not be located on the page using the given search parameters. (WARNING: The server did not provide any stacktrace information)&#xa;Command duration or timeout: 0 milliseconds&#xa;For documentation on this error, please visit: https://www.seleniumhq.org/exceptions/no_such_element.html&#xa;Build info: version: '3.141.59', revision: 'e82be7d358', time: '2018-11-14T08:25:53'&#xa;System info: host: 'NB-BARCIK', ip: '192.168.0.163', os.name: 'Windows 11', os.arch: 'amd64', os.version: '10.0', java.version: '17.0.7'&#xa;Driver info: io.appium.java_client.windows.WindowsDriver&#xa;Capabilities {app: C:\Program Files\Microsoft ..., javascriptEnabled: true, platform: WINDOWS, platformName: WINDOWS}&#xa;Session ID: F7874F76-83AE-421A-BA8E-7DE9BA350D38&#xa;*** Element info: {Using=xpath, value=//Window/Pane[1]/ToolBar[1]/Pane[1]/Pane[1]/Pane[1]/Pane[1]/Tab[1]/TabItem[1]}&#xa;	at java.base/jdk.internal.reflect.NativeConstructorAccessorImpl.newInstance0(Native Method)&#xa;	at java.base/jdk.internal.reflect.NativeConstructorAccessorImpl.newInstance(NativeConstructorAccessorImpl.java:77)&#xa;	at java.base/jdk.internal.reflect.DelegatingConstructorAccessorImpl.newInstance(DelegatingConstructorAccessorImpl.java:45)&#xa;	at org.openqa.selenium.remote.ErrorHandler.createThrowable(ErrorHandler.java:214)&#xa;	at org.openqa.selenium.remote.ErrorHandler.throwIfResponseFailed(ErrorHandler.java:166)&#xa;	at org.openqa.selenium.remote.http.JsonHttpResponseCodec.reconstructValue(JsonHttpResponseCodec.java:40)&#xa;	at org.openqa.selenium.remote.http.AbstractHttpResponseCodec.decode(AbstractHttpResponseCodec.java:80)&#xa;	at org.openqa.selenium.remote.http.AbstractHttpResponseCodec.decode(AbstractHttpResponseCodec.java:44)&#xa;	at org.openqa.selenium.remote.HttpCommandExecutor.execute(HttpCommandExecutor.java:158)&#xa;	at io.appium.java_client.remote.AppiumCommandExecutor.execute(AppiumCommandExecutor.java:239)&#xa;	at org.openqa.selenium.remote.RemoteWebDriver.execute(RemoteWebDriver.java:552)&#xa;	at io.appium.java_client.DefaultGenericMobileDriver.execute(DefaultGenericMobileDriver.java:42)&#xa;	at io.appium.java_client.AppiumDriver.execute(AppiumDriver.java:1)&#xa;	at io.appium.java_client.windows.WindowsDriver.execute(WindowsDriver.java:1)&#xa;	at org.openqa.selenium.remote.RemoteWebDriver.findElement(RemoteWebDriver.java:323)&#xa;	at io.appium.java_client.DefaultGenericMobileDriver.findElement(DefaultGenericMobileDriver.java:62)&#xa;	at io.appium.java_client.AppiumDriver.findElement(AppiumDriver.java:1)&#xa;	at io.appium.java_client.windows.WindowsDriver.findElement(WindowsDriver.java:1)&#xa;	at org.openqa.selenium.remote.RemoteWebDriver.findElementByXPath(RemoteWebDriver.java:428)&#xa;	at io.appium.java_client.DefaultGenericMobileDriver.findElementByXPath(DefaultGenericMobileDriver.java:152)&#xa;	at io.appium.java_client.AppiumDriver.findElementByXPath(AppiumDriver.java:1)&#xa;	at io.appium.java_client.windows.WindowsDriver.findElementByXPath(WindowsDriver.java:1)&#xa;	at com.kms.katalon.core.windows.keyword.helper.WindowsActionHelper$1.apply(WindowsActionHelper.java:136)&#xa;	at com.kms.katalon.core.windows.keyword.helper.WindowsActionHelper$1.apply(WindowsActionHelper.java:1)&#xa;	at org.openqa.selenium.support.ui.FluentWait.until(FluentWait.java:249)&#xa;	... 34 more&#xa;"/>
         <system-out><![CDATA[17-04-2024T15:01:05 - [TEST_CASE][FAILED] - Test Cases/Pozicky B/Pozicka_399090: Test Cases/Pozicky B/Pozicka_399090 FAILED.
Reason:
com.kms.katalon.core.exception.StepFailedException: Expected condition failed: waiting for com.kms.katalon.core.windows.keyword.helper.WindowsActionHelper$1@341f2f4c (tried for 30 second(s) with 50 milliseconds interval) (Root cause: org.openqa.selenium.TimeoutException: Expected condition failed: waiting for com.kms.katalon.core.windows.keyword.helper.WindowsActionHelper$1@341f2f4c (tried for 30 second(s) with 50 milliseconds interval)
	at org.openqa.selenium.support.ui.FluentWait.timeoutException(FluentWait.java:304)
	at org.openqa.selenium.support.ui.FluentWait.until(FluentWait.java:272)
	at com.kms.katalon.core.windows.keyword.helper.WindowsActionHelper.findElement(WindowsActionHelper.java:120)
	at com.kms.katalon.core.windows.keyword.helper.WindowsActionHelper.findElement(WindowsActionHelper.java:77)
	at com.kms.katalon.core.windows.keyword.helper.WindowsActionHelper.findElement(WindowsActionHelper.java:69)
	at com.kms.katalon.core.windows.keyword.helper.WindowsActionHelper.click(WindowsActionHelper.java:248)
	at com.kms.katalon.core.windows.keyword.helper.WindowsActionHelper$click$3.call(Unknown Source)
	at com.kms.katalon.core.windows.keyword.builtin.ClickKeyword$_click_closure1.doCall(ClickKeyword.groovy:43)
	at com.kms.katalon.core.windows.keyword.builtin.ClickKeyword$_click_closure1.doCall(ClickKeyword.groovy)
	at java.base/jdk.internal.reflect.NativeMethodAccessorImpl.invoke0(Native Method)
	at java.base/jdk.internal.reflect.NativeMethodAccessorImpl.invoke(NativeMethodAccessorImpl.java:77)
	at java.base/jdk.internal.reflect.DelegatingMethodAccessorImpl.invoke(DelegatingMethodAccessorImpl.java:43)
	at com.kms.katalon.core.keyword.internal.KeywordMain.runKeyword(KeywordMain.groovy:90)
	at com.kms.katalon.core.keyword.internal.KeywordMain$runKeyword.call(Unknown Source)
	at com.kms.katalon.core.windows.keyword.builtin.ClickKeyword.click(ClickKeyword.groovy:37)
	at com.kms.katalon.core.windows.keyword.builtin.ClickKeyword$click.callCurrent(Unknown Source)
	at com.kms.katalon.core.windows.keyword.builtin.ClickKeyword.execute(ClickKeyword.groovy:33)
	at com.kms.katalon.core.keyword.internal.KeywordExecutor.executeKeywordForPlatform(KeywordExecutor.groovy:74)
	at com.kms.katalon.core.windows.keyword.WindowsBuiltinKeywords.click(WindowsBuiltinKeywords.java:72)
	at Email.kontrolaMailu(Email.java:30)
	at Pozicka_399090.run(Pozicka_399090:329)
	at com.kms.katalon.core.main.ScriptEngine.run(ScriptEngine.java:194)
	at com.kms.katalon.core.main.ScriptEngine.runScriptAsRawText(ScriptEngine.java:119)
	at com.kms.katalon.core.main.TestCaseExecutor.runScript(TestCaseExecutor.java:448)
	at com.kms.katalon.core.main.TestCaseExecutor.doExecute(TestCaseExecutor.java:439)
	at com.kms.katalon.core.main.TestCaseExecutor.processExecutionPhase(TestCaseExecutor.java:418)
	at com.kms.katalon.core.main.TestCaseExecutor.accessMainPhase(TestCaseExecutor.java:410)
	at com.kms.katalon.core.main.TestCaseExecutor.execute(TestCaseExecutor.java:285)
	at com.kms.katalon.core.common.CommonExecutor.accessTestCaseMainPhase(CommonExecutor.java:65)
	at com.kms.katalon.core.main.TestSuiteExecutor.accessTestSuiteMainPhase(TestSuiteExecutor.java:150)
	at com.kms.katalon.core.main.TestSuiteExecutor.execute(TestSuiteExecutor.java:106)
	at com.kms.katalon.core.main.TestCaseMain.startTestSuite(TestCaseMain.java:180)
	at TempTestSuite1713358848413.run(TempTestSuite1713358848413.groovy:35)
	at java.base/jdk.internal.reflect.NativeMethodAccessorImpl.invoke0(Native Method)
	at java.base/jdk.internal.reflect.NativeMethodAccessorImpl.invoke(NativeMethodAccessorImpl.java:77)
	at java.base/jdk.internal.reflect.DelegatingMethodAccessorImpl.invoke(DelegatingMethodAccessorImpl.java:43)
Caused by: org.openqa.selenium.NoSuchElementException: An element could not be located on the page using the given search parameters. (WARNING: The server did not provide any stacktrace information)
Command duration or timeout: 0 milliseconds
For documentation on this error, please visit: https://www.seleniumhq.org/exceptions/no_such_element.html
Build info: version: '3.141.59', revision: 'e82be7d358', time: '2018-11-14T08:25:53'
System info: host: 'NB-BARCIK', ip: '192.168.0.163', os.name: 'Windows 11', os.arch: 'amd64', os.version: '10.0', java.version: '17.0.7'
Driver info: io.appium.java_client.windows.WindowsDriver
Capabilities {app: C:\Program Files\Microsoft ..., javascriptEnabled: true, platform: WINDOWS, platformName: WINDOWS}
Session ID: F7874F76-83AE-421A-BA8E-7DE9BA350D38
*** Element info: {Using=xpath, value=//Window/Pane[1]/ToolBar[1]/Pane[1]/Pane[1]/Pane[1]/Pane[1]/Tab[1]/TabItem[1]}
	at java.base/jdk.internal.reflect.NativeConstructorAccessorImpl.newInstance0(Native Method)
	at java.base/jdk.internal.reflect.NativeConstructorAccessorImpl.newInstance(NativeConstructorAccessorImpl.java:77)
	at java.base/jdk.internal.reflect.DelegatingConstructorAccessorImpl.newInstance(DelegatingConstructorAccessorImpl.java:45)
	at org.openqa.selenium.remote.ErrorHandler.createThrowable(ErrorHandler.java:214)
	at org.openqa.selenium.remote.ErrorHandler.throwIfResponseFailed(ErrorHandler.java:166)
	at org.openqa.selenium.remote.http.JsonHttpResponseCodec.reconstructValue(JsonHttpResponseCodec.java:40)
	at org.openqa.selenium.remote.http.AbstractHttpResponseCodec.decode(AbstractHttpResponseCodec.java:80)
	at org.openqa.selenium.remote.http.AbstractHttpResponseCodec.decode(AbstractHttpResponseCodec.java:44)
	at org.openqa.selenium.remote.HttpCommandExecutor.execute(HttpCommandExecutor.java:158)
	at io.appium.java_client.remote.AppiumCommandExecutor.execute(AppiumCommandExecutor.java:239)
	at org.openqa.selenium.remote.RemoteWebDriver.execute(RemoteWebDriver.java:552)
	at io.appium.java_client.DefaultGenericMobileDriver.execute(DefaultGenericMobileDriver.java:42)
	at io.appium.java_client.AppiumDriver.execute(AppiumDriver.java:1)
	at io.appium.java_client.windows.WindowsDriver.execute(WindowsDriver.java:1)
	at org.openqa.selenium.remote.RemoteWebDriver.findElement(RemoteWebDriver.java:323)
	at io.appium.java_client.DefaultGenericMobileDriver.findElement(DefaultGenericMobileDriver.java:62)
	at io.appium.java_client.AppiumDriver.findElement(AppiumDriver.java:1)
	at io.appium.java_client.windows.WindowsDriver.findElement(WindowsDriver.java:1)
	at org.openqa.selenium.remote.RemoteWebDriver.findElementByXPath(RemoteWebDriver.java:428)
	at io.appium.java_client.DefaultGenericMobileDriver.findElementByXPath(DefaultGenericMobileDriver.java:152)
	at io.appium.java_client.AppiumDriver.findElementByXPath(AppiumDriver.java:1)
	at io.appium.java_client.windows.WindowsDriver.findElementByXPath(WindowsDriver.java:1)
	at com.kms.katalon.core.windows.keyword.helper.WindowsActionHelper$1.apply(WindowsActionHelper.java:136)
	at com.kms.katalon.core.windows.keyword.helper.WindowsActionHelper$1.apply(WindowsActionHelper.java:1)
	at org.openqa.selenium.support.ui.FluentWait.until(FluentWait.java:249)
	at com.kms.katalon.core.windows.keyword.helper.WindowsActionHelper.findElement(WindowsActionHelper.java:120)
	at com.kms.katalon.core.windows.keyword.helper.WindowsActionHelper.findElement(WindowsActionHelper.java:77)
	at com.kms.katalon.core.windows.keyword.helper.WindowsActionHelper.findElement(WindowsActionHelper.java:69)
	at com.kms.katalon.core.windows.keyword.helper.WindowsActionHelper.click(WindowsActionHelper.java:248)
	at com.kms.katalon.core.windows.keyword.helper.WindowsActionHelper$click$3.call(Unknown Source)
	at com.kms.katalon.core.windows.keyword.builtin.ClickKeyword$_click_closure1.doCall(ClickKeyword.groovy:43)
	at com.kms.katalon.core.windows.keyword.builtin.ClickKeyword$_click_closure1.doCall(ClickKeyword.groovy)
	at java.base/jdk.internal.reflect.NativeMethodAccessorImpl.invoke0(Native Method)
	at java.base/jdk.internal.reflect.NativeMethodAccessorImpl.invoke(NativeMethodAccessorImpl.java:77)
	at java.base/jdk.internal.reflect.DelegatingMethodAccessorImpl.invoke(DelegatingMethodAccessorImpl.java:43)
	at com.kms.katalon.core.keyword.internal.KeywordMain.runKeyword(KeywordMain.groovy:90)
	at com.kms.katalon.core.keyword.internal.KeywordMain$runKeyword.call(Unknown Source)
	at com.kms.katalon.core.windows.keyword.builtin.ClickKeyword.click(ClickKeyword.groovy:37)
	at com.kms.katalon.core.windows.keyword.builtin.ClickKeyword$click.callCurrent(Unknown Source)
	at com.kms.katalon.core.windows.keyword.builtin.ClickKeyword.execute(ClickKeyword.groovy:33)
	at com.kms.katalon.core.keyword.internal.KeywordExecutor.executeKeywordForPlatform(KeywordExecutor.groovy:74)
	at com.kms.katalon.core.windows.keyword.WindowsBuiltinKeywords.click(WindowsBuiltinKeywords.java:72)
	at Email.kontrolaMailu(Email.java:30)
	at Script1713185661975.run(Script1713185661975.groovy:329)
	... 15 more
)
	at com.kms.katalon.core.keyword.internal.KeywordMain.stepFailed(KeywordMain.groovy:51)
	at com.kms.katalon.core.keyword.internal.KeywordMain.stepFailed(KeywordMain.groovy)
	at com.kms.katalon.core.keyword.internal.KeywordMain.runKeyword(KeywordMain.groovy:92)
	at com.kms.katalon.core.keyword.internal.KeywordMain$runKeyword.call(Unknown Source)
	at com.kms.katalon.core.windows.keyword.builtin.ClickKeyword.click(ClickKeyword.groovy:37)
	at com.kms.katalon.core.windows.keyword.builtin.ClickKeyword$click.callCurrent(Unknown Source)
	at com.kms.katalon.core.windows.keyword.builtin.ClickKeyword.execute(ClickKeyword.groovy:33)
	at com.kms.katalon.core.keyword.internal.KeywordExecutor.executeKeywordForPlatform(KeywordExecutor.groovy:74)
	at com.kms.katalon.core.windows.keyword.WindowsBuiltinKeywords.click(WindowsBuiltinKeywords.java:72)
	at Email.kontrolaMailu(Email.java:30)
	at Pozicka_399090.run(Pozicka_399090:329)
	at com.kms.katalon.core.main.ScriptEngine.run(ScriptEngine.java:194)
	at com.kms.katalon.core.main.ScriptEngine.runScriptAsRawText(ScriptEngine.java:119)
	at com.kms.katalon.core.main.TestCaseExecutor.runScript(TestCaseExecutor.java:448)
	at com.kms.katalon.core.main.TestCaseExecutor.doExecute(TestCaseExecutor.java:439)
	at com.kms.katalon.core.main.TestCaseExecutor.processExecutionPhase(TestCaseExecutor.java:418)
	at com.kms.katalon.core.main.TestCaseExecutor.accessMainPhase(TestCaseExecutor.java:410)
	at com.kms.katalon.core.main.TestCaseExecutor.execute(TestCaseExecutor.java:285)
	at com.kms.katalon.core.common.CommonExecutor.accessTestCaseMainPhase(CommonExecutor.java:65)
	at com.kms.katalon.core.main.TestSuiteExecutor.accessTestSuiteMainPhase(TestSuiteExecutor.java:150)
	at com.kms.katalon.core.main.TestSuiteExecutor.execute(TestSuiteExecutor.java:106)
	at com.kms.katalon.core.main.TestCaseMain.startTestSuite(TestCaseMain.java:180)
	at TempTestSuite1713358848413.run(TempTestSuite1713358848413.groovy:35)
	at java.base/jdk.internal.reflect.NativeMethodAccessorImpl.invoke0(Native Method)
	at java.base/jdk.internal.reflect.NativeMethodAccessorImpl.invoke(NativeMethodAccessorImpl.java:77)
	at java.base/jdk.internal.reflect.DelegatingMethodAccessorImpl.invoke(DelegatingMethodAccessorImpl.java:43)
Caused by: org.openqa.selenium.TimeoutException: Expected condition failed: waiting for com.kms.katalon.core.windows.keyword.helper.WindowsActionHelper$1@341f2f4c (tried for 30 second(s) with 50 milliseconds interval)
	at org.openqa.selenium.support.ui.FluentWait.timeoutException(FluentWait.java:304)
	at org.openqa.selenium.support.ui.FluentWait.until(FluentWait.java:272)
	at com.kms.katalon.core.windows.keyword.helper.WindowsActionHelper.findElement(WindowsActionHelper.java:120)
	at com.kms.katalon.core.windows.keyword.helper.WindowsActionHelper.findElement(WindowsActionHelper.java:77)
	at com.kms.katalon.core.windows.keyword.helper.WindowsActionHelper.findElement(WindowsActionHelper.java:69)
	at com.kms.katalon.core.windows.keyword.helper.WindowsActionHelper.click(WindowsActionHelper.java:248)
	at com.kms.katalon.core.windows.keyword.helper.WindowsActionHelper$click$3.call(Unknown Source)
	at com.kms.katalon.core.windows.keyword.builtin.ClickKeyword$_click_closure1.doCall(ClickKeyword.groovy:43)
	at com.kms.katalon.core.windows.keyword.builtin.ClickKeyword$_click_closure1.doCall(ClickKeyword.groovy)
	at java.base/jdk.internal.reflect.NativeMethodAccessorImpl.invoke0(Native Method)
	at java.base/jdk.internal.reflect.NativeMethodAccessorImpl.invoke(NativeMethodAccessorImpl.java:77)
	at java.base/jdk.internal.reflect.DelegatingMethodAccessorImpl.invoke(DelegatingMethodAccessorImpl.java:43)
	at com.kms.katalon.core.keyword.internal.KeywordMain.runKeyword(KeywordMain.groovy:90)
	... 23 more
Caused by: org.openqa.selenium.NoSuchElementException: An element could not be located on the page using the given search parameters. (WARNING: The server did not provide any stacktrace information)
Command duration or timeout: 0 milliseconds
For documentation on this error, please visit: https://www.seleniumhq.org/exceptions/no_such_element.html
Build info: version: '3.141.59', revision: 'e82be7d358', time: '2018-11-14T08:25:53'
System info: host: 'NB-BARCIK', ip: '192.168.0.163', os.name: 'Windows 11', os.arch: 'amd64', os.version: '10.0', java.version: '17.0.7'
Driver info: io.appium.java_client.windows.WindowsDriver
Capabilities {app: C:\Program Files\Microsoft ..., javascriptEnabled: true, platform: WINDOWS, platformName: WINDOWS}
Session ID: F7874F76-83AE-421A-BA8E-7DE9BA350D38
*** Element info: {Using=xpath, value=//Window/Pane[1]/ToolBar[1]/Pane[1]/Pane[1]/Pane[1]/Pane[1]/Tab[1]/TabItem[1]}
	at java.base/jdk.internal.reflect.NativeConstructorAccessorImpl.newInstance0(Native Method)
	at java.base/jdk.internal.reflect.NativeConstructorAccessorImpl.newInstance(NativeConstructorAccessorImpl.java:77)
	at java.base/jdk.internal.reflect.DelegatingConstructorAccessorImpl.newInstance(DelegatingConstructorAccessorImpl.java:45)
	at org.openqa.selenium.remote.ErrorHandler.createThrowable(ErrorHandler.java:214)
	at org.openqa.selenium.remote.ErrorHandler.throwIfResponseFailed(ErrorHandler.java:166)
	at org.openqa.selenium.remote.http.JsonHttpResponseCodec.reconstructValue(JsonHttpResponseCodec.java:40)
	at org.openqa.selenium.remote.http.AbstractHttpResponseCodec.decode(AbstractHttpResponseCodec.java:80)
	at org.openqa.selenium.remote.http.AbstractHttpResponseCodec.decode(AbstractHttpResponseCodec.java:44)
	at org.openqa.selenium.remote.HttpCommandExecutor.execute(HttpCommandExecutor.java:158)
	at io.appium.java_client.remote.AppiumCommandExecutor.execute(AppiumCommandExecutor.java:239)
	at org.openqa.selenium.remote.RemoteWebDriver.execute(RemoteWebDriver.java:552)
	at io.appium.java_client.DefaultGenericMobileDriver.execute(DefaultGenericMobileDriver.java:42)
	at io.appium.java_client.AppiumDriver.execute(AppiumDriver.java:1)
	at io.appium.java_client.windows.WindowsDriver.execute(WindowsDriver.java:1)
	at org.openqa.selenium.remote.RemoteWebDriver.findElement(RemoteWebDriver.java:323)
	at io.appium.java_client.DefaultGenericMobileDriver.findElement(DefaultGenericMobileDriver.java:62)
	at io.appium.java_client.AppiumDriver.findElement(AppiumDriver.java:1)
	at io.appium.java_client.windows.WindowsDriver.findElement(WindowsDriver.java:1)
	at org.openqa.selenium.remote.RemoteWebDriver.findElementByXPath(RemoteWebDriver.java:428)
	at io.appium.java_client.DefaultGenericMobileDriver.findElementByXPath(DefaultGenericMobileDriver.java:152)
	at io.appium.java_client.AppiumDriver.findElementByXPath(AppiumDriver.java:1)
	at io.appium.java_client.windows.WindowsDriver.findElementByXPath(WindowsDriver.java:1)
	at com.kms.katalon.core.windows.keyword.helper.WindowsActionHelper$1.apply(WindowsActionHelper.java:136)
	at com.kms.katalon.core.windows.keyword.helper.WindowsActionHelper$1.apply(WindowsActionHelper.java:1)
	at org.openqa.selenium.support.ui.FluentWait.until(FluentWait.java:249)
	... 34 more


17-04-2024T15:01:06 - [TEST_STEP][PASSED] - log = new com.kms.katalon.core.logging.KeywordLogger(): null

17-04-2024T15:01:06 - [TEST_STEP][PASSED] - mail = new Email(): null

17-04-2024T15:01:06 - [TEST_STEP][PASSED] - podpis = new Podpisovac(): null

17-04-2024T15:01:06 - [TEST_STEP][PASSED] - form = new Formular(): null

17-04-2024T15:01:07 - [TEST_STEP][PASSED] - openBrowser(""): Browser is opened with url: ''

17-04-2024T15:01:07 - [MESSAGE][INFO] - Starting 'Chrome' driver

17-04-2024T15:01:08 - [MESSAGE][INFO] - User set preference: ['prefs', '{protocol_handler={allowed_origin_protocol_pairs={https://es-test.minedu.sk={ditec-dlauncher=true}}}}']

17-04-2024T15:01:08 - [MESSAGE][INFO] - Action delay is set to 0 milliseconds

17-04-2024T15:01:12 - [MESSAGE][PASSED] - Browser is opened with url: ''

17-04-2024T15:01:12 - [TEST_STEP][PASSED] - navigateToUrl("https://es-test.minedu.sk/"): Navigate to 'https://es-test.minedu.sk/' successfully

17-04-2024T15:01:23 - [MESSAGE][PASSED] - Navigate to 'https://es-test.minedu.sk/' successfully

17-04-2024T15:01:23 - [TEST_STEP][PASSED] - if (form.prihlasUzivatela("930471954", "zTTfKFASM+jMVRoiJaGOIA==")): null

17-04-2024T15:01:23 - [MESSAGE][PASSED] - Object: 'Object Repository/Page_Portl elektronickch sluieb regionlneho_9bdbd3/a_Shlasm' is clicked on

17-04-2024T15:01:24 - [MESSAGE][PASSED] - Current window maximized

17-04-2024T15:01:31 - [MESSAGE][PASSED] - Object: 'Object Repository/Page_Portl elektronickch sluieb regionlneho_9bdbd3/a_Prihlsi sa' is clicked on

17-04-2024T15:01:32 - [MESSAGE][PASSED] - Object: 'Object Repository/Page_Spsoby prihlsenia sa na portl - Iam.Web/div_Identifiktor a heslo fyzickej osoby    _3153de' is clicked on

17-04-2024T15:01:33 - [MESSAGE][PASSED] - Text '930471954' is set on object 'Object Repository/Page_Identifiktor a heslo fyzickej osoby - Iam.Web/input_Zadajte svoj identifiktor_DomainName'

17-04-2024T15:01:33 - [MESSAGE][PASSED] - Text ****** has been set on object 'Object Repository/Page_Identifiktor a heslo fyzickej osoby - Iam.Web/input_Zadajte svoje prihlasovacie heslo_Password'

17-04-2024T15:01:38 - [MESSAGE][PASSED] - Object: 'Object Repository/Page_Identifiktor a heslo fyzickej osoby - Iam.Web/input_Zabudnut heslo_btn-continue' is clicked on

17-04-2024T15:01:38 - [MESSAGE][WARNING] - Timeout '0' is invalid. Using default page load timeout: '30'

17-04-2024T15:01:40 - [MESSAGE][PASSED] - Object 'Object Repository/Page_Detail podania  Elektronick sluby port_bcdefc/a_Odhlsi' is present

17-04-2024T15:01:40 - [TEST_STEP][PASSED] - log.logInfo("Prihlasenie uspesne"): Prihlasenie uspesne

17-04-2024T15:01:40 - [MESSAGE][INFO] - Prihlasenie uspesne

17-04-2024T15:01:40 - [TEST_STEP][PASSED] - click(findTestObject("Object Repository/Page_Portl elektronickch sluieb regionlneho_9bdbd3/a_Pedagogick a odborn zamestnanec")): Object: 'Object Repository/Page_Portl elektronickch sluieb regionlneho_9bdbd3/a_Pedagogick a odborn zamestnanec' is clicked on

17-04-2024T15:01:42 - [MESSAGE][PASSED] - Object: 'Object Repository/Page_Portl elektronickch sluieb regionlneho_9bdbd3/a_Pedagogick a odborn zamestnanec' is clicked on

17-04-2024T15:01:42 - [TEST_STEP][PASSED] - click(findTestObject("Object Repository/Page_Elektronick sluby pre pedagogickch a o_83fa6f/a_Podvanie iadosti o piku pre pedaggov z Fo_d7a76f")): Object: 'Object Repository/Page_Elektronick sluby pre pedagogickch a o_83fa6f/a_Podvanie iadosti o piku pre pedaggov z Fo_d7a76f' is clicked on

17-04-2024T15:01:42 - [MESSAGE][PASSED] - Object: 'Object Repository/Page_Elektronick sluby pre pedagogickch a o_83fa6f/a_Podvanie iadosti o piku pre pedaggov z Fo_d7a76f' is clicked on

17-04-2024T15:01:42 - [TEST_STEP][PASSED] - click(findTestObject("Object Repository/Page_Podvanie iadosti o piku pre pedaggov z_981991/a_Prejs na podvanie iadosti o piku pre peda_d8ef74")): Object: 'Object Repository/Page_Podvanie iadosti o piku pre pedaggov z_981991/a_Prejs na podvanie iadosti o piku pre peda_d8ef74' is clicked on

17-04-2024T15:01:45 - [MESSAGE][PASSED] - Object: 'Object Repository/Page_Podvanie iadosti o piku pre pedaggov z_981991/a_Prejs na podvanie iadosti o piku pre peda_d8ef74' is clicked on

17-04-2024T15:01:45 - [TEST_STEP][PASSED] - waitForElementPresent(findTestObject("Page_Formulr Podvanie iadosti o piku pre pe_fbb4f4/span_ESRVS-2024-2188"), 30, STOP_ON_FAILURE): Object 'Object Repository/Page_Formulr Podvanie iadosti o piku pre pe_fbb4f4/span_ESRVS-2024-2188' is present

17-04-2024T15:02:00 - [MESSAGE][PASSED] - Object 'Object Repository/Page_Formulr Podvanie iadosti o piku pre pe_fbb4f4/span_ESRVS-2024-2188' is present

17-04-2024T15:02:00 - [TEST_STEP][PASSED] - identifikator = getText(findTestObject("Object Repository/Page_Formulr Podvanie iadosti o piku pre pe_fbb4f4/span_ESRVS-2024-2188")): Text of object 'Object Repository/Page_Formulr Podvanie iadosti o piku pre pe_fbb4f4/span_ESRVS-2024-2188' is: 'ESRVS-2024-2239'

17-04-2024T15:02:04 - [MESSAGE][PASSED] - Text of object 'Object Repository/Page_Formulr Podvanie iadosti o piku pre pe_fbb4f4/span_ESRVS-2024-2188' is: 'ESRVS-2024-2239'

17-04-2024T15:02:04 - [TEST_STEP][PASSED] - verifyElementText(findTestObject("Page_Formulr Podvanie iadosti o piku pre pe_fbb4f4/span_ESRVS-2024-2188"), identifikator): Actual text and expected text of test object 'Object Repository/Page_Formulr Podvanie iadosti o piku pre pe_fbb4f4/span_ESRVS-2024-2188' are matched.

17-04-2024T15:02:04 - [MESSAGE][PASSED] - Actual text and expected text of test object 'Object Repository/Page_Formulr Podvanie iadosti o piku pre pe_fbb4f4/span_ESRVS-2024-2188' are matched.

17-04-2024T15:02:04 - [TEST_STEP][PASSED] - setText(findTestObject("Object Repository/Page_Formulr Podvanie iadosti o piku pre pe_fbb4f4/input_Zadajte najvy zskan titul (v prpade v_aad6cd"), "Ing."): Text 'Ing.' is set on object 'Object Repository/Page_Formulr Podvanie iadosti o piku pre pe_fbb4f4/input_Zadajte najvy zskan titul (v prpade v_aad6cd'

17-04-2024T15:02:05 - [MESSAGE][PASSED] - Text 'Ing.' is set on object 'Object Repository/Page_Formulr Podvanie iadosti o piku pre pe_fbb4f4/input_Zadajte najvy zskan titul (v prpade v_aad6cd'

17-04-2024T15:02:05 - [TEST_STEP][PASSED] - verifyElementText(findTestObject("Object Repository/Page_Formulr Podvanie iadosti o piku pre pe_fbb4f4/span_Marek"), "Marek"): Actual text and expected text of test object 'Object Repository/Page_Formulr Podvanie iadosti o piku pre pe_fbb4f4/span_Marek' are matched.

17-04-2024T15:02:06 - [MESSAGE][PASSED] - Actual text and expected text of test object 'Object Repository/Page_Formulr Podvanie iadosti o piku pre pe_fbb4f4/span_Marek' are matched.

17-04-2024T15:02:06 - [TEST_STEP][PASSED] - verifyElementText(findTestObject("Object Repository/Page_Formulr Podvanie iadosti o piku pre pe_fbb4f4/span_Tirpk"), "Tirpák"): Actual text and expected text of test object 'Object Repository/Page_Formulr Podvanie iadosti o piku pre pe_fbb4f4/span_Tirpk' are matched.

17-04-2024T15:02:06 - [MESSAGE][PASSED] - Actual text and expected text of test object 'Object Repository/Page_Formulr Podvanie iadosti o piku pre pe_fbb4f4/span_Tirpk' are matched.

17-04-2024T15:02:06 - [TEST_STEP][PASSED] - verifyElementText(findTestObject("Object Repository/Page_Formulr Podvanie iadosti o piku pre pe_fbb4f4/span_8001010017"), "8001010017"): Actual text and expected text of test object 'Object Repository/Page_Formulr Podvanie iadosti o piku pre pe_fbb4f4/span_8001010017' are matched.

17-04-2024T15:02:06 - [MESSAGE][PASSED] - Actual text and expected text of test object 'Object Repository/Page_Formulr Podvanie iadosti o piku pre pe_fbb4f4/span_8001010017' are matched.

17-04-2024T15:02:06 - [TEST_STEP][PASSED] - verifyElementText(findTestObject("Object Repository/Page_Formulr Podvanie iadosti o piku pre pe_fbb4f4/span_01.01.1980"), "01.01.1980"): Actual text and expected text of test object 'Object Repository/Page_Formulr Podvanie iadosti o piku pre pe_fbb4f4/span_01.01.1980' are matched.

17-04-2024T15:02:07 - [MESSAGE][PASSED] - Actual text and expected text of test object 'Object Repository/Page_Formulr Podvanie iadosti o piku pre pe_fbb4f4/span_01.01.1980' are matched.

17-04-2024T15:02:07 - [TEST_STEP][PASSED] - click(findTestObject("Object Repository/Page_Formulr Podvanie iadosti o piku pre pe_fbb4f4/label_In")): Object: 'Object Repository/Page_Formulr Podvanie iadosti o piku pre pe_fbb4f4/label_In' is clicked on

17-04-2024T15:02:07 - [MESSAGE][PASSED] - Object: 'Object Repository/Page_Formulr Podvanie iadosti o piku pre pe_fbb4f4/label_In' is clicked on

17-04-2024T15:02:07 - [TEST_STEP][PASSED] - setText(findTestObject("Object Repository/Page_Formulr Podvanie iadosti o piku pre pe_fbb4f4/input_Zadajte PS trvalho pobytu_UI_V_ZP_in__f1f09d"), "07865"): Text '07865' is set on object 'Object Repository/Page_Formulr Podvanie iadosti o piku pre pe_fbb4f4/input_Zadajte PS trvalho pobytu_UI_V_ZP_in__f1f09d'

17-04-2024T15:02:08 - [MESSAGE][PASSED] - Text '07865' is set on object 'Object Repository/Page_Formulr Podvanie iadosti o piku pre pe_fbb4f4/input_Zadajte PS trvalho pobytu_UI_V_ZP_in__f1f09d'

17-04-2024T15:02:08 - [TEST_STEP][PASSED] - click(findTestObject("Object Repository/Page_Formulr Podvanie iadosti o piku pre pe_fbb4f4/label_Nie")): Object: 'Object Repository/Page_Formulr Podvanie iadosti o piku pre pe_fbb4f4/label_Nie' is clicked on

17-04-2024T15:02:08 - [MESSAGE][PASSED] - Object: 'Object Repository/Page_Formulr Podvanie iadosti o piku pre pe_fbb4f4/label_Nie' is clicked on

17-04-2024T15:02:08 - [TEST_STEP][PASSED] - setText(findTestObject("Object Repository/Page_Formulr Podvanie iadosti o piku pre pe_fbb4f4/input_Zadajte obec alebo mesto, kam bude v _9b039a"), "Košice-Juh"): Text 'Košice-Juh' is set on object 'Object Repository/Page_Formulr Podvanie iadosti o piku pre pe_fbb4f4/input_Zadajte obec alebo mesto, kam bude v _9b039a'

17-04-2024T15:02:09 - [MESSAGE][PASSED] - Text 'Košice-Juh' is set on object 'Object Repository/Page_Formulr Podvanie iadosti o piku pre pe_fbb4f4/input_Zadajte obec alebo mesto, kam bude v _9b039a'

17-04-2024T15:02:09 - [TEST_STEP][PASSED] - click(findTestObject("Object Repository/Page_Formulr Podvanie iadosti o piku pre pedaggov z Fondu na podporu vzdelvania  Elektronick sluby portlu regionlneho a vysokho kolstva/div_Koice-Juh (Koice IV)")): Object: 'Object Repository/Page_Formulr Podvanie iadosti o piku pre pedaggov z Fondu na podporu vzdelvania  Elektronick sluby portlu regionlneho a vysokho kolstva/div_Koice-Juh (Koice IV)' is clicked on

17-04-2024T15:02:09 - [MESSAGE][PASSED] - Object: 'Object Repository/Page_Formulr Podvanie iadosti o piku pre pedaggov z Fondu na podporu vzdelvania  Elektronick sluby portlu regionlneho a vysokho kolstva/div_Koice-Juh (Koice IV)' is clicked on

17-04-2024T15:02:09 - [TEST_STEP][PASSED] - setText(findTestObject("Object Repository/Page_Formulr Podvanie iadosti o piku pre pe_fbb4f4/input_Zadajte ulicu, kam bude v prpade potr_a6c0b2"), "Vymyslená"): Text 'Vymyslená' is set on object 'Object Repository/Page_Formulr Podvanie iadosti o piku pre pe_fbb4f4/input_Zadajte ulicu, kam bude v prpade potr_a6c0b2'

17-04-2024T15:02:10 - [MESSAGE][PASSED] - Text 'Vymyslená' is set on object 'Object Repository/Page_Formulr Podvanie iadosti o piku pre pe_fbb4f4/input_Zadajte ulicu, kam bude v prpade potr_a6c0b2'

17-04-2024T15:02:10 - [TEST_STEP][PASSED] - setText(findTestObject("Object Repository/Page_Formulr Podvanie iadosti o piku pre pe_fbb4f4/input_Zadajte spisn slo, kam bude v prpade _a00d5c"), "98"): Text '98' is set on object 'Object Repository/Page_Formulr Podvanie iadosti o piku pre pe_fbb4f4/input_Zadajte spisn slo, kam bude v prpade _a00d5c'

17-04-2024T15:02:11 - [MESSAGE][PASSED] - Text '98' is set on object 'Object Repository/Page_Formulr Podvanie iadosti o piku pre pe_fbb4f4/input_Zadajte spisn slo, kam bude v prpade _a00d5c'

17-04-2024T15:02:11 - [TEST_STEP][PASSED] - setText(findTestObject("Object Repository/Page_Formulr Podvanie iadosti o piku pre pe_fbb4f4/input_Zadajte orientan slo, kam bude v prpa_557c52"), "55"): Text '55' is set on object 'Object Repository/Page_Formulr Podvanie iadosti o piku pre pe_fbb4f4/input_Zadajte orientan slo, kam bude v prpa_557c52'

17-04-2024T15:02:11 - [MESSAGE][PASSED] - Text '55' is set on object 'Object Repository/Page_Formulr Podvanie iadosti o piku pre pe_fbb4f4/input_Zadajte orientan slo, kam bude v prpa_557c52'

17-04-2024T15:02:11 - [TEST_STEP][PASSED] - setText(findTestObject("Object Repository/Page_Formulr Podvanie iadosti o piku pre pe_fbb4f4/input_Zadajte PS, kam bude v prpade potreby_22cb62"), "01265"): Text '01265' is set on object 'Object Repository/Page_Formulr Podvanie iadosti o piku pre pe_fbb4f4/input_Zadajte PS, kam bude v prpade potreby_22cb62'

17-04-2024T15:02:12 - [MESSAGE][PASSED] - Text '01265' is set on object 'Object Repository/Page_Formulr Podvanie iadosti o piku pre pe_fbb4f4/input_Zadajte PS, kam bude v prpade potreby_22cb62'

17-04-2024T15:02:12 - [TEST_STEP][PASSED] - click(findTestObject("Object Repository/Page_Formulr Podvanie iadosti o piku pre pe_fbb4f4/input_Zadajte kontaktn e-mailov adresu_UI_V_aee6cc")): Object: 'Object Repository/Page_Formulr Podvanie iadosti o piku pre pe_fbb4f4/input_Zadajte kontaktn e-mailov adresu_UI_V_aee6cc' is clicked on

17-04-2024T15:02:13 - [MESSAGE][PASSED] - Object: 'Object Repository/Page_Formulr Podvanie iadosti o piku pre pe_fbb4f4/input_Zadajte kontaktn e-mailov adresu_UI_V_aee6cc' is clicked on

17-04-2024T15:02:13 - [TEST_STEP][PASSED] - setText(findTestObject("Object Repository/Page_Formulr Podvanie iadosti o piku pre pe_fbb4f4/input_Zadajte kontaktn e-mailov adresu_UI_V_aee6cc"), email): Text 'barcik@ditec.sk' is set on object 'Object Repository/Page_Formulr Podvanie iadosti o piku pre pe_fbb4f4/input_Zadajte kontaktn e-mailov adresu_UI_V_aee6cc'

17-04-2024T15:02:13 - [MESSAGE][PASSED] - Text 'barcik@ditec.sk' is set on object 'Object Repository/Page_Formulr Podvanie iadosti o piku pre pe_fbb4f4/input_Zadajte kontaktn e-mailov adresu_UI_V_aee6cc'

17-04-2024T15:02:13 - [TEST_STEP][PASSED] - setText(findTestObject("Object Repository/Page_Formulr Podvanie iadosti o piku pre pe_fbb4f4/input_Zadajte telefnne slo vrtane medzinrod_dbbd6c"), "+421456321789"): Text '+421456321789' is set on object 'Object Repository/Page_Formulr Podvanie iadosti o piku pre pe_fbb4f4/input_Zadajte telefnne slo vrtane medzinrod_dbbd6c'

17-04-2024T15:02:14 - [MESSAGE][PASSED] - Text '+421456321789' is set on object 'Object Repository/Page_Formulr Podvanie iadosti o piku pre pe_fbb4f4/input_Zadajte telefnne slo vrtane medzinrod_dbbd6c'

17-04-2024T15:02:14 - [TEST_STEP][PASSED] - click(findTestObject("Object Repository/Page_Formulr Podvanie iadosti o piku pre pe_fbb4f4/input_Vyberte minimlne jednu, alebo viac mo_04f0d9")): Object: 'Object Repository/Page_Formulr Podvanie iadosti o piku pre pe_fbb4f4/input_Vyberte minimlne jednu, alebo viac mo_04f0d9' is clicked on

17-04-2024T15:02:15 - [MESSAGE][PASSED] - Object: 'Object Repository/Page_Formulr Podvanie iadosti o piku pre pe_fbb4f4/input_Vyberte minimlne jednu, alebo viac mo_04f0d9' is clicked on

17-04-2024T15:02:15 - [TEST_STEP][PASSED] - click(findTestObject("Object Repository/Page_Formulr Podvanie iadosti o piku pre pe_fbb4f4/input_doktorand v dennej forme tdia_UI_V_ZP_9333fb")): Object: 'Object Repository/Page_Formulr Podvanie iadosti o piku pre pe_fbb4f4/input_doktorand v dennej forme tdia_UI_V_ZP_9333fb' is clicked on

17-04-2024T15:02:15 - [MESSAGE][PASSED] - Object: 'Object Repository/Page_Formulr Podvanie iadosti o piku pre pe_fbb4f4/input_doktorand v dennej forme tdia_UI_V_ZP_9333fb' is clicked on

17-04-2024T15:02:15 - [TEST_STEP][PASSED] - if (verifyElementClickable(findTestObject("Object Repository/Page_Formulr Podvanie iadosti o piku pre pe_fbb4f4/button_Pokraova"))): null

17-04-2024T15:02:16 - [MESSAGE][PASSED] - Object 'Object Repository/Page_Formulr Podvanie iadosti o piku pre pe_fbb4f4/button_Pokraova' is clickable

17-04-2024T15:02:16 - [TEST_STEP][PASSED] - log.logInfo("Udaje korektne zadane"): Udaje korektne zadane

17-04-2024T15:02:16 - [MESSAGE][INFO] - Udaje korektne zadane

17-04-2024T15:02:16 - [TEST_STEP][PASSED] - click(findTestObject("Object Repository/Page_Formulr Podvanie iadosti o piku pre pe_fbb4f4/button_Pokraova")): Object: 'Object Repository/Page_Formulr Podvanie iadosti o piku pre pe_fbb4f4/button_Pokraova' is clicked on

17-04-2024T15:02:16 - [MESSAGE][PASSED] - Object: 'Object Repository/Page_Formulr Podvanie iadosti o piku pre pe_fbb4f4/button_Pokraova' is clicked on

17-04-2024T15:02:16 - [TEST_STEP][PASSED] - setText(findTestObject("Object Repository/Page_Formulr Podvanie iadosti o piku pre pe_fbb4f4/input_Poadovan vka piky (zaokrhlene na stov_c8e10c"), "15000"): Text '15000' is set on object 'Object Repository/Page_Formulr Podvanie iadosti o piku pre pe_fbb4f4/input_Poadovan vka piky (zaokrhlene na stov_c8e10c'

17-04-2024T15:02:17 - [MESSAGE][PASSED] - Text '15000' is set on object 'Object Repository/Page_Formulr Podvanie iadosti o piku pre pe_fbb4f4/input_Poadovan vka piky (zaokrhlene na stov_c8e10c'

17-04-2024T15:02:17 - [TEST_STEP][PASSED] - setText(findTestObject("Object Repository/Page_Formulr Podvanie iadosti o piku pre pe_fbb4f4/input_Zadajte poadovan splatnos piky na cel_03b518"), "15"): Text '15' is set on object 'Object Repository/Page_Formulr Podvanie iadosti o piku pre pe_fbb4f4/input_Zadajte poadovan splatnos piky na cel_03b518'

17-04-2024T15:02:17 - [MESSAGE][PASSED] - Text '15' is set on object 'Object Repository/Page_Formulr Podvanie iadosti o piku pre pe_fbb4f4/input_Zadajte poadovan splatnos piky na cel_03b518'

17-04-2024T15:02:17 - [TEST_STEP][PASSED] - click(findTestObject("Object Repository/Page_Formulr Podvanie iadosti o piku pre pe_fbb4f4/button_Pokraova")): Object: 'Object Repository/Page_Formulr Podvanie iadosti o piku pre pe_fbb4f4/button_Pokraova' is clicked on

17-04-2024T15:02:18 - [MESSAGE][PASSED] - Object: 'Object Repository/Page_Formulr Podvanie iadosti o piku pre pe_fbb4f4/button_Pokraova' is clicked on

17-04-2024T15:02:18 - [TEST_STEP][PASSED] - click(findTestObject("Object Repository/Page_Formulr Podvanie iadosti o piku pre pe_fbb4f4/input_Vygenerova potvrdenie_checkbox")): Object: 'Object Repository/Page_Formulr Podvanie iadosti o piku pre pe_fbb4f4/input_Vygenerova potvrdenie_checkbox' is clicked on

17-04-2024T15:02:19 - [MESSAGE][PASSED] - Object: 'Object Repository/Page_Formulr Podvanie iadosti o piku pre pe_fbb4f4/input_Vygenerova potvrdenie_checkbox' is clicked on

17-04-2024T15:02:19 - [TEST_STEP][PASSED] - click(findTestObject("Object Repository/Page_Formulr Podvanie iadosti o piku pre pe_fbb4f4/button_Odstrni")): Object: 'Object Repository/Page_Formulr Podvanie iadosti o piku pre pe_fbb4f4/button_Odstrni' is clicked on

17-04-2024T15:02:19 - [MESSAGE][PASSED] - Object: 'Object Repository/Page_Formulr Podvanie iadosti o piku pre pe_fbb4f4/button_Odstrni' is clicked on

17-04-2024T15:02:19 - [TEST_STEP][PASSED] - click(findTestObject("Object Repository/Page_Formulr Podvanie iadosti o piku pre pe_fbb4f4/input_Vygenerova potvrdenie_checkbox")): Object: 'Object Repository/Page_Formulr Podvanie iadosti o piku pre pe_fbb4f4/input_Vygenerova potvrdenie_checkbox' is clicked on

17-04-2024T15:02:20 - [MESSAGE][PASSED] - Object: 'Object Repository/Page_Formulr Podvanie iadosti o piku pre pe_fbb4f4/input_Vygenerova potvrdenie_checkbox' is clicked on

17-04-2024T15:02:20 - [TEST_STEP][PASSED] - click(findTestObject("Object Repository/Page_Formulr Podvanie iadosti o piku pre pe_fbb4f4/button_Odstrni")): Object: 'Object Repository/Page_Formulr Podvanie iadosti o piku pre pe_fbb4f4/button_Odstrni' is clicked on

17-04-2024T15:02:20 - [MESSAGE][PASSED] - Object: 'Object Repository/Page_Formulr Podvanie iadosti o piku pre pe_fbb4f4/button_Odstrni' is clicked on

17-04-2024T15:02:20 - [TEST_STEP][PASSED] - click(findTestObject("Object Repository/Page_Formulr Podvanie iadosti o piku pre pe_fbb4f4/button_Prida")): Object: 'Object Repository/Page_Formulr Podvanie iadosti o piku pre pe_fbb4f4/button_Prida' is clicked on

17-04-2024T15:02:21 - [MESSAGE][PASSED] - Object: 'Object Repository/Page_Formulr Podvanie iadosti o piku pre pe_fbb4f4/button_Prida' is clicked on

17-04-2024T15:02:21 - [TEST_STEP][PASSED] - setText(findTestObject("Object Repository/Page_Formulr Podvanie iadosti o piku pre pe_fbb4f4/input_Uvete presn nzov zamestnvatea, kde pr_ffa6a4"), "škola 1"): Text 'škola 1' is set on object 'Object Repository/Page_Formulr Podvanie iadosti o piku pre pe_fbb4f4/input_Uvete presn nzov zamestnvatea, kde pr_ffa6a4'

17-04-2024T15:02:22 - [MESSAGE][PASSED] - Text 'škola 1' is set on object 'Object Repository/Page_Formulr Podvanie iadosti o piku pre pe_fbb4f4/input_Uvete presn nzov zamestnvatea, kde pr_ffa6a4'

17-04-2024T15:02:22 - [TEST_STEP][PASSED] - setText(findTestObject("Object Repository/Page_Formulr Podvanie iadosti o piku pre pe_fbb4f4/input_Poloka mus by vyplnen_UI_V_ZP_in_Udaj_cdc09e"), "tst@tst.sk"): Text 'tst@tst.sk' is set on object 'Object Repository/Page_Formulr Podvanie iadosti o piku pre pe_fbb4f4/input_Poloka mus by vyplnen_UI_V_ZP_in_Udaj_cdc09e'

17-04-2024T15:02:22 - [MESSAGE][PASSED] - Text 'tst@tst.sk' is set on object 'Object Repository/Page_Formulr Podvanie iadosti o piku pre pe_fbb4f4/input_Poloka mus by vyplnen_UI_V_ZP_in_Udaj_cdc09e'

17-04-2024T15:02:22 - [TEST_STEP][PASSED] - setText(findTestObject("Object Repository/Page_Formulr Podvanie iadosti o piku pre pe_fbb4f4/input_Vyhadajte obec po zadan prvch 3 znako_4b7030"), "Martin"): Text 'Martin' is set on object 'Object Repository/Page_Formulr Podvanie iadosti o piku pre pe_fbb4f4/input_Vyhadajte obec po zadan prvch 3 znako_4b7030'

17-04-2024T15:02:23 - [MESSAGE][PASSED] - Text 'Martin' is set on object 'Object Repository/Page_Formulr Podvanie iadosti o piku pre pe_fbb4f4/input_Vyhadajte obec po zadan prvch 3 znako_4b7030'

17-04-2024T15:02:23 - [TEST_STEP][PASSED] - click(findTestObject("Object Repository/Page_Formulr Podvanie iadosti o piku pre pe_fbb4f4/div_Martin (Martin)")): Object: 'Object Repository/Page_Formulr Podvanie iadosti o piku pre pe_fbb4f4/div_Martin (Martin)' is clicked on

17-04-2024T15:02:24 - [MESSAGE][PASSED] - Object: 'Object Repository/Page_Formulr Podvanie iadosti o piku pre pe_fbb4f4/div_Martin (Martin)' is clicked on

17-04-2024T15:02:24 - [TEST_STEP][PASSED] - setText(findTestObject("Object Repository/Page_Formulr Podvanie iadosti o piku pre pe_fbb4f4/input_Spisn slo_UI_V_ZP_in_AdresaZamestnava_d21fa0"), "55"): Text '55' is set on object 'Object Repository/Page_Formulr Podvanie iadosti o piku pre pe_fbb4f4/input_Spisn slo_UI_V_ZP_in_AdresaZamestnava_d21fa0'

17-04-2024T15:02:25 - [MESSAGE][PASSED] - Text '55' is set on object 'Object Repository/Page_Formulr Podvanie iadosti o piku pre pe_fbb4f4/input_Spisn slo_UI_V_ZP_in_AdresaZamestnava_d21fa0'

17-04-2024T15:02:25 - [TEST_STEP][PASSED] - setText(findTestObject("Object Repository/Page_Formulr Podvanie iadosti o piku pre pe_fbb4f4/input_Poloka mus by vyplnen_UI_V_ZP_in_Adre_3a19c5"), "65458"): Text '65458' is set on object 'Object Repository/Page_Formulr Podvanie iadosti o piku pre pe_fbb4f4/input_Poloka mus by vyplnen_UI_V_ZP_in_Adre_3a19c5'

17-04-2024T15:02:25 - [MESSAGE][PASSED] - Text '65458' is set on object 'Object Repository/Page_Formulr Podvanie iadosti o piku pre pe_fbb4f4/input_Poloka mus by vyplnen_UI_V_ZP_in_Adre_3a19c5'

17-04-2024T15:02:25 - [TEST_STEP][PASSED] - setText(findTestObject("Object Repository/Page_Formulr Podvanie iadosti o piku pre pe_fbb4f4/input_Uvete presn nzov pracovnej pozcie_UI__8f6d79"), "gh"): Text 'gh' is set on object 'Object Repository/Page_Formulr Podvanie iadosti o piku pre pe_fbb4f4/input_Uvete presn nzov pracovnej pozcie_UI__8f6d79'

17-04-2024T15:02:26 - [MESSAGE][PASSED] - Text 'gh' is set on object 'Object Repository/Page_Formulr Podvanie iadosti o piku pre pe_fbb4f4/input_Uvete presn nzov pracovnej pozcie_UI__8f6d79'

17-04-2024T15:02:26 - [TEST_STEP][PASSED] - setText(findTestObject("Object Repository/Page_Formulr Podvanie iadosti o piku pre pe_fbb4f4/input_De_UI_V_ZP_in_PracovnaPozicia_DatumNa_0fb358"), "4"): Text '4' is set on object 'Object Repository/Page_Formulr Podvanie iadosti o piku pre pe_fbb4f4/input_De_UI_V_ZP_in_PracovnaPozicia_DatumNa_0fb358'

17-04-2024T15:02:27 - [MESSAGE][PASSED] - Text '4' is set on object 'Object Repository/Page_Formulr Podvanie iadosti o piku pre pe_fbb4f4/input_De_UI_V_ZP_in_PracovnaPozicia_DatumNa_0fb358'

17-04-2024T15:02:27 - [TEST_STEP][PASSED] - setText(findTestObject("Object Repository/Page_Formulr Podvanie iadosti o piku pre pe_fbb4f4/input_Mesiac_UI_V_ZP_in_PracovnaPozicia_Dat_7d96bd"), "4"): Text '4' is set on object 'Object Repository/Page_Formulr Podvanie iadosti o piku pre pe_fbb4f4/input_Mesiac_UI_V_ZP_in_PracovnaPozicia_Dat_7d96bd'

17-04-2024T15:02:28 - [MESSAGE][PASSED] - Text '4' is set on object 'Object Repository/Page_Formulr Podvanie iadosti o piku pre pe_fbb4f4/input_Mesiac_UI_V_ZP_in_PracovnaPozicia_Dat_7d96bd'

17-04-2024T15:02:28 - [TEST_STEP][PASSED] - setText(findTestObject("Object Repository/Page_Formulr Podvanie iadosti o piku pre pe_fbb4f4/input_Rok_UI_V_ZP_in_PracovnaPozicia_DatumN_103076"), "2005"): Text '2005' is set on object 'Object Repository/Page_Formulr Podvanie iadosti o piku pre pe_fbb4f4/input_Rok_UI_V_ZP_in_PracovnaPozicia_DatumN_103076'

17-04-2024T15:02:28 - [MESSAGE][PASSED] - Text '2005' is set on object 'Object Repository/Page_Formulr Podvanie iadosti o piku pre pe_fbb4f4/input_Rok_UI_V_ZP_in_PracovnaPozicia_DatumN_103076'

17-04-2024T15:02:28 - [TEST_STEP][PASSED] - click(findTestObject("Object Repository/Page_Formulr Podvanie iadosti o piku pre pe_fbb4f4/input_Muste vybra aspo jednu monos_UI_V_ZP__218c8d")): Object: 'Object Repository/Page_Formulr Podvanie iadosti o piku pre pe_fbb4f4/input_Muste vybra aspo jednu monos_UI_V_ZP__218c8d' is clicked on

17-04-2024T15:02:29 - [MESSAGE][PASSED] - Object: 'Object Repository/Page_Formulr Podvanie iadosti o piku pre pe_fbb4f4/input_Muste vybra aspo jednu monos_UI_V_ZP__218c8d' is clicked on

17-04-2024T15:02:29 - [TEST_STEP][PASSED] - click(findTestObject("Page_Formulr Podvanie iadosti o piku pre pedaggov z Fondu na podporu vzdelvania  Elektronick sluby portlu regionlneho a vysokho kolstva/input_Poloka mus by vyplnen_UI_V_ZP_in_PracovnaPozicia_TypZmluvy-group-2")): Object: 'Object Repository/Page_Formulr Podvanie iadosti o piku pre pedaggov z Fondu na podporu vzdelvania  Elektronick sluby portlu regionlneho a vysokho kolstva/input_Poloka mus by vyplnen_UI_V_ZP_in_PracovnaPozicia_TypZmluvy-group-2' is clicked on

17-04-2024T15:02:29 - [MESSAGE][PASSED] - Object: 'Object Repository/Page_Formulr Podvanie iadosti o piku pre pedaggov z Fondu na podporu vzdelvania  Elektronick sluby portlu regionlneho a vysokho kolstva/input_Poloka mus by vyplnen_UI_V_ZP_in_PracovnaPozicia_TypZmluvy-group-2' is clicked on

17-04-2024T15:02:29 - [TEST_STEP][PASSED] - click(findTestObject("Page_Formulr Podvanie iadosti o piku pre pedaggov z Fondu na podporu vzdelvania  Elektronick sluby portlu regionlneho a vysokho kolstva/input_Poloka mus by vyplnen_UI_V_ZP_in_PracovnaPozicia_DruhZmluvy-group-2")): Object: 'Object Repository/Page_Formulr Podvanie iadosti o piku pre pedaggov z Fondu na podporu vzdelvania  Elektronick sluby portlu regionlneho a vysokho kolstva/input_Poloka mus by vyplnen_UI_V_ZP_in_PracovnaPozicia_DruhZmluvy-group-2' is clicked on

17-04-2024T15:02:30 - [MESSAGE][PASSED] - Object: 'Object Repository/Page_Formulr Podvanie iadosti o piku pre pedaggov z Fondu na podporu vzdelvania  Elektronick sluby portlu regionlneho a vysokho kolstva/input_Poloka mus by vyplnen_UI_V_ZP_in_PracovnaPozicia_DruhZmluvy-group-2' is clicked on

17-04-2024T15:02:30 - [TEST_STEP][PASSED] - check(findTestObject("Page_Formulr Podvanie iadosti o piku pre pedaggov z Fondu na podporu vzdelvania  Elektronick sluby portlu regionlneho a vysokho kolstva/input_Poloka mus by vyplnen_UI_V_ZP_in_PracovnaPozicia_PedagogickaCinnost-group-2")): Object 'Object Repository/Page_Formulr Podvanie iadosti o piku pre pedaggov z Fondu na podporu vzdelvania  Elektronick sluby portlu regionlneho a vysokho kolstva/input_Poloka mus by vyplnen_UI_V_ZP_in_PracovnaPozicia_PedagogickaCinnost-group-2' is checked

17-04-2024T15:02:30 - [MESSAGE][PASSED] - Object 'Object Repository/Page_Formulr Podvanie iadosti o piku pre pedaggov z Fondu na podporu vzdelvania  Elektronick sluby portlu regionlneho a vysokho kolstva/input_Poloka mus by vyplnen_UI_V_ZP_in_PracovnaPozicia_PedagogickaCinnost-group-2' is checked

17-04-2024T15:02:30 - [TEST_STEP][PASSED] - setText(findTestObject("Object Repository/Page_Formulr Podvanie iadosti o piku pre pe_fbb4f4/input_Poloka mus by vyplnen_UI_V_ZP_in_Prac_796394"), "1000"): Text '1000' is set on object 'Object Repository/Page_Formulr Podvanie iadosti o piku pre pe_fbb4f4/input_Poloka mus by vyplnen_UI_V_ZP_in_Prac_796394'

17-04-2024T15:02:31 - [MESSAGE][PASSED] - Text '1000' is set on object 'Object Repository/Page_Formulr Podvanie iadosti o piku pre pe_fbb4f4/input_Poloka mus by vyplnen_UI_V_ZP_in_Prac_796394'

17-04-2024T15:02:31 - [TEST_STEP][PASSED] - setText(findTestObject("Object Repository/Page_Formulr Podvanie iadosti o piku pre pe_fbb4f4/input_Poloka mus by vyplnen_UI_V_ZP_in_Prac_cae66d"), "800"): Text '800' is set on object 'Object Repository/Page_Formulr Podvanie iadosti o piku pre pe_fbb4f4/input_Poloka mus by vyplnen_UI_V_ZP_in_Prac_cae66d'

17-04-2024T15:02:32 - [MESSAGE][PASSED] - Text '800' is set on object 'Object Repository/Page_Formulr Podvanie iadosti o piku pre pe_fbb4f4/input_Poloka mus by vyplnen_UI_V_ZP_in_Prac_cae66d'

17-04-2024T15:02:32 - [TEST_STEP][PASSED] - click(findTestObject("Object Repository/Page_Formulr Podvanie iadosti o piku pre pe_fbb4f4/button_Uloi")): Object: 'Object Repository/Page_Formulr Podvanie iadosti o piku pre pe_fbb4f4/button_Uloi' is clicked on

17-04-2024T15:02:32 - [MESSAGE][PASSED] - Object: 'Object Repository/Page_Formulr Podvanie iadosti o piku pre pe_fbb4f4/button_Uloi' is clicked on

17-04-2024T15:02:32 - [TEST_STEP][PASSED] - click(findTestObject("Object Repository/Page_Formulr Podvanie iadosti o piku pre pe_fbb4f4/a_Vygenerova potvrdenie")): Object: 'Object Repository/Page_Formulr Podvanie iadosti o piku pre pe_fbb4f4/a_Vygenerova potvrdenie' is clicked on

17-04-2024T15:02:33 - [MESSAGE][PASSED] - Object: 'Object Repository/Page_Formulr Podvanie iadosti o piku pre pe_fbb4f4/a_Vygenerova potvrdenie' is clicked on

17-04-2024T15:02:33 - [TEST_STEP][PASSED] - if (verifyElementClickable(findTestObject("Object Repository/Page_Formulr Podvanie iadosti o piku pre pe_fbb4f4/button_Pokraova"))): null

17-04-2024T15:02:43 - [MESSAGE][PASSED] - Object 'Object Repository/Page_Formulr Podvanie iadosti o piku pre pe_fbb4f4/button_Pokraova' is clickable

17-04-2024T15:02:43 - [TEST_STEP][PASSED] - log.logInfo("Pridanie zamestnavatela uspesne"): Pridanie zamestnavatela uspesne

17-04-2024T15:02:43 - [MESSAGE][INFO] - Pridanie zamestnavatela uspesne

17-04-2024T15:02:43 - [TEST_STEP][PASSED] - delay(30): Delayed 30 second(s)

17-04-2024T15:03:13 - [MESSAGE][PASSED] - Delayed 30 second(s)

17-04-2024T15:03:13 - [TEST_STEP][PASSED] - subor = mail.ulozPrilohu(): Fire Close event sucessfully.

17-04-2024T15:03:13 - [MESSAGE][INFO] - Starting application C:\Program Files\Microsoft Office\root\Office16\OUTLOOK.EXE on the local machine at address http://127.0.0.1:4723

17-04-2024T15:03:17 - [MESSAGE][PASSED] - The application at location: C:\Program Files\Microsoft Office\root\Office16\OUTLOOK.EXE started.

17-04-2024T15:03:24 - [MESSAGE][PASSED] - Text Potvrdenie školy o zamestnaní is set

17-04-2024T15:03:28 - [MESSAGE][INFO] - Clicking on element: Object Repository/DataItem

17-04-2024T15:03:29 - [MESSAGE][PASSED] - Click on element: Object Repository/DataItem succesfully

17-04-2024T15:03:30 - [MESSAGE][INFO] - Clicking on element: Object Repository/Button

17-04-2024T15:03:31 - [MESSAGE][PASSED] - Click on element: Object Repository/Button succesfully

17-04-2024T15:03:31 - [MESSAGE][INFO] - Clicking on element: Object Repository/MenuItem

17-04-2024T15:03:32 - [MESSAGE][PASSED] - Click on element: Object Repository/MenuItem succesfully

17-04-2024T15:03:39 - [MESSAGE][INFO] - Clicking on element: Object Repository/Explorer/Files

17-04-2024T15:03:39 - [MESSAGE][PASSED] - Click on element: Object Repository/Explorer/Files succesfully

17-04-2024T15:03:53 - [MESSAGE][PASSED] - Text  is set

17-04-2024T15:04:10 - [MESSAGE][PASSED] - Text  C:\Users\barcik\Katalon Studio\Ris2Formulare\Files is set

17-04-2024T15:04:20 - [MESSAGE][INFO] - Clicking on element: Object Repository/Explorer/GoTo

17-04-2024T15:04:20 - [MESSAGE][PASSED] - Click on element: Object Repository/Explorer/GoTo succesfully

17-04-2024T15:04:29 - [MESSAGE][PASSED] - Text of test object: Object Repository/Explorer/Nazov_suboru is: Podávanie žiadosti o pôžičku pre pedagógov z Fondu na podporu vzdelávania - Potvrdenie zamestnávateľa

17-04-2024T15:04:31 - [MESSAGE][INFO] - Clicking on element: Object Repository/Explorer/Save_button

17-04-2024T15:04:31 - [MESSAGE][PASSED] - Click on element: Object Repository/Explorer/Save_button succesfully

17-04-2024T15:04:31 - [MESSAGE][WARNING] - Timeout '0' is invalid. Using default page load timeout: '30'

17-04-2024T15:04:36 - [MESSAGE][PASSED] - Object 'Object Repository/Explorer/Yes_button' is present

17-04-2024T15:04:41 - [MESSAGE][INFO] - Clicking on element: Object Repository/Explorer/Yes_button

17-04-2024T15:04:42 - [MESSAGE][PASSED] - Click on element: Object Repository/Explorer/Yes_button succesfully

17-04-2024T15:04:42 - [MESSAGE][INFO] - subor uspesne ulozeny

17-04-2024T15:04:46 - [MESSAGE][INFO] - Clicking on element: Object Repository/TabItem

17-04-2024T15:04:46 - [MESSAGE][PASSED] - Click on element: Object Repository/TabItem succesfully

17-04-2024T15:04:50 - [MESSAGE][INFO] - Clicking on element: Object Repository/Button(3)

17-04-2024T15:04:50 - [MESSAGE][PASSED] - Click on element: Object Repository/Button(3) succesfully

17-04-2024T15:04:50 - [MESSAGE][PASSED] - Ulozenie prilohy OK

17-04-2024T15:04:50 - [MESSAGE][PASSED] - Fire Close event sucessfully.

17-04-2024T15:04:50 - [TEST_STEP][PASSED] - if (mail.kontrolaDokumentu(subor, "Marek") > 1): Zhoda najdena

17-04-2024T15:04:53 - [TEST_STEP][PASSED] - log.logPassed("Zhoda najdena"): Zhoda najdena

17-04-2024T15:04:53 - [MESSAGE][PASSED] - Zhoda najdena

17-04-2024T15:04:53 - [TEST_STEP][PASSED] - if (mail.kontrolaDokumentu(subor, "Tirpák") > 1): Zhoda najdena

17-04-2024T15:04:53 - [TEST_STEP][PASSED] - log.logPassed("Zhoda najdena"): Zhoda najdena

17-04-2024T15:04:53 - [MESSAGE][PASSED] - Zhoda najdena

17-04-2024T15:04:53 - [TEST_STEP][PASSED] - click(findTestObject("Object Repository/Page_Formulr Podvanie iadosti o piku pre pe_fbb4f4/button_Pokraova")): Object: 'Object Repository/Page_Formulr Podvanie iadosti o piku pre pe_fbb4f4/button_Pokraova' is clicked on

17-04-2024T15:04:54 - [MESSAGE][PASSED] - Object: 'Object Repository/Page_Formulr Podvanie iadosti o piku pre pe_fbb4f4/button_Pokraova' is clicked on

17-04-2024T15:04:54 - [TEST_STEP][PASSED] - click(findTestObject("Object Repository/Page_Formulr Podvanie iadosti o piku pre pe_fbb4f4/input_Nie_typ-27")): Object: 'Object Repository/Page_Formulr Podvanie iadosti o piku pre pe_fbb4f4/input_Nie_typ-27' is clicked on

17-04-2024T15:04:54 - [MESSAGE][PASSED] - Object: 'Object Repository/Page_Formulr Podvanie iadosti o piku pre pe_fbb4f4/input_Nie_typ-27' is clicked on

17-04-2024T15:04:54 - [TEST_STEP][PASSED] - click(findTestObject("Object Repository/Page_Formulr Podvanie iadosti o piku pre pe_fbb4f4/input_Nie_typ-29")): Object: 'Object Repository/Page_Formulr Podvanie iadosti o piku pre pe_fbb4f4/input_Nie_typ-29' is clicked on

17-04-2024T15:04:55 - [MESSAGE][PASSED] - Object: 'Object Repository/Page_Formulr Podvanie iadosti o piku pre pe_fbb4f4/input_Nie_typ-29' is clicked on

17-04-2024T15:04:55 - [TEST_STEP][PASSED] - click(findTestObject("Object Repository/Page_Formulr Podvanie iadosti o piku pre pe_fbb4f4/button_Pokraova")): Object: 'Object Repository/Page_Formulr Podvanie iadosti o piku pre pe_fbb4f4/button_Pokraova' is clicked on

17-04-2024T15:04:55 - [MESSAGE][PASSED] - Object: 'Object Repository/Page_Formulr Podvanie iadosti o piku pre pe_fbb4f4/button_Pokraova' is clicked on

17-04-2024T15:04:55 - [TEST_STEP][PASSED] - click(findTestObject("Object Repository/Page_Formulr Podvanie iadosti o piku pre pe_fbb4f4/button_Detail")): Object: 'Object Repository/Page_Formulr Podvanie iadosti o piku pre pe_fbb4f4/button_Detail' is clicked on

17-04-2024T15:04:56 - [MESSAGE][PASSED] - Object: 'Object Repository/Page_Formulr Podvanie iadosti o piku pre pe_fbb4f4/button_Detail' is clicked on

17-04-2024T15:04:56 - [TEST_STEP][PASSED] - uploadFile(findTestObject("Object Repository/Page_Formulr Podvanie iadosti o piku pre pe_fbb4f4/input_Uloi_file-upload-field"), "C:\Users\barcik\Downloads\form.573.Prehlad-24-potvrdenie-print-save_5a11da50-9aec-4f8b-a1a0-d42325a914a4.pdf"): File 'C:\Users\barcik\Downloads\form.573.Prehlad-24-potvrdenie-print-save_5a11da50-9aec-4f8b-a1a0-d42325a914a4.pdf' sent to object: 'Object Repository/Page_Formulr Podvanie iadosti o piku pre pe_fbb4f4/input_Uloi_file-upload-field'

17-04-2024T15:04:56 - [MESSAGE][PASSED] - File 'C:\Users\barcik\Downloads\form.573.Prehlad-24-potvrdenie-print-save_5a11da50-9aec-4f8b-a1a0-d42325a914a4.pdf' sent to object: 'Object Repository/Page_Formulr Podvanie iadosti o piku pre pe_fbb4f4/input_Uloi_file-upload-field'

17-04-2024T15:04:56 - [TEST_STEP][PASSED] - click(findTestObject("Object Repository/Page_Formulr Podvanie iadosti o piku pre pe_fbb4f4/button_Uloi_1_2")): Object: 'Object Repository/Page_Formulr Podvanie iadosti o piku pre pe_fbb4f4/button_Uloi_1_2' is clicked on

17-04-2024T15:04:57 - [MESSAGE][PASSED] - Object: 'Object Repository/Page_Formulr Podvanie iadosti o piku pre pe_fbb4f4/button_Uloi_1_2' is clicked on

17-04-2024T15:04:57 - [TEST_STEP][PASSED] - click(findTestObject("Object Repository/Page_Formulr Podvanie iadosti o piku pre pe_fbb4f4/button_Detail_1")): Object: 'Object Repository/Page_Formulr Podvanie iadosti o piku pre pe_fbb4f4/button_Detail_1' is clicked on

17-04-2024T15:04:57 - [MESSAGE][PASSED] - Object: 'Object Repository/Page_Formulr Podvanie iadosti o piku pre pe_fbb4f4/button_Detail_1' is clicked on

17-04-2024T15:04:57 - [TEST_STEP][PASSED] - uploadFile(findTestObject("Object Repository/Page_Formulr Podvanie iadosti o piku pre pe_fbb4f4/input_Uloi_file-upload-field"), "C:\Users\barcik\Downloads\form.573.Prehlad-24-potvrdenie-print-save_5a11da50-9aec-4f8b-a1a0-d42325a914a4.pdf"): File 'C:\Users\barcik\Downloads\form.573.Prehlad-24-potvrdenie-print-save_5a11da50-9aec-4f8b-a1a0-d42325a914a4.pdf' sent to object: 'Object Repository/Page_Formulr Podvanie iadosti o piku pre pe_fbb4f4/input_Uloi_file-upload-field'

17-04-2024T15:04:58 - [MESSAGE][PASSED] - File 'C:\Users\barcik\Downloads\form.573.Prehlad-24-potvrdenie-print-save_5a11da50-9aec-4f8b-a1a0-d42325a914a4.pdf' sent to object: 'Object Repository/Page_Formulr Podvanie iadosti o piku pre pe_fbb4f4/input_Uloi_file-upload-field'

17-04-2024T15:04:58 - [TEST_STEP][PASSED] - click(findTestObject("Object Repository/Page_Formulr Podvanie iadosti o piku pre pe_fbb4f4/button_Uloi_1_2")): Object: 'Object Repository/Page_Formulr Podvanie iadosti o piku pre pe_fbb4f4/button_Uloi_1_2' is clicked on

17-04-2024T15:04:58 - [MESSAGE][PASSED] - Object: 'Object Repository/Page_Formulr Podvanie iadosti o piku pre pe_fbb4f4/button_Uloi_1_2' is clicked on

17-04-2024T15:04:58 - [TEST_STEP][PASSED] - click(findTestObject("Object Repository/Page_Formulr Podvanie iadosti o piku pre pe_fbb4f4/button_Detail_1_2")): Object: 'Object Repository/Page_Formulr Podvanie iadosti o piku pre pe_fbb4f4/button_Detail_1_2' is clicked on

17-04-2024T15:04:59 - [MESSAGE][PASSED] - Object: 'Object Repository/Page_Formulr Podvanie iadosti o piku pre pe_fbb4f4/button_Detail_1_2' is clicked on

17-04-2024T15:04:59 - [TEST_STEP][PASSED] - click(findTestObject("Object Repository/Page_Formulr Podvanie iadosti o piku pre pe_fbb4f4/input_Spolon vekos priloench sborov nesmie _e74e60")): Object: 'Object Repository/Page_Formulr Podvanie iadosti o piku pre pe_fbb4f4/input_Spolon vekos priloench sborov nesmie _e74e60' is clicked on

17-04-2024T15:04:59 - [MESSAGE][PASSED] - Object: 'Object Repository/Page_Formulr Podvanie iadosti o piku pre pe_fbb4f4/input_Spolon vekos priloench sborov nesmie _e74e60' is clicked on

17-04-2024T15:04:59 - [TEST_STEP][PASSED] - click(findTestObject("Object Repository/Page_Formulr Podvanie iadosti o piku pre pe_fbb4f4/button_Uloi_1_2")): Object: 'Object Repository/Page_Formulr Podvanie iadosti o piku pre pe_fbb4f4/button_Uloi_1_2' is clicked on

17-04-2024T15:05:00 - [MESSAGE][PASSED] - Object: 'Object Repository/Page_Formulr Podvanie iadosti o piku pre pe_fbb4f4/button_Uloi_1_2' is clicked on

17-04-2024T15:05:00 - [TEST_STEP][PASSED] - click(findTestObject("Object Repository/Page_Formulr Podvanie iadosti o piku pre pe_fbb4f4/button_Detail_1_2_3")): Object: 'Object Repository/Page_Formulr Podvanie iadosti o piku pre pe_fbb4f4/button_Detail_1_2_3' is clicked on

17-04-2024T15:05:00 - [MESSAGE][PASSED] - Object: 'Object Repository/Page_Formulr Podvanie iadosti o piku pre pe_fbb4f4/button_Detail_1_2_3' is clicked on

17-04-2024T15:05:00 - [TEST_STEP][PASSED] - click(findTestObject("Object Repository/Page_Formulr Podvanie iadosti o piku pre pe_fbb4f4/input_Spolon vekos priloench sborov nesmie _e74e60")): Object: 'Object Repository/Page_Formulr Podvanie iadosti o piku pre pe_fbb4f4/input_Spolon vekos priloench sborov nesmie _e74e60' is clicked on

17-04-2024T15:05:01 - [MESSAGE][PASSED] - Object: 'Object Repository/Page_Formulr Podvanie iadosti o piku pre pe_fbb4f4/input_Spolon vekos priloench sborov nesmie _e74e60' is clicked on

17-04-2024T15:05:01 - [TEST_STEP][PASSED] - click(findTestObject("Object Repository/Page_Formulr Podvanie iadosti o piku pre pe_fbb4f4/button_Uloi_1_2")): Object: 'Object Repository/Page_Formulr Podvanie iadosti o piku pre pe_fbb4f4/button_Uloi_1_2' is clicked on

17-04-2024T15:05:01 - [MESSAGE][PASSED] - Object: 'Object Repository/Page_Formulr Podvanie iadosti o piku pre pe_fbb4f4/button_Uloi_1_2' is clicked on

17-04-2024T15:05:01 - [TEST_STEP][PASSED] - click(findTestObject("Object Repository/Page_Formulr Podvanie iadosti o piku pre pe_fbb4f4/button_Detail_1_2_3_4")): Object: 'Object Repository/Page_Formulr Podvanie iadosti o piku pre pe_fbb4f4/button_Detail_1_2_3_4' is clicked on

17-04-2024T15:05:02 - [MESSAGE][PASSED] - Object: 'Object Repository/Page_Formulr Podvanie iadosti o piku pre pe_fbb4f4/button_Detail_1_2_3_4' is clicked on

17-04-2024T15:05:02 - [TEST_STEP][PASSED] - click(findTestObject("Object Repository/Page_Formulr Podvanie iadosti o piku pre pe_fbb4f4/input_Spolon vekos priloench sborov nesmie _e74e60")): Object: 'Object Repository/Page_Formulr Podvanie iadosti o piku pre pe_fbb4f4/input_Spolon vekos priloench sborov nesmie _e74e60' is clicked on

17-04-2024T15:05:02 - [MESSAGE][PASSED] - Object: 'Object Repository/Page_Formulr Podvanie iadosti o piku pre pe_fbb4f4/input_Spolon vekos priloench sborov nesmie _e74e60' is clicked on

17-04-2024T15:05:02 - [TEST_STEP][PASSED] - click(findTestObject("Object Repository/Page_Formulr Podvanie iadosti o piku pre pe_fbb4f4/button_Uloi_1_2")): Object: 'Object Repository/Page_Formulr Podvanie iadosti o piku pre pe_fbb4f4/button_Uloi_1_2' is clicked on

17-04-2024T15:05:03 - [MESSAGE][PASSED] - Object: 'Object Repository/Page_Formulr Podvanie iadosti o piku pre pe_fbb4f4/button_Uloi_1_2' is clicked on

17-04-2024T15:05:03 - [TEST_STEP][PASSED] - click(findTestObject("Object Repository/Page_Formulr Podvanie iadosti o piku pre pe_fbb4f4/button_Detail_1_2_3_4_5")): Object: 'Object Repository/Page_Formulr Podvanie iadosti o piku pre pe_fbb4f4/button_Detail_1_2_3_4_5' is clicked on

17-04-2024T15:05:03 - [MESSAGE][PASSED] - Object: 'Object Repository/Page_Formulr Podvanie iadosti o piku pre pe_fbb4f4/button_Detail_1_2_3_4_5' is clicked on

17-04-2024T15:05:03 - [TEST_STEP][PASSED] - click(findTestObject("Object Repository/Page_Formulr Podvanie iadosti o piku pre pe_fbb4f4/input_Spolon vekos priloench sborov nesmie _e74e60")): Object: 'Object Repository/Page_Formulr Podvanie iadosti o piku pre pe_fbb4f4/input_Spolon vekos priloench sborov nesmie _e74e60' is clicked on

17-04-2024T15:05:04 - [MESSAGE][PASSED] - Object: 'Object Repository/Page_Formulr Podvanie iadosti o piku pre pe_fbb4f4/input_Spolon vekos priloench sborov nesmie _e74e60' is clicked on

17-04-2024T15:05:04 - [TEST_STEP][PASSED] - click(findTestObject("Object Repository/Page_Formulr Podvanie iadosti o piku pre pe_fbb4f4/button_Uloi_1_2")): Object: 'Object Repository/Page_Formulr Podvanie iadosti o piku pre pe_fbb4f4/button_Uloi_1_2' is clicked on

17-04-2024T15:05:04 - [MESSAGE][PASSED] - Object: 'Object Repository/Page_Formulr Podvanie iadosti o piku pre pe_fbb4f4/button_Uloi_1_2' is clicked on

17-04-2024T15:05:04 - [TEST_STEP][PASSED] - click(findTestObject("Object Repository/Page_Formulr Podvanie iadosti o piku pre pe_fbb4f4/button_Detail_1_2_3_4_5_6")): Object: 'Object Repository/Page_Formulr Podvanie iadosti o piku pre pe_fbb4f4/button_Detail_1_2_3_4_5_6' is clicked on

17-04-2024T15:05:05 - [MESSAGE][PASSED] - Object: 'Object Repository/Page_Formulr Podvanie iadosti o piku pre pe_fbb4f4/button_Detail_1_2_3_4_5_6' is clicked on

17-04-2024T15:05:05 - [TEST_STEP][PASSED] - uploadFile(findTestObject("Object Repository/Page_Formulr Podvanie iadosti o piku pre pe_fbb4f4/input_Uloi_file-upload-field"), "C:\Users\barcik\Downloads\form.573.Prehlad-24-potvrdenie-print-save_5a11da50-9aec-4f8b-a1a0-d42325a914a4.pdf"): File 'C:\Users\barcik\Downloads\form.573.Prehlad-24-potvrdenie-print-save_5a11da50-9aec-4f8b-a1a0-d42325a914a4.pdf' sent to object: 'Object Repository/Page_Formulr Podvanie iadosti o piku pre pe_fbb4f4/input_Uloi_file-upload-field'

17-04-2024T15:05:05 - [MESSAGE][PASSED] - File 'C:\Users\barcik\Downloads\form.573.Prehlad-24-potvrdenie-print-save_5a11da50-9aec-4f8b-a1a0-d42325a914a4.pdf' sent to object: 'Object Repository/Page_Formulr Podvanie iadosti o piku pre pe_fbb4f4/input_Uloi_file-upload-field'

17-04-2024T15:05:05 - [TEST_STEP][PASSED] - click(findTestObject("Object Repository/Page_Formulr Podvanie iadosti o piku pre pe_fbb4f4/button_Uloi_1_2")): Object: 'Object Repository/Page_Formulr Podvanie iadosti o piku pre pe_fbb4f4/button_Uloi_1_2' is clicked on

17-04-2024T15:05:06 - [MESSAGE][PASSED] - Object: 'Object Repository/Page_Formulr Podvanie iadosti o piku pre pe_fbb4f4/button_Uloi_1_2' is clicked on

17-04-2024T15:05:06 - [TEST_STEP][PASSED] - click(findTestObject("Object Repository/Page_Formulr Podvanie iadosti o piku pre pe_fbb4f4/button_Detail_1_2_3_4_5_6_7")): Object: 'Object Repository/Page_Formulr Podvanie iadosti o piku pre pe_fbb4f4/button_Detail_1_2_3_4_5_6_7' is clicked on

17-04-2024T15:05:06 - [MESSAGE][PASSED] - Object: 'Object Repository/Page_Formulr Podvanie iadosti o piku pre pe_fbb4f4/button_Detail_1_2_3_4_5_6_7' is clicked on

17-04-2024T15:05:06 - [TEST_STEP][PASSED] - uploadFile(findTestObject("Object Repository/Page_Formulr Podvanie iadosti o piku pre pe_fbb4f4/input_Uloi_file-upload-field"), "C:\Users\barcik\Downloads\form.573.Prehlad-24-potvrdenie-print-save_5a11da50-9aec-4f8b-a1a0-d42325a914a4.pdf"): File 'C:\Users\barcik\Downloads\form.573.Prehlad-24-potvrdenie-print-save_5a11da50-9aec-4f8b-a1a0-d42325a914a4.pdf' sent to object: 'Object Repository/Page_Formulr Podvanie iadosti o piku pre pe_fbb4f4/input_Uloi_file-upload-field'

17-04-2024T15:05:07 - [MESSAGE][PASSED] - File 'C:\Users\barcik\Downloads\form.573.Prehlad-24-potvrdenie-print-save_5a11da50-9aec-4f8b-a1a0-d42325a914a4.pdf' sent to object: 'Object Repository/Page_Formulr Podvanie iadosti o piku pre pe_fbb4f4/input_Uloi_file-upload-field'

17-04-2024T15:05:07 - [TEST_STEP][PASSED] - click(findTestObject("Object Repository/Page_Formulr Podvanie iadosti o piku pre pe_fbb4f4/button_Uloi_1_2")): Object: 'Object Repository/Page_Formulr Podvanie iadosti o piku pre pe_fbb4f4/button_Uloi_1_2' is clicked on

17-04-2024T15:05:07 - [MESSAGE][PASSED] - Object: 'Object Repository/Page_Formulr Podvanie iadosti o piku pre pe_fbb4f4/button_Uloi_1_2' is clicked on

17-04-2024T15:05:07 - [TEST_STEP][PASSED] - setText(findTestObject("Object Repository/Page_Formulr Podvanie iadosti o piku pre pe_fbb4f4/input_Zadajte miesto odoslania iadosti_UI_V_59ba54"), "Bratislava"): Text 'Bratislava' is set on object 'Object Repository/Page_Formulr Podvanie iadosti o piku pre pe_fbb4f4/input_Zadajte miesto odoslania iadosti_UI_V_59ba54'

17-04-2024T15:05:08 - [MESSAGE][PASSED] - Text 'Bratislava' is set on object 'Object Repository/Page_Formulr Podvanie iadosti o piku pre pe_fbb4f4/input_Zadajte miesto odoslania iadosti_UI_V_59ba54'

17-04-2024T15:05:08 - [TEST_STEP][PASSED] - click(findTestObject("Object Repository/Page_Formulr Podvanie iadosti o piku pre pe_fbb4f4/button_Pokraova")): Object: 'Object Repository/Page_Formulr Podvanie iadosti o piku pre pe_fbb4f4/button_Pokraova' is clicked on

17-04-2024T15:05:09 - [MESSAGE][PASSED] - Object: 'Object Repository/Page_Formulr Podvanie iadosti o piku pre pe_fbb4f4/button_Pokraova' is clicked on

17-04-2024T15:05:09 - [TEST_STEP][PASSED] - verifyElementText(findTestObject("Page_Formulr Podvanie iadosti o piku pre pe_fbb4f4/div_ESRVS-2024-2188"), identifikator): Actual text and expected text of test object 'Object Repository/Page_Formulr Podvanie iadosti o piku pre pe_fbb4f4/div_ESRVS-2024-2188' are matched.

17-04-2024T15:05:10 - [MESSAGE][PASSED] - Actual text and expected text of test object 'Object Repository/Page_Formulr Podvanie iadosti o piku pre pe_fbb4f4/div_ESRVS-2024-2188' are matched.

17-04-2024T15:05:10 - [TEST_STEP][PASSED] - verifyElementText(findTestObject("Object Repository/Page_Formulr Podvanie iadosti o piku pre pe_fbb4f4/div_Bratislava"), "Bratislava"): Actual text and expected text of test object 'Object Repository/Page_Formulr Podvanie iadosti o piku pre pe_fbb4f4/div_Bratislava' are matched.

17-04-2024T15:05:10 - [MESSAGE][PASSED] - Actual text and expected text of test object 'Object Repository/Page_Formulr Podvanie iadosti o piku pre pe_fbb4f4/div_Bratislava' are matched.

17-04-2024T15:05:10 - [TEST_STEP][PASSED] - verifyElementText(findTestObject("Object Repository/Page_Formulr Podvanie iadosti o piku pre pe_fbb4f4/div_Ing"), "Ing."): Actual text and expected text of test object 'Object Repository/Page_Formulr Podvanie iadosti o piku pre pe_fbb4f4/div_Ing' are matched.

17-04-2024T15:05:10 - [MESSAGE][PASSED] - Actual text and expected text of test object 'Object Repository/Page_Formulr Podvanie iadosti o piku pre pe_fbb4f4/div_Ing' are matched.

17-04-2024T15:05:10 - [TEST_STEP][PASSED] - verifyElementText(findTestObject("Object Repository/Page_Formulr Podvanie iadosti o piku pre pe_fbb4f4/div_Marek"), "Marek"): Actual text and expected text of test object 'Object Repository/Page_Formulr Podvanie iadosti o piku pre pe_fbb4f4/div_Marek' are matched.

17-04-2024T15:05:11 - [MESSAGE][PASSED] - Actual text and expected text of test object 'Object Repository/Page_Formulr Podvanie iadosti o piku pre pe_fbb4f4/div_Marek' are matched.

17-04-2024T15:05:11 - [TEST_STEP][PASSED] - verifyElementText(findTestObject("Object Repository/Page_Formulr Podvanie iadosti o piku pre pe_fbb4f4/div_Tirpk"), "Tirpák"): Actual text and expected text of test object 'Object Repository/Page_Formulr Podvanie iadosti o piku pre pe_fbb4f4/div_Tirpk' are matched.

17-04-2024T15:05:11 - [MESSAGE][PASSED] - Actual text and expected text of test object 'Object Repository/Page_Formulr Podvanie iadosti o piku pre pe_fbb4f4/div_Tirpk' are matched.

17-04-2024T15:05:11 - [TEST_STEP][PASSED] - verifyElementText(findTestObject("Object Repository/Page_Formulr Podvanie iadosti o piku pre pe_fbb4f4/div_Mlynsk 3292207865 Koice-Star Mesto (Koi_afa4d6"), "Mlynská 329/2207865 Košice-Staré Mesto (Košice I)Slovenská republika", OPTIONAL): Actual text 'Mlynská 329/22

07865 Košice-Staré Mesto (Košice I)

Slovenská republika' and expected text 'Mlynská 329/2207865 Košice-Staré Mesto (Košice I)Slovenská republika' of test object 'Object Repository/Page_Formulr Podvanie iadosti o piku pre pe_fbb4f4/div_Mlynsk 3292207865 Koice-Star Mesto (Koi_afa4d6' are NOT matched. (Root cause: com.kms.katalon.core.exception.StepFailedException: Actual text 'Mlynská 329/22

07865 Košice-Staré Mesto (Košice I)

Slovenská republika' and expected text 'Mlynská 329/2207865 Košice-Staré Mesto (Košice I)Slovenská republika' of test object 'Object Repository/Page_Formulr Podvanie iadosti o piku pre pe_fbb4f4/div_Mlynsk 3292207865 Koice-Star Mesto (Koi_afa4d6' are NOT matched.
	at com.kms.katalon.core.webui.keyword.internal.WebUIKeywordMain.stepFailed(WebUIKeywordMain.groovy:64)
	at com.kms.katalon.core.webui.keyword.builtin.VerifyElementTextKeyword$_verifyElementText_closure1.doCall(VerifyElementTextKeyword.groovy:57)
	at com.kms.katalon.core.webui.keyword.builtin.VerifyElementTextKeyword$_verifyElementText_closure1.call(VerifyElementTextKeyword.groovy)
	at com.kms.katalon.core.webui.keyword.internal.WebUIKeywordMain.runKeyword(WebUIKeywordMain.groovy:20)
	at com.kms.katalon.core.webui.keyword.builtin.VerifyElementTextKeyword.verifyElementText(VerifyElementTextKeyword.groovy:72)
	at com.kms.katalon.core.webui.keyword.builtin.VerifyElementTextKeyword.execute(VerifyElementTextKeyword.groovy:40)
	at com.kms.katalon.core.keyword.internal.KeywordExecutor.executeKeywordForPlatform(KeywordExecutor.groovy:74)
	at com.kms.katalon.core.webui.keyword.WebUiBuiltInKeywords.verifyElementText(WebUiBuiltInKeywords.groovy:4819)
	at Pozicka_399090.run(Pozicka_399090:277)
	at com.kms.katalon.core.main.ScriptEngine.run(ScriptEngine.java:194)
	at com.kms.katalon.core.main.ScriptEngine.runScriptAsRawText(ScriptEngine.java:119)
	at com.kms.katalon.core.main.TestCaseExecutor.runScript(TestCaseExecutor.java:448)
	at com.kms.katalon.core.main.TestCaseExecutor.doExecute(TestCaseExecutor.java:439)
	at com.kms.katalon.core.main.TestCaseExecutor.processExecutionPhase(TestCaseExecutor.java:418)
	at com.kms.katalon.core.main.TestCaseExecutor.accessMainPhase(TestCaseExecutor.java:410)
	at com.kms.katalon.core.main.TestCaseExecutor.execute(TestCaseExecutor.java:285)
	at com.kms.katalon.core.common.CommonExecutor.accessTestCaseMainPhase(CommonExecutor.java:65)
	at com.kms.katalon.core.main.TestSuiteExecutor.accessTestSuiteMainPhase(TestSuiteExecutor.java:150)
	at com.kms.katalon.core.main.TestSuiteExecutor.execute(TestSuiteExecutor.java:106)
	at com.kms.katalon.core.main.TestCaseMain.startTestSuite(TestCaseMain.java:180)
	at TempTestSuite1713358848413.run(TempTestSuite1713358848413.groovy:35)
	at java.base/jdk.internal.reflect.NativeMethodAccessorImpl.invoke0(Native Method)
	at java.base/jdk.internal.reflect.NativeMethodAccessorImpl.invoke(NativeMethodAccessorImpl.java:77)
	at java.base/jdk.internal.reflect.DelegatingMethodAccessorImpl.invoke(DelegatingMethodAccessorImpl.java:43)
)

17-04-2024T15:05:12 - [MESSAGE][WARNING] - Actual text 'Mlynská 329/22

07865 Košice-Staré Mesto (Košice I)

Slovenská republika' and expected text 'Mlynská 329/2207865 Košice-Staré Mesto (Košice I)Slovenská republika' of test object 'Object Repository/Page_Formulr Podvanie iadosti o piku pre pe_fbb4f4/div_Mlynsk 3292207865 Koice-Star Mesto (Koi_afa4d6' are NOT matched. (Root cause: com.kms.katalon.core.exception.StepFailedException: Actual text 'Mlynská 329/22

07865 Košice-Staré Mesto (Košice I)

Slovenská republika' and expected text 'Mlynská 329/2207865 Košice-Staré Mesto (Košice I)Slovenská republika' of test object 'Object Repository/Page_Formulr Podvanie iadosti o piku pre pe_fbb4f4/div_Mlynsk 3292207865 Koice-Star Mesto (Koi_afa4d6' are NOT matched.
	at com.kms.katalon.core.webui.keyword.internal.WebUIKeywordMain.stepFailed(WebUIKeywordMain.groovy:64)
	at com.kms.katalon.core.webui.keyword.builtin.VerifyElementTextKeyword$_verifyElementText_closure1.doCall(VerifyElementTextKeyword.groovy:57)
	at com.kms.katalon.core.webui.keyword.builtin.VerifyElementTextKeyword$_verifyElementText_closure1.call(VerifyElementTextKeyword.groovy)
	at com.kms.katalon.core.webui.keyword.internal.WebUIKeywordMain.runKeyword(WebUIKeywordMain.groovy:20)
	at com.kms.katalon.core.webui.keyword.builtin.VerifyElementTextKeyword.verifyElementText(VerifyElementTextKeyword.groovy:72)
	at com.kms.katalon.core.webui.keyword.builtin.VerifyElementTextKeyword.execute(VerifyElementTextKeyword.groovy:40)
	at com.kms.katalon.core.keyword.internal.KeywordExecutor.executeKeywordForPlatform(KeywordExecutor.groovy:74)
	at com.kms.katalon.core.webui.keyword.WebUiBuiltInKeywords.verifyElementText(WebUiBuiltInKeywords.groovy:4819)
	at Pozicka_399090.run(Pozicka_399090:277)
	at com.kms.katalon.core.main.ScriptEngine.run(ScriptEngine.java:194)
	at com.kms.katalon.core.main.ScriptEngine.runScriptAsRawText(ScriptEngine.java:119)
	at com.kms.katalon.core.main.TestCaseExecutor.runScript(TestCaseExecutor.java:448)
	at com.kms.katalon.core.main.TestCaseExecutor.doExecute(TestCaseExecutor.java:439)
	at com.kms.katalon.core.main.TestCaseExecutor.processExecutionPhase(TestCaseExecutor.java:418)
	at com.kms.katalon.core.main.TestCaseExecutor.accessMainPhase(TestCaseExecutor.java:410)
	at com.kms.katalon.core.main.TestCaseExecutor.execute(TestCaseExecutor.java:285)
	at com.kms.katalon.core.common.CommonExecutor.accessTestCaseMainPhase(CommonExecutor.java:65)
	at com.kms.katalon.core.main.TestSuiteExecutor.accessTestSuiteMainPhase(TestSuiteExecutor.java:150)
	at com.kms.katalon.core.main.TestSuiteExecutor.execute(TestSuiteExecutor.java:106)
	at com.kms.katalon.core.main.TestCaseMain.startTestSuite(TestCaseMain.java:180)
	at TempTestSuite1713358848413.run(TempTestSuite1713358848413.groovy:35)
	at java.base/jdk.internal.reflect.NativeMethodAccessorImpl.invoke0(Native Method)
	at java.base/jdk.internal.reflect.NativeMethodAccessorImpl.invoke(NativeMethodAccessorImpl.java:77)
	at java.base/jdk.internal.reflect.DelegatingMethodAccessorImpl.invoke(DelegatingMethodAccessorImpl.java:43)
)
[[ATTACHMENT|C:\\Users\\barcik\\Katalon Studio\\Ris2Formulare\\Reports\\20240417_150048\\SuitePozicky\\20240417_150048\\1713359111904.png]]

17-04-2024T15:05:12 - [TEST_STEP][PASSED] - verifyElementText(findTestObject("Object Repository/Page_Formulr Podvanie iadosti o piku pre pe_fbb4f4/div_421456321789"), "+421456321789", OPTIONAL): Actual text and expected text of test object 'Object Repository/Page_Formulr Podvanie iadosti o piku pre pe_fbb4f4/div_421456321789' are matched.

17-04-2024T15:05:12 - [MESSAGE][PASSED] - Actual text and expected text of test object 'Object Repository/Page_Formulr Podvanie iadosti o piku pre pe_fbb4f4/div_421456321789' are matched.

17-04-2024T15:05:12 - [TEST_STEP][PASSED] - verifyElementText(findTestObject("Object Repository/Page_Formulr Podvanie iadosti o piku pre pe_fbb4f4/div_barcikditec.sk"), email, OPTIONAL): Actual text and expected text of test object 'Object Repository/Page_Formulr Podvanie iadosti o piku pre pe_fbb4f4/div_barcikditec.sk' are matched.

17-04-2024T15:05:12 - [MESSAGE][PASSED] - Actual text and expected text of test object 'Object Repository/Page_Formulr Podvanie iadosti o piku pre pe_fbb4f4/div_barcikditec.sk' are matched.

17-04-2024T15:05:12 - [TEST_STEP][PASSED] - verifyElementText(findTestObject("Object Repository/Page_Formulr Podvanie iadosti o piku pre pe_fbb4f4/div_15000"), "15000"): Actual text and expected text of test object 'Object Repository/Page_Formulr Podvanie iadosti o piku pre pe_fbb4f4/div_15000' are matched.

17-04-2024T15:05:13 - [MESSAGE][PASSED] - Actual text and expected text of test object 'Object Repository/Page_Formulr Podvanie iadosti o piku pre pe_fbb4f4/div_15000' are matched.

17-04-2024T15:05:13 - [TEST_STEP][PASSED] - verifyElementText(findTestObject("Object Repository/Page_Formulr Podvanie iadosti o piku pre pe_fbb4f4/div_15"), "15"): Actual text and expected text of test object 'Object Repository/Page_Formulr Podvanie iadosti o piku pre pe_fbb4f4/div_15' are matched.

17-04-2024T15:05:13 - [MESSAGE][PASSED] - Actual text and expected text of test object 'Object Repository/Page_Formulr Podvanie iadosti o piku pre pe_fbb4f4/div_15' are matched.

17-04-2024T15:05:13 - [TEST_STEP][PASSED] - click(findTestObject("Object Repository/Page_Formulr Podvanie iadosti o piku pre pe_fbb4f4/label_estne vyhlasujem, e vetky daje uveden_88100d")): Object: 'Object Repository/Page_Formulr Podvanie iadosti o piku pre pe_fbb4f4/label_estne vyhlasujem, e vetky daje uveden_88100d' is clicked on

17-04-2024T15:05:13 - [MESSAGE][PASSED] - Object: 'Object Repository/Page_Formulr Podvanie iadosti o piku pre pe_fbb4f4/label_estne vyhlasujem, e vetky daje uveden_88100d' is clicked on

17-04-2024T15:05:13 - [TEST_STEP][PASSED] - click(findTestObject("Object Repository/Page_Formulr Podvanie iadosti o piku pre pe_fbb4f4/label_Beriem na vedomie, e v slade s  17 od_1288a0")): Object: 'Object Repository/Page_Formulr Podvanie iadosti o piku pre pe_fbb4f4/label_Beriem na vedomie, e v slade s  17 od_1288a0' is clicked on

17-04-2024T15:05:14 - [MESSAGE][PASSED] - Object: 'Object Repository/Page_Formulr Podvanie iadosti o piku pre pe_fbb4f4/label_Beriem na vedomie, e v slade s  17 od_1288a0' is clicked on

17-04-2024T15:05:14 - [TEST_STEP][PASSED] - click(findTestObject("Object Repository/Page_Formulr Podvanie iadosti o piku pre pe_fbb4f4/button_Podpsa iados o piku kvalifikovanm el_0eb4be")): Object: 'Object Repository/Page_Formulr Podvanie iadosti o piku pre pe_fbb4f4/button_Podpsa iados o piku kvalifikovanm el_0eb4be' is clicked on

17-04-2024T15:05:14 - [MESSAGE][PASSED] - Object: 'Object Repository/Page_Formulr Podvanie iadosti o piku pre pe_fbb4f4/button_Podpsa iados o piku kvalifikovanm el_0eb4be' is clicked on

17-04-2024T15:05:14 - [TEST_STEP][PASSED] - click(findTestObject("Object Repository/Page_Formulr Podvanie iadosti o piku pre pe_fbb4f4/button_Podpsa")): Object: 'Object Repository/Page_Formulr Podvanie iadosti o piku pre pe_fbb4f4/button_Podpsa' is clicked on

17-04-2024T15:05:15 - [MESSAGE][PASSED] - Object: 'Object Repository/Page_Formulr Podvanie iadosti o piku pre pe_fbb4f4/button_Podpsa' is clicked on

17-04-2024T15:05:15 - [TEST_STEP][PASSED] - delay(12): Delayed 12 second(s)

17-04-2024T15:05:27 - [MESSAGE][PASSED] - Delayed 12 second(s)

17-04-2024T15:05:27 - [TEST_STEP][PASSED] - podpis.podpisFormular(): Fire Close event sucessfully.

17-04-2024T15:05:27 - [MESSAGE][INFO] - Starting application C:\Program Files\Ditec\DSigner .NET\Ditec.Zep.DSigXadesStandalone.exe on the local machine at address http://127.0.0.1:4723

17-04-2024T15:05:28 - [MESSAGE][PASSED] - The application at location: C:\Program Files\Ditec\DSigner .NET\Ditec.Zep.DSigXadesStandalone.exe started.

17-04-2024T15:05:30 - [MESSAGE][INFO] - Clicking on element: Object Repository/Podpisovac/Podpísať_podpis

17-04-2024T15:05:30 - [MESSAGE][PASSED] - Click on element: Object Repository/Podpisovac/Podpísať_podpis succesfully

17-04-2024T15:05:37 - [MESSAGE][INFO] - Clicking on element: Object Repository/Podpisovac/Vyber_filtra_podpis

17-04-2024T15:05:38 - [MESSAGE][PASSED] - Click on element: Object Repository/Podpisovac/Vyber_filtra_podpis succesfully

17-04-2024T15:05:38 - [MESSAGE][INFO] - Clicking on element: Object Repository/Podpisovac/Potvrd_vyber_filtra_podpis

17-04-2024T15:05:39 - [MESSAGE][PASSED] - Click on element: Object Repository/Podpisovac/Potvrd_vyber_filtra_podpis succesfully

17-04-2024T15:05:47 - [MESSAGE][INFO] - Double clicking on element: Object Repository/Podpisovac/Certifikat_podpis

17-04-2024T15:05:48 - [MESSAGE][PASSED] - Double click on element: Object Repository/Podpisovac/Certifikat_podpis succesfully

17-04-2024T15:05:51 - [MESSAGE][PASSED] - Delayed 3 second(s)

17-04-2024T15:05:53 - [MESSAGE][INFO] - Clicking on element: Object Repository/Podpisovac/OK_podpis

17-04-2024T15:05:53 - [MESSAGE][PASSED] - Click on element: Object Repository/Podpisovac/OK_podpis succesfully

17-04-2024T15:05:53 - [MESSAGE][PASSED] - Fire Close event sucessfully.

17-04-2024T15:05:53 - [TEST_STEP][PASSED] - click(findTestObject("Object Repository/Page_Formulr Podvanie iadosti o piku pre pe_fbb4f4/button_Odosla")): Object: 'Object Repository/Page_Formulr Podvanie iadosti o piku pre pe_fbb4f4/button_Odosla' is clicked on

17-04-2024T15:05:54 - [MESSAGE][PASSED] - Object: 'Object Repository/Page_Formulr Podvanie iadosti o piku pre pe_fbb4f4/button_Odosla' is clicked on

17-04-2024T15:05:54 - [TEST_STEP][PASSED] - waitForElementVisible(findTestObject("Page_Formulr Podvanie iadosti o piku pre pe_fbb4f4/button_Prejs na domovsk strnku"), 20): Object 'Object Repository/Page_Formulr Podvanie iadosti o piku pre pe_fbb4f4/button_Prejs na domovsk strnku' is visible

17-04-2024T15:06:20 - [MESSAGE][PASSED] - Object 'Object Repository/Page_Formulr Podvanie iadosti o piku pre pe_fbb4f4/button_Prejs na domovsk strnku' is visible

17-04-2024T15:06:20 - [TEST_STEP][PASSED] - click(findTestObject("Object Repository/Page_Formulr Podvanie iadosti o piku pre pe_fbb4f4/button_Prejs na domovsk strnku")): Object: 'Object Repository/Page_Formulr Podvanie iadosti o piku pre pe_fbb4f4/button_Prejs na domovsk strnku' is clicked on

17-04-2024T15:06:21 - [MESSAGE][PASSED] - Object: 'Object Repository/Page_Formulr Podvanie iadosti o piku pre pe_fbb4f4/button_Prejs na domovsk strnku' is clicked on

17-04-2024T15:06:21 - [TEST_STEP][PASSED] - click(findTestObject("Page_Portl elektronickch sluieb regionlneho_9bdbd3/a_Privtna zna")): Object: 'Object Repository/Page_Portl elektronickch sluieb regionlneho_9bdbd3/a_Privtna zna' is clicked on

17-04-2024T15:06:21 - [MESSAGE][PASSED] - Object: 'Object Repository/Page_Portl elektronickch sluieb regionlneho_9bdbd3/a_Privtna zna' is clicked on

17-04-2024T15:06:21 - [TEST_STEP][PASSED] - click(findTestObject("Object Repository/Page_Portl elektronickch sluieb regionlneho_9bdbd3/span_Zoznam odoslanch podan")): Object: 'Object Repository/Page_Portl elektronickch sluieb regionlneho_9bdbd3/span_Zoznam odoslanch podan' is clicked on

17-04-2024T15:06:23 - [MESSAGE][PASSED] - Object: 'Object Repository/Page_Portl elektronickch sluieb regionlneho_9bdbd3/span_Zoznam odoslanch podan' is clicked on

17-04-2024T15:06:23 - [TEST_STEP][PASSED] - setText(findTestObject("Page_Zoznam odoslanch podan  Elektronick sl_14b0c6/input_Identifiktor_identifikator"), identifikator): Text 'ESRVS-2024-2239' is set on object 'Object Repository/Page_Zoznam odoslanch podan  Elektronick sl_14b0c6/input_Identifiktor_identifikator'

17-04-2024T15:06:25 - [MESSAGE][PASSED] - Text 'ESRVS-2024-2239' is set on object 'Object Repository/Page_Zoznam odoslanch podan  Elektronick sl_14b0c6/input_Identifiktor_identifikator'

17-04-2024T15:06:25 - [TEST_STEP][PASSED] - click(findTestObject("Page_Zoznam odoslanch podan  Elektronick sl_14b0c6/button_Vyhada")): Object: 'Object Repository/Page_Zoznam odoslanch podan  Elektronick sl_14b0c6/button_Vyhada' is clicked on

17-04-2024T15:06:25 - [MESSAGE][PASSED] - Object: 'Object Repository/Page_Zoznam odoslanch podan  Elektronick sl_14b0c6/button_Vyhada' is clicked on

17-04-2024T15:06:25 - [TEST_STEP][PASSED] - click(findTestObject("Page_Zoznam odoslanch podan  Elektronick sl_14b0c6/a_Detail")): Object: 'Object Repository/Page_Zoznam odoslanch podan  Elektronick sl_14b0c6/a_Detail' is clicked on

17-04-2024T15:06:27 - [MESSAGE][PASSED] - Object: 'Object Repository/Page_Zoznam odoslanch podan  Elektronick sl_14b0c6/a_Detail' is clicked on

17-04-2024T15:06:27 - [TEST_STEP][PASSED] - verifyElementText(findTestObject("Page_Detail podania  Elektronick sluby port_bcdefc/span_ESRVS-2024-2188"), identifikator): Actual text and expected text of test object 'Object Repository/Page_Detail podania  Elektronick sluby port_bcdefc/span_ESRVS-2024-2188' are matched.

17-04-2024T15:06:29 - [MESSAGE][PASSED] - Actual text and expected text of test object 'Object Repository/Page_Detail podania  Elektronick sluby port_bcdefc/span_ESRVS-2024-2188' are matched.

17-04-2024T15:06:29 - [TEST_STEP][PASSED] - verifyElementText(findTestObject("Object Repository/Page_Detail podania  Elektronick sluby port_bcdefc/span_Marek Tirpk"), "Marek Tirpák"): Actual text and expected text of test object 'Object Repository/Page_Detail podania  Elektronick sluby port_bcdefc/span_Marek Tirpk' are matched.

17-04-2024T15:06:29 - [MESSAGE][PASSED] - Actual text and expected text of test object 'Object Repository/Page_Detail podania  Elektronick sluby port_bcdefc/span_Marek Tirpk' are matched.

17-04-2024T15:06:29 - [TEST_STEP][PASSED] - closeBrowser(): Browser is closed

17-04-2024T15:06:30 - [MESSAGE][PASSED] - Browser is closed

17-04-2024T15:06:30 - [TEST_STEP][PASSED] - delay(30): Delayed 30 second(s)

17-04-2024T15:07:00 - [MESSAGE][PASSED] - Delayed 30 second(s)

17-04-2024T15:07:00 - [TEST_STEP][FAILED] - mail.kontrolaMailu(2, identifikator): Expected condition failed: waiting for com.kms.katalon.core.windows.keyword.helper.WindowsActionHelper$1@341f2f4c (tried for 30 second(s) with 50 milliseconds interval) (Root cause: org.openqa.selenium.TimeoutException: Expected condition failed: waiting for com.kms.katalon.core.windows.keyword.helper.WindowsActionHelper$1@341f2f4c (tried for 30 second(s) with 50 milliseconds interval)
	at org.openqa.selenium.support.ui.FluentWait.timeoutException(FluentWait.java:304)
	at org.openqa.selenium.support.ui.FluentWait.until(FluentWait.java:272)
	at com.kms.katalon.core.windows.keyword.helper.WindowsActionHelper.findElement(WindowsActionHelper.java:120)
	at com.kms.katalon.core.windows.keyword.helper.WindowsActionHelper.findElement(WindowsActionHelper.java:77)
	at com.kms.katalon.core.windows.keyword.helper.WindowsActionHelper.findElement(WindowsActionHelper.java:69)
	at com.kms.katalon.core.windows.keyword.helper.WindowsActionHelper.click(WindowsActionHelper.java:248)
	at com.kms.katalon.core.windows.keyword.helper.WindowsActionHelper$click$3.call(Unknown Source)
	at com.kms.katalon.core.windows.keyword.builtin.ClickKeyword$_click_closure1.doCall(ClickKeyword.groovy:43)
	at com.kms.katalon.core.windows.keyword.builtin.ClickKeyword$_click_closure1.doCall(ClickKeyword.groovy)
	at java.base/jdk.internal.reflect.NativeMethodAccessorImpl.invoke0(Native Method)
	at java.base/jdk.internal.reflect.NativeMethodAccessorImpl.invoke(NativeMethodAccessorImpl.java:77)
	at java.base/jdk.internal.reflect.DelegatingMethodAccessorImpl.invoke(DelegatingMethodAccessorImpl.java:43)
	at com.kms.katalon.core.keyword.internal.KeywordMain.runKeyword(KeywordMain.groovy:90)
	at com.kms.katalon.core.keyword.internal.KeywordMain$runKeyword.call(Unknown Source)
	at com.kms.katalon.core.windows.keyword.builtin.ClickKeyword.click(ClickKeyword.groovy:37)
	at com.kms.katalon.core.windows.keyword.builtin.ClickKeyword$click.callCurrent(Unknown Source)
	at com.kms.katalon.core.windows.keyword.builtin.ClickKeyword.execute(ClickKeyword.groovy:33)
	at com.kms.katalon.core.keyword.internal.KeywordExecutor.executeKeywordForPlatform(KeywordExecutor.groovy:74)
	at com.kms.katalon.core.windows.keyword.WindowsBuiltinKeywords.click(WindowsBuiltinKeywords.java:72)
	at Email.kontrolaMailu(Email.java:30)
	at Pozicka_399090.run(Pozicka_399090:329)
	at com.kms.katalon.core.main.ScriptEngine.run(ScriptEngine.java:194)
	at com.kms.katalon.core.main.ScriptEngine.runScriptAsRawText(ScriptEngine.java:119)
	at com.kms.katalon.core.main.TestCaseExecutor.runScript(TestCaseExecutor.java:448)
	at com.kms.katalon.core.main.TestCaseExecutor.doExecute(TestCaseExecutor.java:439)
	at com.kms.katalon.core.main.TestCaseExecutor.processExecutionPhase(TestCaseExecutor.java:418)
	at com.kms.katalon.core.main.TestCaseExecutor.accessMainPhase(TestCaseExecutor.java:410)
	at com.kms.katalon.core.main.TestCaseExecutor.execute(TestCaseExecutor.java:285)
	at com.kms.katalon.core.common.CommonExecutor.accessTestCaseMainPhase(CommonExecutor.java:65)
	at com.kms.katalon.core.main.TestSuiteExecutor.accessTestSuiteMainPhase(TestSuiteExecutor.java:150)
	at com.kms.katalon.core.main.TestSuiteExecutor.execute(TestSuiteExecutor.java:106)
	at com.kms.katalon.core.main.TestCaseMain.startTestSuite(TestCaseMain.java:180)
	at TempTestSuite1713358848413.run(TempTestSuite1713358848413.groovy:35)
	at java.base/jdk.internal.reflect.NativeMethodAccessorImpl.invoke0(Native Method)
	at java.base/jdk.internal.reflect.NativeMethodAccessorImpl.invoke(NativeMethodAccessorImpl.java:77)
	at java.base/jdk.internal.reflect.DelegatingMethodAccessorImpl.invoke(DelegatingMethodAccessorImpl.java:43)
Caused by: org.openqa.selenium.NoSuchElementException: An element could not be located on the page using the given search parameters. (WARNING: The server did not provide any stacktrace information)
Command duration or timeout: 0 milliseconds
For documentation on this error, please visit: https://www.seleniumhq.org/exceptions/no_such_element.html
Build info: version: '3.141.59', revision: 'e82be7d358', time: '2018-11-14T08:25:53'
System info: host: 'NB-BARCIK', ip: '192.168.0.163', os.name: 'Windows 11', os.arch: 'amd64', os.version: '10.0', java.version: '17.0.7'
Driver info: io.appium.java_client.windows.WindowsDriver
Capabilities {app: C:\Program Files\Microsoft ..., javascriptEnabled: true, platform: WINDOWS, platformName: WINDOWS}
Session ID: F7874F76-83AE-421A-BA8E-7DE9BA350D38
*** Element info: {Using=xpath, value=//Window/Pane[1]/ToolBar[1]/Pane[1]/Pane[1]/Pane[1]/Pane[1]/Tab[1]/TabItem[1]}
	at java.base/jdk.internal.reflect.NativeConstructorAccessorImpl.newInstance0(Native Method)
	at java.base/jdk.internal.reflect.NativeConstructorAccessorImpl.newInstance(NativeConstructorAccessorImpl.java:77)
	at java.base/jdk.internal.reflect.DelegatingConstructorAccessorImpl.newInstance(DelegatingConstructorAccessorImpl.java:45)
	at org.openqa.selenium.remote.ErrorHandler.createThrowable(ErrorHandler.java:214)
	at org.openqa.selenium.remote.ErrorHandler.throwIfResponseFailed(ErrorHandler.java:166)
	at org.openqa.selenium.remote.http.JsonHttpResponseCodec.reconstructValue(JsonHttpResponseCodec.java:40)
	at org.openqa.selenium.remote.http.AbstractHttpResponseCodec.decode(AbstractHttpResponseCodec.java:80)
	at org.openqa.selenium.remote.http.AbstractHttpResponseCodec.decode(AbstractHttpResponseCodec.java:44)
	at org.openqa.selenium.remote.HttpCommandExecutor.execute(HttpCommandExecutor.java:158)
	at io.appium.java_client.remote.AppiumCommandExecutor.execute(AppiumCommandExecutor.java:239)
	at org.openqa.selenium.remote.RemoteWebDriver.execute(RemoteWebDriver.java:552)
	at io.appium.java_client.DefaultGenericMobileDriver.execute(DefaultGenericMobileDriver.java:42)
	at io.appium.java_client.AppiumDriver.execute(AppiumDriver.java:1)
	at io.appium.java_client.windows.WindowsDriver.execute(WindowsDriver.java:1)
	at org.openqa.selenium.remote.RemoteWebDriver.findElement(RemoteWebDriver.java:323)
	at io.appium.java_client.DefaultGenericMobileDriver.findElement(DefaultGenericMobileDriver.java:62)
	at io.appium.java_client.AppiumDriver.findElement(AppiumDriver.java:1)
	at io.appium.java_client.windows.WindowsDriver.findElement(WindowsDriver.java:1)
	at org.openqa.selenium.remote.RemoteWebDriver.findElementByXPath(RemoteWebDriver.java:428)
	at io.appium.java_client.DefaultGenericMobileDriver.findElementByXPath(DefaultGenericMobileDriver.java:152)
	at io.appium.java_client.AppiumDriver.findElementByXPath(AppiumDriver.java:1)
	at io.appium.java_client.windows.WindowsDriver.findElementByXPath(WindowsDriver.java:1)
	at com.kms.katalon.core.windows.keyword.helper.WindowsActionHelper$1.apply(WindowsActionHelper.java:136)
	at com.kms.katalon.core.windows.keyword.helper.WindowsActionHelper$1.apply(WindowsActionHelper.java:1)
	at org.openqa.selenium.support.ui.FluentWait.until(FluentWait.java:249)
	at com.kms.katalon.core.windows.keyword.helper.WindowsActionHelper.findElement(WindowsActionHelper.java:120)
	at com.kms.katalon.core.windows.keyword.helper.WindowsActionHelper.findElement(WindowsActionHelper.java:77)
	at com.kms.katalon.core.windows.keyword.helper.WindowsActionHelper.findElement(WindowsActionHelper.java:69)
	at com.kms.katalon.core.windows.keyword.helper.WindowsActionHelper.click(WindowsActionHelper.java:248)
	at com.kms.katalon.core.windows.keyword.helper.WindowsActionHelper$click$3.call(Unknown Source)
	at com.kms.katalon.core.windows.keyword.builtin.ClickKeyword$_click_closure1.doCall(ClickKeyword.groovy:43)
	at com.kms.katalon.core.windows.keyword.builtin.ClickKeyword$_click_closure1.doCall(ClickKeyword.groovy)
	at java.base/jdk.internal.reflect.NativeMethodAccessorImpl.invoke0(Native Method)
	at java.base/jdk.internal.reflect.NativeMethodAccessorImpl.invoke(NativeMethodAccessorImpl.java:77)
	at java.base/jdk.internal.reflect.DelegatingMethodAccessorImpl.invoke(DelegatingMethodAccessorImpl.java:43)
	at com.kms.katalon.core.keyword.internal.KeywordMain.runKeyword(KeywordMain.groovy:90)
	at com.kms.katalon.core.keyword.internal.KeywordMain$runKeyword.call(Unknown Source)
	at com.kms.katalon.core.windows.keyword.builtin.ClickKeyword.click(ClickKeyword.groovy:37)
	at com.kms.katalon.core.windows.keyword.builtin.ClickKeyword$click.callCurrent(Unknown Source)
	at com.kms.katalon.core.windows.keyword.builtin.ClickKeyword.execute(ClickKeyword.groovy:33)
	at com.kms.katalon.core.keyword.internal.KeywordExecutor.executeKeywordForPlatform(KeywordExecutor.groovy:74)
	at com.kms.katalon.core.windows.keyword.WindowsBuiltinKeywords.click(WindowsBuiltinKeywords.java:72)
	at Email.kontrolaMailu(Email.java:30)
	at Script1713185661975.run(Script1713185661975.groovy:329)
	... 15 more
)

17-04-2024T15:07:00 - [MESSAGE][INFO] - Starting application C:\Program Files\Microsoft Office\root\Office16\OUTLOOK.EXE on the local machine at address http://127.0.0.1:4723

17-04-2024T15:07:03 - [MESSAGE][PASSED] - The application at location: C:\Program Files\Microsoft Office\root\Office16\OUTLOOK.EXE started.

17-04-2024T15:07:04 - [MESSAGE][PASSED] - Object 'Object Repository/Edit(1)' is present

17-04-2024T15:07:10 - [MESSAGE][PASSED] - Text ESRVS-2024-2239 is set

17-04-2024T15:07:42 - [MESSAGE][FAILED] - Expected condition failed: waiting for com.kms.katalon.core.windows.keyword.helper.WindowsActionHelper$1@341f2f4c (tried for 30 second(s) with 50 milliseconds interval) (Root cause: org.openqa.selenium.TimeoutException: Expected condition failed: waiting for com.kms.katalon.core.windows.keyword.helper.WindowsActionHelper$1@341f2f4c (tried for 30 second(s) with 50 milliseconds interval)
	at org.openqa.selenium.support.ui.FluentWait.timeoutException(FluentWait.java:304)
	at org.openqa.selenium.support.ui.FluentWait.until(FluentWait.java:272)
	at com.kms.katalon.core.windows.keyword.helper.WindowsActionHelper.findElement(WindowsActionHelper.java:120)
	at com.kms.katalon.core.windows.keyword.helper.WindowsActionHelper.findElement(WindowsActionHelper.java:77)
	at com.kms.katalon.core.windows.keyword.helper.WindowsActionHelper.findElement(WindowsActionHelper.java:69)
	at com.kms.katalon.core.windows.keyword.helper.WindowsActionHelper.click(WindowsActionHelper.java:248)
	at com.kms.katalon.core.windows.keyword.helper.WindowsActionHelper$click$3.call(Unknown Source)
	at com.kms.katalon.core.windows.keyword.builtin.ClickKeyword$_click_closure1.doCall(ClickKeyword.groovy:43)
	at com.kms.katalon.core.windows.keyword.builtin.ClickKeyword$_click_closure1.doCall(ClickKeyword.groovy)
	at java.base/jdk.internal.reflect.NativeMethodAccessorImpl.invoke0(Native Method)
	at java.base/jdk.internal.reflect.NativeMethodAccessorImpl.invoke(NativeMethodAccessorImpl.java:77)
	at java.base/jdk.internal.reflect.DelegatingMethodAccessorImpl.invoke(DelegatingMethodAccessorImpl.java:43)
	at com.kms.katalon.core.keyword.internal.KeywordMain.runKeyword(KeywordMain.groovy:90)
	at com.kms.katalon.core.keyword.internal.KeywordMain$runKeyword.call(Unknown Source)
	at com.kms.katalon.core.windows.keyword.builtin.ClickKeyword.click(ClickKeyword.groovy:37)
	at com.kms.katalon.core.windows.keyword.builtin.ClickKeyword$click.callCurrent(Unknown Source)
	at com.kms.katalon.core.windows.keyword.builtin.ClickKeyword.execute(ClickKeyword.groovy:33)
	at com.kms.katalon.core.keyword.internal.KeywordExecutor.executeKeywordForPlatform(KeywordExecutor.groovy:74)
	at com.kms.katalon.core.windows.keyword.WindowsBuiltinKeywords.click(WindowsBuiltinKeywords.java:72)
	at Email.kontrolaMailu(Email.java:30)
	at Pozicka_399090.run(Pozicka_399090:329)
	at com.kms.katalon.core.main.ScriptEngine.run(ScriptEngine.java:194)
	at com.kms.katalon.core.main.ScriptEngine.runScriptAsRawText(ScriptEngine.java:119)
	at com.kms.katalon.core.main.TestCaseExecutor.runScript(TestCaseExecutor.java:448)
	at com.kms.katalon.core.main.TestCaseExecutor.doExecute(TestCaseExecutor.java:439)
	at com.kms.katalon.core.main.TestCaseExecutor.processExecutionPhase(TestCaseExecutor.java:418)
	at com.kms.katalon.core.main.TestCaseExecutor.accessMainPhase(TestCaseExecutor.java:410)
	at com.kms.katalon.core.main.TestCaseExecutor.execute(TestCaseExecutor.java:285)
	at com.kms.katalon.core.common.CommonExecutor.accessTestCaseMainPhase(CommonExecutor.java:65)
	at com.kms.katalon.core.main.TestSuiteExecutor.accessTestSuiteMainPhase(TestSuiteExecutor.java:150)
	at com.kms.katalon.core.main.TestSuiteExecutor.execute(TestSuiteExecutor.java:106)
	at com.kms.katalon.core.main.TestCaseMain.startTestSuite(TestCaseMain.java:180)
	at TempTestSuite1713358848413.run(TempTestSuite1713358848413.groovy:35)
	at java.base/jdk.internal.reflect.NativeMethodAccessorImpl.invoke0(Native Method)
	at java.base/jdk.internal.reflect.NativeMethodAccessorImpl.invoke(NativeMethodAccessorImpl.java:77)
	at java.base/jdk.internal.reflect.DelegatingMethodAccessorImpl.invoke(DelegatingMethodAccessorImpl.java:43)
Caused by: org.openqa.selenium.NoSuchElementException: An element could not be located on the page using the given search parameters. (WARNING: The server did not provide any stacktrace information)
Command duration or timeout: 0 milliseconds
For documentation on this error, please visit: https://www.seleniumhq.org/exceptions/no_such_element.html
Build info: version: '3.141.59', revision: 'e82be7d358', time: '2018-11-14T08:25:53'
System info: host: 'NB-BARCIK', ip: '192.168.0.163', os.name: 'Windows 11', os.arch: 'amd64', os.version: '10.0', java.version: '17.0.7'
Driver info: io.appium.java_client.windows.WindowsDriver
Capabilities {app: C:\Program Files\Microsoft ..., javascriptEnabled: true, platform: WINDOWS, platformName: WINDOWS}
Session ID: F7874F76-83AE-421A-BA8E-7DE9BA350D38
*** Element info: {Using=xpath, value=//Window/Pane[1]/ToolBar[1]/Pane[1]/Pane[1]/Pane[1]/Pane[1]/Tab[1]/TabItem[1]}
	at java.base/jdk.internal.reflect.NativeConstructorAccessorImpl.newInstance0(Native Method)
	at java.base/jdk.internal.reflect.NativeConstructorAccessorImpl.newInstance(NativeConstructorAccessorImpl.java:77)
	at java.base/jdk.internal.reflect.DelegatingConstructorAccessorImpl.newInstance(DelegatingConstructorAccessorImpl.java:45)
	at org.openqa.selenium.remote.ErrorHandler.createThrowable(ErrorHandler.java:214)
	at org.openqa.selenium.remote.ErrorHandler.throwIfResponseFailed(ErrorHandler.java:166)
	at org.openqa.selenium.remote.http.JsonHttpResponseCodec.reconstructValue(JsonHttpResponseCodec.java:40)
	at org.openqa.selenium.remote.http.AbstractHttpResponseCodec.decode(AbstractHttpResponseCodec.java:80)
	at org.openqa.selenium.remote.http.AbstractHttpResponseCodec.decode(AbstractHttpResponseCodec.java:44)
	at org.openqa.selenium.remote.HttpCommandExecutor.execute(HttpCommandExecutor.java:158)
	at io.appium.java_client.remote.AppiumCommandExecutor.execute(AppiumCommandExecutor.java:239)
	at org.openqa.selenium.remote.RemoteWebDriver.execute(RemoteWebDriver.java:552)
	at io.appium.java_client.DefaultGenericMobileDriver.execute(DefaultGenericMobileDriver.java:42)
	at io.appium.java_client.AppiumDriver.execute(AppiumDriver.java:1)
	at io.appium.java_client.windows.WindowsDriver.execute(WindowsDriver.java:1)
	at org.openqa.selenium.remote.RemoteWebDriver.findElement(RemoteWebDriver.java:323)
	at io.appium.java_client.DefaultGenericMobileDriver.findElement(DefaultGenericMobileDriver.java:62)
	at io.appium.java_client.AppiumDriver.findElement(AppiumDriver.java:1)
	at io.appium.java_client.windows.WindowsDriver.findElement(WindowsDriver.java:1)
	at org.openqa.selenium.remote.RemoteWebDriver.findElementByXPath(RemoteWebDriver.java:428)
	at io.appium.java_client.DefaultGenericMobileDriver.findElementByXPath(DefaultGenericMobileDriver.java:152)
	at io.appium.java_client.AppiumDriver.findElementByXPath(AppiumDriver.java:1)
	at io.appium.java_client.windows.WindowsDriver.findElementByXPath(WindowsDriver.java:1)
	at com.kms.katalon.core.windows.keyword.helper.WindowsActionHelper$1.apply(WindowsActionHelper.java:136)
	at com.kms.katalon.core.windows.keyword.helper.WindowsActionHelper$1.apply(WindowsActionHelper.java:1)
	at org.openqa.selenium.support.ui.FluentWait.until(FluentWait.java:249)
	at com.kms.katalon.core.windows.keyword.helper.WindowsActionHelper.findElement(WindowsActionHelper.java:120)
	at com.kms.katalon.core.windows.keyword.helper.WindowsActionHelper.findElement(WindowsActionHelper.java:77)
	at com.kms.katalon.core.windows.keyword.helper.WindowsActionHelper.findElement(WindowsActionHelper.java:69)
	at com.kms.katalon.core.windows.keyword.helper.WindowsActionHelper.click(WindowsActionHelper.java:248)
	at com.kms.katalon.core.windows.keyword.helper.WindowsActionHelper$click$3.call(Unknown Source)
	at com.kms.katalon.core.windows.keyword.builtin.ClickKeyword$_click_closure1.doCall(ClickKeyword.groovy:43)
	at com.kms.katalon.core.windows.keyword.builtin.ClickKeyword$_click_closure1.doCall(ClickKeyword.groovy)
	at java.base/jdk.internal.reflect.NativeMethodAccessorImpl.invoke0(Native Method)
	at java.base/jdk.internal.reflect.NativeMethodAccessorImpl.invoke(NativeMethodAccessorImpl.java:77)
	at java.base/jdk.internal.reflect.DelegatingMethodAccessorImpl.invoke(DelegatingMethodAccessorImpl.java:43)
	at com.kms.katalon.core.keyword.internal.KeywordMain.runKeyword(KeywordMain.groovy:90)
	at com.kms.katalon.core.keyword.internal.KeywordMain$runKeyword.call(Unknown Source)
	at com.kms.katalon.core.windows.keyword.builtin.ClickKeyword.click(ClickKeyword.groovy:37)
	at com.kms.katalon.core.windows.keyword.builtin.ClickKeyword$click.callCurrent(Unknown Source)
	at com.kms.katalon.core.windows.keyword.builtin.ClickKeyword.execute(ClickKeyword.groovy:33)
	at com.kms.katalon.core.keyword.internal.KeywordExecutor.executeKeywordForPlatform(KeywordExecutor.groovy:74)
	at com.kms.katalon.core.windows.keyword.WindowsBuiltinKeywords.click(WindowsBuiltinKeywords.java:72)
	at Email.kontrolaMailu(Email.java:30)
	at Script1713185661975.run(Script1713185661975.groovy:329)
	... 15 more
)]]></system-out>
         <system-err><![CDATA[17-04-2024T15:01:05 - [TEST_CASE][FAILED] - Test Cases/Pozicky B/Pozicka_399090: Test Cases/Pozicky B/Pozicka_399090 FAILED.
Reason:
com.kms.katalon.core.exception.StepFailedException: Expected condition failed: waiting for com.kms.katalon.core.windows.keyword.helper.WindowsActionHelper$1@341f2f4c (tried for 30 second(s) with 50 milliseconds interval) (Root cause: org.openqa.selenium.TimeoutException: Expected condition failed: waiting for com.kms.katalon.core.windows.keyword.helper.WindowsActionHelper$1@341f2f4c (tried for 30 second(s) with 50 milliseconds interval)
	at org.openqa.selenium.support.ui.FluentWait.timeoutException(FluentWait.java:304)
	at org.openqa.selenium.support.ui.FluentWait.until(FluentWait.java:272)
	at com.kms.katalon.core.windows.keyword.helper.WindowsActionHelper.findElement(WindowsActionHelper.java:120)
	at com.kms.katalon.core.windows.keyword.helper.WindowsActionHelper.findElement(WindowsActionHelper.java:77)
	at com.kms.katalon.core.windows.keyword.helper.WindowsActionHelper.findElement(WindowsActionHelper.java:69)
	at com.kms.katalon.core.windows.keyword.helper.WindowsActionHelper.click(WindowsActionHelper.java:248)
	at com.kms.katalon.core.windows.keyword.helper.WindowsActionHelper$click$3.call(Unknown Source)
	at com.kms.katalon.core.windows.keyword.builtin.ClickKeyword$_click_closure1.doCall(ClickKeyword.groovy:43)
	at com.kms.katalon.core.windows.keyword.builtin.ClickKeyword$_click_closure1.doCall(ClickKeyword.groovy)
	at java.base/jdk.internal.reflect.NativeMethodAccessorImpl.invoke0(Native Method)
	at java.base/jdk.internal.reflect.NativeMethodAccessorImpl.invoke(NativeMethodAccessorImpl.java:77)
	at java.base/jdk.internal.reflect.DelegatingMethodAccessorImpl.invoke(DelegatingMethodAccessorImpl.java:43)
	at com.kms.katalon.core.keyword.internal.KeywordMain.runKeyword(KeywordMain.groovy:90)
	at com.kms.katalon.core.keyword.internal.KeywordMain$runKeyword.call(Unknown Source)
	at com.kms.katalon.core.windows.keyword.builtin.ClickKeyword.click(ClickKeyword.groovy:37)
	at com.kms.katalon.core.windows.keyword.builtin.ClickKeyword$click.callCurrent(Unknown Source)
	at com.kms.katalon.core.windows.keyword.builtin.ClickKeyword.execute(ClickKeyword.groovy:33)
	at com.kms.katalon.core.keyword.internal.KeywordExecutor.executeKeywordForPlatform(KeywordExecutor.groovy:74)
	at com.kms.katalon.core.windows.keyword.WindowsBuiltinKeywords.click(WindowsBuiltinKeywords.java:72)
	at Email.kontrolaMailu(Email.java:30)
	at Pozicka_399090.run(Pozicka_399090:329)
	at com.kms.katalon.core.main.ScriptEngine.run(ScriptEngine.java:194)
	at com.kms.katalon.core.main.ScriptEngine.runScriptAsRawText(ScriptEngine.java:119)
	at com.kms.katalon.core.main.TestCaseExecutor.runScript(TestCaseExecutor.java:448)
	at com.kms.katalon.core.main.TestCaseExecutor.doExecute(TestCaseExecutor.java:439)
	at com.kms.katalon.core.main.TestCaseExecutor.processExecutionPhase(TestCaseExecutor.java:418)
	at com.kms.katalon.core.main.TestCaseExecutor.accessMainPhase(TestCaseExecutor.java:410)
	at com.kms.katalon.core.main.TestCaseExecutor.execute(TestCaseExecutor.java:285)
	at com.kms.katalon.core.common.CommonExecutor.accessTestCaseMainPhase(CommonExecutor.java:65)
	at com.kms.katalon.core.main.TestSuiteExecutor.accessTestSuiteMainPhase(TestSuiteExecutor.java:150)
	at com.kms.katalon.core.main.TestSuiteExecutor.execute(TestSuiteExecutor.java:106)
	at com.kms.katalon.core.main.TestCaseMain.startTestSuite(TestCaseMain.java:180)
	at TempTestSuite1713358848413.run(TempTestSuite1713358848413.groovy:35)
	at java.base/jdk.internal.reflect.NativeMethodAccessorImpl.invoke0(Native Method)
	at java.base/jdk.internal.reflect.NativeMethodAccessorImpl.invoke(NativeMethodAccessorImpl.java:77)
	at java.base/jdk.internal.reflect.DelegatingMethodAccessorImpl.invoke(DelegatingMethodAccessorImpl.java:43)
Caused by: org.openqa.selenium.NoSuchElementException: An element could not be located on the page using the given search parameters. (WARNING: The server did not provide any stacktrace information)
Command duration or timeout: 0 milliseconds
For documentation on this error, please visit: https://www.seleniumhq.org/exceptions/no_such_element.html
Build info: version: '3.141.59', revision: 'e82be7d358', time: '2018-11-14T08:25:53'
System info: host: 'NB-BARCIK', ip: '192.168.0.163', os.name: 'Windows 11', os.arch: 'amd64', os.version: '10.0', java.version: '17.0.7'
Driver info: io.appium.java_client.windows.WindowsDriver
Capabilities {app: C:\Program Files\Microsoft ..., javascriptEnabled: true, platform: WINDOWS, platformName: WINDOWS}
Session ID: F7874F76-83AE-421A-BA8E-7DE9BA350D38
*** Element info: {Using=xpath, value=//Window/Pane[1]/ToolBar[1]/Pane[1]/Pane[1]/Pane[1]/Pane[1]/Tab[1]/TabItem[1]}
	at java.base/jdk.internal.reflect.NativeConstructorAccessorImpl.newInstance0(Native Method)
	at java.base/jdk.internal.reflect.NativeConstructorAccessorImpl.newInstance(NativeConstructorAccessorImpl.java:77)
	at java.base/jdk.internal.reflect.DelegatingConstructorAccessorImpl.newInstance(DelegatingConstructorAccessorImpl.java:45)
	at org.openqa.selenium.remote.ErrorHandler.createThrowable(ErrorHandler.java:214)
	at org.openqa.selenium.remote.ErrorHandler.throwIfResponseFailed(ErrorHandler.java:166)
	at org.openqa.selenium.remote.http.JsonHttpResponseCodec.reconstructValue(JsonHttpResponseCodec.java:40)
	at org.openqa.selenium.remote.http.AbstractHttpResponseCodec.decode(AbstractHttpResponseCodec.java:80)
	at org.openqa.selenium.remote.http.AbstractHttpResponseCodec.decode(AbstractHttpResponseCodec.java:44)
	at org.openqa.selenium.remote.HttpCommandExecutor.execute(HttpCommandExecutor.java:158)
	at io.appium.java_client.remote.AppiumCommandExecutor.execute(AppiumCommandExecutor.java:239)
	at org.openqa.selenium.remote.RemoteWebDriver.execute(RemoteWebDriver.java:552)
	at io.appium.java_client.DefaultGenericMobileDriver.execute(DefaultGenericMobileDriver.java:42)
	at io.appium.java_client.AppiumDriver.execute(AppiumDriver.java:1)
	at io.appium.java_client.windows.WindowsDriver.execute(WindowsDriver.java:1)
	at org.openqa.selenium.remote.RemoteWebDriver.findElement(RemoteWebDriver.java:323)
	at io.appium.java_client.DefaultGenericMobileDriver.findElement(DefaultGenericMobileDriver.java:62)
	at io.appium.java_client.AppiumDriver.findElement(AppiumDriver.java:1)
	at io.appium.java_client.windows.WindowsDriver.findElement(WindowsDriver.java:1)
	at org.openqa.selenium.remote.RemoteWebDriver.findElementByXPath(RemoteWebDriver.java:428)
	at io.appium.java_client.DefaultGenericMobileDriver.findElementByXPath(DefaultGenericMobileDriver.java:152)
	at io.appium.java_client.AppiumDriver.findElementByXPath(AppiumDriver.java:1)
	at io.appium.java_client.windows.WindowsDriver.findElementByXPath(WindowsDriver.java:1)
	at com.kms.katalon.core.windows.keyword.helper.WindowsActionHelper$1.apply(WindowsActionHelper.java:136)
	at com.kms.katalon.core.windows.keyword.helper.WindowsActionHelper$1.apply(WindowsActionHelper.java:1)
	at org.openqa.selenium.support.ui.FluentWait.until(FluentWait.java:249)
	at com.kms.katalon.core.windows.keyword.helper.WindowsActionHelper.findElement(WindowsActionHelper.java:120)
	at com.kms.katalon.core.windows.keyword.helper.WindowsActionHelper.findElement(WindowsActionHelper.java:77)
	at com.kms.katalon.core.windows.keyword.helper.WindowsActionHelper.findElement(WindowsActionHelper.java:69)
	at com.kms.katalon.core.windows.keyword.helper.WindowsActionHelper.click(WindowsActionHelper.java:248)
	at com.kms.katalon.core.windows.keyword.helper.WindowsActionHelper$click$3.call(Unknown Source)
	at com.kms.katalon.core.windows.keyword.builtin.ClickKeyword$_click_closure1.doCall(ClickKeyword.groovy:43)
	at com.kms.katalon.core.windows.keyword.builtin.ClickKeyword$_click_closure1.doCall(ClickKeyword.groovy)
	at java.base/jdk.internal.reflect.NativeMethodAccessorImpl.invoke0(Native Method)
	at java.base/jdk.internal.reflect.NativeMethodAccessorImpl.invoke(NativeMethodAccessorImpl.java:77)
	at java.base/jdk.internal.reflect.DelegatingMethodAccessorImpl.invoke(DelegatingMethodAccessorImpl.java:43)
	at com.kms.katalon.core.keyword.internal.KeywordMain.runKeyword(KeywordMain.groovy:90)
	at com.kms.katalon.core.keyword.internal.KeywordMain$runKeyword.call(Unknown Source)
	at com.kms.katalon.core.windows.keyword.builtin.ClickKeyword.click(ClickKeyword.groovy:37)
	at com.kms.katalon.core.windows.keyword.builtin.ClickKeyword$click.callCurrent(Unknown Source)
	at com.kms.katalon.core.windows.keyword.builtin.ClickKeyword.execute(ClickKeyword.groovy:33)
	at com.kms.katalon.core.keyword.internal.KeywordExecutor.executeKeywordForPlatform(KeywordExecutor.groovy:74)
	at com.kms.katalon.core.windows.keyword.WindowsBuiltinKeywords.click(WindowsBuiltinKeywords.java:72)
	at Email.kontrolaMailu(Email.java:30)
	at Script1713185661975.run(Script1713185661975.groovy:329)
	... 15 more
)
	at com.kms.katalon.core.keyword.internal.KeywordMain.stepFailed(KeywordMain.groovy:51)
	at com.kms.katalon.core.keyword.internal.KeywordMain.stepFailed(KeywordMain.groovy)
	at com.kms.katalon.core.keyword.internal.KeywordMain.runKeyword(KeywordMain.groovy:92)
	at com.kms.katalon.core.keyword.internal.KeywordMain$runKeyword.call(Unknown Source)
	at com.kms.katalon.core.windows.keyword.builtin.ClickKeyword.click(ClickKeyword.groovy:37)
	at com.kms.katalon.core.windows.keyword.builtin.ClickKeyword$click.callCurrent(Unknown Source)
	at com.kms.katalon.core.windows.keyword.builtin.ClickKeyword.execute(ClickKeyword.groovy:33)
	at com.kms.katalon.core.keyword.internal.KeywordExecutor.executeKeywordForPlatform(KeywordExecutor.groovy:74)
	at com.kms.katalon.core.windows.keyword.WindowsBuiltinKeywords.click(WindowsBuiltinKeywords.java:72)
	at Email.kontrolaMailu(Email.java:30)
	at Pozicka_399090.run(Pozicka_399090:329)
	at com.kms.katalon.core.main.ScriptEngine.run(ScriptEngine.java:194)
	at com.kms.katalon.core.main.ScriptEngine.runScriptAsRawText(ScriptEngine.java:119)
	at com.kms.katalon.core.main.TestCaseExecutor.runScript(TestCaseExecutor.java:448)
	at com.kms.katalon.core.main.TestCaseExecutor.doExecute(TestCaseExecutor.java:439)
	at com.kms.katalon.core.main.TestCaseExecutor.processExecutionPhase(TestCaseExecutor.java:418)
	at com.kms.katalon.core.main.TestCaseExecutor.accessMainPhase(TestCaseExecutor.java:410)
	at com.kms.katalon.core.main.TestCaseExecutor.execute(TestCaseExecutor.java:285)
	at com.kms.katalon.core.common.CommonExecutor.accessTestCaseMainPhase(CommonExecutor.java:65)
	at com.kms.katalon.core.main.TestSuiteExecutor.accessTestSuiteMainPhase(TestSuiteExecutor.java:150)
	at com.kms.katalon.core.main.TestSuiteExecutor.execute(TestSuiteExecutor.java:106)
	at com.kms.katalon.core.main.TestCaseMain.startTestSuite(TestCaseMain.java:180)
	at TempTestSuite1713358848413.run(TempTestSuite1713358848413.groovy:35)
	at java.base/jdk.internal.reflect.NativeMethodAccessorImpl.invoke0(Native Method)
	at java.base/jdk.internal.reflect.NativeMethodAccessorImpl.invoke(NativeMethodAccessorImpl.java:77)
	at java.base/jdk.internal.reflect.DelegatingMethodAccessorImpl.invoke(DelegatingMethodAccessorImpl.java:43)
Caused by: org.openqa.selenium.TimeoutException: Expected condition failed: waiting for com.kms.katalon.core.windows.keyword.helper.WindowsActionHelper$1@341f2f4c (tried for 30 second(s) with 50 milliseconds interval)
	at org.openqa.selenium.support.ui.FluentWait.timeoutException(FluentWait.java:304)
	at org.openqa.selenium.support.ui.FluentWait.until(FluentWait.java:272)
	at com.kms.katalon.core.windows.keyword.helper.WindowsActionHelper.findElement(WindowsActionHelper.java:120)
	at com.kms.katalon.core.windows.keyword.helper.WindowsActionHelper.findElement(WindowsActionHelper.java:77)
	at com.kms.katalon.core.windows.keyword.helper.WindowsActionHelper.findElement(WindowsActionHelper.java:69)
	at com.kms.katalon.core.windows.keyword.helper.WindowsActionHelper.click(WindowsActionHelper.java:248)
	at com.kms.katalon.core.windows.keyword.helper.WindowsActionHelper$click$3.call(Unknown Source)
	at com.kms.katalon.core.windows.keyword.builtin.ClickKeyword$_click_closure1.doCall(ClickKeyword.groovy:43)
	at com.kms.katalon.core.windows.keyword.builtin.ClickKeyword$_click_closure1.doCall(ClickKeyword.groovy)
	at java.base/jdk.internal.reflect.NativeMethodAccessorImpl.invoke0(Native Method)
	at java.base/jdk.internal.reflect.NativeMethodAccessorImpl.invoke(NativeMethodAccessorImpl.java:77)
	at java.base/jdk.internal.reflect.DelegatingMethodAccessorImpl.invoke(DelegatingMethodAccessorImpl.java:43)
	at com.kms.katalon.core.keyword.internal.KeywordMain.runKeyword(KeywordMain.groovy:90)
	... 23 more
Caused by: org.openqa.selenium.NoSuchElementException: An element could not be located on the page using the given search parameters. (WARNING: The server did not provide any stacktrace information)
Command duration or timeout: 0 milliseconds
For documentation on this error, please visit: https://www.seleniumhq.org/exceptions/no_such_element.html
Build info: version: '3.141.59', revision: 'e82be7d358', time: '2018-11-14T08:25:53'
System info: host: 'NB-BARCIK', ip: '192.168.0.163', os.name: 'Windows 11', os.arch: 'amd64', os.version: '10.0', java.version: '17.0.7'
Driver info: io.appium.java_client.windows.WindowsDriver
Capabilities {app: C:\Program Files\Microsoft ..., javascriptEnabled: true, platform: WINDOWS, platformName: WINDOWS}
Session ID: F7874F76-83AE-421A-BA8E-7DE9BA350D38
*** Element info: {Using=xpath, value=//Window/Pane[1]/ToolBar[1]/Pane[1]/Pane[1]/Pane[1]/Pane[1]/Tab[1]/TabItem[1]}
	at java.base/jdk.internal.reflect.NativeConstructorAccessorImpl.newInstance0(Native Method)
	at java.base/jdk.internal.reflect.NativeConstructorAccessorImpl.newInstance(NativeConstructorAccessorImpl.java:77)
	at java.base/jdk.internal.reflect.DelegatingConstructorAccessorImpl.newInstance(DelegatingConstructorAccessorImpl.java:45)
	at org.openqa.selenium.remote.ErrorHandler.createThrowable(ErrorHandler.java:214)
	at org.openqa.selenium.remote.ErrorHandler.throwIfResponseFailed(ErrorHandler.java:166)
	at org.openqa.selenium.remote.http.JsonHttpResponseCodec.reconstructValue(JsonHttpResponseCodec.java:40)
	at org.openqa.selenium.remote.http.AbstractHttpResponseCodec.decode(AbstractHttpResponseCodec.java:80)
	at org.openqa.selenium.remote.http.AbstractHttpResponseCodec.decode(AbstractHttpResponseCodec.java:44)
	at org.openqa.selenium.remote.HttpCommandExecutor.execute(HttpCommandExecutor.java:158)
	at io.appium.java_client.remote.AppiumCommandExecutor.execute(AppiumCommandExecutor.java:239)
	at org.openqa.selenium.remote.RemoteWebDriver.execute(RemoteWebDriver.java:552)
	at io.appium.java_client.DefaultGenericMobileDriver.execute(DefaultGenericMobileDriver.java:42)
	at io.appium.java_client.AppiumDriver.execute(AppiumDriver.java:1)
	at io.appium.java_client.windows.WindowsDriver.execute(WindowsDriver.java:1)
	at org.openqa.selenium.remote.RemoteWebDriver.findElement(RemoteWebDriver.java:323)
	at io.appium.java_client.DefaultGenericMobileDriver.findElement(DefaultGenericMobileDriver.java:62)
	at io.appium.java_client.AppiumDriver.findElement(AppiumDriver.java:1)
	at io.appium.java_client.windows.WindowsDriver.findElement(WindowsDriver.java:1)
	at org.openqa.selenium.remote.RemoteWebDriver.findElementByXPath(RemoteWebDriver.java:428)
	at io.appium.java_client.DefaultGenericMobileDriver.findElementByXPath(DefaultGenericMobileDriver.java:152)
	at io.appium.java_client.AppiumDriver.findElementByXPath(AppiumDriver.java:1)
	at io.appium.java_client.windows.WindowsDriver.findElementByXPath(WindowsDriver.java:1)
	at com.kms.katalon.core.windows.keyword.helper.WindowsActionHelper$1.apply(WindowsActionHelper.java:136)
	at com.kms.katalon.core.windows.keyword.helper.WindowsActionHelper$1.apply(WindowsActionHelper.java:1)
	at org.openqa.selenium.support.ui.FluentWait.until(FluentWait.java:249)
	... 34 more]]></system-err>
      </testcase>
      <testcase name="Test Cases/Pozicky B/PozickaB_399076" time="193.991" classname="Test Cases/Pozicky B/PozickaB_399076" status="PASSED">
         <system-out><![CDATA[17-04-2024T15:07:42 - [TEST_CASE][PASSED] - Test Cases/Pozicky B/PozickaB_399076: Test Cases/Pozicky B/PozickaB_399076

17-04-2024T15:07:42 - [TEST_STEP][PASSED] - podpisovac = new Podpisovac(): null

17-04-2024T15:07:42 - [TEST_STEP][PASSED] - mail = new Email(): null

17-04-2024T15:07:42 - [TEST_STEP][PASSED] - openBrowser(""): Browser is opened with url: ''

17-04-2024T15:07:42 - [MESSAGE][INFO] - Starting 'Chrome' driver

17-04-2024T15:07:42 - [MESSAGE][INFO] - User set preference: ['prefs', '{protocol_handler={allowed_origin_protocol_pairs={https://es-test.minedu.sk={ditec-dlauncher=true}}}}']

17-04-2024T15:07:42 - [MESSAGE][INFO] - Action delay is set to 0 milliseconds

17-04-2024T15:07:44 - [MESSAGE][PASSED] - Browser is opened with url: ''

17-04-2024T15:07:44 - [TEST_STEP][PASSED] - navigateToUrl("https://es-test.minedu.sk/"): Navigate to 'https://es-test.minedu.sk/' successfully

17-04-2024T15:07:44 - [MESSAGE][PASSED] - Navigate to 'https://es-test.minedu.sk/' successfully

17-04-2024T15:07:44 - [TEST_STEP][PASSED] - click(findTestObject("Object Repository/Page_Portl elektronickch sluieb regionlneho_9bdbd3/a_Shlasm")): Object: 'Object Repository/Page_Portl elektronickch sluieb regionlneho_9bdbd3/a_Shlasm' is clicked on

17-04-2024T15:07:46 - [MESSAGE][PASSED] - Object: 'Object Repository/Page_Portl elektronickch sluieb regionlneho_9bdbd3/a_Shlasm' is clicked on

17-04-2024T15:07:46 - [TEST_STEP][PASSED] - maximizeWindow(): Current window maximized

17-04-2024T15:07:46 - [MESSAGE][PASSED] - Current window maximized

17-04-2024T15:07:46 - [TEST_STEP][PASSED] - click(findTestObject("Page_Portl elektronickch sluieb regionlneho_9bdbd3/a_Prihlsi sa")): Object: 'Object Repository/Page_Portl elektronickch sluieb regionlneho_9bdbd3/a_Prihlsi sa' is clicked on

17-04-2024T15:07:48 - [MESSAGE][PASSED] - Object: 'Object Repository/Page_Portl elektronickch sluieb regionlneho_9bdbd3/a_Prihlsi sa' is clicked on

17-04-2024T15:07:48 - [TEST_STEP][PASSED] - click(findTestObject("Page_Spsoby prihlsenia sa na portl - Iam.Web/div_Identifiktor a heslo fyzickej osoby    _3153de")): Object: 'Object Repository/Page_Spsoby prihlsenia sa na portl - Iam.Web/div_Identifiktor a heslo fyzickej osoby    _3153de' is clicked on

17-04-2024T15:07:49 - [MESSAGE][PASSED] - Object: 'Object Repository/Page_Spsoby prihlsenia sa na portl - Iam.Web/div_Identifiktor a heslo fyzickej osoby    _3153de' is clicked on

17-04-2024T15:07:49 - [TEST_STEP][PASSED] - setText(findTestObject("Page_Identifiktor a heslo fyzickej osoby - Iam.Web/input_Zadajte svoj identifiktor_DomainName"), "930382290"): Text '930382290' is set on object 'Object Repository/Page_Identifiktor a heslo fyzickej osoby - Iam.Web/input_Zadajte svoj identifiktor_DomainName'

17-04-2024T15:07:49 - [MESSAGE][PASSED] - Text '930382290' is set on object 'Object Repository/Page_Identifiktor a heslo fyzickej osoby - Iam.Web/input_Zadajte svoj identifiktor_DomainName'

17-04-2024T15:07:49 - [TEST_STEP][PASSED] - setEncryptedText(findTestObject("Page_Identifiktor a heslo fyzickej osoby - Iam.Web/input_Zadajte svoje prihlasovacie heslo_Password"), "U8nf8IyamTpUg019is4peg=="): Text ****** has been set on object 'Object Repository/Page_Identifiktor a heslo fyzickej osoby - Iam.Web/input_Zadajte svoje prihlasovacie heslo_Password'

17-04-2024T15:07:50 - [MESSAGE][PASSED] - Text ****** has been set on object 'Object Repository/Page_Identifiktor a heslo fyzickej osoby - Iam.Web/input_Zadajte svoje prihlasovacie heslo_Password'

17-04-2024T15:07:50 - [TEST_STEP][PASSED] - click(findTestObject("Page_Identifiktor a heslo fyzickej osoby - Iam.Web/input_Zabudnut heslo_btn-continue")): Object: 'Object Repository/Page_Identifiktor a heslo fyzickej osoby - Iam.Web/input_Zabudnut heslo_btn-continue' is clicked on

17-04-2024T15:07:52 - [MESSAGE][PASSED] - Object: 'Object Repository/Page_Identifiktor a heslo fyzickej osoby - Iam.Web/input_Zabudnut heslo_btn-continue' is clicked on

17-04-2024T15:07:52 - [TEST_STEP][PASSED] - click(findTestObject("Object Repository/Page_Portl elektronickch sluieb regionlneho_9bdbd3/a_tudent")): Object: 'Object Repository/Page_Portl elektronickch sluieb regionlneho_9bdbd3/a_tudent' is clicked on

17-04-2024T15:07:54 - [MESSAGE][PASSED] - Object: 'Object Repository/Page_Portl elektronickch sluieb regionlneho_9bdbd3/a_tudent' is clicked on

17-04-2024T15:07:54 - [TEST_STEP][PASSED] - click(findTestObject("Page_Elektronick sluby pre tudentov  Elektr_37b4bf/a_Podvanie iadosti o piku pre tudentov z Fo_135f09")): Object: 'Object Repository/Page_Elektronick sluby pre tudentov  Elektr_37b4bf/a_Podvanie iadosti o piku pre tudentov z Fo_135f09' is clicked on

17-04-2024T15:07:55 - [MESSAGE][PASSED] - Object: 'Object Repository/Page_Elektronick sluby pre tudentov  Elektr_37b4bf/a_Podvanie iadosti o piku pre tudentov z Fo_135f09' is clicked on

17-04-2024T15:07:55 - [TEST_STEP][PASSED] - click(findTestObject("Page_Podvanie iadosti o piku pre tudentov z_37fe9e/a_Prejs na iados o piku (bez zabezpeenia ruiteom)")): Object: 'Object Repository/Page_Podvanie iadosti o piku pre tudentov z_37fe9e/a_Prejs na iados o piku (bez zabezpeenia ruiteom)' is clicked on

17-04-2024T15:07:57 - [MESSAGE][PASSED] - Object: 'Object Repository/Page_Podvanie iadosti o piku pre tudentov z_37fe9e/a_Prejs na iados o piku (bez zabezpeenia ruiteom)' is clicked on

17-04-2024T15:07:57 - [TEST_STEP][PASSED] - waitForElementVisible(findTestObject("Page_Formulr iadosti o piku (bez zabezpeeni_2a8278/span_ESRVS-2024-2168"), 0): Object 'Object Repository/Page_Formulr iadosti o piku (bez zabezpeeni_2a8278/span_ESRVS-2024-2168' is visible

17-04-2024T15:07:57 - [MESSAGE][WARNING] - Timeout '0' is invalid. Using default page load timeout: '30'

17-04-2024T15:08:13 - [MESSAGE][PASSED] - Object 'Object Repository/Page_Formulr iadosti o piku (bez zabezpeeni_2a8278/span_ESRVS-2024-2168' is visible

17-04-2024T15:08:13 - [TEST_STEP][PASSED] - identifikator = getText(findTestObject("Page_Formulr iadosti o piku (bez zabezpeeni_2a8278/span_ESRVS-2024-2168")): Text of object 'Object Repository/Page_Formulr iadosti o piku (bez zabezpeeni_2a8278/span_ESRVS-2024-2168' is: 'ESRVS-2024-2240'

17-04-2024T15:08:14 - [MESSAGE][PASSED] - Text of object 'Object Repository/Page_Formulr iadosti o piku (bez zabezpeeni_2a8278/span_ESRVS-2024-2168' is: 'ESRVS-2024-2240'

17-04-2024T15:08:14 - [TEST_STEP][PASSED] - verifyElementText(findTestObject("Page_Formulr iadosti o piku (bez zabezpeeni_2a8278/span_ESRVS-2024-2168"), identifikator): Actual text and expected text of test object 'Object Repository/Page_Formulr iadosti o piku (bez zabezpeeni_2a8278/span_ESRVS-2024-2168' are matched.

17-04-2024T15:08:14 - [MESSAGE][PASSED] - Actual text and expected text of test object 'Object Repository/Page_Formulr iadosti o piku (bez zabezpeeni_2a8278/span_ESRVS-2024-2168' are matched.

17-04-2024T15:08:14 - [TEST_STEP][PASSED] - setText(findTestObject("Object Repository/Page_Formulr iadosti o piku (bez zabezpeeni_2a8278/input_Zadajte najvy zskan titul (v prpade v_aad6cd"), "Ing."): Text 'Ing.' is set on object 'Object Repository/Page_Formulr iadosti o piku (bez zabezpeeni_2a8278/input_Zadajte najvy zskan titul (v prpade v_aad6cd'

17-04-2024T15:08:15 - [MESSAGE][PASSED] - Text 'Ing.' is set on object 'Object Repository/Page_Formulr iadosti o piku (bez zabezpeeni_2a8278/input_Zadajte najvy zskan titul (v prpade v_aad6cd'

17-04-2024T15:08:15 - [TEST_STEP][PASSED] - click(findTestObject("Page_Formulr iadosti o piku (bez zabezpeeni_2a8278/input_ttna prslunos_UI_V_ZP_in_Identifikacn_033c20")): Object: 'Object Repository/Page_Formulr iadosti o piku (bez zabezpeeni_2a8278/input_ttna prslunos_UI_V_ZP_in_Identifikacn_033c20' is clicked on

17-04-2024T15:08:15 - [MESSAGE][PASSED] - Object: 'Object Repository/Page_Formulr iadosti o piku (bez zabezpeeni_2a8278/input_ttna prslunos_UI_V_ZP_in_Identifikacn_033c20' is clicked on

17-04-2024T15:08:15 - [TEST_STEP][PASSED] - verifyElementText(findTestObject("Page_Formulr iadosti o piku (bez zabezpeeni_2a8278/span_Robert"), "Robert"): Actual text and expected text of test object 'Object Repository/Page_Formulr iadosti o piku (bez zabezpeeni_2a8278/span_Robert' are matched.

17-04-2024T15:08:15 - [MESSAGE][PASSED] - Actual text and expected text of test object 'Object Repository/Page_Formulr iadosti o piku (bez zabezpeeni_2a8278/span_Robert' are matched.

17-04-2024T15:08:15 - [TEST_STEP][PASSED] - verifyElementText(findTestObject("Page_Formulr iadosti o piku (bez zabezpeeni_2a8278/span_Chamraz"), "Chamraz"): Actual text and expected text of test object 'Object Repository/Page_Formulr iadosti o piku (bez zabezpeeni_2a8278/span_Chamraz' are matched.

17-04-2024T15:08:16 - [MESSAGE][PASSED] - Actual text and expected text of test object 'Object Repository/Page_Formulr iadosti o piku (bez zabezpeeni_2a8278/span_Chamraz' are matched.

17-04-2024T15:08:16 - [TEST_STEP][PASSED] - verifyElementText(findTestObject("Page_Formulr iadosti o piku (bez zabezpeeni_2a8278/span_0101031238"), "0101031238"): Actual text and expected text of test object 'Object Repository/Page_Formulr iadosti o piku (bez zabezpeeni_2a8278/span_0101031238' are matched.

17-04-2024T15:08:16 - [MESSAGE][PASSED] - Actual text and expected text of test object 'Object Repository/Page_Formulr iadosti o piku (bez zabezpeeni_2a8278/span_0101031238' are matched.

17-04-2024T15:08:16 - [TEST_STEP][PASSED] - verifyElementText(findTestObject("Page_Formulr iadosti o piku (bez zabezpeeni_2a8278/span_03.01.2001"), "03.01.2001"): Actual text and expected text of test object 'Object Repository/Page_Formulr iadosti o piku (bez zabezpeeni_2a8278/span_03.01.2001' are matched.

17-04-2024T15:08:16 - [MESSAGE][PASSED] - Actual text and expected text of test object 'Object Repository/Page_Formulr iadosti o piku (bez zabezpeeni_2a8278/span_03.01.2001' are matched.

17-04-2024T15:08:16 - [TEST_STEP][PASSED] - setText(findTestObject("Object Repository/Page_Formulr iadosti o piku (bez zabezpeeni_2a8278/input_Zadajte PS trvalho pobytu_UI_V_ZP_in__f1f09d"), "04568"): Text '04568' is set on object 'Object Repository/Page_Formulr iadosti o piku (bez zabezpeeni_2a8278/input_Zadajte PS trvalho pobytu_UI_V_ZP_in__f1f09d'

17-04-2024T15:08:17 - [MESSAGE][PASSED] - Text '04568' is set on object 'Object Repository/Page_Formulr iadosti o piku (bez zabezpeeni_2a8278/input_Zadajte PS trvalho pobytu_UI_V_ZP_in__f1f09d'

17-04-2024T15:08:17 - [TEST_STEP][PASSED] - setText(findTestObject("Object Repository/Page_Formulr iadosti o piku (bez zabezpeeni_2a8278/input_Zadajte kontaktn e-mailov adresu_UI_V_aee6cc"), "barcik@ditec.sk"): Text 'barcik@ditec.sk' is set on object 'Object Repository/Page_Formulr iadosti o piku (bez zabezpeeni_2a8278/input_Zadajte kontaktn e-mailov adresu_UI_V_aee6cc'

17-04-2024T15:08:18 - [MESSAGE][PASSED] - Text 'barcik@ditec.sk' is set on object 'Object Repository/Page_Formulr iadosti o piku (bez zabezpeeni_2a8278/input_Zadajte kontaktn e-mailov adresu_UI_V_aee6cc'

17-04-2024T15:08:18 - [TEST_STEP][PASSED] - setText(findTestObject("Object Repository/Page_Formulr iadosti o piku (bez zabezpeeni_2a8278/input_Zadajte telefnne slo vrtane medzinrod_dbbd6c"), "+421987456321"): Text '+421987456321' is set on object 'Object Repository/Page_Formulr iadosti o piku (bez zabezpeeni_2a8278/input_Zadajte telefnne slo vrtane medzinrod_dbbd6c'

17-04-2024T15:08:19 - [MESSAGE][PASSED] - Text '+421987456321' is set on object 'Object Repository/Page_Formulr iadosti o piku (bez zabezpeeni_2a8278/input_Zadajte telefnne slo vrtane medzinrod_dbbd6c'

17-04-2024T15:08:19 - [TEST_STEP][PASSED] - click(findTestObject("Page_Formulr iadosti o piku (bez zabezpeeni_2a8278/input_Zhoduje sa Vaa korepondenn adresa s a_6ce0fa")): Object: 'Object Repository/Page_Formulr iadosti o piku (bez zabezpeeni_2a8278/input_Zhoduje sa Vaa korepondenn adresa s a_6ce0fa' is clicked on

17-04-2024T15:08:19 - [MESSAGE][PASSED] - Object: 'Object Repository/Page_Formulr iadosti o piku (bez zabezpeeni_2a8278/input_Zhoduje sa Vaa korepondenn adresa s a_6ce0fa' is clicked on

17-04-2024T15:08:19 - [TEST_STEP][PASSED] - click(findTestObject("Object Repository/Page_Formulr iadosti o piku (bez zabezpeeni_2a8278/button_Pokraova")): Object: 'Object Repository/Page_Formulr iadosti o piku (bez zabezpeeni_2a8278/button_Pokraova' is clicked on

17-04-2024T15:08:19 - [MESSAGE][PASSED] - Object: 'Object Repository/Page_Formulr iadosti o piku (bez zabezpeeni_2a8278/button_Pokraova' is clicked on

17-04-2024T15:08:19 - [TEST_STEP][PASSED] - selectOptionByValue(findTestObject("Object Repository/Page_Formulr iadosti o piku (bez zabezpeeni_2a8278/select_Hlavn                               _477f09"), "1", true): All options with value '1' are selected in object 'Object Repository/Page_Formulr iadosti o piku (bez zabezpeeni_2a8278/select_Hlavn                               _477f09'  using regular expression

17-04-2024T15:08:21 - [MESSAGE][PASSED] - All options with value '1' are selected in object 'Object Repository/Page_Formulr iadosti o piku (bez zabezpeeni_2a8278/select_Hlavn                               _477f09'  using regular expression

17-04-2024T15:08:21 - [TEST_STEP][PASSED] - selectOptionByValue(findTestObject("Page_Formulr iadosti o piku (bez zabezpeeni_2a8278/select_Hlavn2"), "2", false): All options with value '2' are selected in object 'Object Repository/Page_Formulr iadosti o piku (bez zabezpeeni_2a8278/select_Hlavn2' 

17-04-2024T15:08:21 - [MESSAGE][PASSED] - All options with value '2' are selected in object 'Object Repository/Page_Formulr iadosti o piku (bez zabezpeeni_2a8278/select_Hlavn2' 

17-04-2024T15:08:21 - [TEST_STEP][PASSED] - click(findTestObject("Object Repository/Page_Formulr iadosti o piku (bez zabezpeeni_2a8278/button_Uloi")): Object: 'Object Repository/Page_Formulr iadosti o piku (bez zabezpeeni_2a8278/button_Uloi' is clicked on

17-04-2024T15:08:22 - [MESSAGE][PASSED] - Object: 'Object Repository/Page_Formulr iadosti o piku (bez zabezpeeni_2a8278/button_Uloi' is clicked on

17-04-2024T15:08:22 - [TEST_STEP][PASSED] - verifyElementPresent(findTestObject("Object Repository/Page_Formulr iadosti o piku (bez zabezpeeni_2a8278/select_Vber Akadmia ozbrojench sl generla M_e1eb3a"), 0): Object 'Object Repository/Page_Formulr iadosti o piku (bez zabezpeeni_2a8278/select_Vber Akadmia ozbrojench sl generla M_e1eb3a' is present

17-04-2024T15:08:22 - [MESSAGE][WARNING] - Timeout '0' is invalid. Using default page load timeout: '30'

17-04-2024T15:08:22 - [MESSAGE][PASSED] - Object 'Object Repository/Page_Formulr iadosti o piku (bez zabezpeeni_2a8278/select_Vber Akadmia ozbrojench sl generla M_e1eb3a' is present

17-04-2024T15:08:22 - [TEST_STEP][PASSED] - selectOptionByValue(findTestObject("Object Repository/Page_Formulr iadosti o piku (bez zabezpeeni_2a8278/select_Vber Fakulta priemyselnch technolgi _aa995f"), "400000105", true): All options with value '400000105' are selected in object 'Object Repository/Page_Formulr iadosti o piku (bez zabezpeeni_2a8278/select_Vber Fakulta priemyselnch technolgi _aa995f'  using regular expression

17-04-2024T15:08:23 - [MESSAGE][PASSED] - All options with value '400000105' are selected in object 'Object Repository/Page_Formulr iadosti o piku (bez zabezpeeni_2a8278/select_Vber Fakulta priemyselnch technolgi _aa995f'  using regular expression

17-04-2024T15:08:23 - [TEST_STEP][PASSED] - verifyElementPresent(findTestObject("Object Repository/Page_Formulr iadosti o piku (bez zabezpeeni_2a8278/input_Zadajte adresu koly_UI_V_ZP_in_SkolaS_4fb274"), 0): Object 'Object Repository/Page_Formulr iadosti o piku (bez zabezpeeni_2a8278/input_Zadajte adresu koly_UI_V_ZP_in_SkolaS_4fb274' is present

17-04-2024T15:08:23 - [MESSAGE][WARNING] - Timeout '0' is invalid. Using default page load timeout: '30'

17-04-2024T15:08:24 - [MESSAGE][PASSED] - Object 'Object Repository/Page_Formulr iadosti o piku (bez zabezpeeni_2a8278/input_Zadajte adresu koly_UI_V_ZP_in_SkolaS_4fb274' is present

17-04-2024T15:08:24 - [TEST_STEP][PASSED] - verifyElementPresent(findTestObject("Object Repository/Page_Formulr iadosti o piku (bez zabezpeeni_2a8278/input_I. stupe_UI_V_ZP_in_SkolaSlovenska_St_7dbc3c"), 0): Object 'Object Repository/Page_Formulr iadosti o piku (bez zabezpeeni_2a8278/input_I. stupe_UI_V_ZP_in_SkolaSlovenska_St_7dbc3c' is present

17-04-2024T15:08:24 - [MESSAGE][WARNING] - Timeout '0' is invalid. Using default page load timeout: '30'

17-04-2024T15:08:24 - [MESSAGE][PASSED] - Object 'Object Repository/Page_Formulr iadosti o piku (bez zabezpeeni_2a8278/input_I. stupe_UI_V_ZP_in_SkolaSlovenska_St_7dbc3c' is present

17-04-2024T15:08:24 - [TEST_STEP][PASSED] - verifyElementPresent(findTestObject("Object Repository/Page_Formulr iadosti o piku (bez zabezpeeni_2a8278/select_1                                   _3dfe8f"), 0): Object 'Object Repository/Page_Formulr iadosti o piku (bez zabezpeeni_2a8278/select_1                                   _3dfe8f' is present

17-04-2024T15:08:24 - [MESSAGE][WARNING] - Timeout '0' is invalid. Using default page load timeout: '30'

17-04-2024T15:08:24 - [MESSAGE][PASSED] - Object 'Object Repository/Page_Formulr iadosti o piku (bez zabezpeeni_2a8278/select_1                                   _3dfe8f' is present

17-04-2024T15:08:24 - [TEST_STEP][PASSED] - click(findTestObject("Object Repository/Page_Formulr iadosti o piku (bez zabezpeeni_2a8278/input_Zobrazi detail_UI_V_ZP_in_SkolaSloven_03cebd")): Object: 'Object Repository/Page_Formulr iadosti o piku (bez zabezpeeni_2a8278/input_Zobrazi detail_UI_V_ZP_in_SkolaSloven_03cebd' is clicked on

17-04-2024T15:08:24 - [MESSAGE][PASSED] - Object: 'Object Repository/Page_Formulr iadosti o piku (bez zabezpeeni_2a8278/input_Zobrazi detail_UI_V_ZP_in_SkolaSloven_03cebd' is clicked on

17-04-2024T15:08:24 - [TEST_STEP][PASSED] - verifyElementChecked(findTestObject("Object Repository/Page_Formulr iadosti o piku (bez zabezpeeni_2a8278/input_tudujete sbene aj na inej fakulte  vy_e867b7"), 0): Object 'Object Repository/Page_Formulr iadosti o piku (bez zabezpeeni_2a8278/input_tudujete sbene aj na inej fakulte  vy_e867b7' is checked

17-04-2024T15:08:25 - [MESSAGE][WARNING] - Timeout '0' is invalid. Using default page load timeout: '30'

17-04-2024T15:08:25 - [MESSAGE][PASSED] - Object 'Object Repository/Page_Formulr iadosti o piku (bez zabezpeeni_2a8278/input_tudujete sbene aj na inej fakulte  vy_e867b7' is checked

17-04-2024T15:08:25 - [TEST_STEP][PASSED] - verifyElementPresent(findTestObject("Object Repository/Page_Formulr iadosti o piku (bez zabezpeeni_2a8278/select_Vber Akadmia ozbrojench sl generla M_e1eb3a_1 (1)"), 0): Object 'Object Repository/Page_Formulr iadosti o piku (bez zabezpeeni_2a8278/select_Vber Akadmia ozbrojench sl generla M_e1eb3a_1 (1)' is present

17-04-2024T15:08:25 - [MESSAGE][WARNING] - Timeout '0' is invalid. Using default page load timeout: '30'

17-04-2024T15:08:25 - [MESSAGE][PASSED] - Object 'Object Repository/Page_Formulr iadosti o piku (bez zabezpeeni_2a8278/select_Vber Akadmia ozbrojench sl generla M_e1eb3a_1 (1)' is present

17-04-2024T15:08:25 - [TEST_STEP][PASSED] - verifyElementPresent(findTestObject("Object Repository/Page_Formulr iadosti o piku (bez zabezpeeni_2a8278/select_Vber Evanjelick bohosloveck fakulta _9b66ac"), 0): Object 'Object Repository/Page_Formulr iadosti o piku (bez zabezpeeni_2a8278/select_Vber Evanjelick bohosloveck fakulta _9b66ac' is present

17-04-2024T15:08:25 - [MESSAGE][WARNING] - Timeout '0' is invalid. Using default page load timeout: '30'

17-04-2024T15:08:25 - [MESSAGE][PASSED] - Object 'Object Repository/Page_Formulr iadosti o piku (bez zabezpeeni_2a8278/select_Vber Evanjelick bohosloveck fakulta _9b66ac' is present

17-04-2024T15:08:25 - [TEST_STEP][PASSED] - verifyElementPresent(findTestObject("Object Repository/Page_Formulr iadosti o piku (bez zabezpeeni_2a8278/input_II. stupe_UI_V_ZP_in_DalsieStudiumSlo_199592"), 0): Object 'Object Repository/Page_Formulr iadosti o piku (bez zabezpeeni_2a8278/input_II. stupe_UI_V_ZP_in_DalsieStudiumSlo_199592' is present

17-04-2024T15:08:26 - [MESSAGE][WARNING] - Timeout '0' is invalid. Using default page load timeout: '30'

17-04-2024T15:08:26 - [MESSAGE][PASSED] - Object 'Object Repository/Page_Formulr iadosti o piku (bez zabezpeeni_2a8278/input_II. stupe_UI_V_ZP_in_DalsieStudiumSlo_199592' is present

17-04-2024T15:08:26 - [TEST_STEP][PASSED] - selectOptionByValue(findTestObject("Object Repository/Page_Formulr iadosti o piku (bez zabezpeeni_2a8278/select_1                                   _4271de"), "4", true): All options with value '4' are selected in object 'Object Repository/Page_Formulr iadosti o piku (bez zabezpeeni_2a8278/select_1                                   _4271de'  using regular expression

17-04-2024T15:08:27 - [MESSAGE][PASSED] - All options with value '4' are selected in object 'Object Repository/Page_Formulr iadosti o piku (bez zabezpeeni_2a8278/select_1                                   _4271de'  using regular expression

17-04-2024T15:08:27 - [TEST_STEP][PASSED] - setText(findTestObject("Object Repository/Page_Formulr iadosti o piku (bez zabezpeeni_2a8278/input_Mesiac_UI_V_ZP_in_DalsieStudiumSloven_ae0432"), "6"): Text '6' is set on object 'Object Repository/Page_Formulr iadosti o piku (bez zabezpeeni_2a8278/input_Mesiac_UI_V_ZP_in_DalsieStudiumSloven_ae0432'

17-04-2024T15:08:28 - [MESSAGE][PASSED] - Text '6' is set on object 'Object Repository/Page_Formulr iadosti o piku (bez zabezpeeni_2a8278/input_Mesiac_UI_V_ZP_in_DalsieStudiumSloven_ae0432'

17-04-2024T15:08:28 - [TEST_STEP][PASSED] - setText(findTestObject("Object Repository/Page_Formulr iadosti o piku (bez zabezpeeni_2a8278/input_Rok_UI_V_ZP_in_DalsieStudiumSlovenska_e3d9a8"), "2026"): Text '2026' is set on object 'Object Repository/Page_Formulr iadosti o piku (bez zabezpeeni_2a8278/input_Rok_UI_V_ZP_in_DalsieStudiumSlovenska_e3d9a8'

17-04-2024T15:08:28 - [MESSAGE][PASSED] - Text '2026' is set on object 'Object Repository/Page_Formulr iadosti o piku (bez zabezpeeni_2a8278/input_Rok_UI_V_ZP_in_DalsieStudiumSlovenska_e3d9a8'

17-04-2024T15:08:28 - [TEST_STEP][PASSED] - setText(findTestObject("Object Repository/Page_Formulr iadosti o piku (bez zabezpeeni_2a8278/input_Mesiac_UI_V_ZP_in_SkolaSlovenska_Datu_9c1a47"), "5"): Text '5' is set on object 'Object Repository/Page_Formulr iadosti o piku (bez zabezpeeni_2a8278/input_Mesiac_UI_V_ZP_in_SkolaSlovenska_Datu_9c1a47'

17-04-2024T15:08:29 - [MESSAGE][PASSED] - Text '5' is set on object 'Object Repository/Page_Formulr iadosti o piku (bez zabezpeeni_2a8278/input_Mesiac_UI_V_ZP_in_SkolaSlovenska_Datu_9c1a47'

17-04-2024T15:08:29 - [TEST_STEP][PASSED] - setText(findTestObject("Object Repository/Page_Formulr iadosti o piku (bez zabezpeeni_2a8278/input_Rok_UI_V_ZP_in_SkolaSlovenska_DatumSt_7956e6"), "2027"): Text '2027' is set on object 'Object Repository/Page_Formulr iadosti o piku (bez zabezpeeni_2a8278/input_Rok_UI_V_ZP_in_SkolaSlovenska_DatumSt_7956e6'

17-04-2024T15:08:30 - [MESSAGE][PASSED] - Text '2027' is set on object 'Object Repository/Page_Formulr iadosti o piku (bez zabezpeeni_2a8278/input_Rok_UI_V_ZP_in_SkolaSlovenska_DatumSt_7956e6'

17-04-2024T15:08:30 - [TEST_STEP][PASSED] - click(findTestObject("Object Repository/Page_Formulr iadosti o piku (bez zabezpeeni_2a8278/input_Rok_UI_V_ZP_in_DalsieStudiumSlovenska_e3d9a8")): Object: 'Object Repository/Page_Formulr iadosti o piku (bez zabezpeeni_2a8278/input_Rok_UI_V_ZP_in_DalsieStudiumSlovenska_e3d9a8' is clicked on

17-04-2024T15:08:30 - [MESSAGE][PASSED] - Object: 'Object Repository/Page_Formulr iadosti o piku (bez zabezpeeni_2a8278/input_Rok_UI_V_ZP_in_DalsieStudiumSlovenska_e3d9a8' is clicked on

17-04-2024T15:08:30 - [TEST_STEP][PASSED] - verifyElementClickable(findTestObject("Object Repository/Page_Formulr iadosti o piku (bez zabezpeeni_2a8278/button_Pokraova")): Object 'Object Repository/Page_Formulr iadosti o piku (bez zabezpeeni_2a8278/button_Pokraova' is clickable

17-04-2024T15:08:30 - [MESSAGE][PASSED] - Object 'Object Repository/Page_Formulr iadosti o piku (bez zabezpeeni_2a8278/button_Pokraova' is clickable

17-04-2024T15:08:30 - [TEST_STEP][PASSED] - click(findTestObject("Object Repository/Page_Formulr iadosti o piku (bez zabezpeeni_2a8278/button_Pokraova")): Object: 'Object Repository/Page_Formulr iadosti o piku (bez zabezpeeni_2a8278/button_Pokraova' is clicked on

17-04-2024T15:08:31 - [MESSAGE][PASSED] - Object: 'Object Repository/Page_Formulr iadosti o piku (bez zabezpeeni_2a8278/button_Pokraova' is clicked on

17-04-2024T15:08:31 - [TEST_STEP][PASSED] - setText(findTestObject("Object Repository/Page_Formulr iadosti o piku (bez zabezpeeni_2a8278/input_tudent  III. stupa vysokokolskho tdia_8c32d4"), "2000"): Text '2000' is set on object 'Object Repository/Page_Formulr iadosti o piku (bez zabezpeeni_2a8278/input_tudent  III. stupa vysokokolskho tdia_8c32d4'

17-04-2024T15:08:32 - [MESSAGE][PASSED] - Text '2000' is set on object 'Object Repository/Page_Formulr iadosti o piku (bez zabezpeeni_2a8278/input_tudent  III. stupa vysokokolskho tdia_8c32d4'

17-04-2024T15:08:32 - [TEST_STEP][PASSED] - setText(findTestObject("Object Repository/Page_Formulr iadosti o piku (bez zabezpeeni_2a8278/input_Zadajte poadovan splatnos piky na cel_96d0f4"), "10"): Text '10' is set on object 'Object Repository/Page_Formulr iadosti o piku (bez zabezpeeni_2a8278/input_Zadajte poadovan splatnos piky na cel_96d0f4'

17-04-2024T15:08:32 - [MESSAGE][PASSED] - Text '10' is set on object 'Object Repository/Page_Formulr iadosti o piku (bez zabezpeeni_2a8278/input_Zadajte poadovan splatnos piky na cel_96d0f4'

17-04-2024T15:08:32 - [TEST_STEP][PASSED] - click(findTestObject("Object Repository/Page_Formulr iadosti o piku (bez zabezpeeni_2a8278/button_Pokraova")): Object: 'Object Repository/Page_Formulr iadosti o piku (bez zabezpeeni_2a8278/button_Pokraova' is clicked on

17-04-2024T15:08:33 - [MESSAGE][PASSED] - Object: 'Object Repository/Page_Formulr iadosti o piku (bez zabezpeeni_2a8278/button_Pokraova' is clicked on

17-04-2024T15:08:33 - [TEST_STEP][PASSED] - click(findTestObject("Object Repository/Page_Formulr iadosti o piku (bez zabezpeeni_2a8278/input_Oznamu o monosti predkladania iadost _3ca0bd")): Object: 'Object Repository/Page_Formulr iadosti o piku (bez zabezpeeni_2a8278/input_Oznamu o monosti predkladania iadost _3ca0bd' is clicked on

17-04-2024T15:08:33 - [MESSAGE][PASSED] - Object: 'Object Repository/Page_Formulr iadosti o piku (bez zabezpeeni_2a8278/input_Oznamu o monosti predkladania iadost _3ca0bd' is clicked on

17-04-2024T15:08:33 - [TEST_STEP][PASSED] - click(findTestObject("Object Repository/Page_Formulr iadosti o piku (bez zabezpeeni_2a8278/input_Nie_typ-8")): Object: 'Object Repository/Page_Formulr iadosti o piku (bez zabezpeeni_2a8278/input_Nie_typ-8' is clicked on

17-04-2024T15:08:34 - [MESSAGE][PASSED] - Object: 'Object Repository/Page_Formulr iadosti o piku (bez zabezpeeni_2a8278/input_Nie_typ-8' is clicked on

17-04-2024T15:08:34 - [TEST_STEP][PASSED] - click(findTestObject("Object Repository/Page_Formulr iadosti o piku (bez zabezpeeni_2a8278/input_Nie_typ-9")): Object: 'Object Repository/Page_Formulr iadosti o piku (bez zabezpeeni_2a8278/input_Nie_typ-9' is clicked on

17-04-2024T15:08:34 - [MESSAGE][PASSED] - Object: 'Object Repository/Page_Formulr iadosti o piku (bez zabezpeeni_2a8278/input_Nie_typ-9' is clicked on

17-04-2024T15:08:34 - [TEST_STEP][PASSED] - click(findTestObject("Object Repository/Page_Formulr iadosti o piku (bez zabezpeeni_2a8278/button_Pokraova")): Object: 'Object Repository/Page_Formulr iadosti o piku (bez zabezpeeni_2a8278/button_Pokraova' is clicked on

17-04-2024T15:08:35 - [MESSAGE][PASSED] - Object: 'Object Repository/Page_Formulr iadosti o piku (bez zabezpeeni_2a8278/button_Pokraova' is clicked on

17-04-2024T15:08:35 - [TEST_STEP][PASSED] - click(findTestObject("Object Repository/Page_Formulr iadosti o piku (bez zabezpeeni_2a8278/button_Detail")): Object: 'Object Repository/Page_Formulr iadosti o piku (bez zabezpeeni_2a8278/button_Detail' is clicked on

17-04-2024T15:08:35 - [MESSAGE][PASSED] - Object: 'Object Repository/Page_Formulr iadosti o piku (bez zabezpeeni_2a8278/button_Detail' is clicked on

17-04-2024T15:08:35 - [TEST_STEP][PASSED] - click(findTestObject("Object Repository/Page_Formulr iadosti o piku (bez zabezpeeni_2a8278/input_Potvrdenie o nvteve V v SR (iadate)_s_46946e")): Object: 'Object Repository/Page_Formulr iadosti o piku (bez zabezpeeni_2a8278/input_Potvrdenie o nvteve V v SR (iadate)_s_46946e' is clicked on

17-04-2024T15:08:36 - [MESSAGE][PASSED] - Object: 'Object Repository/Page_Formulr iadosti o piku (bez zabezpeeni_2a8278/input_Potvrdenie o nvteve V v SR (iadate)_s_46946e' is clicked on

17-04-2024T15:08:36 - [TEST_STEP][PASSED] - click(findTestObject("Object Repository/Page_Formulr iadosti o piku (bez zabezpeeni_2a8278/button_Uloi_1")): Object: 'Object Repository/Page_Formulr iadosti o piku (bez zabezpeeni_2a8278/button_Uloi_1' is clicked on

17-04-2024T15:08:36 - [MESSAGE][PASSED] - Object: 'Object Repository/Page_Formulr iadosti o piku (bez zabezpeeni_2a8278/button_Uloi_1' is clicked on

17-04-2024T15:08:36 - [TEST_STEP][PASSED] - click(findTestObject("Object Repository/Page_Formulr iadosti o piku (bez zabezpeeni_2a8278/button_Detail_1")): Object: 'Object Repository/Page_Formulr iadosti o piku (bez zabezpeeni_2a8278/button_Detail_1' is clicked on

17-04-2024T15:08:37 - [MESSAGE][PASSED] - Object: 'Object Repository/Page_Formulr iadosti o piku (bez zabezpeeni_2a8278/button_Detail_1' is clicked on

17-04-2024T15:08:37 - [TEST_STEP][PASSED] - click(findTestObject("Object Repository/Page_Formulr iadosti o piku (bez zabezpeeni_2a8278/input_Potvrdenie o nvteve V v SR (iadate)_s_46946e")): Object: 'Object Repository/Page_Formulr iadosti o piku (bez zabezpeeni_2a8278/input_Potvrdenie o nvteve V v SR (iadate)_s_46946e' is clicked on

17-04-2024T15:08:37 - [MESSAGE][PASSED] - Object: 'Object Repository/Page_Formulr iadosti o piku (bez zabezpeeni_2a8278/input_Potvrdenie o nvteve V v SR (iadate)_s_46946e' is clicked on

17-04-2024T15:08:37 - [TEST_STEP][PASSED] - click(findTestObject("Object Repository/Page_Formulr iadosti o piku (bez zabezpeeni_2a8278/button_Uloi_1")): Object: 'Object Repository/Page_Formulr iadosti o piku (bez zabezpeeni_2a8278/button_Uloi_1' is clicked on

17-04-2024T15:08:38 - [MESSAGE][PASSED] - Object: 'Object Repository/Page_Formulr iadosti o piku (bez zabezpeeni_2a8278/button_Uloi_1' is clicked on

17-04-2024T15:08:38 - [TEST_STEP][PASSED] - click(findTestObject("Object Repository/Page_Formulr iadosti o piku (bez zabezpeeni_2a8278/button_Detail_1_2")): Object: 'Object Repository/Page_Formulr iadosti o piku (bez zabezpeeni_2a8278/button_Detail_1_2' is clicked on

17-04-2024T15:08:38 - [MESSAGE][PASSED] - Object: 'Object Repository/Page_Formulr iadosti o piku (bez zabezpeeni_2a8278/button_Detail_1_2' is clicked on

17-04-2024T15:08:38 - [TEST_STEP][PASSED] - click(findTestObject("Object Repository/Page_Formulr iadosti o piku (bez zabezpeeni_2a8278/input_Potvrdenie o nvteve V v SR (iadate)_s_46946e")): Object: 'Object Repository/Page_Formulr iadosti o piku (bez zabezpeeni_2a8278/input_Potvrdenie o nvteve V v SR (iadate)_s_46946e' is clicked on

17-04-2024T15:08:39 - [MESSAGE][PASSED] - Object: 'Object Repository/Page_Formulr iadosti o piku (bez zabezpeeni_2a8278/input_Potvrdenie o nvteve V v SR (iadate)_s_46946e' is clicked on

17-04-2024T15:08:39 - [TEST_STEP][PASSED] - click(findTestObject("Object Repository/Page_Formulr iadosti o piku (bez zabezpeeni_2a8278/button_Uloi_1")): Object: 'Object Repository/Page_Formulr iadosti o piku (bez zabezpeeni_2a8278/button_Uloi_1' is clicked on

17-04-2024T15:08:39 - [MESSAGE][PASSED] - Object: 'Object Repository/Page_Formulr iadosti o piku (bez zabezpeeni_2a8278/button_Uloi_1' is clicked on

17-04-2024T15:08:39 - [TEST_STEP][PASSED] - click(findTestObject("Object Repository/Page_Formulr iadosti o piku (bez zabezpeeni_2a8278/button_Detail_1_2_3")): Object: 'Object Repository/Page_Formulr iadosti o piku (bez zabezpeeni_2a8278/button_Detail_1_2_3' is clicked on

17-04-2024T15:08:40 - [MESSAGE][PASSED] - Object: 'Object Repository/Page_Formulr iadosti o piku (bez zabezpeeni_2a8278/button_Detail_1_2_3' is clicked on

17-04-2024T15:08:40 - [TEST_STEP][PASSED] - uploadFile(findTestObject("Page_Formulr iadosti o piku (bez zabezpeenia ruiteom)  Elektronick sluby portlu regionlneho a vysokho kolstva/input_Uloi_file-upload-field"), "C:\Users\barcik\Downloads\form.573.Prehlad-24-potvrdenie-print-save_5a11da50-9aec-4f8b-a1a0-d42325a914a4.pdf"): File 'C:\Users\barcik\Downloads\form.573.Prehlad-24-potvrdenie-print-save_5a11da50-9aec-4f8b-a1a0-d42325a914a4.pdf' sent to object: 'Object Repository/Page_Formulr iadosti o piku (bez zabezpeenia ruiteom)  Elektronick sluby portlu regionlneho a vysokho kolstva/input_Uloi_file-upload-field'

17-04-2024T15:08:41 - [MESSAGE][PASSED] - File 'C:\Users\barcik\Downloads\form.573.Prehlad-24-potvrdenie-print-save_5a11da50-9aec-4f8b-a1a0-d42325a914a4.pdf' sent to object: 'Object Repository/Page_Formulr iadosti o piku (bez zabezpeenia ruiteom)  Elektronick sluby portlu regionlneho a vysokho kolstva/input_Uloi_file-upload-field'

17-04-2024T15:08:41 - [TEST_STEP][PASSED] - click(findTestObject("Page_Formulr iadosti o piku (bez zabezpeeni_2a8278/button_Uloi_2")): Object: 'Object Repository/Page_Formulr iadosti o piku (bez zabezpeeni_2a8278/button_Uloi_2' is clicked on

17-04-2024T15:08:41 - [MESSAGE][PASSED] - Object: 'Object Repository/Page_Formulr iadosti o piku (bez zabezpeeni_2a8278/button_Uloi_2' is clicked on

17-04-2024T15:08:41 - [TEST_STEP][PASSED] - click(findTestObject("Object Repository/Page_Formulr iadosti o piku (bez zabezpeeni_2a8278/button_Detail_1_2_3_4")): Object: 'Object Repository/Page_Formulr iadosti o piku (bez zabezpeeni_2a8278/button_Detail_1_2_3_4' is clicked on

17-04-2024T15:08:42 - [MESSAGE][PASSED] - Object: 'Object Repository/Page_Formulr iadosti o piku (bez zabezpeeni_2a8278/button_Detail_1_2_3_4' is clicked on

17-04-2024T15:08:42 - [TEST_STEP][PASSED] - uploadFile(findTestObject("Page_Formulr iadosti o piku (bez zabezpeenia ruiteom)  Elektronick sluby portlu regionlneho a vysokho kolstva/input_Uloi_file-upload-field"), "C:\Users\barcik\Downloads\form.573.Prehlad-24-potvrdenie-print-save_5a11da50-9aec-4f8b-a1a0-d42325a914a4.pdf"): File 'C:\Users\barcik\Downloads\form.573.Prehlad-24-potvrdenie-print-save_5a11da50-9aec-4f8b-a1a0-d42325a914a4.pdf' sent to object: 'Object Repository/Page_Formulr iadosti o piku (bez zabezpeenia ruiteom)  Elektronick sluby portlu regionlneho a vysokho kolstva/input_Uloi_file-upload-field'

17-04-2024T15:08:42 - [MESSAGE][PASSED] - File 'C:\Users\barcik\Downloads\form.573.Prehlad-24-potvrdenie-print-save_5a11da50-9aec-4f8b-a1a0-d42325a914a4.pdf' sent to object: 'Object Repository/Page_Formulr iadosti o piku (bez zabezpeenia ruiteom)  Elektronick sluby portlu regionlneho a vysokho kolstva/input_Uloi_file-upload-field'

17-04-2024T15:08:42 - [TEST_STEP][PASSED] - click(findTestObject("Page_Formulr iadosti o piku (bez zabezpeeni_2a8278/button_Uloi_2")): Object: 'Object Repository/Page_Formulr iadosti o piku (bez zabezpeeni_2a8278/button_Uloi_2' is clicked on

17-04-2024T15:08:43 - [MESSAGE][PASSED] - Object: 'Object Repository/Page_Formulr iadosti o piku (bez zabezpeeni_2a8278/button_Uloi_2' is clicked on

17-04-2024T15:08:43 - [TEST_STEP][PASSED] - click(findTestObject("Object Repository/Page_Formulr iadosti o piku (bez zabezpeeni_2a8278/button_Detail_1_2_3_4_5")): Object: 'Object Repository/Page_Formulr iadosti o piku (bez zabezpeeni_2a8278/button_Detail_1_2_3_4_5' is clicked on

17-04-2024T15:08:44 - [MESSAGE][PASSED] - Object: 'Object Repository/Page_Formulr iadosti o piku (bez zabezpeeni_2a8278/button_Detail_1_2_3_4_5' is clicked on

17-04-2024T15:08:44 - [TEST_STEP][PASSED] - uploadFile(findTestObject("Page_Formulr iadosti o piku (bez zabezpeenia ruiteom)  Elektronick sluby portlu regionlneho a vysokho kolstva/input_Uloi_file-upload-field"), "C:\Users\barcik\Downloads\form.573.Prehlad-24-potvrdenie-print-save_5a11da50-9aec-4f8b-a1a0-d42325a914a4.pdf"): File 'C:\Users\barcik\Downloads\form.573.Prehlad-24-potvrdenie-print-save_5a11da50-9aec-4f8b-a1a0-d42325a914a4.pdf' sent to object: 'Object Repository/Page_Formulr iadosti o piku (bez zabezpeenia ruiteom)  Elektronick sluby portlu regionlneho a vysokho kolstva/input_Uloi_file-upload-field'

17-04-2024T15:08:44 - [MESSAGE][PASSED] - File 'C:\Users\barcik\Downloads\form.573.Prehlad-24-potvrdenie-print-save_5a11da50-9aec-4f8b-a1a0-d42325a914a4.pdf' sent to object: 'Object Repository/Page_Formulr iadosti o piku (bez zabezpeenia ruiteom)  Elektronick sluby portlu regionlneho a vysokho kolstva/input_Uloi_file-upload-field'

17-04-2024T15:08:44 - [TEST_STEP][PASSED] - click(findTestObject("Page_Formulr iadosti o piku (bez zabezpeeni_2a8278/button_Uloi_2")): Object: 'Object Repository/Page_Formulr iadosti o piku (bez zabezpeeni_2a8278/button_Uloi_2' is clicked on

17-04-2024T15:08:45 - [MESSAGE][PASSED] - Object: 'Object Repository/Page_Formulr iadosti o piku (bez zabezpeeni_2a8278/button_Uloi_2' is clicked on

17-04-2024T15:08:45 - [TEST_STEP][PASSED] - setText(findTestObject("Object Repository/Page_Formulr iadosti o piku (bez zabezpeeni_2a8278/input_Zadajte miesto odoslania iadosti_UI_V_59ba54"), "Bratislava"): Text 'Bratislava' is set on object 'Object Repository/Page_Formulr iadosti o piku (bez zabezpeeni_2a8278/input_Zadajte miesto odoslania iadosti_UI_V_59ba54'

17-04-2024T15:08:46 - [MESSAGE][PASSED] - Text 'Bratislava' is set on object 'Object Repository/Page_Formulr iadosti o piku (bez zabezpeeni_2a8278/input_Zadajte miesto odoslania iadosti_UI_V_59ba54'

17-04-2024T15:08:46 - [TEST_STEP][PASSED] - click(findTestObject("Object Repository/Page_Formulr iadosti o piku (bez zabezpeeni_2a8278/button_Pokraova")): Object: 'Object Repository/Page_Formulr iadosti o piku (bez zabezpeeni_2a8278/button_Pokraova' is clicked on

17-04-2024T15:08:46 - [MESSAGE][PASSED] - Object: 'Object Repository/Page_Formulr iadosti o piku (bez zabezpeeni_2a8278/button_Pokraova' is clicked on

17-04-2024T15:08:46 - [TEST_STEP][PASSED] - click(findTestObject("Page_Formulr iadosti o piku (bez zabezpeenia ruiteom)  Elektronick sluby portlu regionlneho a vysokho kolstva/label_estne vyhlasujem, e vetky daje uveden v iadosti  s pravdiv a som si plne vedom prvnych nsledkov v prpade uvedenia nepravdivch dajov")): Object: 'Object Repository/Page_Formulr iadosti o piku (bez zabezpeenia ruiteom)  Elektronick sluby portlu regionlneho a vysokho kolstva/label_estne vyhlasujem, e vetky daje uveden v iadosti  s pravdiv a som si plne vedom prvnych nsledkov v prpade uvedenia nepravdivch dajov' is clicked on

17-04-2024T15:08:48 - [MESSAGE][PASSED] - Object: 'Object Repository/Page_Formulr iadosti o piku (bez zabezpeenia ruiteom)  Elektronick sluby portlu regionlneho a vysokho kolstva/label_estne vyhlasujem, e vetky daje uveden v iadosti  s pravdiv a som si plne vedom prvnych nsledkov v prpade uvedenia nepravdivch dajov' is clicked on

17-04-2024T15:08:48 - [TEST_STEP][PASSED] - click(findTestObject("Page_Formulr iadosti o piku (bez zabezpeenia ruiteom)  Elektronick sluby portlu regionlneho a vysokho kolstva/label_Beriem na vedomie, e v slade s  17 ods. 8 zkona o FnPV fond zverejuje na svojom webovom sdle zoznam schvlench piiek, ktor obsahuje meno a priezvisko iadatea, ktormu bolo poskytnutie piky schvlen, dln sumu, lehotu s")): Object: 'Object Repository/Page_Formulr iadosti o piku (bez zabezpeenia ruiteom)  Elektronick sluby portlu regionlneho a vysokho kolstva/label_Beriem na vedomie, e v slade s  17 ods. 8 zkona o FnPV fond zverejuje na svojom webovom sdle zoznam schvlench piiek, ktor obsahuje meno a priezvisko iadatea, ktormu bolo poskytnutie piky schvlen, dln sumu, lehotu s' is clicked on

17-04-2024T15:08:48 - [MESSAGE][PASSED] - Object: 'Object Repository/Page_Formulr iadosti o piku (bez zabezpeenia ruiteom)  Elektronick sluby portlu regionlneho a vysokho kolstva/label_Beriem na vedomie, e v slade s  17 ods. 8 zkona o FnPV fond zverejuje na svojom webovom sdle zoznam schvlench piiek, ktor obsahuje meno a priezvisko iadatea, ktormu bolo poskytnutie piky schvlen, dln sumu, lehotu s' is clicked on

17-04-2024T15:08:48 - [TEST_STEP][PASSED] - click(findTestObject("Object Repository/Page_Formulr iadosti o piku (bez zabezpeeni_2a8278/button_Podpsa iados o piku kvalifikovanm el_0eb4be")): Object: 'Object Repository/Page_Formulr iadosti o piku (bez zabezpeeni_2a8278/button_Podpsa iados o piku kvalifikovanm el_0eb4be' is clicked on

17-04-2024T15:08:48 - [MESSAGE][PASSED] - Object: 'Object Repository/Page_Formulr iadosti o piku (bez zabezpeeni_2a8278/button_Podpsa iados o piku kvalifikovanm el_0eb4be' is clicked on

17-04-2024T15:08:48 - [TEST_STEP][PASSED] - verifyElementPresent(findTestObject("Object Repository/Page_Formulr iadosti o piku (bez zabezpeeni_2a8278/h1_Podvanie iadosti o piku pre tudentov z F_127594"), 0): Object 'Object Repository/Page_Formulr iadosti o piku (bez zabezpeeni_2a8278/h1_Podvanie iadosti o piku pre tudentov z F_127594' is present

17-04-2024T15:08:48 - [MESSAGE][WARNING] - Timeout '0' is invalid. Using default page load timeout: '30'

17-04-2024T15:08:49 - [MESSAGE][PASSED] - Object 'Object Repository/Page_Formulr iadosti o piku (bez zabezpeeni_2a8278/h1_Podvanie iadosti o piku pre tudentov z F_127594' is present

17-04-2024T15:08:49 - [TEST_STEP][PASSED] - click(findTestObject("Object Repository/Page_Formulr iadosti o piku (bez zabezpeeni_2a8278/button_Podpsa")): Object: 'Object Repository/Page_Formulr iadosti o piku (bez zabezpeeni_2a8278/button_Podpsa' is clicked on

17-04-2024T15:08:49 - [MESSAGE][PASSED] - Object: 'Object Repository/Page_Formulr iadosti o piku (bez zabezpeeni_2a8278/button_Podpsa' is clicked on

17-04-2024T15:08:49 - [TEST_STEP][PASSED] - delay(10): Delayed 10 second(s)

17-04-2024T15:08:59 - [MESSAGE][PASSED] - Delayed 10 second(s)

17-04-2024T15:08:59 - [TEST_STEP][PASSED] - podpisovac.podpisFormular(): Fire Close event sucessfully.

17-04-2024T15:08:59 - [MESSAGE][INFO] - Starting application C:\Program Files\Ditec\DSigner .NET\Ditec.Zep.DSigXadesStandalone.exe on the local machine at address http://127.0.0.1:4723

17-04-2024T15:09:01 - [MESSAGE][PASSED] - The application at location: C:\Program Files\Ditec\DSigner .NET\Ditec.Zep.DSigXadesStandalone.exe started.

17-04-2024T15:09:03 - [MESSAGE][INFO] - Clicking on element: Object Repository/Podpisovac/Podpísať_podpis

17-04-2024T15:09:03 - [MESSAGE][PASSED] - Click on element: Object Repository/Podpisovac/Podpísať_podpis succesfully

17-04-2024T15:09:11 - [MESSAGE][INFO] - Clicking on element: Object Repository/Podpisovac/Vyber_filtra_podpis

17-04-2024T15:09:11 - [MESSAGE][PASSED] - Click on element: Object Repository/Podpisovac/Vyber_filtra_podpis succesfully

17-04-2024T15:09:12 - [MESSAGE][INFO] - Clicking on element: Object Repository/Podpisovac/Potvrd_vyber_filtra_podpis

17-04-2024T15:09:12 - [MESSAGE][PASSED] - Click on element: Object Repository/Podpisovac/Potvrd_vyber_filtra_podpis succesfully

17-04-2024T15:09:21 - [MESSAGE][INFO] - Double clicking on element: Object Repository/Podpisovac/Certifikat_podpis

17-04-2024T15:09:22 - [MESSAGE][PASSED] - Double click on element: Object Repository/Podpisovac/Certifikat_podpis succesfully

17-04-2024T15:09:25 - [MESSAGE][PASSED] - Delayed 3 second(s)

17-04-2024T15:09:27 - [MESSAGE][INFO] - Clicking on element: Object Repository/Podpisovac/OK_podpis

17-04-2024T15:09:27 - [MESSAGE][PASSED] - Click on element: Object Repository/Podpisovac/OK_podpis succesfully

17-04-2024T15:09:28 - [MESSAGE][PASSED] - Fire Close event sucessfully.

17-04-2024T15:09:28 - [TEST_STEP][PASSED] - click(findTestObject("Object Repository/Page_Formulr iadosti o piku (bez zabezpeeni_2a8278/button_Odosla")): Object: 'Object Repository/Page_Formulr iadosti o piku (bez zabezpeeni_2a8278/button_Odosla' is clicked on

17-04-2024T15:09:28 - [MESSAGE][PASSED] - Object: 'Object Repository/Page_Formulr iadosti o piku (bez zabezpeeni_2a8278/button_Odosla' is clicked on

17-04-2024T15:09:28 - [TEST_STEP][PASSED] - verifyElementText(findTestObject("Object Repository/Page_Formulr iadosti o piku (bez zabezpeeni_2a8278/h1_daje zo iadosti o piku boli odoslan"), "Údaje zo žiadosti o pôžičku boli odoslané."): Actual text and expected text of test object 'Object Repository/Page_Formulr iadosti o piku (bez zabezpeeni_2a8278/h1_daje zo iadosti o piku boli odoslan' are matched.

17-04-2024T15:09:42 - [MESSAGE][PASSED] - Actual text and expected text of test object 'Object Repository/Page_Formulr iadosti o piku (bez zabezpeeni_2a8278/h1_daje zo iadosti o piku boli odoslan' are matched.

17-04-2024T15:09:42 - [TEST_STEP][PASSED] - click(findTestObject("Object Repository/Page_Formulr iadosti o piku (bez zabezpeeni_2a8278/button_Prejs na domovsk strnku")): Object: 'Object Repository/Page_Formulr iadosti o piku (bez zabezpeeni_2a8278/button_Prejs na domovsk strnku' is clicked on

17-04-2024T15:09:43 - [MESSAGE][PASSED] - Object: 'Object Repository/Page_Formulr iadosti o piku (bez zabezpeeni_2a8278/button_Prejs na domovsk strnku' is clicked on

17-04-2024T15:09:43 - [TEST_STEP][PASSED] - click(findTestObject("Page_Portl elektronickch sluieb regionlneho_9bdbd3/a_Privtna zna")): Object: 'Object Repository/Page_Portl elektronickch sluieb regionlneho_9bdbd3/a_Privtna zna' is clicked on

17-04-2024T15:09:43 - [MESSAGE][PASSED] - Object: 'Object Repository/Page_Portl elektronickch sluieb regionlneho_9bdbd3/a_Privtna zna' is clicked on

17-04-2024T15:09:43 - [TEST_STEP][PASSED] - click(findTestObject("Page_Portl elektronickch sluieb regionlneho_9bdbd3/div_Zoznam rozpracovanch podan_icon-blue")): Object: 'Object Repository/Page_Portl elektronickch sluieb regionlneho_9bdbd3/div_Zoznam rozpracovanch podan_icon-blue' is clicked on

17-04-2024T15:09:45 - [MESSAGE][PASSED] - Object: 'Object Repository/Page_Portl elektronickch sluieb regionlneho_9bdbd3/div_Zoznam rozpracovanch podan_icon-blue' is clicked on

17-04-2024T15:09:45 - [TEST_STEP][PASSED] - setText(findTestObject("Page_Zoznam odoslanch podan  Elektronick sl_14b0c6/input_Identifiktor_identifikator"), identifikator): Text 'ESRVS-2024-2240' is set on object 'Object Repository/Page_Zoznam odoslanch podan  Elektronick sl_14b0c6/input_Identifiktor_identifikator'

17-04-2024T15:09:46 - [MESSAGE][PASSED] - Text 'ESRVS-2024-2240' is set on object 'Object Repository/Page_Zoznam odoslanch podan  Elektronick sl_14b0c6/input_Identifiktor_identifikator'

17-04-2024T15:09:46 - [TEST_STEP][PASSED] - click(findTestObject("Page_Zoznam odoslanch podan  Elektronick sl_14b0c6/button_Vyhada")): Object: 'Object Repository/Page_Zoznam odoslanch podan  Elektronick sl_14b0c6/button_Vyhada' is clicked on

17-04-2024T15:09:47 - [MESSAGE][PASSED] - Object: 'Object Repository/Page_Zoznam odoslanch podan  Elektronick sl_14b0c6/button_Vyhada' is clicked on

17-04-2024T15:09:47 - [TEST_STEP][PASSED] - click(findTestObject("Page_Zoznam odoslanch podan  Elektronick sl_14b0c6/a_Detail")): Object: 'Object Repository/Page_Zoznam odoslanch podan  Elektronick sl_14b0c6/a_Detail' is clicked on

17-04-2024T15:09:48 - [MESSAGE][PASSED] - Object: 'Object Repository/Page_Zoznam odoslanch podan  Elektronick sl_14b0c6/a_Detail' is clicked on

17-04-2024T15:09:48 - [TEST_STEP][PASSED] - verifyElementText(findTestObject("Object Repository/Page_Detail podania  Elektronick sluby port_bcdefc/span_ESRVS-2024-2168"), identifikator): Actual text and expected text of test object 'Object Repository/Page_Detail podania  Elektronick sluby port_bcdefc/span_ESRVS-2024-2168' are matched.

17-04-2024T15:09:53 - [MESSAGE][PASSED] - Actual text and expected text of test object 'Object Repository/Page_Detail podania  Elektronick sluby port_bcdefc/span_ESRVS-2024-2168' are matched.

17-04-2024T15:09:53 - [TEST_STEP][PASSED] - verifyElementText(findTestObject("Page_Detail podania  Elektronick sluby port_bcdefc/span_Robert Chamraz"), "Robert Chamraz"): Actual text and expected text of test object 'Object Repository/Page_Detail podania  Elektronick sluby port_bcdefc/span_Robert Chamraz' are matched.

17-04-2024T15:09:53 - [MESSAGE][PASSED] - Actual text and expected text of test object 'Object Repository/Page_Detail podania  Elektronick sluby port_bcdefc/span_Robert Chamraz' are matched.

17-04-2024T15:09:53 - [TEST_STEP][PASSED] - verifyElementText(findTestObject("Page_Detail podania  Elektronick sluby port_bcdefc/span_Podvanie iadosti o piku pre tudentov z_b27195"), "Podávanie žiadosti o pôžičku pre študentov z Fondu na podporu vzdelávania (bez ručitela)"): Actual text and expected text of test object 'Object Repository/Page_Detail podania  Elektronick sluby port_bcdefc/span_Podvanie iadosti o piku pre tudentov z_b27195' are matched.

17-04-2024T15:09:53 - [MESSAGE][PASSED] - Actual text and expected text of test object 'Object Repository/Page_Detail podania  Elektronick sluby port_bcdefc/span_Podvanie iadosti o piku pre tudentov z_b27195' are matched.

17-04-2024T15:09:53 - [TEST_STEP][PASSED] - click(findTestObject("Page_Detail podania  Elektronick sluby port_bcdefc/a_Odhlsi")): Object: 'Object Repository/Page_Detail podania  Elektronick sluby port_bcdefc/a_Odhlsi' is clicked on

17-04-2024T15:09:56 - [MESSAGE][PASSED] - Object: 'Object Repository/Page_Detail podania  Elektronick sluby port_bcdefc/a_Odhlsi' is clicked on

17-04-2024T15:09:56 - [TEST_STEP][PASSED] - verifyElementPresent(findTestObject("Page_Portl elektronickch sluieb regionlneho_9bdbd3/a_Prihlsi sa"), 0): Object 'Object Repository/Page_Portl elektronickch sluieb regionlneho_9bdbd3/a_Prihlsi sa' is present

17-04-2024T15:09:56 - [MESSAGE][WARNING] - Timeout '0' is invalid. Using default page load timeout: '30'

17-04-2024T15:09:57 - [MESSAGE][PASSED] - Object 'Object Repository/Page_Portl elektronickch sluieb regionlneho_9bdbd3/a_Prihlsi sa' is present

17-04-2024T15:09:57 - [TEST_STEP][PASSED] - closeBrowser(): Browser is closed

17-04-2024T15:09:57 - [MESSAGE][PASSED] - Browser is closed

17-04-2024T15:09:57 - [TEST_STEP][PASSED] - delay(30): Delayed 30 second(s)

17-04-2024T15:10:27 - [MESSAGE][PASSED] - Delayed 30 second(s)

17-04-2024T15:10:27 - [TEST_STEP][PASSED] - mail.kontrolaMailu(2, identifikator): Fire Close event sucessfully.

17-04-2024T15:10:27 - [MESSAGE][INFO] - Starting application C:\Program Files\Microsoft Office\root\Office16\OUTLOOK.EXE on the local machine at address http://127.0.0.1:4723

17-04-2024T15:10:29 - [MESSAGE][PASSED] - The application at location: C:\Program Files\Microsoft Office\root\Office16\OUTLOOK.EXE started.

17-04-2024T15:10:31 - [MESSAGE][PASSED] - Object 'Object Repository/Edit(1)' is present

17-04-2024T15:10:35 - [MESSAGE][PASSED] - Text ESRVS-2024-2240 is set

17-04-2024T15:10:39 - [MESSAGE][INFO] - Clicking on element: Object Repository/TabItem

17-04-2024T15:10:40 - [MESSAGE][PASSED] - Click on element: Object Repository/TabItem succesfully

17-04-2024T15:10:43 - [MESSAGE][INFO] - Clicking on element: Object Repository/DataItem

17-04-2024T15:10:43 - [MESSAGE][PASSED] - Click on element: Object Repository/DataItem succesfully

17-04-2024T15:10:44 - [MESSAGE][PASSED] - Text of test object: Object Repository/Edit is: Bola Vám doručená nová správa na Portál elektronických služieb: Predbežné overenie - žiadosť ESRVS-2024-2240Pre žiadosť ESRVS-2024-2240 bolo vykonané predbežné overenie.


17-04-2024T15:10:44 - [MESSAGE][PASSED] - Predbezne overenie najdene

17-04-2024T15:10:47 - [MESSAGE][INFO] - Clicking on element: Object Repository/Button(3)

17-04-2024T15:10:48 - [MESSAGE][PASSED] - Click on element: Object Repository/Button(3) succesfully

17-04-2024T15:10:51 - [MESSAGE][INFO] - Clicking on element: Object Repository/DataItem

17-04-2024T15:10:51 - [MESSAGE][PASSED] - Click on element: Object Repository/DataItem succesfully

17-04-2024T15:10:52 - [MESSAGE][PASSED] - Text of test object: Object Repository/Edit is: Bola Vám doručená nová správa na Portál elektronických služieb: Doručenka prijatá - žiadosť ESRVS-2024-2240Pre žiadosť ESRVS-2024-2240 bola prijatá doručenka.


17-04-2024T15:10:52 - [MESSAGE][PASSED] - Dorucenka najdena

17-04-2024T15:10:55 - [MESSAGE][INFO] - Clicking on element: Object Repository/Button(3)

17-04-2024T15:10:56 - [MESSAGE][PASSED] - Click on element: Object Repository/Button(3) succesfully

17-04-2024T15:10:56 - [MESSAGE][PASSED] - Fire Close event sucessfully.]]></system-out>
         <system-err><![CDATA[]]></system-err>
      </testcase>
      <testcase name="Test Cases/Pozicky B/PozickaB_399079" time="133.501" classname="Test Cases/Pozicky B/PozickaB_399079" status="FAILED">
         <failure type="FAILED" message="Test Cases/Pozicky B/PozickaB_399079 FAILED.&#xa;Reason:&#xa;com.kms.katalon.core.exception.StepFailedException: Expected condition failed: waiting for com.kms.katalon.core.windows.keyword.helper.WindowsActionHelper$1@5567591e (tried for 30 second(s) with 50 milliseconds interval) (Root cause: org.openqa.selenium.TimeoutException: Expected condition failed: waiting for com.kms.katalon.core.windows.keyword.helper.WindowsActionHelper$1@5567591e (tried for 30 second(s) with 50 milliseconds interval)&#xa;	at org.openqa.selenium.support.ui.FluentWait.timeoutException(FluentWait.java:304)&#xa;	at org.openqa.selenium.support.ui.FluentWait.until(FluentWait.java:272)&#xa;	at com.kms.katalon.core.windows.keyword.helper.WindowsActionHelper.findElement(WindowsActionHelper.java:120)&#xa;	at com.kms.katalon.core.windows.keyword.helper.WindowsActionHelper.findElement(WindowsActionHelper.java:77)&#xa;	at com.kms.katalon.core.windows.keyword.helper.WindowsActionHelper.findElement(WindowsActionHelper.java:69)&#xa;	at com.kms.katalon.core.windows.keyword.helper.WindowsActionHelper.click(WindowsActionHelper.java:248)&#xa;	at com.kms.katalon.core.windows.keyword.helper.WindowsActionHelper$click$3.call(Unknown Source)&#xa;	at com.kms.katalon.core.windows.keyword.builtin.ClickKeyword$_click_closure1.doCall(ClickKeyword.groovy:43)&#xa;	at com.kms.katalon.core.windows.keyword.builtin.ClickKeyword$_click_closure1.doCall(ClickKeyword.groovy)&#xa;	at jdk.internal.reflect.GeneratedMethodAccessor25.invoke(Unknown Source)&#xa;	at java.base/jdk.internal.reflect.DelegatingMethodAccessorImpl.invoke(DelegatingMethodAccessorImpl.java:43)&#xa;	at com.kms.katalon.core.keyword.internal.KeywordMain.runKeyword(KeywordMain.groovy:90)&#xa;	at com.kms.katalon.core.keyword.internal.KeywordMain$runKeyword.call(Unknown Source)&#xa;	at com.kms.katalon.core.windows.keyword.builtin.ClickKeyword.click(ClickKeyword.groovy:37)&#xa;	at com.kms.katalon.core.windows.keyword.builtin.ClickKeyword$click.callCurrent(Unknown Source)&#xa;	at com.kms.katalon.core.windows.keyword.builtin.ClickKeyword.execute(ClickKeyword.groovy:33)&#xa;	at com.kms.katalon.core.keyword.internal.KeywordExecutor.executeKeywordForPlatform(KeywordExecutor.groovy:74)&#xa;	at com.kms.katalon.core.windows.keyword.WindowsBuiltinKeywords.click(WindowsBuiltinKeywords.java:72)&#xa;	at PozickaB_399079.kontrolaMailu(PozickaB_399079:213)&#xa;	at PozickaB_399079.run(PozickaB_399079:204)&#xa;	at com.kms.katalon.core.main.ScriptEngine.run(ScriptEngine.java:194)&#xa;	at com.kms.katalon.core.main.ScriptEngine.runScriptAsRawText(ScriptEngine.java:119)&#xa;	at com.kms.katalon.core.main.TestCaseExecutor.runScript(TestCaseExecutor.java:448)&#xa;	at com.kms.katalon.core.main.TestCaseExecutor.doExecute(TestCaseExecutor.java:439)&#xa;	at com.kms.katalon.core.main.TestCaseExecutor.processExecutionPhase(TestCaseExecutor.java:418)&#xa;	at com.kms.katalon.core.main.TestCaseExecutor.accessMainPhase(TestCaseExecutor.java:410)&#xa;	at com.kms.katalon.core.main.TestCaseExecutor.execute(TestCaseExecutor.java:285)&#xa;	at com.kms.katalon.core.common.CommonExecutor.accessTestCaseMainPhase(CommonExecutor.java:65)&#xa;	at com.kms.katalon.core.main.TestSuiteExecutor.accessTestSuiteMainPhase(TestSuiteExecutor.java:150)&#xa;	at com.kms.katalon.core.main.TestSuiteExecutor.execute(TestSuiteExecutor.java:106)&#xa;	at com.kms.katalon.core.main.TestCaseMain.startTestSuite(TestCaseMain.java:180)&#xa;	at TempTestSuite1713358848413.run(TempTestSuite1713358848413.groovy:35)&#xa;	at java.base/jdk.internal.reflect.NativeMethodAccessorImpl.invoke0(Native Method)&#xa;	at java.base/jdk.internal.reflect.NativeMethodAccessorImpl.invoke(NativeMethodAccessorImpl.java:77)&#xa;	at java.base/jdk.internal.reflect.DelegatingMethodAccessorImpl.invoke(DelegatingMethodAccessorImpl.java:43)&#xa;Caused by: org.openqa.selenium.NoSuchElementException: An element could not be located on the page using the given search parameters. (WARNING: The server did not provide any stacktrace information)&#xa;Command duration or timeout: 0 milliseconds&#xa;For documentation on this error, please visit: https://www.seleniumhq.org/exceptions/no_such_element.html&#xa;Build info: version: '3.141.59', revision: 'e82be7d358', time: '2018-11-14T08:25:53'&#xa;System info: host: 'NB-BARCIK', ip: '192.168.0.163', os.name: 'Windows 11', os.arch: 'amd64', os.version: '10.0', java.version: '17.0.7'&#xa;Driver info: io.appium.java_client.windows.WindowsDriver&#xa;Capabilities {app: C:\Program Files\Microsoft ..., javascriptEnabled: true, platform: WINDOWS, platformName: WINDOWS}&#xa;Session ID: EA0B7817-712C-4FE5-AC55-F477ED924BF0&#xa;*** Element info: {Using=xpath, value=//Window/Pane[1]/ToolBar[1]/Pane[1]/Pane[1]/Pane[1]/Pane[1]/Tab[1]/TabItem[1]}&#xa;	at jdk.internal.reflect.GeneratedConstructorAccessor41.newInstance(Unknown Source)&#xa;	at java.base/jdk.internal.reflect.DelegatingConstructorAccessorImpl.newInstance(DelegatingConstructorAccessorImpl.java:45)&#xa;	at org.openqa.selenium.remote.ErrorHandler.createThrowable(ErrorHandler.java:214)&#xa;	at org.openqa.selenium.remote.ErrorHandler.throwIfResponseFailed(ErrorHandler.java:166)&#xa;	at org.openqa.selenium.remote.http.JsonHttpResponseCodec.reconstructValue(JsonHttpResponseCodec.java:40)&#xa;	at org.openqa.selenium.remote.http.AbstractHttpResponseCodec.decode(AbstractHttpResponseCodec.java:80)&#xa;	at org.openqa.selenium.remote.http.AbstractHttpResponseCodec.decode(AbstractHttpResponseCodec.java:44)&#xa;	at org.openqa.selenium.remote.HttpCommandExecutor.execute(HttpCommandExecutor.java:158)&#xa;	at io.appium.java_client.remote.AppiumCommandExecutor.execute(AppiumCommandExecutor.java:239)&#xa;	at org.openqa.selenium.remote.RemoteWebDriver.execute(RemoteWebDriver.java:552)&#xa;	at io.appium.java_client.DefaultGenericMobileDriver.execute(DefaultGenericMobileDriver.java:42)&#xa;	at io.appium.java_client.AppiumDriver.execute(AppiumDriver.java:1)&#xa;	at io.appium.java_client.windows.WindowsDriver.execute(WindowsDriver.java:1)&#xa;	at org.openqa.selenium.remote.RemoteWebDriver.findElement(RemoteWebDriver.java:323)&#xa;	at io.appium.java_client.DefaultGenericMobileDriver.findElement(DefaultGenericMobileDriver.java:62)&#xa;	at io.appium.java_client.AppiumDriver.findElement(AppiumDriver.java:1)&#xa;	at io.appium.java_client.windows.WindowsDriver.findElement(WindowsDriver.java:1)&#xa;	at org.openqa.selenium.remote.RemoteWebDriver.findElementByXPath(RemoteWebDriver.java:428)&#xa;	at io.appium.java_client.DefaultGenericMobileDriver.findElementByXPath(DefaultGenericMobileDriver.java:152)&#xa;	at io.appium.java_client.AppiumDriver.findElementByXPath(AppiumDriver.java:1)&#xa;	at io.appium.java_client.windows.WindowsDriver.findElementByXPath(WindowsDriver.java:1)&#xa;	at com.kms.katalon.core.windows.keyword.helper.WindowsActionHelper$1.apply(WindowsActionHelper.java:136)&#xa;	at com.kms.katalon.core.windows.keyword.helper.WindowsActionHelper$1.apply(WindowsActionHelper.java:1)&#xa;	at org.openqa.selenium.support.ui.FluentWait.until(FluentWait.java:249)&#xa;	at com.kms.katalon.core.windows.keyword.helper.WindowsActionHelper.findElement(WindowsActionHelper.java:120)&#xa;	at com.kms.katalon.core.windows.keyword.helper.WindowsActionHelper.findElement(WindowsActionHelper.java:77)&#xa;	at com.kms.katalon.core.windows.keyword.helper.WindowsActionHelper.findElement(WindowsActionHelper.java:69)&#xa;	at com.kms.katalon.core.windows.keyword.helper.WindowsActionHelper.click(WindowsActionHelper.java:248)&#xa;	at com.kms.katalon.core.windows.keyword.helper.WindowsActionHelper$click$3.call(Unknown Source)&#xa;	at com.kms.katalon.core.windows.keyword.builtin.ClickKeyword$_click_closure1.doCall(ClickKeyword.groovy:43)&#xa;	at com.kms.katalon.core.windows.keyword.builtin.ClickKeyword$_click_closure1.doCall(ClickKeyword.groovy)&#xa;	at jdk.internal.reflect.GeneratedMethodAccessor25.invoke(Unknown Source)&#xa;	at java.base/jdk.internal.reflect.DelegatingMethodAccessorImpl.invoke(DelegatingMethodAccessorImpl.java:43)&#xa;	at com.kms.katalon.core.keyword.internal.KeywordMain.runKeyword(KeywordMain.groovy:90)&#xa;	at com.kms.katalon.core.keyword.internal.KeywordMain$runKeyword.call(Unknown Source)&#xa;	at com.kms.katalon.core.windows.keyword.builtin.ClickKeyword.click(ClickKeyword.groovy:37)&#xa;	at com.kms.katalon.core.windows.keyword.builtin.ClickKeyword$click.callCurrent(Unknown Source)&#xa;	at com.kms.katalon.core.windows.keyword.builtin.ClickKeyword.execute(ClickKeyword.groovy:33)&#xa;	at com.kms.katalon.core.keyword.internal.KeywordExecutor.executeKeywordForPlatform(KeywordExecutor.groovy:74)&#xa;	at com.kms.katalon.core.windows.keyword.WindowsBuiltinKeywords.click(WindowsBuiltinKeywords.java:72)&#xa;	at Script1712920680900.kontrolaMailu(Script1712920680900.groovy:213)&#xa;	at Script1712920680900.run(Script1712920680900.groovy:204)&#xa;	... 15 more&#xa;)&#xa;	at com.kms.katalon.core.keyword.internal.KeywordMain.stepFailed(KeywordMain.groovy:51)&#xa;	at com.kms.katalon.core.keyword.internal.KeywordMain.stepFailed(KeywordMain.groovy)&#xa;	at com.kms.katalon.core.keyword.internal.KeywordMain.runKeyword(KeywordMain.groovy:92)&#xa;	at com.kms.katalon.core.keyword.internal.KeywordMain$runKeyword.call(Unknown Source)&#xa;	at com.kms.katalon.core.windows.keyword.builtin.ClickKeyword.click(ClickKeyword.groovy:37)&#xa;	at com.kms.katalon.core.windows.keyword.builtin.ClickKeyword$click.callCurrent(Unknown Source)&#xa;	at com.kms.katalon.core.windows.keyword.builtin.ClickKeyword.execute(ClickKeyword.groovy:33)&#xa;	at com.kms.katalon.core.keyword.internal.KeywordExecutor.executeKeywordForPlatform(KeywordExecutor.groovy:74)&#xa;	at com.kms.katalon.core.windows.keyword.WindowsBuiltinKeywords.click(WindowsBuiltinKeywords.java:72)&#xa;	at PozickaB_399079.kontrolaMailu(PozickaB_399079:213)&#xa;	at PozickaB_399079.run(PozickaB_399079:204)&#xa;	at com.kms.katalon.core.main.ScriptEngine.run(ScriptEngine.java:194)&#xa;	at com.kms.katalon.core.main.ScriptEngine.runScriptAsRawText(ScriptEngine.java:119)&#xa;	at com.kms.katalon.core.main.TestCaseExecutor.runScript(TestCaseExecutor.java:448)&#xa;	at com.kms.katalon.core.main.TestCaseExecutor.doExecute(TestCaseExecutor.java:439)&#xa;	at com.kms.katalon.core.main.TestCaseExecutor.processExecutionPhase(TestCaseExecutor.java:418)&#xa;	at com.kms.katalon.core.main.TestCaseExecutor.accessMainPhase(TestCaseExecutor.java:410)&#xa;	at com.kms.katalon.core.main.TestCaseExecutor.execute(TestCaseExecutor.java:285)&#xa;	at com.kms.katalon.core.common.CommonExecutor.accessTestCaseMainPhase(CommonExecutor.java:65)&#xa;	at com.kms.katalon.core.main.TestSuiteExecutor.accessTestSuiteMainPhase(TestSuiteExecutor.java:150)&#xa;	at com.kms.katalon.core.main.TestSuiteExecutor.execute(TestSuiteExecutor.java:106)&#xa;	at com.kms.katalon.core.main.TestCaseMain.startTestSuite(TestCaseMain.java:180)&#xa;	at TempTestSuite1713358848413.run(TempTestSuite1713358848413.groovy:35)&#xa;	at java.base/jdk.internal.reflect.NativeMethodAccessorImpl.invoke0(Native Method)&#xa;	at java.base/jdk.internal.reflect.NativeMethodAccessorImpl.invoke(NativeMethodAccessorImpl.java:77)&#xa;	at java.base/jdk.internal.reflect.DelegatingMethodAccessorImpl.invoke(DelegatingMethodAccessorImpl.java:43)&#xa;Caused by: org.openqa.selenium.TimeoutException: Expected condition failed: waiting for com.kms.katalon.core.windows.keyword.helper.WindowsActionHelper$1@5567591e (tried for 30 second(s) with 50 milliseconds interval)&#xa;	at org.openqa.selenium.support.ui.FluentWait.timeoutException(FluentWait.java:304)&#xa;	at org.openqa.selenium.support.ui.FluentWait.until(FluentWait.java:272)&#xa;	at com.kms.katalon.core.windows.keyword.helper.WindowsActionHelper.findElement(WindowsActionHelper.java:120)&#xa;	at com.kms.katalon.core.windows.keyword.helper.WindowsActionHelper.findElement(WindowsActionHelper.java:77)&#xa;	at com.kms.katalon.core.windows.keyword.helper.WindowsActionHelper.findElement(WindowsActionHelper.java:69)&#xa;	at com.kms.katalon.core.windows.keyword.helper.WindowsActionHelper.click(WindowsActionHelper.java:248)&#xa;	at com.kms.katalon.core.windows.keyword.helper.WindowsActionHelper$click$3.call(Unknown Source)&#xa;	at com.kms.katalon.core.windows.keyword.builtin.ClickKeyword$_click_closure1.doCall(ClickKeyword.groovy:43)&#xa;	at com.kms.katalon.core.windows.keyword.builtin.ClickKeyword$_click_closure1.doCall(ClickKeyword.groovy)&#xa;	at jdk.internal.reflect.GeneratedMethodAccessor25.invoke(Unknown Source)&#xa;	at java.base/jdk.internal.reflect.DelegatingMethodAccessorImpl.invoke(DelegatingMethodAccessorImpl.java:43)&#xa;	at com.kms.katalon.core.keyword.internal.KeywordMain.runKeyword(KeywordMain.groovy:90)&#xa;	... 23 more&#xa;Caused by: org.openqa.selenium.NoSuchElementException: An element could not be located on the page using the given search parameters. (WARNING: The server did not provide any stacktrace information)&#xa;Command duration or timeout: 0 milliseconds&#xa;For documentation on this error, please visit: https://www.seleniumhq.org/exceptions/no_such_element.html&#xa;Build info: version: '3.141.59', revision: 'e82be7d358', time: '2018-11-14T08:25:53'&#xa;System info: host: 'NB-BARCIK', ip: '192.168.0.163', os.name: 'Windows 11', os.arch: 'amd64', os.version: '10.0', java.version: '17.0.7'&#xa;Driver info: io.appium.java_client.windows.WindowsDriver&#xa;Capabilities {app: C:\Program Files\Microsoft ..., javascriptEnabled: true, platform: WINDOWS, platformName: WINDOWS}&#xa;Session ID: EA0B7817-712C-4FE5-AC55-F477ED924BF0&#xa;*** Element info: {Using=xpath, value=//Window/Pane[1]/ToolBar[1]/Pane[1]/Pane[1]/Pane[1]/Pane[1]/Tab[1]/TabItem[1]}&#xa;	at jdk.internal.reflect.GeneratedConstructorAccessor41.newInstance(Unknown Source)&#xa;	at java.base/jdk.internal.reflect.DelegatingConstructorAccessorImpl.newInstance(DelegatingConstructorAccessorImpl.java:45)&#xa;	at org.openqa.selenium.remote.ErrorHandler.createThrowable(ErrorHandler.java:214)&#xa;	at org.openqa.selenium.remote.ErrorHandler.throwIfResponseFailed(ErrorHandler.java:166)&#xa;	at org.openqa.selenium.remote.http.JsonHttpResponseCodec.reconstructValue(JsonHttpResponseCodec.java:40)&#xa;	at org.openqa.selenium.remote.http.AbstractHttpResponseCodec.decode(AbstractHttpResponseCodec.java:80)&#xa;	at org.openqa.selenium.remote.http.AbstractHttpResponseCodec.decode(AbstractHttpResponseCodec.java:44)&#xa;	at org.openqa.selenium.remote.HttpCommandExecutor.execute(HttpCommandExecutor.java:158)&#xa;	at io.appium.java_client.remote.AppiumCommandExecutor.execute(AppiumCommandExecutor.java:239)&#xa;	at org.openqa.selenium.remote.RemoteWebDriver.execute(RemoteWebDriver.java:552)&#xa;	at io.appium.java_client.DefaultGenericMobileDriver.execute(DefaultGenericMobileDriver.java:42)&#xa;	at io.appium.java_client.AppiumDriver.execute(AppiumDriver.java:1)&#xa;	at io.appium.java_client.windows.WindowsDriver.execute(WindowsDriver.java:1)&#xa;	at org.openqa.selenium.remote.RemoteWebDriver.findElement(RemoteWebDriver.java:323)&#xa;	at io.appium.java_client.DefaultGenericMobileDriver.findElement(DefaultGenericMobileDriver.java:62)&#xa;	at io.appium.java_client.AppiumDriver.findElement(AppiumDriver.java:1)&#xa;	at io.appium.java_client.windows.WindowsDriver.findElement(WindowsDriver.java:1)&#xa;	at org.openqa.selenium.remote.RemoteWebDriver.findElementByXPath(RemoteWebDriver.java:428)&#xa;	at io.appium.java_client.DefaultGenericMobileDriver.findElementByXPath(DefaultGenericMobileDriver.java:152)&#xa;	at io.appium.java_client.AppiumDriver.findElementByXPath(AppiumDriver.java:1)&#xa;	at io.appium.java_client.windows.WindowsDriver.findElementByXPath(WindowsDriver.java:1)&#xa;	at com.kms.katalon.core.windows.keyword.helper.WindowsActionHelper$1.apply(WindowsActionHelper.java:136)&#xa;	at com.kms.katalon.core.windows.keyword.helper.WindowsActionHelper$1.apply(WindowsActionHelper.java:1)&#xa;	at org.openqa.selenium.support.ui.FluentWait.until(FluentWait.java:249)&#xa;	... 33 more&#xa;"/>
         <system-out><![CDATA[17-04-2024T15:10:56 - [TEST_CASE][FAILED] - Test Cases/Pozicky B/PozickaB_399079: Test Cases/Pozicky B/PozickaB_399079 FAILED.
Reason:
com.kms.katalon.core.exception.StepFailedException: Expected condition failed: waiting for com.kms.katalon.core.windows.keyword.helper.WindowsActionHelper$1@5567591e (tried for 30 second(s) with 50 milliseconds interval) (Root cause: org.openqa.selenium.TimeoutException: Expected condition failed: waiting for com.kms.katalon.core.windows.keyword.helper.WindowsActionHelper$1@5567591e (tried for 30 second(s) with 50 milliseconds interval)
	at org.openqa.selenium.support.ui.FluentWait.timeoutException(FluentWait.java:304)
	at org.openqa.selenium.support.ui.FluentWait.until(FluentWait.java:272)
	at com.kms.katalon.core.windows.keyword.helper.WindowsActionHelper.findElement(WindowsActionHelper.java:120)
	at com.kms.katalon.core.windows.keyword.helper.WindowsActionHelper.findElement(WindowsActionHelper.java:77)
	at com.kms.katalon.core.windows.keyword.helper.WindowsActionHelper.findElement(WindowsActionHelper.java:69)
	at com.kms.katalon.core.windows.keyword.helper.WindowsActionHelper.click(WindowsActionHelper.java:248)
	at com.kms.katalon.core.windows.keyword.helper.WindowsActionHelper$click$3.call(Unknown Source)
	at com.kms.katalon.core.windows.keyword.builtin.ClickKeyword$_click_closure1.doCall(ClickKeyword.groovy:43)
	at com.kms.katalon.core.windows.keyword.builtin.ClickKeyword$_click_closure1.doCall(ClickKeyword.groovy)
	at jdk.internal.reflect.GeneratedMethodAccessor25.invoke(Unknown Source)
	at java.base/jdk.internal.reflect.DelegatingMethodAccessorImpl.invoke(DelegatingMethodAccessorImpl.java:43)
	at com.kms.katalon.core.keyword.internal.KeywordMain.runKeyword(KeywordMain.groovy:90)
	at com.kms.katalon.core.keyword.internal.KeywordMain$runKeyword.call(Unknown Source)
	at com.kms.katalon.core.windows.keyword.builtin.ClickKeyword.click(ClickKeyword.groovy:37)
	at com.kms.katalon.core.windows.keyword.builtin.ClickKeyword$click.callCurrent(Unknown Source)
	at com.kms.katalon.core.windows.keyword.builtin.ClickKeyword.execute(ClickKeyword.groovy:33)
	at com.kms.katalon.core.keyword.internal.KeywordExecutor.executeKeywordForPlatform(KeywordExecutor.groovy:74)
	at com.kms.katalon.core.windows.keyword.WindowsBuiltinKeywords.click(WindowsBuiltinKeywords.java:72)
	at PozickaB_399079.kontrolaMailu(PozickaB_399079:213)
	at PozickaB_399079.run(PozickaB_399079:204)
	at com.kms.katalon.core.main.ScriptEngine.run(ScriptEngine.java:194)
	at com.kms.katalon.core.main.ScriptEngine.runScriptAsRawText(ScriptEngine.java:119)
	at com.kms.katalon.core.main.TestCaseExecutor.runScript(TestCaseExecutor.java:448)
	at com.kms.katalon.core.main.TestCaseExecutor.doExecute(TestCaseExecutor.java:439)
	at com.kms.katalon.core.main.TestCaseExecutor.processExecutionPhase(TestCaseExecutor.java:418)
	at com.kms.katalon.core.main.TestCaseExecutor.accessMainPhase(TestCaseExecutor.java:410)
	at com.kms.katalon.core.main.TestCaseExecutor.execute(TestCaseExecutor.java:285)
	at com.kms.katalon.core.common.CommonExecutor.accessTestCaseMainPhase(CommonExecutor.java:65)
	at com.kms.katalon.core.main.TestSuiteExecutor.accessTestSuiteMainPhase(TestSuiteExecutor.java:150)
	at com.kms.katalon.core.main.TestSuiteExecutor.execute(TestSuiteExecutor.java:106)
	at com.kms.katalon.core.main.TestCaseMain.startTestSuite(TestCaseMain.java:180)
	at TempTestSuite1713358848413.run(TempTestSuite1713358848413.groovy:35)
	at java.base/jdk.internal.reflect.NativeMethodAccessorImpl.invoke0(Native Method)
	at java.base/jdk.internal.reflect.NativeMethodAccessorImpl.invoke(NativeMethodAccessorImpl.java:77)
	at java.base/jdk.internal.reflect.DelegatingMethodAccessorImpl.invoke(DelegatingMethodAccessorImpl.java:43)
Caused by: org.openqa.selenium.NoSuchElementException: An element could not be located on the page using the given search parameters. (WARNING: The server did not provide any stacktrace information)
Command duration or timeout: 0 milliseconds
For documentation on this error, please visit: https://www.seleniumhq.org/exceptions/no_such_element.html
Build info: version: '3.141.59', revision: 'e82be7d358', time: '2018-11-14T08:25:53'
System info: host: 'NB-BARCIK', ip: '192.168.0.163', os.name: 'Windows 11', os.arch: 'amd64', os.version: '10.0', java.version: '17.0.7'
Driver info: io.appium.java_client.windows.WindowsDriver
Capabilities {app: C:\Program Files\Microsoft ..., javascriptEnabled: true, platform: WINDOWS, platformName: WINDOWS}
Session ID: EA0B7817-712C-4FE5-AC55-F477ED924BF0
*** Element info: {Using=xpath, value=//Window/Pane[1]/ToolBar[1]/Pane[1]/Pane[1]/Pane[1]/Pane[1]/Tab[1]/TabItem[1]}
	at jdk.internal.reflect.GeneratedConstructorAccessor41.newInstance(Unknown Source)
	at java.base/jdk.internal.reflect.DelegatingConstructorAccessorImpl.newInstance(DelegatingConstructorAccessorImpl.java:45)
	at org.openqa.selenium.remote.ErrorHandler.createThrowable(ErrorHandler.java:214)
	at org.openqa.selenium.remote.ErrorHandler.throwIfResponseFailed(ErrorHandler.java:166)
	at org.openqa.selenium.remote.http.JsonHttpResponseCodec.reconstructValue(JsonHttpResponseCodec.java:40)
	at org.openqa.selenium.remote.http.AbstractHttpResponseCodec.decode(AbstractHttpResponseCodec.java:80)
	at org.openqa.selenium.remote.http.AbstractHttpResponseCodec.decode(AbstractHttpResponseCodec.java:44)
	at org.openqa.selenium.remote.HttpCommandExecutor.execute(HttpCommandExecutor.java:158)
	at io.appium.java_client.remote.AppiumCommandExecutor.execute(AppiumCommandExecutor.java:239)
	at org.openqa.selenium.remote.RemoteWebDriver.execute(RemoteWebDriver.java:552)
	at io.appium.java_client.DefaultGenericMobileDriver.execute(DefaultGenericMobileDriver.java:42)
	at io.appium.java_client.AppiumDriver.execute(AppiumDriver.java:1)
	at io.appium.java_client.windows.WindowsDriver.execute(WindowsDriver.java:1)
	at org.openqa.selenium.remote.RemoteWebDriver.findElement(RemoteWebDriver.java:323)
	at io.appium.java_client.DefaultGenericMobileDriver.findElement(DefaultGenericMobileDriver.java:62)
	at io.appium.java_client.AppiumDriver.findElement(AppiumDriver.java:1)
	at io.appium.java_client.windows.WindowsDriver.findElement(WindowsDriver.java:1)
	at org.openqa.selenium.remote.RemoteWebDriver.findElementByXPath(RemoteWebDriver.java:428)
	at io.appium.java_client.DefaultGenericMobileDriver.findElementByXPath(DefaultGenericMobileDriver.java:152)
	at io.appium.java_client.AppiumDriver.findElementByXPath(AppiumDriver.java:1)
	at io.appium.java_client.windows.WindowsDriver.findElementByXPath(WindowsDriver.java:1)
	at com.kms.katalon.core.windows.keyword.helper.WindowsActionHelper$1.apply(WindowsActionHelper.java:136)
	at com.kms.katalon.core.windows.keyword.helper.WindowsActionHelper$1.apply(WindowsActionHelper.java:1)
	at org.openqa.selenium.support.ui.FluentWait.until(FluentWait.java:249)
	at com.kms.katalon.core.windows.keyword.helper.WindowsActionHelper.findElement(WindowsActionHelper.java:120)
	at com.kms.katalon.core.windows.keyword.helper.WindowsActionHelper.findElement(WindowsActionHelper.java:77)
	at com.kms.katalon.core.windows.keyword.helper.WindowsActionHelper.findElement(WindowsActionHelper.java:69)
	at com.kms.katalon.core.windows.keyword.helper.WindowsActionHelper.click(WindowsActionHelper.java:248)
	at com.kms.katalon.core.windows.keyword.helper.WindowsActionHelper$click$3.call(Unknown Source)
	at com.kms.katalon.core.windows.keyword.builtin.ClickKeyword$_click_closure1.doCall(ClickKeyword.groovy:43)
	at com.kms.katalon.core.windows.keyword.builtin.ClickKeyword$_click_closure1.doCall(ClickKeyword.groovy)
	at jdk.internal.reflect.GeneratedMethodAccessor25.invoke(Unknown Source)
	at java.base/jdk.internal.reflect.DelegatingMethodAccessorImpl.invoke(DelegatingMethodAccessorImpl.java:43)
	at com.kms.katalon.core.keyword.internal.KeywordMain.runKeyword(KeywordMain.groovy:90)
	at com.kms.katalon.core.keyword.internal.KeywordMain$runKeyword.call(Unknown Source)
	at com.kms.katalon.core.windows.keyword.builtin.ClickKeyword.click(ClickKeyword.groovy:37)
	at com.kms.katalon.core.windows.keyword.builtin.ClickKeyword$click.callCurrent(Unknown Source)
	at com.kms.katalon.core.windows.keyword.builtin.ClickKeyword.execute(ClickKeyword.groovy:33)
	at com.kms.katalon.core.keyword.internal.KeywordExecutor.executeKeywordForPlatform(KeywordExecutor.groovy:74)
	at com.kms.katalon.core.windows.keyword.WindowsBuiltinKeywords.click(WindowsBuiltinKeywords.java:72)
	at Script1712920680900.kontrolaMailu(Script1712920680900.groovy:213)
	at Script1712920680900.run(Script1712920680900.groovy:204)
	... 15 more
)
	at com.kms.katalon.core.keyword.internal.KeywordMain.stepFailed(KeywordMain.groovy:51)
	at com.kms.katalon.core.keyword.internal.KeywordMain.stepFailed(KeywordMain.groovy)
	at com.kms.katalon.core.keyword.internal.KeywordMain.runKeyword(KeywordMain.groovy:92)
	at com.kms.katalon.core.keyword.internal.KeywordMain$runKeyword.call(Unknown Source)
	at com.kms.katalon.core.windows.keyword.builtin.ClickKeyword.click(ClickKeyword.groovy:37)
	at com.kms.katalon.core.windows.keyword.builtin.ClickKeyword$click.callCurrent(Unknown Source)
	at com.kms.katalon.core.windows.keyword.builtin.ClickKeyword.execute(ClickKeyword.groovy:33)
	at com.kms.katalon.core.keyword.internal.KeywordExecutor.executeKeywordForPlatform(KeywordExecutor.groovy:74)
	at com.kms.katalon.core.windows.keyword.WindowsBuiltinKeywords.click(WindowsBuiltinKeywords.java:72)
	at PozickaB_399079.kontrolaMailu(PozickaB_399079:213)
	at PozickaB_399079.run(PozickaB_399079:204)
	at com.kms.katalon.core.main.ScriptEngine.run(ScriptEngine.java:194)
	at com.kms.katalon.core.main.ScriptEngine.runScriptAsRawText(ScriptEngine.java:119)
	at com.kms.katalon.core.main.TestCaseExecutor.runScript(TestCaseExecutor.java:448)
	at com.kms.katalon.core.main.TestCaseExecutor.doExecute(TestCaseExecutor.java:439)
	at com.kms.katalon.core.main.TestCaseExecutor.processExecutionPhase(TestCaseExecutor.java:418)
	at com.kms.katalon.core.main.TestCaseExecutor.accessMainPhase(TestCaseExecutor.java:410)
	at com.kms.katalon.core.main.TestCaseExecutor.execute(TestCaseExecutor.java:285)
	at com.kms.katalon.core.common.CommonExecutor.accessTestCaseMainPhase(CommonExecutor.java:65)
	at com.kms.katalon.core.main.TestSuiteExecutor.accessTestSuiteMainPhase(TestSuiteExecutor.java:150)
	at com.kms.katalon.core.main.TestSuiteExecutor.execute(TestSuiteExecutor.java:106)
	at com.kms.katalon.core.main.TestCaseMain.startTestSuite(TestCaseMain.java:180)
	at TempTestSuite1713358848413.run(TempTestSuite1713358848413.groovy:35)
	at java.base/jdk.internal.reflect.NativeMethodAccessorImpl.invoke0(Native Method)
	at java.base/jdk.internal.reflect.NativeMethodAccessorImpl.invoke(NativeMethodAccessorImpl.java:77)
	at java.base/jdk.internal.reflect.DelegatingMethodAccessorImpl.invoke(DelegatingMethodAccessorImpl.java:43)
Caused by: org.openqa.selenium.TimeoutException: Expected condition failed: waiting for com.kms.katalon.core.windows.keyword.helper.WindowsActionHelper$1@5567591e (tried for 30 second(s) with 50 milliseconds interval)
	at org.openqa.selenium.support.ui.FluentWait.timeoutException(FluentWait.java:304)
	at org.openqa.selenium.support.ui.FluentWait.until(FluentWait.java:272)
	at com.kms.katalon.core.windows.keyword.helper.WindowsActionHelper.findElement(WindowsActionHelper.java:120)
	at com.kms.katalon.core.windows.keyword.helper.WindowsActionHelper.findElement(WindowsActionHelper.java:77)
	at com.kms.katalon.core.windows.keyword.helper.WindowsActionHelper.findElement(WindowsActionHelper.java:69)
	at com.kms.katalon.core.windows.keyword.helper.WindowsActionHelper.click(WindowsActionHelper.java:248)
	at com.kms.katalon.core.windows.keyword.helper.WindowsActionHelper$click$3.call(Unknown Source)
	at com.kms.katalon.core.windows.keyword.builtin.ClickKeyword$_click_closure1.doCall(ClickKeyword.groovy:43)
	at com.kms.katalon.core.windows.keyword.builtin.ClickKeyword$_click_closure1.doCall(ClickKeyword.groovy)
	at jdk.internal.reflect.GeneratedMethodAccessor25.invoke(Unknown Source)
	at java.base/jdk.internal.reflect.DelegatingMethodAccessorImpl.invoke(DelegatingMethodAccessorImpl.java:43)
	at com.kms.katalon.core.keyword.internal.KeywordMain.runKeyword(KeywordMain.groovy:90)
	... 23 more
Caused by: org.openqa.selenium.NoSuchElementException: An element could not be located on the page using the given search parameters. (WARNING: The server did not provide any stacktrace information)
Command duration or timeout: 0 milliseconds
For documentation on this error, please visit: https://www.seleniumhq.org/exceptions/no_such_element.html
Build info: version: '3.141.59', revision: 'e82be7d358', time: '2018-11-14T08:25:53'
System info: host: 'NB-BARCIK', ip: '192.168.0.163', os.name: 'Windows 11', os.arch: 'amd64', os.version: '10.0', java.version: '17.0.7'
Driver info: io.appium.java_client.windows.WindowsDriver
Capabilities {app: C:\Program Files\Microsoft ..., javascriptEnabled: true, platform: WINDOWS, platformName: WINDOWS}
Session ID: EA0B7817-712C-4FE5-AC55-F477ED924BF0
*** Element info: {Using=xpath, value=//Window/Pane[1]/ToolBar[1]/Pane[1]/Pane[1]/Pane[1]/Pane[1]/Tab[1]/TabItem[1]}
	at jdk.internal.reflect.GeneratedConstructorAccessor41.newInstance(Unknown Source)
	at java.base/jdk.internal.reflect.DelegatingConstructorAccessorImpl.newInstance(DelegatingConstructorAccessorImpl.java:45)
	at org.openqa.selenium.remote.ErrorHandler.createThrowable(ErrorHandler.java:214)
	at org.openqa.selenium.remote.ErrorHandler.throwIfResponseFailed(ErrorHandler.java:166)
	at org.openqa.selenium.remote.http.JsonHttpResponseCodec.reconstructValue(JsonHttpResponseCodec.java:40)
	at org.openqa.selenium.remote.http.AbstractHttpResponseCodec.decode(AbstractHttpResponseCodec.java:80)
	at org.openqa.selenium.remote.http.AbstractHttpResponseCodec.decode(AbstractHttpResponseCodec.java:44)
	at org.openqa.selenium.remote.HttpCommandExecutor.execute(HttpCommandExecutor.java:158)
	at io.appium.java_client.remote.AppiumCommandExecutor.execute(AppiumCommandExecutor.java:239)
	at org.openqa.selenium.remote.RemoteWebDriver.execute(RemoteWebDriver.java:552)
	at io.appium.java_client.DefaultGenericMobileDriver.execute(DefaultGenericMobileDriver.java:42)
	at io.appium.java_client.AppiumDriver.execute(AppiumDriver.java:1)
	at io.appium.java_client.windows.WindowsDriver.execute(WindowsDriver.java:1)
	at org.openqa.selenium.remote.RemoteWebDriver.findElement(RemoteWebDriver.java:323)
	at io.appium.java_client.DefaultGenericMobileDriver.findElement(DefaultGenericMobileDriver.java:62)
	at io.appium.java_client.AppiumDriver.findElement(AppiumDriver.java:1)
	at io.appium.java_client.windows.WindowsDriver.findElement(WindowsDriver.java:1)
	at org.openqa.selenium.remote.RemoteWebDriver.findElementByXPath(RemoteWebDriver.java:428)
	at io.appium.java_client.DefaultGenericMobileDriver.findElementByXPath(DefaultGenericMobileDriver.java:152)
	at io.appium.java_client.AppiumDriver.findElementByXPath(AppiumDriver.java:1)
	at io.appium.java_client.windows.WindowsDriver.findElementByXPath(WindowsDriver.java:1)
	at com.kms.katalon.core.windows.keyword.helper.WindowsActionHelper$1.apply(WindowsActionHelper.java:136)
	at com.kms.katalon.core.windows.keyword.helper.WindowsActionHelper$1.apply(WindowsActionHelper.java:1)
	at org.openqa.selenium.support.ui.FluentWait.until(FluentWait.java:249)
	... 33 more


17-04-2024T15:10:56 - [TEST_STEP][PASSED] - openBrowser(""): Browser is opened with url: ''

17-04-2024T15:10:56 - [MESSAGE][INFO] - Starting 'Chrome' driver

17-04-2024T15:10:56 - [MESSAGE][INFO] - User set preference: ['prefs', '{protocol_handler={allowed_origin_protocol_pairs={https://es-test.minedu.sk={ditec-dlauncher=true}}}}']

17-04-2024T15:10:56 - [MESSAGE][INFO] - Action delay is set to 0 milliseconds

17-04-2024T15:10:58 - [MESSAGE][PASSED] - Browser is opened with url: ''

17-04-2024T15:10:58 - [TEST_STEP][PASSED] - navigateToUrl("https://es-test.minedu.sk/"): Navigate to 'https://es-test.minedu.sk/' successfully

17-04-2024T15:11:02 - [MESSAGE][PASSED] - Navigate to 'https://es-test.minedu.sk/' successfully

17-04-2024T15:11:02 - [TEST_STEP][PASSED] - maximizeWindow(): Current window maximized

17-04-2024T15:11:02 - [MESSAGE][PASSED] - Current window maximized

17-04-2024T15:11:02 - [TEST_STEP][PASSED] - click(findTestObject("Object Repository/Page_Portl elektronickch sluieb regionlneho_9bdbd3/a_Shlasm")): Object: 'Object Repository/Page_Portl elektronickch sluieb regionlneho_9bdbd3/a_Shlasm' is clicked on

17-04-2024T15:11:04 - [MESSAGE][PASSED] - Object: 'Object Repository/Page_Portl elektronickch sluieb regionlneho_9bdbd3/a_Shlasm' is clicked on

17-04-2024T15:11:04 - [TEST_STEP][PASSED] - click(findTestObject("Object Repository/Page_Portl elektronickch sluieb regionlneho_9bdbd3/a_Prihlsi sa")): Object: 'Object Repository/Page_Portl elektronickch sluieb regionlneho_9bdbd3/a_Prihlsi sa' is clicked on

17-04-2024T15:11:09 - [MESSAGE][PASSED] - Object: 'Object Repository/Page_Portl elektronickch sluieb regionlneho_9bdbd3/a_Prihlsi sa' is clicked on

17-04-2024T15:11:09 - [TEST_STEP][PASSED] - click(findTestObject("Object Repository/Page_Spsoby prihlsenia sa na portl - Iam.Web/div_Registranho formulra_icon")): Object: 'Object Repository/Page_Spsoby prihlsenia sa na portl - Iam.Web/div_Registranho formulra_icon' is clicked on

17-04-2024T15:11:10 - [MESSAGE][PASSED] - Object: 'Object Repository/Page_Spsoby prihlsenia sa na portl - Iam.Web/div_Registranho formulra_icon' is clicked on

17-04-2024T15:11:10 - [TEST_STEP][PASSED] - setText(findTestObject("Object Repository/Page_Identifiktor a heslo fyzickej osoby - Iam.Web/input_Zadajte svoj identifiktor_DomainName"), "930382290"): Text '930382290' is set on object 'Object Repository/Page_Identifiktor a heslo fyzickej osoby - Iam.Web/input_Zadajte svoj identifiktor_DomainName'

17-04-2024T15:11:11 - [MESSAGE][PASSED] - Text '930382290' is set on object 'Object Repository/Page_Identifiktor a heslo fyzickej osoby - Iam.Web/input_Zadajte svoj identifiktor_DomainName'

17-04-2024T15:11:11 - [TEST_STEP][PASSED] - setEncryptedText(findTestObject("Object Repository/Page_Identifiktor a heslo fyzickej osoby - Iam.Web/input_Zadajte svoje prihlasovacie heslo_Password"), "U8nf8IyamTpUg019is4peg=="): Text ****** has been set on object 'Object Repository/Page_Identifiktor a heslo fyzickej osoby - Iam.Web/input_Zadajte svoje prihlasovacie heslo_Password'

17-04-2024T15:11:11 - [MESSAGE][PASSED] - Text ****** has been set on object 'Object Repository/Page_Identifiktor a heslo fyzickej osoby - Iam.Web/input_Zadajte svoje prihlasovacie heslo_Password'

17-04-2024T15:11:11 - [TEST_STEP][PASSED] - click(findTestObject("Object Repository/Page_Identifiktor a heslo fyzickej osoby - Iam.Web/input_Zabudnut heslo_btn-continue")): Object: 'Object Repository/Page_Identifiktor a heslo fyzickej osoby - Iam.Web/input_Zabudnut heslo_btn-continue' is clicked on

17-04-2024T15:11:15 - [MESSAGE][PASSED] - Object: 'Object Repository/Page_Identifiktor a heslo fyzickej osoby - Iam.Web/input_Zabudnut heslo_btn-continue' is clicked on

17-04-2024T15:11:15 - [TEST_STEP][PASSED] - click(findTestObject("Object Repository/Page_Portl elektronickch sluieb regionlneho_9bdbd3/a_tudent")): Object: 'Object Repository/Page_Portl elektronickch sluieb regionlneho_9bdbd3/a_tudent' is clicked on

17-04-2024T15:11:17 - [MESSAGE][PASSED] - Object: 'Object Repository/Page_Portl elektronickch sluieb regionlneho_9bdbd3/a_tudent' is clicked on

17-04-2024T15:11:17 - [TEST_STEP][PASSED] - click(findTestObject("Object Repository/Page_Elektronick sluby pre tudentov  Elektr_37b4bf/a_Podvanie iadosti o piku pre tudentov z Fo_135f09")): Object: 'Object Repository/Page_Elektronick sluby pre tudentov  Elektr_37b4bf/a_Podvanie iadosti o piku pre tudentov z Fo_135f09' is clicked on

17-04-2024T15:11:19 - [MESSAGE][PASSED] - Object: 'Object Repository/Page_Elektronick sluby pre tudentov  Elektr_37b4bf/a_Podvanie iadosti o piku pre tudentov z Fo_135f09' is clicked on

17-04-2024T15:11:19 - [TEST_STEP][PASSED] - click(findTestObject("Object Repository/Page_Podvanie iadosti o piku pre tudentov z_37fe9e/a_Prejs na iados o piku (bez zabezpeenia ruiteom)")): Object: 'Object Repository/Page_Podvanie iadosti o piku pre tudentov z_37fe9e/a_Prejs na iados o piku (bez zabezpeenia ruiteom)' is clicked on

17-04-2024T15:11:22 - [MESSAGE][PASSED] - Object: 'Object Repository/Page_Podvanie iadosti o piku pre tudentov z_37fe9e/a_Prejs na iados o piku (bez zabezpeenia ruiteom)' is clicked on

17-04-2024T15:11:22 - [TEST_STEP][PASSED] - waitForElementVisible(findTestObject("Object Repository/Page_Formulr iadosti o piku (bez zabezpeeni_2a8278/span_ESRVS-2024-2148"), 0): Object 'Object Repository/Page_Formulr iadosti o piku (bez zabezpeeni_2a8278/span_ESRVS-2024-2148' is visible

17-04-2024T15:11:22 - [MESSAGE][WARNING] - Timeout '0' is invalid. Using default page load timeout: '30'

17-04-2024T15:11:40 - [MESSAGE][PASSED] - Object 'Object Repository/Page_Formulr iadosti o piku (bez zabezpeeni_2a8278/span_ESRVS-2024-2148' is visible

17-04-2024T15:11:40 - [TEST_STEP][PASSED] - identifikator = getText(findTestObject("Object Repository/Page_Formulr iadosti o piku (bez zabezpeeni_2a8278/span_ESRVS-2024-2148")): Text of object 'Object Repository/Page_Formulr iadosti o piku (bez zabezpeeni_2a8278/span_ESRVS-2024-2148' is: 'ESRVS-2024-2241'

17-04-2024T15:11:40 - [MESSAGE][PASSED] - Text of object 'Object Repository/Page_Formulr iadosti o piku (bez zabezpeeni_2a8278/span_ESRVS-2024-2148' is: 'ESRVS-2024-2241'

17-04-2024T15:11:40 - [TEST_STEP][PASSED] - verifyElementText(findTestObject("Object Repository/Page_Formulr iadosti o piku (bez zabezpeeni_2a8278/span_ESRVS-2024-2148"), identifikator, OPTIONAL): Actual text and expected text of test object 'Object Repository/Page_Formulr iadosti o piku (bez zabezpeeni_2a8278/span_ESRVS-2024-2148' are matched.

17-04-2024T15:11:41 - [MESSAGE][PASSED] - Actual text and expected text of test object 'Object Repository/Page_Formulr iadosti o piku (bez zabezpeeni_2a8278/span_ESRVS-2024-2148' are matched.

17-04-2024T15:11:41 - [TEST_STEP][PASSED] - setText(findTestObject("Object Repository/Page_Formulr iadosti o piku (bez zabezpeeni_2a8278/input_Zadajte PS trvalho pobytu_UI_V_ZP_in__f1f09d"), "05687"): Text '05687' is set on object 'Object Repository/Page_Formulr iadosti o piku (bez zabezpeeni_2a8278/input_Zadajte PS trvalho pobytu_UI_V_ZP_in__f1f09d'

17-04-2024T15:11:41 - [MESSAGE][PASSED] - Text '05687' is set on object 'Object Repository/Page_Formulr iadosti o piku (bez zabezpeeni_2a8278/input_Zadajte PS trvalho pobytu_UI_V_ZP_in__f1f09d'

17-04-2024T15:11:41 - [TEST_STEP][PASSED] - setText(findTestObject("Object Repository/Page_Formulr iadosti o piku (bez zabezpeeni_2a8278/input_Zadajte kontaktn e-mailov adresu_UI_V_aee6cc"), "barcik@ditec.sk"): Text 'barcik@ditec.sk' is set on object 'Object Repository/Page_Formulr iadosti o piku (bez zabezpeeni_2a8278/input_Zadajte kontaktn e-mailov adresu_UI_V_aee6cc'

17-04-2024T15:11:42 - [MESSAGE][PASSED] - Text 'barcik@ditec.sk' is set on object 'Object Repository/Page_Formulr iadosti o piku (bez zabezpeeni_2a8278/input_Zadajte kontaktn e-mailov adresu_UI_V_aee6cc'

17-04-2024T15:11:42 - [TEST_STEP][PASSED] - setText(findTestObject("Object Repository/Page_Formulr iadosti o piku (bez zabezpeeni_2a8278/input_Zadajte najvy zskan titul (v prpade v_aad6cd"), "Ing."): Text 'Ing.' is set on object 'Object Repository/Page_Formulr iadosti o piku (bez zabezpeeni_2a8278/input_Zadajte najvy zskan titul (v prpade v_aad6cd'

17-04-2024T15:11:43 - [MESSAGE][PASSED] - Text 'Ing.' is set on object 'Object Repository/Page_Formulr iadosti o piku (bez zabezpeeni_2a8278/input_Zadajte najvy zskan titul (v prpade v_aad6cd'

17-04-2024T15:11:43 - [TEST_STEP][PASSED] - setText(findTestObject("Object Repository/Page_Formulr iadosti o piku (bez zabezpeeni_2a8278/input_Zadajte telefnne slo vrtane medzinrod_dbbd6c"), "+421950654789"): Text '+421950654789' is set on object 'Object Repository/Page_Formulr iadosti o piku (bez zabezpeeni_2a8278/input_Zadajte telefnne slo vrtane medzinrod_dbbd6c'

17-04-2024T15:11:44 - [MESSAGE][PASSED] - Text '+421950654789' is set on object 'Object Repository/Page_Formulr iadosti o piku (bez zabezpeeni_2a8278/input_Zadajte telefnne slo vrtane medzinrod_dbbd6c'

17-04-2024T15:11:44 - [TEST_STEP][PASSED] - click(findTestObject("Object Repository/Page_Formulr iadosti o piku (bez zabezpeeni_2a8278/button_Pokraova")): Object: 'Object Repository/Page_Formulr iadosti o piku (bez zabezpeeni_2a8278/button_Pokraova' is clicked on

17-04-2024T15:11:44 - [MESSAGE][PASSED] - Object: 'Object Repository/Page_Formulr iadosti o piku (bez zabezpeeni_2a8278/button_Pokraova' is clicked on

17-04-2024T15:11:44 - [TEST_STEP][PASSED] - selectOptionByValue(findTestObject("Object Repository/Page_Formulr iadosti o piku (bez zabezpeeni_2a8278/select_Hlavn                               _477f09"), "1", true): All options with value '1' are selected in object 'Object Repository/Page_Formulr iadosti o piku (bez zabezpeeni_2a8278/select_Hlavn                               _477f09'  using regular expression

17-04-2024T15:11:45 - [MESSAGE][PASSED] - All options with value '1' are selected in object 'Object Repository/Page_Formulr iadosti o piku (bez zabezpeeni_2a8278/select_Hlavn                               _477f09'  using regular expression

17-04-2024T15:11:45 - [TEST_STEP][PASSED] - selectOptionByValue(findTestObject("Page_Formulr iadosti o piku (bez zabezpeeni_2a8278/select_Hlavn2"), "2", false): All options with value '2' are selected in object 'Object Repository/Page_Formulr iadosti o piku (bez zabezpeeni_2a8278/select_Hlavn2' 

17-04-2024T15:11:46 - [MESSAGE][PASSED] - All options with value '2' are selected in object 'Object Repository/Page_Formulr iadosti o piku (bez zabezpeeni_2a8278/select_Hlavn2' 

17-04-2024T15:11:46 - [TEST_STEP][PASSED] - click(findTestObject("Object Repository/Page_Formulr iadosti o piku (bez zabezpeeni_2a8278/button_Uloi")): Object: 'Object Repository/Page_Formulr iadosti o piku (bez zabezpeeni_2a8278/button_Uloi' is clicked on

17-04-2024T15:11:46 - [MESSAGE][PASSED] - Object: 'Object Repository/Page_Formulr iadosti o piku (bez zabezpeeni_2a8278/button_Uloi' is clicked on

17-04-2024T15:11:46 - [TEST_STEP][PASSED] - selectOptionByValue(findTestObject("Object Repository/Page_Formulr iadosti o piku (bez zabezpeeni_2a8278/select_Vber Fakulta priemyselnch technolgi _aa995f"), "400000105", true): All options with value '400000105' are selected in object 'Object Repository/Page_Formulr iadosti o piku (bez zabezpeeni_2a8278/select_Vber Fakulta priemyselnch technolgi _aa995f'  using regular expression

17-04-2024T15:11:47 - [MESSAGE][PASSED] - All options with value '400000105' are selected in object 'Object Repository/Page_Formulr iadosti o piku (bez zabezpeeni_2a8278/select_Vber Fakulta priemyselnch technolgi _aa995f'  using regular expression

17-04-2024T15:11:47 - [TEST_STEP][PASSED] - verifyElementPresent(findTestObject("Object Repository/Page_Formulr iadosti o piku (bez zabezpeeni_2a8278/input_Zadajte adresu koly_UI_V_ZP_in_SkolaS_4fb274"), 0, OPTIONAL): Object 'Object Repository/Page_Formulr iadosti o piku (bez zabezpeeni_2a8278/input_Zadajte adresu koly_UI_V_ZP_in_SkolaS_4fb274' is present

17-04-2024T15:11:48 - [MESSAGE][WARNING] - Timeout '0' is invalid. Using default page load timeout: '30'

17-04-2024T15:11:48 - [MESSAGE][PASSED] - Object 'Object Repository/Page_Formulr iadosti o piku (bez zabezpeeni_2a8278/input_Zadajte adresu koly_UI_V_ZP_in_SkolaS_4fb274' is present

17-04-2024T15:11:48 - [TEST_STEP][PASSED] - verifyElementPresent(findTestObject("Object Repository/Page_Formulr iadosti o piku (bez zabezpeeni_2a8278/input_De_UI_V_ZP_in_SkolaSlovenska_DatumZapisu-day"), 0, OPTIONAL): Object 'Object Repository/Page_Formulr iadosti o piku (bez zabezpeeni_2a8278/input_De_UI_V_ZP_in_SkolaSlovenska_DatumZapisu-day' is present

17-04-2024T15:11:48 - [MESSAGE][WARNING] - Timeout '0' is invalid. Using default page load timeout: '30'

17-04-2024T15:11:48 - [MESSAGE][PASSED] - Object 'Object Repository/Page_Formulr iadosti o piku (bez zabezpeeni_2a8278/input_De_UI_V_ZP_in_SkolaSlovenska_DatumZapisu-day' is present

17-04-2024T15:11:48 - [TEST_STEP][PASSED] - verifyElementPresent(findTestObject("Object Repository/Page_Formulr iadosti o piku (bez zabezpeeni_2a8278/input_Mesiac_UI_V_ZP_in_SkolaSlovenska_Datu_c1c0f2"), 0, OPTIONAL): Object 'Object Repository/Page_Formulr iadosti o piku (bez zabezpeeni_2a8278/input_Mesiac_UI_V_ZP_in_SkolaSlovenska_Datu_c1c0f2' is present

17-04-2024T15:11:48 - [MESSAGE][WARNING] - Timeout '0' is invalid. Using default page load timeout: '30'

17-04-2024T15:11:48 - [MESSAGE][PASSED] - Object 'Object Repository/Page_Formulr iadosti o piku (bez zabezpeeni_2a8278/input_Mesiac_UI_V_ZP_in_SkolaSlovenska_Datu_c1c0f2' is present

17-04-2024T15:11:48 - [TEST_STEP][PASSED] - verifyElementPresent(findTestObject("Object Repository/Page_Formulr iadosti o piku (bez zabezpeeni_2a8278/input_Rok_UI_V_ZP_in_SkolaSlovenska_DatumZa_88e07d"), 0, OPTIONAL): Object 'Object Repository/Page_Formulr iadosti o piku (bez zabezpeeni_2a8278/input_Rok_UI_V_ZP_in_SkolaSlovenska_DatumZa_88e07d' is present

17-04-2024T15:11:48 - [MESSAGE][WARNING] - Timeout '0' is invalid. Using default page load timeout: '30'

17-04-2024T15:11:49 - [MESSAGE][PASSED] - Object 'Object Repository/Page_Formulr iadosti o piku (bez zabezpeeni_2a8278/input_Rok_UI_V_ZP_in_SkolaSlovenska_DatumZa_88e07d' is present

17-04-2024T15:11:49 - [TEST_STEP][PASSED] - verifyElementPresent(findTestObject("Object Repository/Page_Formulr iadosti o piku (bez zabezpeeni_2a8278/input_I. stupe_UI_V_ZP_in_SkolaSlovenska_St_7dbc3c"), 0, OPTIONAL): Object 'Object Repository/Page_Formulr iadosti o piku (bez zabezpeeni_2a8278/input_I. stupe_UI_V_ZP_in_SkolaSlovenska_St_7dbc3c' is present

17-04-2024T15:11:49 - [MESSAGE][WARNING] - Timeout '0' is invalid. Using default page load timeout: '30'

17-04-2024T15:11:49 - [MESSAGE][PASSED] - Object 'Object Repository/Page_Formulr iadosti o piku (bez zabezpeeni_2a8278/input_I. stupe_UI_V_ZP_in_SkolaSlovenska_St_7dbc3c' is present

17-04-2024T15:11:49 - [TEST_STEP][PASSED] - verifyElementPresent(findTestObject("Object Repository/Page_Formulr iadosti o piku (bez zabezpeeni_2a8278/select_1                                   _3dfe8f"), 0, OPTIONAL): Object 'Object Repository/Page_Formulr iadosti o piku (bez zabezpeeni_2a8278/select_1                                   _3dfe8f' is present

17-04-2024T15:11:49 - [MESSAGE][WARNING] - Timeout '0' is invalid. Using default page load timeout: '30'

17-04-2024T15:11:49 - [MESSAGE][PASSED] - Object 'Object Repository/Page_Formulr iadosti o piku (bez zabezpeeni_2a8278/select_1                                   _3dfe8f' is present

17-04-2024T15:11:49 - [TEST_STEP][PASSED] - click(findTestObject("Object Repository/Page_Formulr iadosti o piku (bez zabezpeeni_2a8278/input_Zobrazi detail_UI_V_ZP_in_SkolaSloven_03cebd")): Object: 'Object Repository/Page_Formulr iadosti o piku (bez zabezpeeni_2a8278/input_Zobrazi detail_UI_V_ZP_in_SkolaSloven_03cebd' is clicked on

17-04-2024T15:11:50 - [MESSAGE][PASSED] - Object: 'Object Repository/Page_Formulr iadosti o piku (bez zabezpeeni_2a8278/input_Zobrazi detail_UI_V_ZP_in_SkolaSloven_03cebd' is clicked on

17-04-2024T15:11:50 - [TEST_STEP][PASSED] - setText(findTestObject("Object Repository/Page_Formulr iadosti o piku (bez zabezpeeni_2a8278/input_Mesiac_UI_V_ZP_in_SkolaSlovenska_Datu_9c1a47"), "5"): Text '5' is set on object 'Object Repository/Page_Formulr iadosti o piku (bez zabezpeeni_2a8278/input_Mesiac_UI_V_ZP_in_SkolaSlovenska_Datu_9c1a47'

17-04-2024T15:11:50 - [MESSAGE][PASSED] - Text '5' is set on object 'Object Repository/Page_Formulr iadosti o piku (bez zabezpeeni_2a8278/input_Mesiac_UI_V_ZP_in_SkolaSlovenska_Datu_9c1a47'

17-04-2024T15:11:50 - [TEST_STEP][PASSED] - setText(findTestObject("Object Repository/Page_Formulr iadosti o piku (bez zabezpeeni_2a8278/input_Rok_UI_V_ZP_in_SkolaSlovenska_DatumSt_7956e6"), "2027"): Text '2027' is set on object 'Object Repository/Page_Formulr iadosti o piku (bez zabezpeeni_2a8278/input_Rok_UI_V_ZP_in_SkolaSlovenska_DatumSt_7956e6'

17-04-2024T15:11:51 - [MESSAGE][PASSED] - Text '2027' is set on object 'Object Repository/Page_Formulr iadosti o piku (bez zabezpeeni_2a8278/input_Rok_UI_V_ZP_in_SkolaSlovenska_DatumSt_7956e6'

17-04-2024T15:11:51 - [TEST_STEP][PASSED] - verifyElementPresent(findTestObject("Object Repository/Page_Formulr iadosti o piku (bez zabezpeeni_2a8278/input_tudujete sbene aj na inej fakulte  vy_e867b7"), 0, OPTIONAL): Object 'Object Repository/Page_Formulr iadosti o piku (bez zabezpeeni_2a8278/input_tudujete sbene aj na inej fakulte  vy_e867b7' is present

17-04-2024T15:11:51 - [MESSAGE][WARNING] - Timeout '0' is invalid. Using default page load timeout: '30'

17-04-2024T15:11:51 - [MESSAGE][PASSED] - Object 'Object Repository/Page_Formulr iadosti o piku (bez zabezpeeni_2a8278/input_tudujete sbene aj na inej fakulte  vy_e867b7' is present

17-04-2024T15:11:51 - [TEST_STEP][PASSED] - verifyElementPresent(findTestObject("Object Repository/Page_Formulr iadosti o piku (bez zabezpeeni_2a8278/select_Vber Akadmia ozbrojench sl generla M_e1eb3a"), 0, OPTIONAL): Object 'Object Repository/Page_Formulr iadosti o piku (bez zabezpeeni_2a8278/select_Vber Akadmia ozbrojench sl generla M_e1eb3a' is present

17-04-2024T15:11:51 - [MESSAGE][WARNING] - Timeout '0' is invalid. Using default page load timeout: '30'

17-04-2024T15:11:52 - [MESSAGE][PASSED] - Object 'Object Repository/Page_Formulr iadosti o piku (bez zabezpeeni_2a8278/select_Vber Akadmia ozbrojench sl generla M_e1eb3a' is present

17-04-2024T15:11:52 - [TEST_STEP][PASSED] - verifyElementPresent(findTestObject("Object Repository/Page_Formulr iadosti o piku (bez zabezpeeni_2a8278/select_Vber Evanjelick bohosloveck fakulta _9b66ac"), 0, OPTIONAL): Object 'Object Repository/Page_Formulr iadosti o piku (bez zabezpeeni_2a8278/select_Vber Evanjelick bohosloveck fakulta _9b66ac' is present

17-04-2024T15:11:52 - [MESSAGE][WARNING] - Timeout '0' is invalid. Using default page load timeout: '30'

17-04-2024T15:11:52 - [MESSAGE][PASSED] - Object 'Object Repository/Page_Formulr iadosti o piku (bez zabezpeeni_2a8278/select_Vber Evanjelick bohosloveck fakulta _9b66ac' is present

17-04-2024T15:11:52 - [TEST_STEP][PASSED] - selectOptionByValue(findTestObject("Object Repository/Page_Formulr iadosti o piku (bez zabezpeeni_2a8278/select_1                                   _4271de"), "4", true): All options with value '4' are selected in object 'Object Repository/Page_Formulr iadosti o piku (bez zabezpeeni_2a8278/select_1                                   _4271de'  using regular expression

17-04-2024T15:11:53 - [MESSAGE][PASSED] - All options with value '4' are selected in object 'Object Repository/Page_Formulr iadosti o piku (bez zabezpeeni_2a8278/select_1                                   _4271de'  using regular expression

17-04-2024T15:11:53 - [TEST_STEP][PASSED] - verifyElementPresent(findTestObject("Object Repository/Page_Formulr iadosti o piku (bez zabezpeeni_2a8278/input_II. stupe_UI_V_ZP_in_DalsieStudiumSlo_199592"), 0, OPTIONAL): Object 'Object Repository/Page_Formulr iadosti o piku (bez zabezpeeni_2a8278/input_II. stupe_UI_V_ZP_in_DalsieStudiumSlo_199592' is present

17-04-2024T15:11:53 - [MESSAGE][WARNING] - Timeout '0' is invalid. Using default page load timeout: '30'

17-04-2024T15:11:53 - [MESSAGE][PASSED] - Object 'Object Repository/Page_Formulr iadosti o piku (bez zabezpeeni_2a8278/input_II. stupe_UI_V_ZP_in_DalsieStudiumSlo_199592' is present

17-04-2024T15:11:53 - [TEST_STEP][PASSED] - setText(findTestObject("Object Repository/Page_Formulr iadosti o piku (bez zabezpeeni_2a8278/input_Mesiac_UI_V_ZP_in_DalsieStudiumSloven_ae0432"), "6"): Text '6' is set on object 'Object Repository/Page_Formulr iadosti o piku (bez zabezpeeni_2a8278/input_Mesiac_UI_V_ZP_in_DalsieStudiumSloven_ae0432'

17-04-2024T15:11:54 - [MESSAGE][PASSED] - Text '6' is set on object 'Object Repository/Page_Formulr iadosti o piku (bez zabezpeeni_2a8278/input_Mesiac_UI_V_ZP_in_DalsieStudiumSloven_ae0432'

17-04-2024T15:11:54 - [TEST_STEP][PASSED] - setText(findTestObject("Object Repository/Page_Formulr iadosti o piku (bez zabezpeeni_2a8278/input_Rok_UI_V_ZP_in_DalsieStudiumSlovenska_e3d9a8"), "2026"): Text '2026' is set on object 'Object Repository/Page_Formulr iadosti o piku (bez zabezpeeni_2a8278/input_Rok_UI_V_ZP_in_DalsieStudiumSlovenska_e3d9a8'

17-04-2024T15:11:54 - [MESSAGE][PASSED] - Text '2026' is set on object 'Object Repository/Page_Formulr iadosti o piku (bez zabezpeeni_2a8278/input_Rok_UI_V_ZP_in_DalsieStudiumSlovenska_e3d9a8'

17-04-2024T15:11:54 - [TEST_STEP][PASSED] - click(findTestObject("Object Repository/Page_Formulr iadosti o piku (bez zabezpeeni_2a8278/button_Pokraova")): Object: 'Object Repository/Page_Formulr iadosti o piku (bez zabezpeeni_2a8278/button_Pokraova' is clicked on

17-04-2024T15:11:55 - [MESSAGE][PASSED] - Object: 'Object Repository/Page_Formulr iadosti o piku (bez zabezpeeni_2a8278/button_Pokraova' is clicked on

17-04-2024T15:11:55 - [TEST_STEP][PASSED] - setText(findTestObject("Object Repository/Page_Formulr iadosti o piku (bez zabezpeeni_2a8278/input_tudent  III. stupa vysokokolskho tdia_8c32d4"), "2000"): Text '2000' is set on object 'Object Repository/Page_Formulr iadosti o piku (bez zabezpeeni_2a8278/input_tudent  III. stupa vysokokolskho tdia_8c32d4'

17-04-2024T15:11:56 - [MESSAGE][PASSED] - Text '2000' is set on object 'Object Repository/Page_Formulr iadosti o piku (bez zabezpeeni_2a8278/input_tudent  III. stupa vysokokolskho tdia_8c32d4'

17-04-2024T15:11:56 - [TEST_STEP][PASSED] - setText(findTestObject("Object Repository/Page_Formulr iadosti o piku (bez zabezpeeni_2a8278/input_Zadajte poadovan splatnos piky na cel_96d0f4"), "10"): Text '10' is set on object 'Object Repository/Page_Formulr iadosti o piku (bez zabezpeeni_2a8278/input_Zadajte poadovan splatnos piky na cel_96d0f4'

17-04-2024T15:11:56 - [MESSAGE][PASSED] - Text '10' is set on object 'Object Repository/Page_Formulr iadosti o piku (bez zabezpeeni_2a8278/input_Zadajte poadovan splatnos piky na cel_96d0f4'

17-04-2024T15:11:56 - [TEST_STEP][PASSED] - click(findTestObject("Object Repository/Page_Formulr iadosti o piku (bez zabezpeeni_2a8278/button_Pokraova")): Object: 'Object Repository/Page_Formulr iadosti o piku (bez zabezpeeni_2a8278/button_Pokraova' is clicked on

17-04-2024T15:11:57 - [MESSAGE][PASSED] - Object: 'Object Repository/Page_Formulr iadosti o piku (bez zabezpeeni_2a8278/button_Pokraova' is clicked on

17-04-2024T15:11:57 - [TEST_STEP][PASSED] - click(findTestObject("Object Repository/Page_Formulr iadosti o piku (bez zabezpeeni_2a8278/input_Oznamu o monosti predkladania iadost _3ca0bd")): Object: 'Object Repository/Page_Formulr iadosti o piku (bez zabezpeeni_2a8278/input_Oznamu o monosti predkladania iadost _3ca0bd' is clicked on

17-04-2024T15:11:57 - [MESSAGE][PASSED] - Object: 'Object Repository/Page_Formulr iadosti o piku (bez zabezpeeni_2a8278/input_Oznamu o monosti predkladania iadost _3ca0bd' is clicked on

17-04-2024T15:11:58 - [TEST_STEP][PASSED] - click(findTestObject("Object Repository/Page_Formulr iadosti o piku (bez zabezpeeni_2a8278/button_Pokraova")): Object: 'Object Repository/Page_Formulr iadosti o piku (bez zabezpeeni_2a8278/button_Pokraova' is clicked on

17-04-2024T15:11:58 - [MESSAGE][PASSED] - Object: 'Object Repository/Page_Formulr iadosti o piku (bez zabezpeeni_2a8278/button_Pokraova' is clicked on

17-04-2024T15:11:58 - [TEST_STEP][PASSED] - click(findTestObject("Object Repository/Page_Formulr iadosti o piku (bez zabezpeeni_2a8278/button_Detail")): Object: 'Object Repository/Page_Formulr iadosti o piku (bez zabezpeeni_2a8278/button_Detail' is clicked on

17-04-2024T15:11:59 - [MESSAGE][PASSED] - Object: 'Object Repository/Page_Formulr iadosti o piku (bez zabezpeeni_2a8278/button_Detail' is clicked on

17-04-2024T15:11:59 - [TEST_STEP][PASSED] - click(findTestObject("Object Repository/Page_Formulr iadosti o piku (bez zabezpeeni_2a8278/input_Potvrdenie o nvteve V v SR (iadate)_s_46946e")): Object: 'Object Repository/Page_Formulr iadosti o piku (bez zabezpeeni_2a8278/input_Potvrdenie o nvteve V v SR (iadate)_s_46946e' is clicked on

17-04-2024T15:11:59 - [MESSAGE][PASSED] - Object: 'Object Repository/Page_Formulr iadosti o piku (bez zabezpeeni_2a8278/input_Potvrdenie o nvteve V v SR (iadate)_s_46946e' is clicked on

17-04-2024T15:11:59 - [TEST_STEP][PASSED] - click(findTestObject("Object Repository/Page_Formulr iadosti o piku (bez zabezpeeni_2a8278/button_Uloi_1")): Object: 'Object Repository/Page_Formulr iadosti o piku (bez zabezpeeni_2a8278/button_Uloi_1' is clicked on

17-04-2024T15:11:59 - [MESSAGE][PASSED] - Object: 'Object Repository/Page_Formulr iadosti o piku (bez zabezpeeni_2a8278/button_Uloi_1' is clicked on

17-04-2024T15:11:59 - [TEST_STEP][PASSED] - click(findTestObject("Object Repository/Page_Formulr iadosti o piku (bez zabezpeeni_2a8278/button_Detail_1")): Object: 'Object Repository/Page_Formulr iadosti o piku (bez zabezpeeni_2a8278/button_Detail_1' is clicked on

17-04-2024T15:12:00 - [MESSAGE][PASSED] - Object: 'Object Repository/Page_Formulr iadosti o piku (bez zabezpeeni_2a8278/button_Detail_1' is clicked on

17-04-2024T15:12:00 - [TEST_STEP][PASSED] - click(findTestObject("Object Repository/Page_Formulr iadosti o piku (bez zabezpeeni_2a8278/input_Potvrdenie o nvteve V v SR (iadate)_s_46946e")): Object: 'Object Repository/Page_Formulr iadosti o piku (bez zabezpeeni_2a8278/input_Potvrdenie o nvteve V v SR (iadate)_s_46946e' is clicked on

17-04-2024T15:12:01 - [MESSAGE][PASSED] - Object: 'Object Repository/Page_Formulr iadosti o piku (bez zabezpeeni_2a8278/input_Potvrdenie o nvteve V v SR (iadate)_s_46946e' is clicked on

17-04-2024T15:12:01 - [TEST_STEP][PASSED] - click(findTestObject("Object Repository/Page_Formulr iadosti o piku (bez zabezpeeni_2a8278/button_Uloi_1")): Object: 'Object Repository/Page_Formulr iadosti o piku (bez zabezpeeni_2a8278/button_Uloi_1' is clicked on

17-04-2024T15:12:01 - [MESSAGE][PASSED] - Object: 'Object Repository/Page_Formulr iadosti o piku (bez zabezpeeni_2a8278/button_Uloi_1' is clicked on

17-04-2024T15:12:01 - [TEST_STEP][PASSED] - click(findTestObject("Object Repository/Page_Formulr iadosti o piku (bez zabezpeeni_2a8278/button_Detail_1_2")): Object: 'Object Repository/Page_Formulr iadosti o piku (bez zabezpeeni_2a8278/button_Detail_1_2' is clicked on

17-04-2024T15:12:01 - [MESSAGE][PASSED] - Object: 'Object Repository/Page_Formulr iadosti o piku (bez zabezpeeni_2a8278/button_Detail_1_2' is clicked on

17-04-2024T15:12:01 - [TEST_STEP][PASSED] - click(findTestObject("Object Repository/Page_Formulr iadosti o piku (bez zabezpeeni_2a8278/input_Potvrdenie o nvteve V v SR (iadate)_s_46946e")): Object: 'Object Repository/Page_Formulr iadosti o piku (bez zabezpeeni_2a8278/input_Potvrdenie o nvteve V v SR (iadate)_s_46946e' is clicked on

17-04-2024T15:12:02 - [MESSAGE][PASSED] - Object: 'Object Repository/Page_Formulr iadosti o piku (bez zabezpeeni_2a8278/input_Potvrdenie o nvteve V v SR (iadate)_s_46946e' is clicked on

17-04-2024T15:12:02 - [TEST_STEP][PASSED] - click(findTestObject("Object Repository/Page_Formulr iadosti o piku (bez zabezpeeni_2a8278/button_Uloi_1")): Object: 'Object Repository/Page_Formulr iadosti o piku (bez zabezpeeni_2a8278/button_Uloi_1' is clicked on

17-04-2024T15:12:02 - [MESSAGE][PASSED] - Object: 'Object Repository/Page_Formulr iadosti o piku (bez zabezpeeni_2a8278/button_Uloi_1' is clicked on

17-04-2024T15:12:02 - [TEST_STEP][PASSED] - setText(findTestObject("Object Repository/Page_Formulr iadosti o piku (bez zabezpeeni_2a8278/input_Zadajte miesto odoslania iadosti_UI_V_59ba54"), "Bratislava"): Text 'Bratislava' is set on object 'Object Repository/Page_Formulr iadosti o piku (bez zabezpeeni_2a8278/input_Zadajte miesto odoslania iadosti_UI_V_59ba54'

17-04-2024T15:12:03 - [MESSAGE][PASSED] - Text 'Bratislava' is set on object 'Object Repository/Page_Formulr iadosti o piku (bez zabezpeeni_2a8278/input_Zadajte miesto odoslania iadosti_UI_V_59ba54'

17-04-2024T15:12:03 - [TEST_STEP][PASSED] - click(findTestObject("Object Repository/Page_Formulr iadosti o piku (bez zabezpeeni_2a8278/button_Pokraova")): Object: 'Object Repository/Page_Formulr iadosti o piku (bez zabezpeeni_2a8278/button_Pokraova' is clicked on

17-04-2024T15:12:04 - [MESSAGE][PASSED] - Object: 'Object Repository/Page_Formulr iadosti o piku (bez zabezpeeni_2a8278/button_Pokraova' is clicked on

17-04-2024T15:12:04 - [TEST_STEP][PASSED] - verifyElementText(findTestObject("Object Repository/Page_Formulr iadosti o piku (bez zabezpeeni_2a8278/div_ESRVS-2024-2148"), identifikator, OPTIONAL): Actual text and expected text of test object 'Object Repository/Page_Formulr iadosti o piku (bez zabezpeeni_2a8278/div_ESRVS-2024-2148' are matched.

17-04-2024T15:12:05 - [MESSAGE][PASSED] - Actual text and expected text of test object 'Object Repository/Page_Formulr iadosti o piku (bez zabezpeeni_2a8278/div_ESRVS-2024-2148' are matched.

17-04-2024T15:12:05 - [TEST_STEP][PASSED] - click(findTestObject("Object Repository/Page_Formulr iadosti o piku (bez zabezpeeni_2a8278/input_shlasm so zskanm dajov z referennch r_c9102a")): Object: 'Object Repository/Page_Formulr iadosti o piku (bez zabezpeeni_2a8278/input_shlasm so zskanm dajov z referennch r_c9102a' is clicked on

17-04-2024T15:12:05 - [MESSAGE][PASSED] - Object: 'Object Repository/Page_Formulr iadosti o piku (bez zabezpeeni_2a8278/input_shlasm so zskanm dajov z referennch r_c9102a' is clicked on

17-04-2024T15:12:05 - [TEST_STEP][PASSED] - click(findTestObject("Object Repository/Page_Formulr iadosti o piku (bez zabezpeeni_2a8278/input_www.fnpv.sk_UI_V_ZP_in_CHB_OsobneUdaj_50afb9")): Object: 'Object Repository/Page_Formulr iadosti o piku (bez zabezpeeni_2a8278/input_www.fnpv.sk_UI_V_ZP_in_CHB_OsobneUdaj_50afb9' is clicked on

17-04-2024T15:12:05 - [MESSAGE][PASSED] - Object: 'Object Repository/Page_Formulr iadosti o piku (bez zabezpeeni_2a8278/input_www.fnpv.sk_UI_V_ZP_in_CHB_OsobneUdaj_50afb9' is clicked on

17-04-2024T15:12:05 - [TEST_STEP][PASSED] - click(findTestObject("Object Repository/Page_Formulr iadosti o piku (bez zabezpeeni_2a8278/button_Odosla nepodpsan iados o piku a vytl_be1331")): Object: 'Object Repository/Page_Formulr iadosti o piku (bez zabezpeeni_2a8278/button_Odosla nepodpsan iados o piku a vytl_be1331' is clicked on

17-04-2024T15:12:06 - [MESSAGE][PASSED] - Object: 'Object Repository/Page_Formulr iadosti o piku (bez zabezpeeni_2a8278/button_Odosla nepodpsan iados o piku a vytl_be1331' is clicked on

17-04-2024T15:12:06 - [TEST_STEP][PASSED] - verifyElementPresent(findTestObject("Object Repository/Page_Formulr iadosti o piku (bez zabezpeeni_2a8278/h1_daje zo iadosti o piku boli odoslan"), 0, OPTIONAL): Object 'Object Repository/Page_Formulr iadosti o piku (bez zabezpeeni_2a8278/h1_daje zo iadosti o piku boli odoslan' is present

17-04-2024T15:12:06 - [MESSAGE][WARNING] - Timeout '0' is invalid. Using default page load timeout: '30'

17-04-2024T15:12:17 - [MESSAGE][PASSED] - Object 'Object Repository/Page_Formulr iadosti o piku (bez zabezpeeni_2a8278/h1_daje zo iadosti o piku boli odoslan' is present

17-04-2024T15:12:17 - [TEST_STEP][PASSED] - click(findTestObject("Object Repository/Page_Formulr iadosti o piku (bez zabezpeeni_2a8278/a_Privtna zna")): Object: 'Object Repository/Page_Formulr iadosti o piku (bez zabezpeeni_2a8278/a_Privtna zna' is clicked on

17-04-2024T15:12:18 - [MESSAGE][PASSED] - Object: 'Object Repository/Page_Formulr iadosti o piku (bez zabezpeeni_2a8278/a_Privtna zna' is clicked on

17-04-2024T15:12:18 - [TEST_STEP][PASSED] - click(findTestObject("Object Repository/Page_Portl elektronickch sluieb regionlneho_9bdbd3/div_Zoznam rozpracovanch podan_icon-blue")): Object: 'Object Repository/Page_Portl elektronickch sluieb regionlneho_9bdbd3/div_Zoznam rozpracovanch podan_icon-blue' is clicked on

17-04-2024T15:12:20 - [MESSAGE][PASSED] - Object: 'Object Repository/Page_Portl elektronickch sluieb regionlneho_9bdbd3/div_Zoznam rozpracovanch podan_icon-blue' is clicked on

17-04-2024T15:12:20 - [TEST_STEP][PASSED] - setText(findTestObject("Object Repository/Page_Zoznam odoslanch podan  Elektronick sl_14b0c6/input_Identifiktor_identifikator"), identifikator): Text 'ESRVS-2024-2241' is set on object 'Object Repository/Page_Zoznam odoslanch podan  Elektronick sl_14b0c6/input_Identifiktor_identifikator'

17-04-2024T15:12:21 - [MESSAGE][PASSED] - Text 'ESRVS-2024-2241' is set on object 'Object Repository/Page_Zoznam odoslanch podan  Elektronick sl_14b0c6/input_Identifiktor_identifikator'

17-04-2024T15:12:21 - [TEST_STEP][PASSED] - click(findTestObject("Object Repository/Page_Zoznam odoslanch podan  Elektronick sl_14b0c6/button_Vyhada")): Object: 'Object Repository/Page_Zoznam odoslanch podan  Elektronick sl_14b0c6/button_Vyhada' is clicked on

17-04-2024T15:12:22 - [MESSAGE][PASSED] - Object: 'Object Repository/Page_Zoznam odoslanch podan  Elektronick sl_14b0c6/button_Vyhada' is clicked on

17-04-2024T15:12:22 - [TEST_STEP][PASSED] - click(findTestObject("Object Repository/Page_Zoznam odoslanch podan  Elektronick sl_14b0c6/a_Detail")): Object: 'Object Repository/Page_Zoznam odoslanch podan  Elektronick sl_14b0c6/a_Detail' is clicked on

17-04-2024T15:12:24 - [MESSAGE][PASSED] - Object: 'Object Repository/Page_Zoznam odoslanch podan  Elektronick sl_14b0c6/a_Detail' is clicked on

17-04-2024T15:12:24 - [TEST_STEP][PASSED] - verifyElementText(findTestObject("Object Repository/Page_Detail podania  Elektronick sluby port_bcdefc/span_ESRVS-2024-2148"), identifikator, OPTIONAL): Actual text and expected text of test object 'Object Repository/Page_Detail podania  Elektronick sluby port_bcdefc/span_ESRVS-2024-2148' are matched.

17-04-2024T15:12:25 - [MESSAGE][PASSED] - Actual text and expected text of test object 'Object Repository/Page_Detail podania  Elektronick sluby port_bcdefc/span_ESRVS-2024-2148' are matched.

17-04-2024T15:12:25 - [TEST_STEP][PASSED] - verifyElementText(findTestObject("Object Repository/Page_Detail podania  Elektronick sluby port_bcdefc/span_Robert Chamraz"), "Robert Chamraz", OPTIONAL): Actual text and expected text of test object 'Object Repository/Page_Detail podania  Elektronick sluby port_bcdefc/span_Robert Chamraz' are matched.

17-04-2024T15:12:25 - [MESSAGE][PASSED] - Actual text and expected text of test object 'Object Repository/Page_Detail podania  Elektronick sluby port_bcdefc/span_Robert Chamraz' are matched.

17-04-2024T15:12:25 - [TEST_STEP][PASSED] - verifyElementText(findTestObject("Object Repository/Page_Detail podania  Elektronick sluby port_bcdefc/span_Podvanie iadosti o piku pre tudentov z_b27195"), "Podávanie žiadosti o pôžičku pre študentov z Fondu na podporu vzdelávania (bez ručitela)", OPTIONAL): Actual text and expected text of test object 'Object Repository/Page_Detail podania  Elektronick sluby port_bcdefc/span_Podvanie iadosti o piku pre tudentov z_b27195' are matched.

17-04-2024T15:12:25 - [MESSAGE][PASSED] - Actual text and expected text of test object 'Object Repository/Page_Detail podania  Elektronick sluby port_bcdefc/span_Podvanie iadosti o piku pre tudentov z_b27195' are matched.

17-04-2024T15:12:25 - [TEST_STEP][PASSED] - click(findTestObject("Object Repository/Page_Detail podania  Elektronick sluby port_bcdefc/a_Odhlsi")): Object: 'Object Repository/Page_Detail podania  Elektronick sluby port_bcdefc/a_Odhlsi' is clicked on

17-04-2024T15:12:28 - [MESSAGE][PASSED] - Object: 'Object Repository/Page_Detail podania  Elektronick sluby port_bcdefc/a_Odhlsi' is clicked on

17-04-2024T15:12:28 - [TEST_STEP][PASSED] - verifyElementPresent(findTestObject("Object Repository/Page_Portl elektronickch sluieb regionlneho_9bdbd3/a_Prihlsi sa"), 0): Object 'Object Repository/Page_Portl elektronickch sluieb regionlneho_9bdbd3/a_Prihlsi sa' is present

17-04-2024T15:12:28 - [MESSAGE][WARNING] - Timeout '0' is invalid. Using default page load timeout: '30'

17-04-2024T15:12:28 - [MESSAGE][PASSED] - Object 'Object Repository/Page_Portl elektronickch sluieb regionlneho_9bdbd3/a_Prihlsi sa' is present

17-04-2024T15:12:28 - [TEST_STEP][PASSED] - closeBrowser(): Browser is closed

17-04-2024T15:12:29 - [MESSAGE][PASSED] - Browser is closed

17-04-2024T15:12:29 - [TEST_STEP][PASSED] - kontrolaMailu(): null

17-04-2024T15:12:29 - [TEST_STEP][PASSED] - log = new com.kms.katalon.core.logging.KeywordLogger(): null

17-04-2024T15:12:29 - [TEST_STEP][PASSED] - startApplicationWithTitle("C:\Program Files\Microsoft Office\root\Office16\OUTLOOK.EXE", ""): The application at location: C:\Program Files\Microsoft Office\root\Office16\OUTLOOK.EXE started.

17-04-2024T15:12:29 - [MESSAGE][INFO] - Starting application C:\Program Files\Microsoft Office\root\Office16\OUTLOOK.EXE on the local machine at address http://127.0.0.1:4723

17-04-2024T15:12:33 - [MESSAGE][PASSED] - The application at location: C:\Program Files\Microsoft Office\root\Office16\OUTLOOK.EXE started.

17-04-2024T15:12:33 - [TEST_STEP][PASSED] - setText(findWindowsObject("Object Repository/Edit(1)"), identifikator): Text ESRVS-2024-2241 is set

17-04-2024T15:12:38 - [MESSAGE][PASSED] - Text ESRVS-2024-2241 is set

17-04-2024T15:12:38 - [TEST_STEP][FAILED] - click(findWindowsObject("Object Repository/TabItem")): Expected condition failed: waiting for com.kms.katalon.core.windows.keyword.helper.WindowsActionHelper$1@5567591e (tried for 30 second(s) with 50 milliseconds interval) (Root cause: org.openqa.selenium.TimeoutException: Expected condition failed: waiting for com.kms.katalon.core.windows.keyword.helper.WindowsActionHelper$1@5567591e (tried for 30 second(s) with 50 milliseconds interval)
	at org.openqa.selenium.support.ui.FluentWait.timeoutException(FluentWait.java:304)
	at org.openqa.selenium.support.ui.FluentWait.until(FluentWait.java:272)
	at com.kms.katalon.core.windows.keyword.helper.WindowsActionHelper.findElement(WindowsActionHelper.java:120)
	at com.kms.katalon.core.windows.keyword.helper.WindowsActionHelper.findElement(WindowsActionHelper.java:77)
	at com.kms.katalon.core.windows.keyword.helper.WindowsActionHelper.findElement(WindowsActionHelper.java:69)
	at com.kms.katalon.core.windows.keyword.helper.WindowsActionHelper.click(WindowsActionHelper.java:248)
	at com.kms.katalon.core.windows.keyword.helper.WindowsActionHelper$click$3.call(Unknown Source)
	at com.kms.katalon.core.windows.keyword.builtin.ClickKeyword$_click_closure1.doCall(ClickKeyword.groovy:43)
	at com.kms.katalon.core.windows.keyword.builtin.ClickKeyword$_click_closure1.doCall(ClickKeyword.groovy)
	at jdk.internal.reflect.GeneratedMethodAccessor25.invoke(Unknown Source)
	at java.base/jdk.internal.reflect.DelegatingMethodAccessorImpl.invoke(DelegatingMethodAccessorImpl.java:43)
	at com.kms.katalon.core.keyword.internal.KeywordMain.runKeyword(KeywordMain.groovy:90)
	at com.kms.katalon.core.keyword.internal.KeywordMain$runKeyword.call(Unknown Source)
	at com.kms.katalon.core.windows.keyword.builtin.ClickKeyword.click(ClickKeyword.groovy:37)
	at com.kms.katalon.core.windows.keyword.builtin.ClickKeyword$click.callCurrent(Unknown Source)
	at com.kms.katalon.core.windows.keyword.builtin.ClickKeyword.execute(ClickKeyword.groovy:33)
	at com.kms.katalon.core.keyword.internal.KeywordExecutor.executeKeywordForPlatform(KeywordExecutor.groovy:74)
	at com.kms.katalon.core.windows.keyword.WindowsBuiltinKeywords.click(WindowsBuiltinKeywords.java:72)
	at PozickaB_399079.kontrolaMailu(PozickaB_399079:213)
	at PozickaB_399079.run(PozickaB_399079:204)
	at com.kms.katalon.core.main.ScriptEngine.run(ScriptEngine.java:194)
	at com.kms.katalon.core.main.ScriptEngine.runScriptAsRawText(ScriptEngine.java:119)
	at com.kms.katalon.core.main.TestCaseExecutor.runScript(TestCaseExecutor.java:448)
	at com.kms.katalon.core.main.TestCaseExecutor.doExecute(TestCaseExecutor.java:439)
	at com.kms.katalon.core.main.TestCaseExecutor.processExecutionPhase(TestCaseExecutor.java:418)
	at com.kms.katalon.core.main.TestCaseExecutor.accessMainPhase(TestCaseExecutor.java:410)
	at com.kms.katalon.core.main.TestCaseExecutor.execute(TestCaseExecutor.java:285)
	at com.kms.katalon.core.common.CommonExecutor.accessTestCaseMainPhase(CommonExecutor.java:65)
	at com.kms.katalon.core.main.TestSuiteExecutor.accessTestSuiteMainPhase(TestSuiteExecutor.java:150)
	at com.kms.katalon.core.main.TestSuiteExecutor.execute(TestSuiteExecutor.java:106)
	at com.kms.katalon.core.main.TestCaseMain.startTestSuite(TestCaseMain.java:180)
	at TempTestSuite1713358848413.run(TempTestSuite1713358848413.groovy:35)
	at java.base/jdk.internal.reflect.NativeMethodAccessorImpl.invoke0(Native Method)
	at java.base/jdk.internal.reflect.NativeMethodAccessorImpl.invoke(NativeMethodAccessorImpl.java:77)
	at java.base/jdk.internal.reflect.DelegatingMethodAccessorImpl.invoke(DelegatingMethodAccessorImpl.java:43)
Caused by: org.openqa.selenium.NoSuchElementException: An element could not be located on the page using the given search parameters. (WARNING: The server did not provide any stacktrace information)
Command duration or timeout: 0 milliseconds
For documentation on this error, please visit: https://www.seleniumhq.org/exceptions/no_such_element.html
Build info: version: '3.141.59', revision: 'e82be7d358', time: '2018-11-14T08:25:53'
System info: host: 'NB-BARCIK', ip: '192.168.0.163', os.name: 'Windows 11', os.arch: 'amd64', os.version: '10.0', java.version: '17.0.7'
Driver info: io.appium.java_client.windows.WindowsDriver
Capabilities {app: C:\Program Files\Microsoft ..., javascriptEnabled: true, platform: WINDOWS, platformName: WINDOWS}
Session ID: EA0B7817-712C-4FE5-AC55-F477ED924BF0
*** Element info: {Using=xpath, value=//Window/Pane[1]/ToolBar[1]/Pane[1]/Pane[1]/Pane[1]/Pane[1]/Tab[1]/TabItem[1]}
	at jdk.internal.reflect.GeneratedConstructorAccessor41.newInstance(Unknown Source)
	at java.base/jdk.internal.reflect.DelegatingConstructorAccessorImpl.newInstance(DelegatingConstructorAccessorImpl.java:45)
	at org.openqa.selenium.remote.ErrorHandler.createThrowable(ErrorHandler.java:214)
	at org.openqa.selenium.remote.ErrorHandler.throwIfResponseFailed(ErrorHandler.java:166)
	at org.openqa.selenium.remote.http.JsonHttpResponseCodec.reconstructValue(JsonHttpResponseCodec.java:40)
	at org.openqa.selenium.remote.http.AbstractHttpResponseCodec.decode(AbstractHttpResponseCodec.java:80)
	at org.openqa.selenium.remote.http.AbstractHttpResponseCodec.decode(AbstractHttpResponseCodec.java:44)
	at org.openqa.selenium.remote.HttpCommandExecutor.execute(HttpCommandExecutor.java:158)
	at io.appium.java_client.remote.AppiumCommandExecutor.execute(AppiumCommandExecutor.java:239)
	at org.openqa.selenium.remote.RemoteWebDriver.execute(RemoteWebDriver.java:552)
	at io.appium.java_client.DefaultGenericMobileDriver.execute(DefaultGenericMobileDriver.java:42)
	at io.appium.java_client.AppiumDriver.execute(AppiumDriver.java:1)
	at io.appium.java_client.windows.WindowsDriver.execute(WindowsDriver.java:1)
	at org.openqa.selenium.remote.RemoteWebDriver.findElement(RemoteWebDriver.java:323)
	at io.appium.java_client.DefaultGenericMobileDriver.findElement(DefaultGenericMobileDriver.java:62)
	at io.appium.java_client.AppiumDriver.findElement(AppiumDriver.java:1)
	at io.appium.java_client.windows.WindowsDriver.findElement(WindowsDriver.java:1)
	at org.openqa.selenium.remote.RemoteWebDriver.findElementByXPath(RemoteWebDriver.java:428)
	at io.appium.java_client.DefaultGenericMobileDriver.findElementByXPath(DefaultGenericMobileDriver.java:152)
	at io.appium.java_client.AppiumDriver.findElementByXPath(AppiumDriver.java:1)
	at io.appium.java_client.windows.WindowsDriver.findElementByXPath(WindowsDriver.java:1)
	at com.kms.katalon.core.windows.keyword.helper.WindowsActionHelper$1.apply(WindowsActionHelper.java:136)
	at com.kms.katalon.core.windows.keyword.helper.WindowsActionHelper$1.apply(WindowsActionHelper.java:1)
	at org.openqa.selenium.support.ui.FluentWait.until(FluentWait.java:249)
	at com.kms.katalon.core.windows.keyword.helper.WindowsActionHelper.findElement(WindowsActionHelper.java:120)
	at com.kms.katalon.core.windows.keyword.helper.WindowsActionHelper.findElement(WindowsActionHelper.java:77)
	at com.kms.katalon.core.windows.keyword.helper.WindowsActionHelper.findElement(WindowsActionHelper.java:69)
	at com.kms.katalon.core.windows.keyword.helper.WindowsActionHelper.click(WindowsActionHelper.java:248)
	at com.kms.katalon.core.windows.keyword.helper.WindowsActionHelper$click$3.call(Unknown Source)
	at com.kms.katalon.core.windows.keyword.builtin.ClickKeyword$_click_closure1.doCall(ClickKeyword.groovy:43)
	at com.kms.katalon.core.windows.keyword.builtin.ClickKeyword$_click_closure1.doCall(ClickKeyword.groovy)
	at jdk.internal.reflect.GeneratedMethodAccessor25.invoke(Unknown Source)
	at java.base/jdk.internal.reflect.DelegatingMethodAccessorImpl.invoke(DelegatingMethodAccessorImpl.java:43)
	at com.kms.katalon.core.keyword.internal.KeywordMain.runKeyword(KeywordMain.groovy:90)
	at com.kms.katalon.core.keyword.internal.KeywordMain$runKeyword.call(Unknown Source)
	at com.kms.katalon.core.windows.keyword.builtin.ClickKeyword.click(ClickKeyword.groovy:37)
	at com.kms.katalon.core.windows.keyword.builtin.ClickKeyword$click.callCurrent(Unknown Source)
	at com.kms.katalon.core.windows.keyword.builtin.ClickKeyword.execute(ClickKeyword.groovy:33)
	at com.kms.katalon.core.keyword.internal.KeywordExecutor.executeKeywordForPlatform(KeywordExecutor.groovy:74)
	at com.kms.katalon.core.windows.keyword.WindowsBuiltinKeywords.click(WindowsBuiltinKeywords.java:72)
	at Script1712920680900.kontrolaMailu(Script1712920680900.groovy:213)
	at Script1712920680900.run(Script1712920680900.groovy:204)
	... 15 more
)

17-04-2024T15:13:09 - [MESSAGE][FAILED] - Expected condition failed: waiting for com.kms.katalon.core.windows.keyword.helper.WindowsActionHelper$1@5567591e (tried for 30 second(s) with 50 milliseconds interval) (Root cause: org.openqa.selenium.TimeoutException: Expected condition failed: waiting for com.kms.katalon.core.windows.keyword.helper.WindowsActionHelper$1@5567591e (tried for 30 second(s) with 50 milliseconds interval)
	at org.openqa.selenium.support.ui.FluentWait.timeoutException(FluentWait.java:304)
	at org.openqa.selenium.support.ui.FluentWait.until(FluentWait.java:272)
	at com.kms.katalon.core.windows.keyword.helper.WindowsActionHelper.findElement(WindowsActionHelper.java:120)
	at com.kms.katalon.core.windows.keyword.helper.WindowsActionHelper.findElement(WindowsActionHelper.java:77)
	at com.kms.katalon.core.windows.keyword.helper.WindowsActionHelper.findElement(WindowsActionHelper.java:69)
	at com.kms.katalon.core.windows.keyword.helper.WindowsActionHelper.click(WindowsActionHelper.java:248)
	at com.kms.katalon.core.windows.keyword.helper.WindowsActionHelper$click$3.call(Unknown Source)
	at com.kms.katalon.core.windows.keyword.builtin.ClickKeyword$_click_closure1.doCall(ClickKeyword.groovy:43)
	at com.kms.katalon.core.windows.keyword.builtin.ClickKeyword$_click_closure1.doCall(ClickKeyword.groovy)
	at jdk.internal.reflect.GeneratedMethodAccessor25.invoke(Unknown Source)
	at java.base/jdk.internal.reflect.DelegatingMethodAccessorImpl.invoke(DelegatingMethodAccessorImpl.java:43)
	at com.kms.katalon.core.keyword.internal.KeywordMain.runKeyword(KeywordMain.groovy:90)
	at com.kms.katalon.core.keyword.internal.KeywordMain$runKeyword.call(Unknown Source)
	at com.kms.katalon.core.windows.keyword.builtin.ClickKeyword.click(ClickKeyword.groovy:37)
	at com.kms.katalon.core.windows.keyword.builtin.ClickKeyword$click.callCurrent(Unknown Source)
	at com.kms.katalon.core.windows.keyword.builtin.ClickKeyword.execute(ClickKeyword.groovy:33)
	at com.kms.katalon.core.keyword.internal.KeywordExecutor.executeKeywordForPlatform(KeywordExecutor.groovy:74)
	at com.kms.katalon.core.windows.keyword.WindowsBuiltinKeywords.click(WindowsBuiltinKeywords.java:72)
	at PozickaB_399079.kontrolaMailu(PozickaB_399079:213)
	at PozickaB_399079.run(PozickaB_399079:204)
	at com.kms.katalon.core.main.ScriptEngine.run(ScriptEngine.java:194)
	at com.kms.katalon.core.main.ScriptEngine.runScriptAsRawText(ScriptEngine.java:119)
	at com.kms.katalon.core.main.TestCaseExecutor.runScript(TestCaseExecutor.java:448)
	at com.kms.katalon.core.main.TestCaseExecutor.doExecute(TestCaseExecutor.java:439)
	at com.kms.katalon.core.main.TestCaseExecutor.processExecutionPhase(TestCaseExecutor.java:418)
	at com.kms.katalon.core.main.TestCaseExecutor.accessMainPhase(TestCaseExecutor.java:410)
	at com.kms.katalon.core.main.TestCaseExecutor.execute(TestCaseExecutor.java:285)
	at com.kms.katalon.core.common.CommonExecutor.accessTestCaseMainPhase(CommonExecutor.java:65)
	at com.kms.katalon.core.main.TestSuiteExecutor.accessTestSuiteMainPhase(TestSuiteExecutor.java:150)
	at com.kms.katalon.core.main.TestSuiteExecutor.execute(TestSuiteExecutor.java:106)
	at com.kms.katalon.core.main.TestCaseMain.startTestSuite(TestCaseMain.java:180)
	at TempTestSuite1713358848413.run(TempTestSuite1713358848413.groovy:35)
	at java.base/jdk.internal.reflect.NativeMethodAccessorImpl.invoke0(Native Method)
	at java.base/jdk.internal.reflect.NativeMethodAccessorImpl.invoke(NativeMethodAccessorImpl.java:77)
	at java.base/jdk.internal.reflect.DelegatingMethodAccessorImpl.invoke(DelegatingMethodAccessorImpl.java:43)
Caused by: org.openqa.selenium.NoSuchElementException: An element could not be located on the page using the given search parameters. (WARNING: The server did not provide any stacktrace information)
Command duration or timeout: 0 milliseconds
For documentation on this error, please visit: https://www.seleniumhq.org/exceptions/no_such_element.html
Build info: version: '3.141.59', revision: 'e82be7d358', time: '2018-11-14T08:25:53'
System info: host: 'NB-BARCIK', ip: '192.168.0.163', os.name: 'Windows 11', os.arch: 'amd64', os.version: '10.0', java.version: '17.0.7'
Driver info: io.appium.java_client.windows.WindowsDriver
Capabilities {app: C:\Program Files\Microsoft ..., javascriptEnabled: true, platform: WINDOWS, platformName: WINDOWS}
Session ID: EA0B7817-712C-4FE5-AC55-F477ED924BF0
*** Element info: {Using=xpath, value=//Window/Pane[1]/ToolBar[1]/Pane[1]/Pane[1]/Pane[1]/Pane[1]/Tab[1]/TabItem[1]}
	at jdk.internal.reflect.GeneratedConstructorAccessor41.newInstance(Unknown Source)
	at java.base/jdk.internal.reflect.DelegatingConstructorAccessorImpl.newInstance(DelegatingConstructorAccessorImpl.java:45)
	at org.openqa.selenium.remote.ErrorHandler.createThrowable(ErrorHandler.java:214)
	at org.openqa.selenium.remote.ErrorHandler.throwIfResponseFailed(ErrorHandler.java:166)
	at org.openqa.selenium.remote.http.JsonHttpResponseCodec.reconstructValue(JsonHttpResponseCodec.java:40)
	at org.openqa.selenium.remote.http.AbstractHttpResponseCodec.decode(AbstractHttpResponseCodec.java:80)
	at org.openqa.selenium.remote.http.AbstractHttpResponseCodec.decode(AbstractHttpResponseCodec.java:44)
	at org.openqa.selenium.remote.HttpCommandExecutor.execute(HttpCommandExecutor.java:158)
	at io.appium.java_client.remote.AppiumCommandExecutor.execute(AppiumCommandExecutor.java:239)
	at org.openqa.selenium.remote.RemoteWebDriver.execute(RemoteWebDriver.java:552)
	at io.appium.java_client.DefaultGenericMobileDriver.execute(DefaultGenericMobileDriver.java:42)
	at io.appium.java_client.AppiumDriver.execute(AppiumDriver.java:1)
	at io.appium.java_client.windows.WindowsDriver.execute(WindowsDriver.java:1)
	at org.openqa.selenium.remote.RemoteWebDriver.findElement(RemoteWebDriver.java:323)
	at io.appium.java_client.DefaultGenericMobileDriver.findElement(DefaultGenericMobileDriver.java:62)
	at io.appium.java_client.AppiumDriver.findElement(AppiumDriver.java:1)
	at io.appium.java_client.windows.WindowsDriver.findElement(WindowsDriver.java:1)
	at org.openqa.selenium.remote.RemoteWebDriver.findElementByXPath(RemoteWebDriver.java:428)
	at io.appium.java_client.DefaultGenericMobileDriver.findElementByXPath(DefaultGenericMobileDriver.java:152)
	at io.appium.java_client.AppiumDriver.findElementByXPath(AppiumDriver.java:1)
	at io.appium.java_client.windows.WindowsDriver.findElementByXPath(WindowsDriver.java:1)
	at com.kms.katalon.core.windows.keyword.helper.WindowsActionHelper$1.apply(WindowsActionHelper.java:136)
	at com.kms.katalon.core.windows.keyword.helper.WindowsActionHelper$1.apply(WindowsActionHelper.java:1)
	at org.openqa.selenium.support.ui.FluentWait.until(FluentWait.java:249)
	at com.kms.katalon.core.windows.keyword.helper.WindowsActionHelper.findElement(WindowsActionHelper.java:120)
	at com.kms.katalon.core.windows.keyword.helper.WindowsActionHelper.findElement(WindowsActionHelper.java:77)
	at com.kms.katalon.core.windows.keyword.helper.WindowsActionHelper.findElement(WindowsActionHelper.java:69)
	at com.kms.katalon.core.windows.keyword.helper.WindowsActionHelper.click(WindowsActionHelper.java:248)
	at com.kms.katalon.core.windows.keyword.helper.WindowsActionHelper$click$3.call(Unknown Source)
	at com.kms.katalon.core.windows.keyword.builtin.ClickKeyword$_click_closure1.doCall(ClickKeyword.groovy:43)
	at com.kms.katalon.core.windows.keyword.builtin.ClickKeyword$_click_closure1.doCall(ClickKeyword.groovy)
	at jdk.internal.reflect.GeneratedMethodAccessor25.invoke(Unknown Source)
	at java.base/jdk.internal.reflect.DelegatingMethodAccessorImpl.invoke(DelegatingMethodAccessorImpl.java:43)
	at com.kms.katalon.core.keyword.internal.KeywordMain.runKeyword(KeywordMain.groovy:90)
	at com.kms.katalon.core.keyword.internal.KeywordMain$runKeyword.call(Unknown Source)
	at com.kms.katalon.core.windows.keyword.builtin.ClickKeyword.click(ClickKeyword.groovy:37)
	at com.kms.katalon.core.windows.keyword.builtin.ClickKeyword$click.callCurrent(Unknown Source)
	at com.kms.katalon.core.windows.keyword.builtin.ClickKeyword.execute(ClickKeyword.groovy:33)
	at com.kms.katalon.core.keyword.internal.KeywordExecutor.executeKeywordForPlatform(KeywordExecutor.groovy:74)
	at com.kms.katalon.core.windows.keyword.WindowsBuiltinKeywords.click(WindowsBuiltinKeywords.java:72)
	at Script1712920680900.kontrolaMailu(Script1712920680900.groovy:213)
	at Script1712920680900.run(Script1712920680900.groovy:204)
	... 15 more
)]]></system-out>
         <system-err><![CDATA[17-04-2024T15:10:56 - [TEST_CASE][FAILED] - Test Cases/Pozicky B/PozickaB_399079: Test Cases/Pozicky B/PozickaB_399079 FAILED.
Reason:
com.kms.katalon.core.exception.StepFailedException: Expected condition failed: waiting for com.kms.katalon.core.windows.keyword.helper.WindowsActionHelper$1@5567591e (tried for 30 second(s) with 50 milliseconds interval) (Root cause: org.openqa.selenium.TimeoutException: Expected condition failed: waiting for com.kms.katalon.core.windows.keyword.helper.WindowsActionHelper$1@5567591e (tried for 30 second(s) with 50 milliseconds interval)
	at org.openqa.selenium.support.ui.FluentWait.timeoutException(FluentWait.java:304)
	at org.openqa.selenium.support.ui.FluentWait.until(FluentWait.java:272)
	at com.kms.katalon.core.windows.keyword.helper.WindowsActionHelper.findElement(WindowsActionHelper.java:120)
	at com.kms.katalon.core.windows.keyword.helper.WindowsActionHelper.findElement(WindowsActionHelper.java:77)
	at com.kms.katalon.core.windows.keyword.helper.WindowsActionHelper.findElement(WindowsActionHelper.java:69)
	at com.kms.katalon.core.windows.keyword.helper.WindowsActionHelper.click(WindowsActionHelper.java:248)
	at com.kms.katalon.core.windows.keyword.helper.WindowsActionHelper$click$3.call(Unknown Source)
	at com.kms.katalon.core.windows.keyword.builtin.ClickKeyword$_click_closure1.doCall(ClickKeyword.groovy:43)
	at com.kms.katalon.core.windows.keyword.builtin.ClickKeyword$_click_closure1.doCall(ClickKeyword.groovy)
	at jdk.internal.reflect.GeneratedMethodAccessor25.invoke(Unknown Source)
	at java.base/jdk.internal.reflect.DelegatingMethodAccessorImpl.invoke(DelegatingMethodAccessorImpl.java:43)
	at com.kms.katalon.core.keyword.internal.KeywordMain.runKeyword(KeywordMain.groovy:90)
	at com.kms.katalon.core.keyword.internal.KeywordMain$runKeyword.call(Unknown Source)
	at com.kms.katalon.core.windows.keyword.builtin.ClickKeyword.click(ClickKeyword.groovy:37)
	at com.kms.katalon.core.windows.keyword.builtin.ClickKeyword$click.callCurrent(Unknown Source)
	at com.kms.katalon.core.windows.keyword.builtin.ClickKeyword.execute(ClickKeyword.groovy:33)
	at com.kms.katalon.core.keyword.internal.KeywordExecutor.executeKeywordForPlatform(KeywordExecutor.groovy:74)
	at com.kms.katalon.core.windows.keyword.WindowsBuiltinKeywords.click(WindowsBuiltinKeywords.java:72)
	at PozickaB_399079.kontrolaMailu(PozickaB_399079:213)
	at PozickaB_399079.run(PozickaB_399079:204)
	at com.kms.katalon.core.main.ScriptEngine.run(ScriptEngine.java:194)
	at com.kms.katalon.core.main.ScriptEngine.runScriptAsRawText(ScriptEngine.java:119)
	at com.kms.katalon.core.main.TestCaseExecutor.runScript(TestCaseExecutor.java:448)
	at com.kms.katalon.core.main.TestCaseExecutor.doExecute(TestCaseExecutor.java:439)
	at com.kms.katalon.core.main.TestCaseExecutor.processExecutionPhase(TestCaseExecutor.java:418)
	at com.kms.katalon.core.main.TestCaseExecutor.accessMainPhase(TestCaseExecutor.java:410)
	at com.kms.katalon.core.main.TestCaseExecutor.execute(TestCaseExecutor.java:285)
	at com.kms.katalon.core.common.CommonExecutor.accessTestCaseMainPhase(CommonExecutor.java:65)
	at com.kms.katalon.core.main.TestSuiteExecutor.accessTestSuiteMainPhase(TestSuiteExecutor.java:150)
	at com.kms.katalon.core.main.TestSuiteExecutor.execute(TestSuiteExecutor.java:106)
	at com.kms.katalon.core.main.TestCaseMain.startTestSuite(TestCaseMain.java:180)
	at TempTestSuite1713358848413.run(TempTestSuite1713358848413.groovy:35)
	at java.base/jdk.internal.reflect.NativeMethodAccessorImpl.invoke0(Native Method)
	at java.base/jdk.internal.reflect.NativeMethodAccessorImpl.invoke(NativeMethodAccessorImpl.java:77)
	at java.base/jdk.internal.reflect.DelegatingMethodAccessorImpl.invoke(DelegatingMethodAccessorImpl.java:43)
Caused by: org.openqa.selenium.NoSuchElementException: An element could not be located on the page using the given search parameters. (WARNING: The server did not provide any stacktrace information)
Command duration or timeout: 0 milliseconds
For documentation on this error, please visit: https://www.seleniumhq.org/exceptions/no_such_element.html
Build info: version: '3.141.59', revision: 'e82be7d358', time: '2018-11-14T08:25:53'
System info: host: 'NB-BARCIK', ip: '192.168.0.163', os.name: 'Windows 11', os.arch: 'amd64', os.version: '10.0', java.version: '17.0.7'
Driver info: io.appium.java_client.windows.WindowsDriver
Capabilities {app: C:\Program Files\Microsoft ..., javascriptEnabled: true, platform: WINDOWS, platformName: WINDOWS}
Session ID: EA0B7817-712C-4FE5-AC55-F477ED924BF0
*** Element info: {Using=xpath, value=//Window/Pane[1]/ToolBar[1]/Pane[1]/Pane[1]/Pane[1]/Pane[1]/Tab[1]/TabItem[1]}
	at jdk.internal.reflect.GeneratedConstructorAccessor41.newInstance(Unknown Source)
	at java.base/jdk.internal.reflect.DelegatingConstructorAccessorImpl.newInstance(DelegatingConstructorAccessorImpl.java:45)
	at org.openqa.selenium.remote.ErrorHandler.createThrowable(ErrorHandler.java:214)
	at org.openqa.selenium.remote.ErrorHandler.throwIfResponseFailed(ErrorHandler.java:166)
	at org.openqa.selenium.remote.http.JsonHttpResponseCodec.reconstructValue(JsonHttpResponseCodec.java:40)
	at org.openqa.selenium.remote.http.AbstractHttpResponseCodec.decode(AbstractHttpResponseCodec.java:80)
	at org.openqa.selenium.remote.http.AbstractHttpResponseCodec.decode(AbstractHttpResponseCodec.java:44)
	at org.openqa.selenium.remote.HttpCommandExecutor.execute(HttpCommandExecutor.java:158)
	at io.appium.java_client.remote.AppiumCommandExecutor.execute(AppiumCommandExecutor.java:239)
	at org.openqa.selenium.remote.RemoteWebDriver.execute(RemoteWebDriver.java:552)
	at io.appium.java_client.DefaultGenericMobileDriver.execute(DefaultGenericMobileDriver.java:42)
	at io.appium.java_client.AppiumDriver.execute(AppiumDriver.java:1)
	at io.appium.java_client.windows.WindowsDriver.execute(WindowsDriver.java:1)
	at org.openqa.selenium.remote.RemoteWebDriver.findElement(RemoteWebDriver.java:323)
	at io.appium.java_client.DefaultGenericMobileDriver.findElement(DefaultGenericMobileDriver.java:62)
	at io.appium.java_client.AppiumDriver.findElement(AppiumDriver.java:1)
	at io.appium.java_client.windows.WindowsDriver.findElement(WindowsDriver.java:1)
	at org.openqa.selenium.remote.RemoteWebDriver.findElementByXPath(RemoteWebDriver.java:428)
	at io.appium.java_client.DefaultGenericMobileDriver.findElementByXPath(DefaultGenericMobileDriver.java:152)
	at io.appium.java_client.AppiumDriver.findElementByXPath(AppiumDriver.java:1)
	at io.appium.java_client.windows.WindowsDriver.findElementByXPath(WindowsDriver.java:1)
	at com.kms.katalon.core.windows.keyword.helper.WindowsActionHelper$1.apply(WindowsActionHelper.java:136)
	at com.kms.katalon.core.windows.keyword.helper.WindowsActionHelper$1.apply(WindowsActionHelper.java:1)
	at org.openqa.selenium.support.ui.FluentWait.until(FluentWait.java:249)
	at com.kms.katalon.core.windows.keyword.helper.WindowsActionHelper.findElement(WindowsActionHelper.java:120)
	at com.kms.katalon.core.windows.keyword.helper.WindowsActionHelper.findElement(WindowsActionHelper.java:77)
	at com.kms.katalon.core.windows.keyword.helper.WindowsActionHelper.findElement(WindowsActionHelper.java:69)
	at com.kms.katalon.core.windows.keyword.helper.WindowsActionHelper.click(WindowsActionHelper.java:248)
	at com.kms.katalon.core.windows.keyword.helper.WindowsActionHelper$click$3.call(Unknown Source)
	at com.kms.katalon.core.windows.keyword.builtin.ClickKeyword$_click_closure1.doCall(ClickKeyword.groovy:43)
	at com.kms.katalon.core.windows.keyword.builtin.ClickKeyword$_click_closure1.doCall(ClickKeyword.groovy)
	at jdk.internal.reflect.GeneratedMethodAccessor25.invoke(Unknown Source)
	at java.base/jdk.internal.reflect.DelegatingMethodAccessorImpl.invoke(DelegatingMethodAccessorImpl.java:43)
	at com.kms.katalon.core.keyword.internal.KeywordMain.runKeyword(KeywordMain.groovy:90)
	at com.kms.katalon.core.keyword.internal.KeywordMain$runKeyword.call(Unknown Source)
	at com.kms.katalon.core.windows.keyword.builtin.ClickKeyword.click(ClickKeyword.groovy:37)
	at com.kms.katalon.core.windows.keyword.builtin.ClickKeyword$click.callCurrent(Unknown Source)
	at com.kms.katalon.core.windows.keyword.builtin.ClickKeyword.execute(ClickKeyword.groovy:33)
	at com.kms.katalon.core.keyword.internal.KeywordExecutor.executeKeywordForPlatform(KeywordExecutor.groovy:74)
	at com.kms.katalon.core.windows.keyword.WindowsBuiltinKeywords.click(WindowsBuiltinKeywords.java:72)
	at Script1712920680900.kontrolaMailu(Script1712920680900.groovy:213)
	at Script1712920680900.run(Script1712920680900.groovy:204)
	... 15 more
)
	at com.kms.katalon.core.keyword.internal.KeywordMain.stepFailed(KeywordMain.groovy:51)
	at com.kms.katalon.core.keyword.internal.KeywordMain.stepFailed(KeywordMain.groovy)
	at com.kms.katalon.core.keyword.internal.KeywordMain.runKeyword(KeywordMain.groovy:92)
	at com.kms.katalon.core.keyword.internal.KeywordMain$runKeyword.call(Unknown Source)
	at com.kms.katalon.core.windows.keyword.builtin.ClickKeyword.click(ClickKeyword.groovy:37)
	at com.kms.katalon.core.windows.keyword.builtin.ClickKeyword$click.callCurrent(Unknown Source)
	at com.kms.katalon.core.windows.keyword.builtin.ClickKeyword.execute(ClickKeyword.groovy:33)
	at com.kms.katalon.core.keyword.internal.KeywordExecutor.executeKeywordForPlatform(KeywordExecutor.groovy:74)
	at com.kms.katalon.core.windows.keyword.WindowsBuiltinKeywords.click(WindowsBuiltinKeywords.java:72)
	at PozickaB_399079.kontrolaMailu(PozickaB_399079:213)
	at PozickaB_399079.run(PozickaB_399079:204)
	at com.kms.katalon.core.main.ScriptEngine.run(ScriptEngine.java:194)
	at com.kms.katalon.core.main.ScriptEngine.runScriptAsRawText(ScriptEngine.java:119)
	at com.kms.katalon.core.main.TestCaseExecutor.runScript(TestCaseExecutor.java:448)
	at com.kms.katalon.core.main.TestCaseExecutor.doExecute(TestCaseExecutor.java:439)
	at com.kms.katalon.core.main.TestCaseExecutor.processExecutionPhase(TestCaseExecutor.java:418)
	at com.kms.katalon.core.main.TestCaseExecutor.accessMainPhase(TestCaseExecutor.java:410)
	at com.kms.katalon.core.main.TestCaseExecutor.execute(TestCaseExecutor.java:285)
	at com.kms.katalon.core.common.CommonExecutor.accessTestCaseMainPhase(CommonExecutor.java:65)
	at com.kms.katalon.core.main.TestSuiteExecutor.accessTestSuiteMainPhase(TestSuiteExecutor.java:150)
	at com.kms.katalon.core.main.TestSuiteExecutor.execute(TestSuiteExecutor.java:106)
	at com.kms.katalon.core.main.TestCaseMain.startTestSuite(TestCaseMain.java:180)
	at TempTestSuite1713358848413.run(TempTestSuite1713358848413.groovy:35)
	at java.base/jdk.internal.reflect.NativeMethodAccessorImpl.invoke0(Native Method)
	at java.base/jdk.internal.reflect.NativeMethodAccessorImpl.invoke(NativeMethodAccessorImpl.java:77)
	at java.base/jdk.internal.reflect.DelegatingMethodAccessorImpl.invoke(DelegatingMethodAccessorImpl.java:43)
Caused by: org.openqa.selenium.TimeoutException: Expected condition failed: waiting for com.kms.katalon.core.windows.keyword.helper.WindowsActionHelper$1@5567591e (tried for 30 second(s) with 50 milliseconds interval)
	at org.openqa.selenium.support.ui.FluentWait.timeoutException(FluentWait.java:304)
	at org.openqa.selenium.support.ui.FluentWait.until(FluentWait.java:272)
	at com.kms.katalon.core.windows.keyword.helper.WindowsActionHelper.findElement(WindowsActionHelper.java:120)
	at com.kms.katalon.core.windows.keyword.helper.WindowsActionHelper.findElement(WindowsActionHelper.java:77)
	at com.kms.katalon.core.windows.keyword.helper.WindowsActionHelper.findElement(WindowsActionHelper.java:69)
	at com.kms.katalon.core.windows.keyword.helper.WindowsActionHelper.click(WindowsActionHelper.java:248)
	at com.kms.katalon.core.windows.keyword.helper.WindowsActionHelper$click$3.call(Unknown Source)
	at com.kms.katalon.core.windows.keyword.builtin.ClickKeyword$_click_closure1.doCall(ClickKeyword.groovy:43)
	at com.kms.katalon.core.windows.keyword.builtin.ClickKeyword$_click_closure1.doCall(ClickKeyword.groovy)
	at jdk.internal.reflect.GeneratedMethodAccessor25.invoke(Unknown Source)
	at java.base/jdk.internal.reflect.DelegatingMethodAccessorImpl.invoke(DelegatingMethodAccessorImpl.java:43)
	at com.kms.katalon.core.keyword.internal.KeywordMain.runKeyword(KeywordMain.groovy:90)
	... 23 more
Caused by: org.openqa.selenium.NoSuchElementException: An element could not be located on the page using the given search parameters. (WARNING: The server did not provide any stacktrace information)
Command duration or timeout: 0 milliseconds
For documentation on this error, please visit: https://www.seleniumhq.org/exceptions/no_such_element.html
Build info: version: '3.141.59', revision: 'e82be7d358', time: '2018-11-14T08:25:53'
System info: host: 'NB-BARCIK', ip: '192.168.0.163', os.name: 'Windows 11', os.arch: 'amd64', os.version: '10.0', java.version: '17.0.7'
Driver info: io.appium.java_client.windows.WindowsDriver
Capabilities {app: C:\Program Files\Microsoft ..., javascriptEnabled: true, platform: WINDOWS, platformName: WINDOWS}
Session ID: EA0B7817-712C-4FE5-AC55-F477ED924BF0
*** Element info: {Using=xpath, value=//Window/Pane[1]/ToolBar[1]/Pane[1]/Pane[1]/Pane[1]/Pane[1]/Tab[1]/TabItem[1]}
	at jdk.internal.reflect.GeneratedConstructorAccessor41.newInstance(Unknown Source)
	at java.base/jdk.internal.reflect.DelegatingConstructorAccessorImpl.newInstance(DelegatingConstructorAccessorImpl.java:45)
	at org.openqa.selenium.remote.ErrorHandler.createThrowable(ErrorHandler.java:214)
	at org.openqa.selenium.remote.ErrorHandler.throwIfResponseFailed(ErrorHandler.java:166)
	at org.openqa.selenium.remote.http.JsonHttpResponseCodec.reconstructValue(JsonHttpResponseCodec.java:40)
	at org.openqa.selenium.remote.http.AbstractHttpResponseCodec.decode(AbstractHttpResponseCodec.java:80)
	at org.openqa.selenium.remote.http.AbstractHttpResponseCodec.decode(AbstractHttpResponseCodec.java:44)
	at org.openqa.selenium.remote.HttpCommandExecutor.execute(HttpCommandExecutor.java:158)
	at io.appium.java_client.remote.AppiumCommandExecutor.execute(AppiumCommandExecutor.java:239)
	at org.openqa.selenium.remote.RemoteWebDriver.execute(RemoteWebDriver.java:552)
	at io.appium.java_client.DefaultGenericMobileDriver.execute(DefaultGenericMobileDriver.java:42)
	at io.appium.java_client.AppiumDriver.execute(AppiumDriver.java:1)
	at io.appium.java_client.windows.WindowsDriver.execute(WindowsDriver.java:1)
	at org.openqa.selenium.remote.RemoteWebDriver.findElement(RemoteWebDriver.java:323)
	at io.appium.java_client.DefaultGenericMobileDriver.findElement(DefaultGenericMobileDriver.java:62)
	at io.appium.java_client.AppiumDriver.findElement(AppiumDriver.java:1)
	at io.appium.java_client.windows.WindowsDriver.findElement(WindowsDriver.java:1)
	at org.openqa.selenium.remote.RemoteWebDriver.findElementByXPath(RemoteWebDriver.java:428)
	at io.appium.java_client.DefaultGenericMobileDriver.findElementByXPath(DefaultGenericMobileDriver.java:152)
	at io.appium.java_client.AppiumDriver.findElementByXPath(AppiumDriver.java:1)
	at io.appium.java_client.windows.WindowsDriver.findElementByXPath(WindowsDriver.java:1)
	at com.kms.katalon.core.windows.keyword.helper.WindowsActionHelper$1.apply(WindowsActionHelper.java:136)
	at com.kms.katalon.core.windows.keyword.helper.WindowsActionHelper$1.apply(WindowsActionHelper.java:1)
	at org.openqa.selenium.support.ui.FluentWait.until(FluentWait.java:249)
	... 33 more]]></system-err>
      </testcase>
      <system-out><![CDATA[17-04-2024T15:01:04 - [TEST_SUITE][FAILED] - SuitePozicky: Test Cases/Pozicky B/Pozicka_399090 FAILED.
Reason:
com.kms.katalon.core.exception.StepFailedException: Expected condition failed: waiting for com.kms.katalon.core.windows.keyword.helper.WindowsActionHelper$1@341f2f4c (tried for 30 second(s) with 50 milliseconds interval) (Root cause: org.openqa.selenium.TimeoutException: Expected condition failed: waiting for com.kms.katalon.core.windows.keyword.helper.WindowsActionHelper$1@341f2f4c (tried for 30 second(s) with 50 milliseconds interval)
	at org.openqa.selenium.support.ui.FluentWait.timeoutException(FluentWait.java:304)
	at org.openqa.selenium.support.ui.FluentWait.until(FluentWait.java:272)
	at com.kms.katalon.core.windows.keyword.helper.WindowsActionHelper.findElement(WindowsActionHelper.java:120)
	at com.kms.katalon.core.windows.keyword.helper.WindowsActionHelper.findElement(WindowsActionHelper.java:77)
	at com.kms.katalon.core.windows.keyword.helper.WindowsActionHelper.findElement(WindowsActionHelper.java:69)
	at com.kms.katalon.core.windows.keyword.helper.WindowsActionHelper.click(WindowsActionHelper.java:248)
	at com.kms.katalon.core.windows.keyword.helper.WindowsActionHelper$click$3.call(Unknown Source)
	at com.kms.katalon.core.windows.keyword.builtin.ClickKeyword$_click_closure1.doCall(ClickKeyword.groovy:43)
	at com.kms.katalon.core.windows.keyword.builtin.ClickKeyword$_click_closure1.doCall(ClickKeyword.groovy)
	at java.base/jdk.internal.reflect.NativeMethodAccessorImpl.invoke0(Native Method)
	at java.base/jdk.internal.reflect.NativeMethodAccessorImpl.invoke(NativeMethodAccessorImpl.java:77)
	at java.base/jdk.internal.reflect.DelegatingMethodAccessorImpl.invoke(DelegatingMethodAccessorImpl.java:43)
	at com.kms.katalon.core.keyword.internal.KeywordMain.runKeyword(KeywordMain.groovy:90)
	at com.kms.katalon.core.keyword.internal.KeywordMain$runKeyword.call(Unknown Source)
	at com.kms.katalon.core.windows.keyword.builtin.ClickKeyword.click(ClickKeyword.groovy:37)
	at com.kms.katalon.core.windows.keyword.builtin.ClickKeyword$click.callCurrent(Unknown Source)
	at com.kms.katalon.core.windows.keyword.builtin.ClickKeyword.execute(ClickKeyword.groovy:33)
	at com.kms.katalon.core.keyword.internal.KeywordExecutor.executeKeywordForPlatform(KeywordExecutor.groovy:74)
	at com.kms.katalon.core.windows.keyword.WindowsBuiltinKeywords.click(WindowsBuiltinKeywords.java:72)
	at Email.kontrolaMailu(Email.java:30)
	at Pozicka_399090.run(Pozicka_399090:329)
	at com.kms.katalon.core.main.ScriptEngine.run(ScriptEngine.java:194)
	at com.kms.katalon.core.main.ScriptEngine.runScriptAsRawText(ScriptEngine.java:119)
	at com.kms.katalon.core.main.TestCaseExecutor.runScript(TestCaseExecutor.java:448)
	at com.kms.katalon.core.main.TestCaseExecutor.doExecute(TestCaseExecutor.java:439)
	at com.kms.katalon.core.main.TestCaseExecutor.processExecutionPhase(TestCaseExecutor.java:418)
	at com.kms.katalon.core.main.TestCaseExecutor.accessMainPhase(TestCaseExecutor.java:410)
	at com.kms.katalon.core.main.TestCaseExecutor.execute(TestCaseExecutor.java:285)
	at com.kms.katalon.core.common.CommonExecutor.accessTestCaseMainPhase(CommonExecutor.java:65)
	at com.kms.katalon.core.main.TestSuiteExecutor.accessTestSuiteMainPhase(TestSuiteExecutor.java:150)
	at com.kms.katalon.core.main.TestSuiteExecutor.execute(TestSuiteExecutor.java:106)
	at com.kms.katalon.core.main.TestCaseMain.startTestSuite(TestCaseMain.java:180)
	at TempTestSuite1713358848413.run(TempTestSuite1713358848413.groovy:35)
	at java.base/jdk.internal.reflect.NativeMethodAccessorImpl.invoke0(Native Method)
	at java.base/jdk.internal.reflect.NativeMethodAccessorImpl.invoke(NativeMethodAccessorImpl.java:77)
	at java.base/jdk.internal.reflect.DelegatingMethodAccessorImpl.invoke(DelegatingMethodAccessorImpl.java:43)
Caused by: org.openqa.selenium.NoSuchElementException: An element could not be located on the page using the given search parameters. (WARNING: The server did not provide any stacktrace information)
Command duration or timeout: 0 milliseconds
For documentation on this error, please visit: https://www.seleniumhq.org/exceptions/no_such_element.html
Build info: version: '3.141.59', revision: 'e82be7d358', time: '2018-11-14T08:25:53'
System info: host: 'NB-BARCIK', ip: '192.168.0.163', os.name: 'Windows 11', os.arch: 'amd64', os.version: '10.0', java.version: '17.0.7'
Driver info: io.appium.java_client.windows.WindowsDriver
Capabilities {app: C:\Program Files\Microsoft ..., javascriptEnabled: true, platform: WINDOWS, platformName: WINDOWS}
Session ID: F7874F76-83AE-421A-BA8E-7DE9BA350D38
*** Element info: {Using=xpath, value=//Window/Pane[1]/ToolBar[1]/Pane[1]/Pane[1]/Pane[1]/Pane[1]/Tab[1]/TabItem[1]}
	at java.base/jdk.internal.reflect.NativeConstructorAccessorImpl.newInstance0(Native Method)
	at java.base/jdk.internal.reflect.NativeConstructorAccessorImpl.newInstance(NativeConstructorAccessorImpl.java:77)
	at java.base/jdk.internal.reflect.DelegatingConstructorAccessorImpl.newInstance(DelegatingConstructorAccessorImpl.java:45)
	at org.openqa.selenium.remote.ErrorHandler.createThrowable(ErrorHandler.java:214)
	at org.openqa.selenium.remote.ErrorHandler.throwIfResponseFailed(ErrorHandler.java:166)
	at org.openqa.selenium.remote.http.JsonHttpResponseCodec.reconstructValue(JsonHttpResponseCodec.java:40)
	at org.openqa.selenium.remote.http.AbstractHttpResponseCodec.decode(AbstractHttpResponseCodec.java:80)
	at org.openqa.selenium.remote.http.AbstractHttpResponseCodec.decode(AbstractHttpResponseCodec.java:44)
	at org.openqa.selenium.remote.HttpCommandExecutor.execute(HttpCommandExecutor.java:158)
	at io.appium.java_client.remote.AppiumCommandExecutor.execute(AppiumCommandExecutor.java:239)
	at org.openqa.selenium.remote.RemoteWebDriver.execute(RemoteWebDriver.java:552)
	at io.appium.java_client.DefaultGenericMobileDriver.execute(DefaultGenericMobileDriver.java:42)
	at io.appium.java_client.AppiumDriver.execute(AppiumDriver.java:1)
	at io.appium.java_client.windows.WindowsDriver.execute(WindowsDriver.java:1)
	at org.openqa.selenium.remote.RemoteWebDriver.findElement(RemoteWebDriver.java:323)
	at io.appium.java_client.DefaultGenericMobileDriver.findElement(DefaultGenericMobileDriver.java:62)
	at io.appium.java_client.AppiumDriver.findElement(AppiumDriver.java:1)
	at io.appium.java_client.windows.WindowsDriver.findElement(WindowsDriver.java:1)
	at org.openqa.selenium.remote.RemoteWebDriver.findElementByXPath(RemoteWebDriver.java:428)
	at io.appium.java_client.DefaultGenericMobileDriver.findElementByXPath(DefaultGenericMobileDriver.java:152)
	at io.appium.java_client.AppiumDriver.findElementByXPath(AppiumDriver.java:1)
	at io.appium.java_client.windows.WindowsDriver.findElementByXPath(WindowsDriver.java:1)
	at com.kms.katalon.core.windows.keyword.helper.WindowsActionHelper$1.apply(WindowsActionHelper.java:136)
	at com.kms.katalon.core.windows.keyword.helper.WindowsActionHelper$1.apply(WindowsActionHelper.java:1)
	at org.openqa.selenium.support.ui.FluentWait.until(FluentWait.java:249)
	at com.kms.katalon.core.windows.keyword.helper.WindowsActionHelper.findElement(WindowsActionHelper.java:120)
	at com.kms.katalon.core.windows.keyword.helper.WindowsActionHelper.findElement(WindowsActionHelper.java:77)
	at com.kms.katalon.core.windows.keyword.helper.WindowsActionHelper.findElement(WindowsActionHelper.java:69)
	at com.kms.katalon.core.windows.keyword.helper.WindowsActionHelper.click(WindowsActionHelper.java:248)
	at com.kms.katalon.core.windows.keyword.helper.WindowsActionHelper$click$3.call(Unknown Source)
	at com.kms.katalon.core.windows.keyword.builtin.ClickKeyword$_click_closure1.doCall(ClickKeyword.groovy:43)
	at com.kms.katalon.core.windows.keyword.builtin.ClickKeyword$_click_closure1.doCall(ClickKeyword.groovy)
	at java.base/jdk.internal.reflect.NativeMethodAccessorImpl.invoke0(Native Method)
	at java.base/jdk.internal.reflect.NativeMethodAccessorImpl.invoke(NativeMethodAccessorImpl.java:77)
	at java.base/jdk.internal.reflect.DelegatingMethodAccessorImpl.invoke(DelegatingMethodAccessorImpl.java:43)
	at com.kms.katalon.core.keyword.internal.KeywordMain.runKeyword(KeywordMain.groovy:90)
	at com.kms.katalon.core.keyword.internal.KeywordMain$runKeyword.call(Unknown Source)
	at com.kms.katalon.core.windows.keyword.builtin.ClickKeyword.click(ClickKeyword.groovy:37)
	at com.kms.katalon.core.windows.keyword.builtin.ClickKeyword$click.callCurrent(Unknown Source)
	at com.kms.katalon.core.windows.keyword.builtin.ClickKeyword.execute(ClickKeyword.groovy:33)
	at com.kms.katalon.core.keyword.internal.KeywordExecutor.executeKeywordForPlatform(KeywordExecutor.groovy:74)
	at com.kms.katalon.core.windows.keyword.WindowsBuiltinKeywords.click(WindowsBuiltinKeywords.java:72)
	at Email.kontrolaMailu(Email.java:30)
	at Script1713185661975.run(Script1713185661975.groovy:329)
	... 15 more
)
	at com.kms.katalon.core.keyword.internal.KeywordMain.stepFailed(KeywordMain.groovy:51)
	at com.kms.katalon.core.keyword.internal.KeywordMain.stepFailed(KeywordMain.groovy)
	at com.kms.katalon.core.keyword.internal.KeywordMain.runKeyword(KeywordMain.groovy:92)
	at com.kms.katalon.core.keyword.internal.KeywordMain$runKeyword.call(Unknown Source)
	at com.kms.katalon.core.windows.keyword.builtin.ClickKeyword.click(ClickKeyword.groovy:37)
	at com.kms.katalon.core.windows.keyword.builtin.ClickKeyword$click.callCurrent(Unknown Source)
	at com.kms.katalon.core.windows.keyword.builtin.ClickKeyword.execute(ClickKeyword.groovy:33)
	at com.kms.katalon.core.keyword.internal.KeywordExecutor.executeKeywordForPlatform(KeywordExecutor.groovy:74)
	at com.kms.katalon.core.windows.keyword.WindowsBuiltinKeywords.click(WindowsBuiltinKeywords.java:72)
	at Email.kontrolaMailu(Email.java:30)
	at Pozicka_399090.run(Pozicka_399090:329)
	at com.kms.katalon.core.main.ScriptEngine.run(ScriptEngine.java:194)
	at com.kms.katalon.core.main.ScriptEngine.runScriptAsRawText(ScriptEngine.java:119)
	at com.kms.katalon.core.main.TestCaseExecutor.runScript(TestCaseExecutor.java:448)
	at com.kms.katalon.core.main.TestCaseExecutor.doExecute(TestCaseExecutor.java:439)
	at com.kms.katalon.core.main.TestCaseExecutor.processExecutionPhase(TestCaseExecutor.java:418)
	at com.kms.katalon.core.main.TestCaseExecutor.accessMainPhase(TestCaseExecutor.java:410)
	at com.kms.katalon.core.main.TestCaseExecutor.execute(TestCaseExecutor.java:285)
	at com.kms.katalon.core.common.CommonExecutor.accessTestCaseMainPhase(CommonExecutor.java:65)
	at com.kms.katalon.core.main.TestSuiteExecutor.accessTestSuiteMainPhase(TestSuiteExecutor.java:150)
	at com.kms.katalon.core.main.TestSuiteExecutor.execute(TestSuiteExecutor.java:106)
	at com.kms.katalon.core.main.TestCaseMain.startTestSuite(TestCaseMain.java:180)
	at TempTestSuite1713358848413.run(TempTestSuite1713358848413.groovy:35)
	at java.base/jdk.internal.reflect.NativeMethodAccessorImpl.invoke0(Native Method)
	at java.base/jdk.internal.reflect.NativeMethodAccessorImpl.invoke(NativeMethodAccessorImpl.java:77)
	at java.base/jdk.internal.reflect.DelegatingMethodAccessorImpl.invoke(DelegatingMethodAccessorImpl.java:43)
Caused by: org.openqa.selenium.TimeoutException: Expected condition failed: waiting for com.kms.katalon.core.windows.keyword.helper.WindowsActionHelper$1@341f2f4c (tried for 30 second(s) with 50 milliseconds interval)
	at org.openqa.selenium.support.ui.FluentWait.timeoutException(FluentWait.java:304)
	at org.openqa.selenium.support.ui.FluentWait.until(FluentWait.java:272)
	at com.kms.katalon.core.windows.keyword.helper.WindowsActionHelper.findElement(WindowsActionHelper.java:120)
	at com.kms.katalon.core.windows.keyword.helper.WindowsActionHelper.findElement(WindowsActionHelper.java:77)
	at com.kms.katalon.core.windows.keyword.helper.WindowsActionHelper.findElement(WindowsActionHelper.java:69)
	at com.kms.katalon.core.windows.keyword.helper.WindowsActionHelper.click(WindowsActionHelper.java:248)
	at com.kms.katalon.core.windows.keyword.helper.WindowsActionHelper$click$3.call(Unknown Source)
	at com.kms.katalon.core.windows.keyword.builtin.ClickKeyword$_click_closure1.doCall(ClickKeyword.groovy:43)
	at com.kms.katalon.core.windows.keyword.builtin.ClickKeyword$_click_closure1.doCall(ClickKeyword.groovy)
	at java.base/jdk.internal.reflect.NativeMethodAccessorImpl.invoke0(Native Method)
	at java.base/jdk.internal.reflect.NativeMethodAccessorImpl.invoke(NativeMethodAccessorImpl.java:77)
	at java.base/jdk.internal.reflect.DelegatingMethodAccessorImpl.invoke(DelegatingMethodAccessorImpl.java:43)
	at com.kms.katalon.core.keyword.internal.KeywordMain.runKeyword(KeywordMain.groovy:90)
	... 23 more
Caused by: org.openqa.selenium.NoSuchElementException: An element could not be located on the page using the given search parameters. (WARNING: The server did not provide any stacktrace information)
Command duration or timeout: 0 milliseconds
For documentation on this error, please visit: https://www.seleniumhq.org/exceptions/no_such_element.html
Build info: version: '3.141.59', revision: 'e82be7d358', time: '2018-11-14T08:25:53'
System info: host: 'NB-BARCIK', ip: '192.168.0.163', os.name: 'Windows 11', os.arch: 'amd64', os.version: '10.0', java.version: '17.0.7'
Driver info: io.appium.java_client.windows.WindowsDriver
Capabilities {app: C:\Program Files\Microsoft ..., javascriptEnabled: true, platform: WINDOWS, platformName: WINDOWS}
Session ID: F7874F76-83AE-421A-BA8E-7DE9BA350D38
*** Element info: {Using=xpath, value=//Window/Pane[1]/ToolBar[1]/Pane[1]/Pane[1]/Pane[1]/Pane[1]/Tab[1]/TabItem[1]}
	at java.base/jdk.internal.reflect.NativeConstructorAccessorImpl.newInstance0(Native Method)
	at java.base/jdk.internal.reflect.NativeConstructorAccessorImpl.newInstance(NativeConstructorAccessorImpl.java:77)
	at java.base/jdk.internal.reflect.DelegatingConstructorAccessorImpl.newInstance(DelegatingConstructorAccessorImpl.java:45)
	at org.openqa.selenium.remote.ErrorHandler.createThrowable(ErrorHandler.java:214)
	at org.openqa.selenium.remote.ErrorHandler.throwIfResponseFailed(ErrorHandler.java:166)
	at org.openqa.selenium.remote.http.JsonHttpResponseCodec.reconstructValue(JsonHttpResponseCodec.java:40)
	at org.openqa.selenium.remote.http.AbstractHttpResponseCodec.decode(AbstractHttpResponseCodec.java:80)
	at org.openqa.selenium.remote.http.AbstractHttpResponseCodec.decode(AbstractHttpResponseCodec.java:44)
	at org.openqa.selenium.remote.HttpCommandExecutor.execute(HttpCommandExecutor.java:158)
	at io.appium.java_client.remote.AppiumCommandExecutor.execute(AppiumCommandExecutor.java:239)
	at org.openqa.selenium.remote.RemoteWebDriver.execute(RemoteWebDriver.java:552)
	at io.appium.java_client.DefaultGenericMobileDriver.execute(DefaultGenericMobileDriver.java:42)
	at io.appium.java_client.AppiumDriver.execute(AppiumDriver.java:1)
	at io.appium.java_client.windows.WindowsDriver.execute(WindowsDriver.java:1)
	at org.openqa.selenium.remote.RemoteWebDriver.findElement(RemoteWebDriver.java:323)
	at io.appium.java_client.DefaultGenericMobileDriver.findElement(DefaultGenericMobileDriver.java:62)
	at io.appium.java_client.AppiumDriver.findElement(AppiumDriver.java:1)
	at io.appium.java_client.windows.WindowsDriver.findElement(WindowsDriver.java:1)
	at org.openqa.selenium.remote.RemoteWebDriver.findElementByXPath(RemoteWebDriver.java:428)
	at io.appium.java_client.DefaultGenericMobileDriver.findElementByXPath(DefaultGenericMobileDriver.java:152)
	at io.appium.java_client.AppiumDriver.findElementByXPath(AppiumDriver.java:1)
	at io.appium.java_client.windows.WindowsDriver.findElementByXPath(WindowsDriver.java:1)
	at com.kms.katalon.core.windows.keyword.helper.WindowsActionHelper$1.apply(WindowsActionHelper.java:136)
	at com.kms.katalon.core.windows.keyword.helper.WindowsActionHelper$1.apply(WindowsActionHelper.java:1)
	at org.openqa.selenium.support.ui.FluentWait.until(FluentWait.java:249)
	... 34 more]]></system-out>
      <system-err><![CDATA[17-04-2024T15:01:04 - [TEST_SUITE][FAILED] - SuitePozicky: Test Cases/Pozicky B/Pozicka_399090 FAILED.
Reason:
com.kms.katalon.core.exception.StepFailedException: Expected condition failed: waiting for com.kms.katalon.core.windows.keyword.helper.WindowsActionHelper$1@341f2f4c (tried for 30 second(s) with 50 milliseconds interval) (Root cause: org.openqa.selenium.TimeoutException: Expected condition failed: waiting for com.kms.katalon.core.windows.keyword.helper.WindowsActionHelper$1@341f2f4c (tried for 30 second(s) with 50 milliseconds interval)
	at org.openqa.selenium.support.ui.FluentWait.timeoutException(FluentWait.java:304)
	at org.openqa.selenium.support.ui.FluentWait.until(FluentWait.java:272)
	at com.kms.katalon.core.windows.keyword.helper.WindowsActionHelper.findElement(WindowsActionHelper.java:120)
	at com.kms.katalon.core.windows.keyword.helper.WindowsActionHelper.findElement(WindowsActionHelper.java:77)
	at com.kms.katalon.core.windows.keyword.helper.WindowsActionHelper.findElement(WindowsActionHelper.java:69)
	at com.kms.katalon.core.windows.keyword.helper.WindowsActionHelper.click(WindowsActionHelper.java:248)
	at com.kms.katalon.core.windows.keyword.helper.WindowsActionHelper$click$3.call(Unknown Source)
	at com.kms.katalon.core.windows.keyword.builtin.ClickKeyword$_click_closure1.doCall(ClickKeyword.groovy:43)
	at com.kms.katalon.core.windows.keyword.builtin.ClickKeyword$_click_closure1.doCall(ClickKeyword.groovy)
	at java.base/jdk.internal.reflect.NativeMethodAccessorImpl.invoke0(Native Method)
	at java.base/jdk.internal.reflect.NativeMethodAccessorImpl.invoke(NativeMethodAccessorImpl.java:77)
	at java.base/jdk.internal.reflect.DelegatingMethodAccessorImpl.invoke(DelegatingMethodAccessorImpl.java:43)
	at com.kms.katalon.core.keyword.internal.KeywordMain.runKeyword(KeywordMain.groovy:90)
	at com.kms.katalon.core.keyword.internal.KeywordMain$runKeyword.call(Unknown Source)
	at com.kms.katalon.core.windows.keyword.builtin.ClickKeyword.click(ClickKeyword.groovy:37)
	at com.kms.katalon.core.windows.keyword.builtin.ClickKeyword$click.callCurrent(Unknown Source)
	at com.kms.katalon.core.windows.keyword.builtin.ClickKeyword.execute(ClickKeyword.groovy:33)
	at com.kms.katalon.core.keyword.internal.KeywordExecutor.executeKeywordForPlatform(KeywordExecutor.groovy:74)
	at com.kms.katalon.core.windows.keyword.WindowsBuiltinKeywords.click(WindowsBuiltinKeywords.java:72)
	at Email.kontrolaMailu(Email.java:30)
	at Pozicka_399090.run(Pozicka_399090:329)
	at com.kms.katalon.core.main.ScriptEngine.run(ScriptEngine.java:194)
	at com.kms.katalon.core.main.ScriptEngine.runScriptAsRawText(ScriptEngine.java:119)
	at com.kms.katalon.core.main.TestCaseExecutor.runScript(TestCaseExecutor.java:448)
	at com.kms.katalon.core.main.TestCaseExecutor.doExecute(TestCaseExecutor.java:439)
	at com.kms.katalon.core.main.TestCaseExecutor.processExecutionPhase(TestCaseExecutor.java:418)
	at com.kms.katalon.core.main.TestCaseExecutor.accessMainPhase(TestCaseExecutor.java:410)
	at com.kms.katalon.core.main.TestCaseExecutor.execute(TestCaseExecutor.java:285)
	at com.kms.katalon.core.common.CommonExecutor.accessTestCaseMainPhase(CommonExecutor.java:65)
	at com.kms.katalon.core.main.TestSuiteExecutor.accessTestSuiteMainPhase(TestSuiteExecutor.java:150)
	at com.kms.katalon.core.main.TestSuiteExecutor.execute(TestSuiteExecutor.java:106)
	at com.kms.katalon.core.main.TestCaseMain.startTestSuite(TestCaseMain.java:180)
	at TempTestSuite1713358848413.run(TempTestSuite1713358848413.groovy:35)
	at java.base/jdk.internal.reflect.NativeMethodAccessorImpl.invoke0(Native Method)
	at java.base/jdk.internal.reflect.NativeMethodAccessorImpl.invoke(NativeMethodAccessorImpl.java:77)
	at java.base/jdk.internal.reflect.DelegatingMethodAccessorImpl.invoke(DelegatingMethodAccessorImpl.java:43)
Caused by: org.openqa.selenium.NoSuchElementException: An element could not be located on the page using the given search parameters. (WARNING: The server did not provide any stacktrace information)
Command duration or timeout: 0 milliseconds
For documentation on this error, please visit: https://www.seleniumhq.org/exceptions/no_such_element.html
Build info: version: '3.141.59', revision: 'e82be7d358', time: '2018-11-14T08:25:53'
System info: host: 'NB-BARCIK', ip: '192.168.0.163', os.name: 'Windows 11', os.arch: 'amd64', os.version: '10.0', java.version: '17.0.7'
Driver info: io.appium.java_client.windows.WindowsDriver
Capabilities {app: C:\Program Files\Microsoft ..., javascriptEnabled: true, platform: WINDOWS, platformName: WINDOWS}
Session ID: F7874F76-83AE-421A-BA8E-7DE9BA350D38
*** Element info: {Using=xpath, value=//Window/Pane[1]/ToolBar[1]/Pane[1]/Pane[1]/Pane[1]/Pane[1]/Tab[1]/TabItem[1]}
	at java.base/jdk.internal.reflect.NativeConstructorAccessorImpl.newInstance0(Native Method)
	at java.base/jdk.internal.reflect.NativeConstructorAccessorImpl.newInstance(NativeConstructorAccessorImpl.java:77)
	at java.base/jdk.internal.reflect.DelegatingConstructorAccessorImpl.newInstance(DelegatingConstructorAccessorImpl.java:45)
	at org.openqa.selenium.remote.ErrorHandler.createThrowable(ErrorHandler.java:214)
	at org.openqa.selenium.remote.ErrorHandler.throwIfResponseFailed(ErrorHandler.java:166)
	at org.openqa.selenium.remote.http.JsonHttpResponseCodec.reconstructValue(JsonHttpResponseCodec.java:40)
	at org.openqa.selenium.remote.http.AbstractHttpResponseCodec.decode(AbstractHttpResponseCodec.java:80)
	at org.openqa.selenium.remote.http.AbstractHttpResponseCodec.decode(AbstractHttpResponseCodec.java:44)
	at org.openqa.selenium.remote.HttpCommandExecutor.execute(HttpCommandExecutor.java:158)
	at io.appium.java_client.remote.AppiumCommandExecutor.execute(AppiumCommandExecutor.java:239)
	at org.openqa.selenium.remote.RemoteWebDriver.execute(RemoteWebDriver.java:552)
	at io.appium.java_client.DefaultGenericMobileDriver.execute(DefaultGenericMobileDriver.java:42)
	at io.appium.java_client.AppiumDriver.execute(AppiumDriver.java:1)
	at io.appium.java_client.windows.WindowsDriver.execute(WindowsDriver.java:1)
	at org.openqa.selenium.remote.RemoteWebDriver.findElement(RemoteWebDriver.java:323)
	at io.appium.java_client.DefaultGenericMobileDriver.findElement(DefaultGenericMobileDriver.java:62)
	at io.appium.java_client.AppiumDriver.findElement(AppiumDriver.java:1)
	at io.appium.java_client.windows.WindowsDriver.findElement(WindowsDriver.java:1)
	at org.openqa.selenium.remote.RemoteWebDriver.findElementByXPath(RemoteWebDriver.java:428)
	at io.appium.java_client.DefaultGenericMobileDriver.findElementByXPath(DefaultGenericMobileDriver.java:152)
	at io.appium.java_client.AppiumDriver.findElementByXPath(AppiumDriver.java:1)
	at io.appium.java_client.windows.WindowsDriver.findElementByXPath(WindowsDriver.java:1)
	at com.kms.katalon.core.windows.keyword.helper.WindowsActionHelper$1.apply(WindowsActionHelper.java:136)
	at com.kms.katalon.core.windows.keyword.helper.WindowsActionHelper$1.apply(WindowsActionHelper.java:1)
	at org.openqa.selenium.support.ui.FluentWait.until(FluentWait.java:249)
	at com.kms.katalon.core.windows.keyword.helper.WindowsActionHelper.findElement(WindowsActionHelper.java:120)
	at com.kms.katalon.core.windows.keyword.helper.WindowsActionHelper.findElement(WindowsActionHelper.java:77)
	at com.kms.katalon.core.windows.keyword.helper.WindowsActionHelper.findElement(WindowsActionHelper.java:69)
	at com.kms.katalon.core.windows.keyword.helper.WindowsActionHelper.click(WindowsActionHelper.java:248)
	at com.kms.katalon.core.windows.keyword.helper.WindowsActionHelper$click$3.call(Unknown Source)
	at com.kms.katalon.core.windows.keyword.builtin.ClickKeyword$_click_closure1.doCall(ClickKeyword.groovy:43)
	at com.kms.katalon.core.windows.keyword.builtin.ClickKeyword$_click_closure1.doCall(ClickKeyword.groovy)
	at java.base/jdk.internal.reflect.NativeMethodAccessorImpl.invoke0(Native Method)
	at java.base/jdk.internal.reflect.NativeMethodAccessorImpl.invoke(NativeMethodAccessorImpl.java:77)
	at java.base/jdk.internal.reflect.DelegatingMethodAccessorImpl.invoke(DelegatingMethodAccessorImpl.java:43)
	at com.kms.katalon.core.keyword.internal.KeywordMain.runKeyword(KeywordMain.groovy:90)
	at com.kms.katalon.core.keyword.internal.KeywordMain$runKeyword.call(Unknown Source)
	at com.kms.katalon.core.windows.keyword.builtin.ClickKeyword.click(ClickKeyword.groovy:37)
	at com.kms.katalon.core.windows.keyword.builtin.ClickKeyword$click.callCurrent(Unknown Source)
	at com.kms.katalon.core.windows.keyword.builtin.ClickKeyword.execute(ClickKeyword.groovy:33)
	at com.kms.katalon.core.keyword.internal.KeywordExecutor.executeKeywordForPlatform(KeywordExecutor.groovy:74)
	at com.kms.katalon.core.windows.keyword.WindowsBuiltinKeywords.click(WindowsBuiltinKeywords.java:72)
	at Email.kontrolaMailu(Email.java:30)
	at Script1713185661975.run(Script1713185661975.groovy:329)
	... 15 more
)
	at com.kms.katalon.core.keyword.internal.KeywordMain.stepFailed(KeywordMain.groovy:51)
	at com.kms.katalon.core.keyword.internal.KeywordMain.stepFailed(KeywordMain.groovy)
	at com.kms.katalon.core.keyword.internal.KeywordMain.runKeyword(KeywordMain.groovy:92)
	at com.kms.katalon.core.keyword.internal.KeywordMain$runKeyword.call(Unknown Source)
	at com.kms.katalon.core.windows.keyword.builtin.ClickKeyword.click(ClickKeyword.groovy:37)
	at com.kms.katalon.core.windows.keyword.builtin.ClickKeyword$click.callCurrent(Unknown Source)
	at com.kms.katalon.core.windows.keyword.builtin.ClickKeyword.execute(ClickKeyword.groovy:33)
	at com.kms.katalon.core.keyword.internal.KeywordExecutor.executeKeywordForPlatform(KeywordExecutor.groovy:74)
	at com.kms.katalon.core.windows.keyword.WindowsBuiltinKeywords.click(WindowsBuiltinKeywords.java:72)
	at Email.kontrolaMailu(Email.java:30)
	at Pozicka_399090.run(Pozicka_399090:329)
	at com.kms.katalon.core.main.ScriptEngine.run(ScriptEngine.java:194)
	at com.kms.katalon.core.main.ScriptEngine.runScriptAsRawText(ScriptEngine.java:119)
	at com.kms.katalon.core.main.TestCaseExecutor.runScript(TestCaseExecutor.java:448)
	at com.kms.katalon.core.main.TestCaseExecutor.doExecute(TestCaseExecutor.java:439)
	at com.kms.katalon.core.main.TestCaseExecutor.processExecutionPhase(TestCaseExecutor.java:418)
	at com.kms.katalon.core.main.TestCaseExecutor.accessMainPhase(TestCaseExecutor.java:410)
	at com.kms.katalon.core.main.TestCaseExecutor.execute(TestCaseExecutor.java:285)
	at com.kms.katalon.core.common.CommonExecutor.accessTestCaseMainPhase(CommonExecutor.java:65)
	at com.kms.katalon.core.main.TestSuiteExecutor.accessTestSuiteMainPhase(TestSuiteExecutor.java:150)
	at com.kms.katalon.core.main.TestSuiteExecutor.execute(TestSuiteExecutor.java:106)
	at com.kms.katalon.core.main.TestCaseMain.startTestSuite(TestCaseMain.java:180)
	at TempTestSuite1713358848413.run(TempTestSuite1713358848413.groovy:35)
	at java.base/jdk.internal.reflect.NativeMethodAccessorImpl.invoke0(Native Method)
	at java.base/jdk.internal.reflect.NativeMethodAccessorImpl.invoke(NativeMethodAccessorImpl.java:77)
	at java.base/jdk.internal.reflect.DelegatingMethodAccessorImpl.invoke(DelegatingMethodAccessorImpl.java:43)
Caused by: org.openqa.selenium.TimeoutException: Expected condition failed: waiting for com.kms.katalon.core.windows.keyword.helper.WindowsActionHelper$1@341f2f4c (tried for 30 second(s) with 50 milliseconds interval)
	at org.openqa.selenium.support.ui.FluentWait.timeoutException(FluentWait.java:304)
	at org.openqa.selenium.support.ui.FluentWait.until(FluentWait.java:272)
	at com.kms.katalon.core.windows.keyword.helper.WindowsActionHelper.findElement(WindowsActionHelper.java:120)
	at com.kms.katalon.core.windows.keyword.helper.WindowsActionHelper.findElement(WindowsActionHelper.java:77)
	at com.kms.katalon.core.windows.keyword.helper.WindowsActionHelper.findElement(WindowsActionHelper.java:69)
	at com.kms.katalon.core.windows.keyword.helper.WindowsActionHelper.click(WindowsActionHelper.java:248)
	at com.kms.katalon.core.windows.keyword.helper.WindowsActionHelper$click$3.call(Unknown Source)
	at com.kms.katalon.core.windows.keyword.builtin.ClickKeyword$_click_closure1.doCall(ClickKeyword.groovy:43)
	at com.kms.katalon.core.windows.keyword.builtin.ClickKeyword$_click_closure1.doCall(ClickKeyword.groovy)
	at java.base/jdk.internal.reflect.NativeMethodAccessorImpl.invoke0(Native Method)
	at java.base/jdk.internal.reflect.NativeMethodAccessorImpl.invoke(NativeMethodAccessorImpl.java:77)
	at java.base/jdk.internal.reflect.DelegatingMethodAccessorImpl.invoke(DelegatingMethodAccessorImpl.java:43)
	at com.kms.katalon.core.keyword.internal.KeywordMain.runKeyword(KeywordMain.groovy:90)
	... 23 more
Caused by: org.openqa.selenium.NoSuchElementException: An element could not be located on the page using the given search parameters. (WARNING: The server did not provide any stacktrace information)
Command duration or timeout: 0 milliseconds
For documentation on this error, please visit: https://www.seleniumhq.org/exceptions/no_such_element.html
Build info: version: '3.141.59', revision: 'e82be7d358', time: '2018-11-14T08:25:53'
System info: host: 'NB-BARCIK', ip: '192.168.0.163', os.name: 'Windows 11', os.arch: 'amd64', os.version: '10.0', java.version: '17.0.7'
Driver info: io.appium.java_client.windows.WindowsDriver
Capabilities {app: C:\Program Files\Microsoft ..., javascriptEnabled: true, platform: WINDOWS, platformName: WINDOWS}
Session ID: F7874F76-83AE-421A-BA8E-7DE9BA350D38
*** Element info: {Using=xpath, value=//Window/Pane[1]/ToolBar[1]/Pane[1]/Pane[1]/Pane[1]/Pane[1]/Tab[1]/TabItem[1]}
	at java.base/jdk.internal.reflect.NativeConstructorAccessorImpl.newInstance0(Native Method)
	at java.base/jdk.internal.reflect.NativeConstructorAccessorImpl.newInstance(NativeConstructorAccessorImpl.java:77)
	at java.base/jdk.internal.reflect.DelegatingConstructorAccessorImpl.newInstance(DelegatingConstructorAccessorImpl.java:45)
	at org.openqa.selenium.remote.ErrorHandler.createThrowable(ErrorHandler.java:214)
	at org.openqa.selenium.remote.ErrorHandler.throwIfResponseFailed(ErrorHandler.java:166)
	at org.openqa.selenium.remote.http.JsonHttpResponseCodec.reconstructValue(JsonHttpResponseCodec.java:40)
	at org.openqa.selenium.remote.http.AbstractHttpResponseCodec.decode(AbstractHttpResponseCodec.java:80)
	at org.openqa.selenium.remote.http.AbstractHttpResponseCodec.decode(AbstractHttpResponseCodec.java:44)
	at org.openqa.selenium.remote.HttpCommandExecutor.execute(HttpCommandExecutor.java:158)
	at io.appium.java_client.remote.AppiumCommandExecutor.execute(AppiumCommandExecutor.java:239)
	at org.openqa.selenium.remote.RemoteWebDriver.execute(RemoteWebDriver.java:552)
	at io.appium.java_client.DefaultGenericMobileDriver.execute(DefaultGenericMobileDriver.java:42)
	at io.appium.java_client.AppiumDriver.execute(AppiumDriver.java:1)
	at io.appium.java_client.windows.WindowsDriver.execute(WindowsDriver.java:1)
	at org.openqa.selenium.remote.RemoteWebDriver.findElement(RemoteWebDriver.java:323)
	at io.appium.java_client.DefaultGenericMobileDriver.findElement(DefaultGenericMobileDriver.java:62)
	at io.appium.java_client.AppiumDriver.findElement(AppiumDriver.java:1)
	at io.appium.java_client.windows.WindowsDriver.findElement(WindowsDriver.java:1)
	at org.openqa.selenium.remote.RemoteWebDriver.findElementByXPath(RemoteWebDriver.java:428)
	at io.appium.java_client.DefaultGenericMobileDriver.findElementByXPath(DefaultGenericMobileDriver.java:152)
	at io.appium.java_client.AppiumDriver.findElementByXPath(AppiumDriver.java:1)
	at io.appium.java_client.windows.WindowsDriver.findElementByXPath(WindowsDriver.java:1)
	at com.kms.katalon.core.windows.keyword.helper.WindowsActionHelper$1.apply(WindowsActionHelper.java:136)
	at com.kms.katalon.core.windows.keyword.helper.WindowsActionHelper$1.apply(WindowsActionHelper.java:1)
	at org.openqa.selenium.support.ui.FluentWait.until(FluentWait.java:249)
	... 34 more]]></system-err>
   </testsuite>
</testsuites>
